<?xml version="1.0" encoding="UTF-8"?>
<testsuites>
  <testsuite name="/home/adam/Documents/flare/phpunit.xml" tests="1453" assertions="3523" errors="0" failures="1" skipped="0" time="804.796579">
    <testsuite name="Console" tests="53" assertions="104" errors="0" failures="0" skipped="0" time="91.743033">
      <testsuite name="Tests\Console\AddHolyStacksToItemsTest" file="/home/adam/Documents/flare/tests/Console/AddHolyStacksToItemsTest.php" tests="1" assertions="4" errors="0" failures="0" skipped="0" time="23.896612">
        <testcase name="testAddHolyStacks" file="/home/adam/Documents/flare/tests/Console/AddHolyStacksToItemsTest.php" line="14" class="Tests\Console\AddHolyStacksToItemsTest" classname="Tests.Console.AddHolyStacksToItemsTest" assertions="4" time="23.896612"/>
      </testsuite>
      <testsuite name="Tests\Console\Admin\CreateAdminAccountTest" file="/home/adam/Documents/flare/tests/Console/Admin/CreateAdminAccountTest.php" tests="3" assertions="8" errors="0" failures="0" skipped="0" time="0.446877">
        <testcase name="testFailToCreateDuplicateAdmin" file="/home/adam/Documents/flare/tests/Console/Admin/CreateAdminAccountTest.php" line="49" class="Tests\Console\Admin\CreateAdminAccountTest" classname="Tests.Console.Admin.CreateAdminAccountTest" assertions="3" time="0.174594"/>
        <testcase name="testFailToCreateAdmin" file="/home/adam/Documents/flare/tests/Console/Admin/CreateAdminAccountTest.php" line="33" class="Tests\Console\Admin\CreateAdminAccountTest" classname="Tests.Console.Admin.CreateAdminAccountTest" assertions="1" time="0.122254"/>
        <testcase name="testCreateAdmin" file="/home/adam/Documents/flare/tests/Console/Admin/CreateAdminAccountTest.php" line="18" class="Tests\Console\Admin\CreateAdminAccountTest" classname="Tests.Console.Admin.CreateAdminAccountTest" assertions="4" time="0.150029"/>
      </testsuite>
      <testsuite name="Tests\Console\Admin\GiveKingdomsToNpcsTest" file="/home/adam/Documents/flare/tests/Console/Admin/GiveKingdomsToNpcsTest.php" tests="1" assertions="2" errors="0" failures="0" skipped="0" time="0.267775">
        <testcase name="testGiveBannedPlayerKingdomsToNPC" file="/home/adam/Documents/flare/tests/Console/Admin/GiveKingdomsToNpcsTest.php" line="38" class="Tests\Console\Admin\GiveKingdomsToNpcsTest" classname="Tests.Console.Admin.GiveKingdomsToNpcsTest" assertions="2" time="0.267775"/>
      </testsuite>
      <testsuite name="Tests\Console\Battle\ClearCelestialsTest" file="/home/adam/Documents/flare/tests/Console/Battle/ClearCelestialsTest.php" tests="1" assertions="3" errors="0" failures="0" skipped="0" time="0.282379">
        <testcase name="testClearCelestials" file="/home/adam/Documents/flare/tests/Console/Battle/ClearCelestialsTest.php" line="32" class="Tests\Console\Battle\ClearCelestialsTest" classname="Tests.Console.Battle.ClearCelestialsTest" assertions="3" time="0.282379"/>
      </testsuite>
      <testsuite name="Tests\Console\Character\Console\Commands\AssignNewFactionsToCharactersTest" file="/home/adam/Documents/flare/tests/Console/Character/Console/Commands/AssignNewFactionsToCharactersTest.php" tests="2" assertions="2" errors="0" failures="0" skipped="0" time="0.819804">
        <testcase name="testAssignNewFaction" file="/home/adam/Documents/flare/tests/Console/Character/Console/Commands/AssignNewFactionsToCharactersTest.php" line="31" class="Tests\Console\Character\Console\Commands\AssignNewFactionsToCharactersTest" classname="Tests.Console.Character.Console.Commands.AssignNewFactionsToCharactersTest" assertions="1" time="0.583481"/>
        <testcase name="testDoNotAssignNewFaction" file="/home/adam/Documents/flare/tests/Console/Character/Console/Commands/AssignNewFactionsToCharactersTest.php" line="42" class="Tests\Console\Character\Console\Commands\AssignNewFactionsToCharactersTest" classname="Tests.Console.Character.Console.Commands.AssignNewFactionsToCharactersTest" assertions="1" time="0.236322"/>
      </testsuite>
      <testsuite name="Tests\Console\Character\Console\Commands\AssignNewSkillsToPlayersTest" file="/home/adam/Documents/flare/tests/Console/Character/Console/Commands/AssignNewSkillsToPlayersTest.php" tests="1" assertions="1" errors="0" failures="0" skipped="0" time="0.249210">
        <testcase name="testAssignNewSkillToPlayer" file="/home/adam/Documents/flare/tests/Console/Character/Console/Commands/AssignNewSkillsToPlayersTest.php" line="31" class="Tests\Console\Character\Console\Commands\AssignNewSkillsToPlayersTest" classname="Tests.Console.Character.Console.Commands.AssignNewSkillsToPlayersTest" assertions="1" time="0.249210"/>
      </testsuite>
      <testsuite name="Tests\Console\CleanMarketHistoryTest" file="/home/adam/Documents/flare/tests/Console/CleanMarketHistoryTest.php" tests="1" assertions="2" errors="0" failures="0" skipped="0" time="0.137745">
        <testcase name="testCleanMarketHistory" file="/home/adam/Documents/flare/tests/Console/CleanMarketHistoryTest.php" line="15" class="Tests\Console\CleanMarketHistoryTest" classname="Tests.Console.CleanMarketHistoryTest" assertions="2" time="0.137745"/>
      </testsuite>
      <testsuite name="Tests\Console\CreateCharacterAttackDataCacheTest" file="/home/adam/Documents/flare/tests/Console/CreateCharacterAttackDataCacheTest.php" tests="1" assertions="2" errors="0" failures="0" skipped="0" time="0.207822">
        <testcase name="testCreateAttackData" file="/home/adam/Documents/flare/tests/Console/CreateCharacterAttackDataCacheTest.php" line="15" class="Tests\Console\CreateCharacterAttackDataCacheTest" classname="Tests.Console.CreateCharacterAttackDataCacheTest" assertions="2" time="0.207822"/>
      </testsuite>
      <testsuite name="Tests\Console\DeleteFlaggedUsersTest" file="/home/adam/Documents/flare/tests/Console/DeleteFlaggedUsersTest.php" tests="2" assertions="4" errors="0" failures="0" skipped="0" time="27.932395">
        <testcase name="testDoNotDeletedNonFlaggedUsers" file="/home/adam/Documents/flare/tests/Console/DeleteFlaggedUsersTest.php" line="71" class="Tests\Console\DeleteFlaggedUsersTest" classname="Tests.Console.DeleteFlaggedUsersTest" assertions="2" time="0.484369"/>
        <testcase name="testDeleteInactiveFlaggedUsers" file="/home/adam/Documents/flare/tests/Console/DeleteFlaggedUsersTest.php" line="60" class="Tests\Console\DeleteFlaggedUsersTest" classname="Tests.Console.DeleteFlaggedUsersTest" assertions="2" time="27.448026"/>
      </testsuite>
      <testsuite name="Tests\Console\Events\EndScheduledEventTest" file="/home/adam/Documents/flare/tests/Console/Events/EndScheduledEventTest.php" tests="3" assertions="5" errors="0" failures="0" skipped="0" time="29.931901">
        <testcase name="testReturnsEarlyWhenNoScheduledEvents" file="/home/adam/Documents/flare/tests/Console/Events/EndScheduledEventTest.php" line="32" class="Tests\Console\Events\EndScheduledEventTest" classname="Tests.Console.Events.EndScheduledEventTest" assertions="1" time="29.651122"/>
        <testcase name="testEndsViaRegistryThenFinalizes" file="/home/adam/Documents/flare/tests/Console/Events/EndScheduledEventTest.php" line="71" class="Tests\Console\Events\EndScheduledEventTest" classname="Tests.Console.Events.EndScheduledEventTest" assertions="2" time="0.149860"/>
        <testcase name="testFinalizesWhenNoCurrentEvent" file="/home/adam/Documents/flare/tests/Console/Events/EndScheduledEventTest.php" line="46" class="Tests\Console\Events\EndScheduledEventTest" classname="Tests.Console.Events.EndScheduledEventTest" assertions="2" time="0.130919"/>
      </testsuite>
      <testsuite name="Tests\Console\Events\ProcessScheduledEventsTest" file="/home/adam/Documents/flare/tests/Console/Events/ProcessScheduledEventsTest.php" tests="7" assertions="16" errors="0" failures="0" skipped="0" time="1.132237">
        <testcase name="testWeeklyCurrencyEventTriggers" file="/home/adam/Documents/flare/tests/Console/Events/ProcessScheduledEventsTest.php" line="67" class="Tests\Console\Events\ProcessScheduledEventsTest" classname="Tests.Console.Events.ProcessScheduledEventsTest" assertions="2" time="0.144612"/>
        <testcase name="testWeeklyCelestialEventTriggers" file="/home/adam/Documents/flare/tests/Console/Events/ProcessScheduledEventsTest.php" line="80" class="Tests\Console\Events\ProcessScheduledEventsTest" classname="Tests.Console.Events.ProcessScheduledEventsTest" assertions="2" time="0.171106"/>
        <testcase name="testWeeklyFactionEvent" file="/home/adam/Documents/flare/tests/Console/Events/ProcessScheduledEventsTest.php" line="129" class="Tests\Console\Events\ProcessScheduledEventsTest" classname="Tests.Console.Events.ProcessScheduledEventsTest" assertions="2" time="0.125838"/>
        <testcase name="testDelusionalMemoriesEvent" file="/home/adam/Documents/flare/tests/Console/Events/ProcessScheduledEventsTest.php" line="111" class="Tests\Console\Events\ProcessScheduledEventsTest" classname="Tests.Console.Events.ProcessScheduledEventsTest" assertions="3" time="0.161242"/>
        <testcase name="testWinterEvent" file="/home/adam/Documents/flare/tests/Console/Events/ProcessScheduledEventsTest.php" line="93" class="Tests\Console\Events\ProcessScheduledEventsTest" classname="Tests.Console.Events.ProcessScheduledEventsTest" assertions="3" time="0.142553"/>
        <testcase name="testWeeklyFeedBackEventEvent" file="/home/adam/Documents/flare/tests/Console/Events/ProcessScheduledEventsTest.php" line="143" class="Tests\Console\Events\ProcessScheduledEventsTest" classname="Tests.Console.Events.ProcessScheduledEventsTest" assertions="2" time="0.151946"/>
        <testcase name="testRaidEventTriggers" file="/home/adam/Documents/flare/tests/Console/Events/ProcessScheduledEventsTest.php" line="33" class="Tests\Console\Events\ProcessScheduledEventsTest" classname="Tests.Console.Events.ProcessScheduledEventsTest" assertions="2" time="0.234940"/>
      </testsuite>
      <testsuite name="Tests\Console\Events\RestartGlobalEventGoalTest" file="/home/adam/Documents/flare/tests/Console/Events/RestartGlobalEventGoalTest.php" tests="11" assertions="28" errors="0" failures="0" skipped="0" time="2.793635">
        <testcase name="testDoNotResetEnchantingGoal" file="/home/adam/Documents/flare/tests/Console/Events/RestartGlobalEventGoalTest.php" line="222" class="Tests\Console\Events\RestartGlobalEventGoalTest" classname="Tests.Console.Events.RestartGlobalEventGoalTest" assertions="2" time="0.241270"/>
        <testcase name="testFailToMoveToNextStepWhenEventDoesNotExist" file="/home/adam/Documents/flare/tests/Console/Events/RestartGlobalEventGoalTest.php" line="260" class="Tests\Console\Events\RestartGlobalEventGoalTest" classname="Tests.Console.Events.RestartGlobalEventGoalTest" assertions="3" time="0.244135"/>
        <testcase name="testHandleMovingToTheNextStepFromEnchantingToBattling" file="/home/adam/Documents/flare/tests/Console/Events/RestartGlobalEventGoalTest.php" line="368" class="Tests\Console\Events\RestartGlobalEventGoalTest" classname="Tests.Console.Events.RestartGlobalEventGoalTest" assertions="4" time="0.234023"/>
        <testcase name="testDoNotResetCraftingGoal" file="/home/adam/Documents/flare/tests/Console/Events/RestartGlobalEventGoalTest.php" line="184" class="Tests\Console\Events\RestartGlobalEventGoalTest" classname="Tests.Console.Events.RestartGlobalEventGoalTest" assertions="2" time="0.257828"/>
        <testcase name="testDoNotRestEventGoalWhenNoGlobalEventGoalExists" file="/home/adam/Documents/flare/tests/Console/Events/RestartGlobalEventGoalTest.php" line="134" class="Tests\Console\Events\RestartGlobalEventGoalTest" classname="Tests.Console.Events.RestartGlobalEventGoalTest" assertions="1" time="0.214685"/>
        <testcase name="testHandleMovingToCraftingStepOfEventGoal" file="/home/adam/Documents/flare/tests/Console/Events/RestartGlobalEventGoalTest.php" line="493" class="Tests\Console\Events\RestartGlobalEventGoalTest" classname="Tests.Console.Events.RestartGlobalEventGoalTest" assertions="2" time="0.239819"/>
        <testcase name="testDoNotRestEventGoal" file="/home/adam/Documents/flare/tests/Console/Events/RestartGlobalEventGoalTest.php" line="146" class="Tests\Console\Events\RestartGlobalEventGoalTest" classname="Tests.Console.Events.RestartGlobalEventGoalTest" assertions="2" time="0.270586"/>
        <testcase name="testHandleMovingFromCraftEventStepToEnchantingStep" file="/home/adam/Documents/flare/tests/Console/Events/RestartGlobalEventGoalTest.php" line="431" class="Tests\Console\Events\RestartGlobalEventGoalTest" classname="Tests.Console.Events.RestartGlobalEventGoalTest" assertions="4" time="0.260735"/>
        <testcase name="testCannotMoveToNextStepWhenNextStepIsNotAValidStep" file="/home/adam/Documents/flare/tests/Console/Events/RestartGlobalEventGoalTest.php" line="309" class="Tests\Console\Events\RestartGlobalEventGoalTest" classname="Tests.Console.Events.RestartGlobalEventGoalTest" assertions="4" time="0.238892"/>
        <testcase name="testResetEventGoal" file="/home/adam/Documents/flare/tests/Console/Events/RestartGlobalEventGoalTest.php" line="44" class="Tests\Console\Events\RestartGlobalEventGoalTest" classname="Tests.Console.Events.RestartGlobalEventGoalTest" assertions="2" time="0.301539"/>
        <testcase name="testDoNotResetEventGoalWhenMaxKillsDoMatchCurrentKills" file="/home/adam/Documents/flare/tests/Console/Events/RestartGlobalEventGoalTest.php" line="89" class="Tests\Console\Events\RestartGlobalEventGoalTest" classname="Tests.Console.Events.RestartGlobalEventGoalTest" assertions="2" time="0.290125"/>
      </testsuite>
      <testsuite name="Tests\Console\FlagUsersForDeletionTest" file="/home/adam/Documents/flare/tests/Console/FlagUsersForDeletionTest.php" tests="2" assertions="4" errors="0" failures="0" skipped="0" time="0.257079">
        <testcase name="testFlagsUsersForDeletion" file="/home/adam/Documents/flare/tests/Console/FlagUsersForDeletionTest.php" line="14" class="Tests\Console\FlagUsersForDeletionTest" classname="Tests.Console.FlagUsersForDeletionTest" assertions="2" time="0.115466"/>
        <testcase name="testDoesNotFlagValidUsers" file="/home/adam/Documents/flare/tests/Console/FlagUsersForDeletionTest.php" line="31" class="Tests\Console\FlagUsersForDeletionTest" classname="Tests.Console.FlagUsersForDeletionTest" assertions="2" time="0.141613"/>
      </testsuite>
      <testsuite name="Tests\Console\Flare\CreateAdminTest" file="/home/adam/Documents/flare/tests/Console/Flare/CreateAdminTest.php" tests="2" assertions="2" errors="0" failures="0" skipped="0" time="0.270593">
        <testcase name="testCreateAdmin" file="/home/adam/Documents/flare/tests/Console/Flare/CreateAdminTest.php" line="16" class="Tests\Console\Flare\CreateAdminTest" classname="Tests.Console.Flare.CreateAdminTest" assertions="1" time="0.144827"/>
        <testcase name="testCreateAdminUserExists" file="/home/adam/Documents/flare/tests/Console/Flare/CreateAdminTest.php" line="23" class="Tests\Console\Flare\CreateAdminTest" classname="Tests.Console.Flare.CreateAdminTest" assertions="1" time="0.125766"/>
      </testsuite>
      <testsuite name="Tests\Console\Kingdoms\DeleteKingdomLogsTest" file="/home/adam/Documents/flare/tests/Console/Kingdoms/DeleteKingdomLogsTest.php" tests="1" assertions="2" errors="0" failures="0" skipped="0" time="0.275709">
        <testcase name="testDeleteKingdomLogs" file="/home/adam/Documents/flare/tests/Console/Kingdoms/DeleteKingdomLogsTest.php" line="16" class="Tests\Console\Kingdoms\DeleteKingdomLogsTest" classname="Tests.Console.Kingdoms.DeleteKingdomLogsTest" assertions="2" time="0.275709"/>
      </testsuite>
      <testsuite name="Tests\Console\LevelCharacterTest" file="/home/adam/Documents/flare/tests/Console/LevelCharacterTest.php" tests="2" assertions="4" errors="0" failures="0" skipped="0" time="0.444119">
        <testcase name="testCannotLevelCharacter" file="/home/adam/Documents/flare/tests/Console/LevelCharacterTest.php" line="27" class="Tests\Console\LevelCharacterTest" classname="Tests.Console.LevelCharacterTest" assertions="2" time="0.209078"/>
        <testcase name="testLevelCharacter" file="/home/adam/Documents/flare/tests/Console/LevelCharacterTest.php" line="13" class="Tests\Console\LevelCharacterTest" classname="Tests.Console.LevelCharacterTest" assertions="2" time="0.235041"/>
      </testsuite>
      <testsuite name="Tests\Console\Maps\UpdateMapCountTest" file="/home/adam/Documents/flare/tests/Console/Maps/UpdateMapCountTest.php" tests="1" assertions="2" errors="0" failures="0" skipped="0" time="0.111237">
        <testcase name="testUpdateMapCount" file="/home/adam/Documents/flare/tests/Console/Maps/UpdateMapCountTest.php" line="15" class="Tests\Console\Maps\UpdateMapCountTest" classname="Tests.Console.Maps.UpdateMapCountTest" assertions="2" time="0.111237"/>
      </testsuite>
      <testsuite name="Tests\Console\Messages\CleanChatTest" file="/home/adam/Documents/flare/tests/Console/Messages/CleanChatTest.php" tests="1" assertions="2" errors="0" failures="0" skipped="0" time="0.123887">
        <testcase name="testClearChat" file="/home/adam/Documents/flare/tests/Console/Messages/CleanChatTest.php" line="16" class="Tests\Console\Messages\CleanChatTest" classname="Tests.Console.Messages.CleanChatTest" assertions="2" time="0.123887"/>
      </testsuite>
      <testsuite name="Tests\Console\Raids\ResetDailyRaidAttackLimitsTest" file="/home/adam/Documents/flare/tests/Console/Raids/ResetDailyRaidAttackLimitsTest.php" tests="3" assertions="3" errors="0" failures="0" skipped="0" time="0.599005">
        <testcase name="testDoNotResetRaidFightWhenNoEvent" file="/home/adam/Documents/flare/tests/Console/Raids/ResetDailyRaidAttackLimitsTest.php" line="63" class="Tests\Console\Raids\ResetDailyRaidAttackLimitsTest" classname="Tests.Console.Raids.ResetDailyRaidAttackLimitsTest" assertions="1" time="0.128015"/>
        <testcase name="testDoNotresetRaidFightWhenRaidBossIsDead" file="/home/adam/Documents/flare/tests/Console/Raids/ResetDailyRaidAttackLimitsTest.php" line="72" class="Tests\Console\Raids\ResetDailyRaidAttackLimitsTest" classname="Tests.Console.Raids.ResetDailyRaidAttackLimitsTest" assertions="1" time="0.221324"/>
        <testcase name="testResetRaidFight" file="/home/adam/Documents/flare/tests/Console/Raids/ResetDailyRaidAttackLimitsTest.php" line="24" class="Tests\Console\Raids\ResetDailyRaidAttackLimitsTest" classname="Tests.Console.Raids.ResetDailyRaidAttackLimitsTest" assertions="1" time="0.249666"/>
      </testsuite>
      <testsuite name="Tests\Console\Survey\StartSurveyTest" file="/home/adam/Documents/flare/tests/Console/Survey/StartSurveyTest.php" tests="6" assertions="6" errors="0" failures="0" skipped="0" time="1.323938">
        <testcase name="testCannotStartSurveyWhenNoScheduledEventIsRunning" file="/home/adam/Documents/flare/tests/Console/Survey/StartSurveyTest.php" line="40" class="Tests\Console\Survey\StartSurveyTest" classname="Tests.Console.Survey.StartSurveyTest" assertions="1" time="0.213886"/>
        <testcase name="testCannotStartSurveyWhenFlagIsAlreadyFlippedToShowTheSurvey" file="/home/adam/Documents/flare/tests/Console/Survey/StartSurveyTest.php" line="50" class="Tests\Console\Survey\StartSurveyTest" classname="Tests.Console.Survey.StartSurveyTest" assertions="1" time="0.245881"/>
        <testcase name="testCannotStartSurveyWhenUserLoginDurationIsBelowOneHour" file="/home/adam/Documents/flare/tests/Console/Survey/StartSurveyTest.php" line="83" class="Tests\Console\Survey\StartSurveyTest" classname="Tests.Console.Survey.StartSurveyTest" assertions="1" time="0.217851"/>
        <testcase name="testCannotStartSurveyWhenThereIsNoLoggedInDurationRecord" file="/home/adam/Documents/flare/tests/Console/Survey/StartSurveyTest.php" line="68" class="Tests\Console\Survey\StartSurveyTest" classname="Tests.Console.Survey.StartSurveyTest" assertions="1" time="0.202817"/>
        <testcase name="testCanDoSurvey" file="/home/adam/Documents/flare/tests/Console/Survey/StartSurveyTest.php" line="142" class="Tests\Console\Survey\StartSurveyTest" classname="Tests.Console.Survey.StartSurveyTest" assertions="1" time="0.220492"/>
        <testcase name="testCannotStartSurveyWhenYouSubmittedASurvey" file="/home/adam/Documents/flare/tests/Console/Survey/StartSurveyTest.php" line="110" class="Tests\Console\Survey\StartSurveyTest" classname="Tests.Console.Survey.StartSurveyTest" assertions="1" time="0.223011"/>
      </testsuite>
      <testsuite name="Tests\Console\UpdateKingdomTest" file="/home/adam/Documents/flare/tests/Console/UpdateKingdomTest.php" tests="1" assertions="2" errors="0" failures="0" skipped="0" time="0.239072">
        <testcase name="testIncreaseKingdomTreasury" file="/home/adam/Documents/flare/tests/Console/UpdateKingdomTest.php" line="15" class="Tests\Console\UpdateKingdomTest" classname="Tests.Console.UpdateKingdomTest" assertions="2" time="0.239072"/>
      </testsuite>
    </testsuite>
    <testsuite name="Feature" tests="129" assertions="307" errors="0" failures="0" skipped="0" time="91.182688">
      <testsuite name="Tests\Feature\AccountDeletionControllerTest" file="/home/adam/Documents/flare/tests/Feature/AccountDeletionControllerTest.php" tests="2" assertions="2" errors="0" failures="0" skipped="0" time="24.178483">
        <testcase name="testCannotDeleteCharacter" file="/home/adam/Documents/flare/tests/Feature/AccountDeletionControllerTest.php" line="82" class="Tests\Feature\AccountDeletionControllerTest" classname="Tests.Feature.AccountDeletionControllerTest" assertions="1" time="0.411863"/>
        <testcase name="testCanDeleteCharacter" file="/home/adam/Documents/flare/tests/Feature/AccountDeletionControllerTest.php" line="71" class="Tests\Feature\AccountDeletionControllerTest" classname="Tests.Feature.AccountDeletionControllerTest" assertions="1" time="23.766620"/>
      </testsuite>
      <testsuite name="Tests\Feature\Admin\LocationsControllerTest" file="/home/adam/Documents/flare/tests/Feature/Admin/LocationsControllerTest.php" tests="7" assertions="24" errors="0" failures="0" skipped="0" time="28.094340">
        <testcase name="testStoreCreatesNewLocationAndRedirects" file="/home/adam/Documents/flare/tests/Feature/Admin/LocationsControllerTest.php" line="73" class="Tests\Feature\Admin\LocationsControllerTest" classname="Tests.Feature.Admin.LocationsControllerTest" assertions="3" time="26.966504"/>
        <testcase name="testCreateDisplaysManageView" file="/home/adam/Documents/flare/tests/Feature/Admin/LocationsControllerTest.php" line="48" class="Tests\Feature\Admin\LocationsControllerTest" classname="Tests.Feature.Admin.LocationsControllerTest" assertions="3" time="0.180656"/>
        <testcase name="testEditDisplaysManageViewWithLocation" file="/home/adam/Documents/flare/tests/Feature/Admin/LocationsControllerTest.php" line="59" class="Tests\Feature\Admin\LocationsControllerTest" classname="Tests.Feature.Admin.LocationsControllerTest" assertions="4" time="0.154698"/>
        <testcase name="testShowDefaultViewData" file="/home/adam/Documents/flare/tests/Feature/Admin/LocationsControllerTest.php" line="121" class="Tests\Feature\Admin\LocationsControllerTest" classname="Tests.Feature.Admin.LocationsControllerTest" assertions="5" time="0.150743"/>
        <testcase name="testShowWithQuestRewardItemUsesPrimaryQuest" file="/home/adam/Documents/flare/tests/Feature/Admin/LocationsControllerTest.php" line="143" class="Tests\Feature\Admin\LocationsControllerTest" classname="Tests.Feature.Admin.LocationsControllerTest" assertions="3" time="0.184943"/>
        <testcase name="testStoreUpdatesExistingLocation" file="/home/adam/Documents/flare/tests/Feature/Admin/LocationsControllerTest.php" line="99" class="Tests\Feature\Admin\LocationsControllerTest" classname="Tests.Feature.Admin.LocationsControllerTest" assertions="3" time="0.139176"/>
        <testcase name="testIndexDisplaysAllLocations" file="/home/adam/Documents/flare/tests/Feature/Admin/LocationsControllerTest.php" line="35" class="Tests\Feature\Admin\LocationsControllerTest" classname="Tests.Feature.Admin.LocationsControllerTest" assertions="3" time="0.317620"/>
      </testsuite>
      <testsuite name="Tests\Feature\Auth\RegistrationControllerTest" file="/home/adam/Documents/flare/tests/Feature/Auth/RegistrationControllerTest.php" tests="6" assertions="42" errors="0" failures="0" skipped="0" time="1.593810">
        <testcase name="testCanSeeRegistration" file="/home/adam/Documents/flare/tests/Feature/Auth/RegistrationControllerTest.php" line="78" class="Tests\Feature\Auth\RegistrationControllerTest" classname="Tests.Feature.Auth.RegistrationControllerTest" assertions="11" time="0.252877"/>
        <testcase name="testCannotRegisterWhenNoMap" file="/home/adam/Documents/flare/tests/Feature/Auth/RegistrationControllerTest.php" line="162" class="Tests\Feature\Auth\RegistrationControllerTest" classname="Tests.Feature.Auth.RegistrationControllerTest" assertions="5" time="0.214260"/>
        <testcase name="testCannotRegisterAnyMore" file="/home/adam/Documents/flare/tests/Feature/Auth/RegistrationControllerTest.php" line="217" class="Tests\Feature\Auth\RegistrationControllerTest" classname="Tests.Feature.Auth.RegistrationControllerTest" assertions="5" time="0.270503"/>
        <testcase name="testCannotRegisterWhenBanned" file="/home/adam/Documents/flare/tests/Feature/Auth/RegistrationControllerTest.php" line="130" class="Tests\Feature\Auth\RegistrationControllerTest" classname="Tests.Feature.Auth.RegistrationControllerTest" assertions="5" time="0.218442"/>
        <testcase name="testCanRegister" file="/home/adam/Documents/flare/tests/Feature/Auth/RegistrationControllerTest.php" line="93" class="Tests\Feature\Auth\RegistrationControllerTest" classname="Tests.Feature.Auth.RegistrationControllerTest" assertions="11" time="0.331950"/>
        <testcase name="testCannotRegisterWhenCharacterExists" file="/home/adam/Documents/flare/tests/Feature/Auth/RegistrationControllerTest.php" line="185" class="Tests\Feature\Auth\RegistrationControllerTest" classname="Tests.Feature.Auth.RegistrationControllerTest" assertions="5" time="0.305778"/>
      </testsuite>
      <testsuite name="Tests\Feature\Auth\ResetPasswordControllerTest" file="/home/adam/Documents/flare/tests/Feature/Auth/ResetPasswordControllerTest.php" tests="1" assertions="2" errors="0" failures="0" skipped="0" time="0.174278">
        <testcase name="testCanSeeResetPasswordPage" file="/home/adam/Documents/flare/tests/Feature/Auth/ResetPasswordControllerTest.php" line="16" class="Tests\Feature\Auth\ResetPasswordControllerTest" classname="Tests.Feature.Auth.ResetPasswordControllerTest" assertions="2" time="0.174278"/>
      </testsuite>
      <testsuite name="Tests\Feature\ForgotPasswordControllerTest" file="/home/adam/Documents/flare/tests/Feature/ForgotPasswordControllerTest.php" tests="4" assertions="21" errors="0" failures="0" skipped="0" time="1.186647">
        <testcase name="testCanSeeResetPasswordPage" file="/home/adam/Documents/flare/tests/Feature/ForgotPasswordControllerTest.php" line="18" class="Tests\Feature\ForgotPasswordControllerTest" classname="Tests.Feature.ForgotPasswordControllerTest" assertions="3" time="0.145710"/>
        <testcase name="testFailWithUnknownEmail" file="/home/adam/Documents/flare/tests/Feature/ForgotPasswordControllerTest.php" line="57" class="Tests\Feature\ForgotPasswordControllerTest" classname="Tests.Feature.ForgotPasswordControllerTest" assertions="6" time="0.190068"/>
        <testcase name="testUserGoesThroughSecurityQuestions" file="/home/adam/Documents/flare/tests/Feature/ForgotPasswordControllerTest.php" line="44" class="Tests\Feature\ForgotPasswordControllerTest" classname="Tests.Feature.ForgotPasswordControllerTest" assertions="6" time="0.342301"/>
        <testcase name="testAdminCanResetNoSecurityQuestions" file="/home/adam/Documents/flare/tests/Feature/ForgotPasswordControllerTest.php" line="26" class="Tests\Feature\ForgotPasswordControllerTest" classname="Tests.Feature.ForgotPasswordControllerTest" assertions="6" time="0.508568"/>
      </testsuite>
      <testsuite name="Tests\Feature\Game\Character\CharacterInventory\Controllers\Api\CharacterGemBagControllerTest" file="/home/adam/Documents/flare/tests/Feature/Game/Character/CharacterInventory/Controllers/Api/CharacterGemBagControllerTest.php" tests="2" assertions="2" errors="0" failures="0" skipped="0" time="0.453690">
        <testcase name="testGetGemSlot" file="/home/adam/Documents/flare/tests/Feature/Game/Character/CharacterInventory/Controllers/Api/CharacterGemBagControllerTest.php" line="30" class="Tests\Feature\Game\Character\CharacterInventory\Controllers\Api\CharacterGemBagControllerTest" classname="Tests.Feature.Game.Character.CharacterInventory.Controllers.Api.CharacterGemBagControllerTest" assertions="1" time="0.239834"/>
        <testcase name="testGetGem" file="/home/adam/Documents/flare/tests/Feature/Game/Character/CharacterInventory/Controllers/Api/CharacterGemBagControllerTest.php" line="47" class="Tests\Feature\Game\Character\CharacterInventory\Controllers\Api\CharacterGemBagControllerTest" classname="Tests.Feature.Game.Character.CharacterInventory.Controllers.Api.CharacterGemBagControllerTest" assertions="1" time="0.213856"/>
      </testsuite>
      <testsuite name="Tests\Feature\Game\Character\CharacterInventory\Controllers\Api\CharacterInventoryControllerTest" file="/home/adam/Documents/flare/tests/Feature/Game/Character/CharacterInventory/Controllers/Api/CharacterInventoryControllerTest.php" tests="22" assertions="24" errors="0" failures="0" skipped="0" time="8.187045">
        <testcase name="testGetCharacterInventoryApiRequest" file="/home/adam/Documents/flare/tests/Feature/Game/Character/CharacterInventory/Controllers/Api/CharacterInventoryControllerTest.php" line="35" class="Tests\Feature\Game\Character\CharacterInventory\Controllers\Api\CharacterInventoryControllerTest" classname="Tests.Feature.Game.Character.CharacterInventory.Controllers.Api.CharacterInventoryControllerTest" assertions="1" time="0.299163"/>
        <testcase name="testGetItemDetails" file="/home/adam/Documents/flare/tests/Feature/Game/Character/CharacterInventory/Controllers/Api/CharacterInventoryControllerTest.php" line="65" class="Tests\Feature\Game\Character\CharacterInventory\Controllers\Api\CharacterInventoryControllerTest" classname="Tests.Feature.Game.Character.CharacterInventory.Controllers.Api.CharacterInventoryControllerTest" assertions="1" time="0.241700"/>
        <testcase name="testDestroyItem" file="/home/adam/Documents/flare/tests/Feature/Game/Character/CharacterInventory/Controllers/Api/CharacterInventoryControllerTest.php" line="85" class="Tests\Feature\Game\Character\CharacterInventory\Controllers\Api\CharacterInventoryControllerTest" classname="Tests.Feature.Game.Character.CharacterInventory.Controllers.Api.CharacterInventoryControllerTest" assertions="1" time="0.253451"/>
        <testcase name="testDestroyAllItems" file="/home/adam/Documents/flare/tests/Feature/Game/Character/CharacterInventory/Controllers/Api/CharacterInventoryControllerTest.php" line="101" class="Tests\Feature\Game\Character\CharacterInventory\Controllers\Api\CharacterInventoryControllerTest" classname="Tests.Feature.Game.Character.CharacterInventory.Controllers.Api.CharacterInventoryControllerTest" assertions="1" time="0.253992"/>
        <testcase name="testFailToGetApiItemDetails" file="/home/adam/Documents/flare/tests/Feature/Game/Character/CharacterInventory/Controllers/Api/CharacterInventoryControllerTest.php" line="51" class="Tests\Feature\Game\Character\CharacterInventory\Controllers\Api\CharacterInventoryControllerTest" classname="Tests.Feature.Game.Character.CharacterInventory.Controllers.Api.CharacterInventoryControllerTest" assertions="1" time="0.253300"/>
        <testcase name="testCannotEquipItem" file="/home/adam/Documents/flare/tests/Feature/Game/Character/CharacterInventory/Controllers/Api/CharacterInventoryControllerTest.php" line="244" class="Tests\Feature\Game\Character\CharacterInventory\Controllers\Api\CharacterInventoryControllerTest" classname="Tests.Feature.Game.Character.CharacterInventory.Controllers.Api.CharacterInventoryControllerTest" assertions="1" time="0.263757"/>
        <testcase name="testRemoveItemFromSet" file="/home/adam/Documents/flare/tests/Feature/Game/Character/CharacterInventory/Controllers/Api/CharacterInventoryControllerTest.php" line="194" class="Tests\Feature\Game\Character\CharacterInventory\Controllers\Api\CharacterInventoryControllerTest" classname="Tests.Feature.Game.Character.CharacterInventory.Controllers.Api.CharacterInventoryControllerTest" assertions="1" time="0.300201"/>
        <testcase name="testMoveItemToSet" file="/home/adam/Documents/flare/tests/Feature/Game/Character/CharacterInventory/Controllers/Api/CharacterInventoryControllerTest.php" line="137" class="Tests\Feature\Game\Character\CharacterInventory\Controllers\Api\CharacterInventoryControllerTest" classname="Tests.Feature.Game.Character.CharacterInventory.Controllers.Api.CharacterInventoryControllerTest" assertions="2" time="0.338463"/>
        <testcase name="testUnequipAllNonSetItems" file="/home/adam/Documents/flare/tests/Feature/Game/Character/CharacterInventory/Controllers/Api/CharacterInventoryControllerTest.php" line="355" class="Tests\Feature\Game\Character\CharacterInventory\Controllers\Api\CharacterInventoryControllerTest" classname="Tests.Feature.Game.Character.CharacterInventory.Controllers.Api.CharacterInventoryControllerTest" assertions="1" time="0.304257"/>
        <testcase name="testRenameSet" file="/home/adam/Documents/flare/tests/Feature/Game/Character/CharacterInventory/Controllers/Api/CharacterInventoryControllerTest.php" line="157" class="Tests\Feature\Game\Character\CharacterInventory\Controllers\Api\CharacterInventoryControllerTest" classname="Tests.Feature.Game.Character.CharacterInventory.Controllers.Api.CharacterInventoryControllerTest" assertions="1" time="0.235075"/>
        <testcase name="testDisenchantAllItems" file="/home/adam/Documents/flare/tests/Feature/Game/Character/CharacterInventory/Controllers/Api/CharacterInventoryControllerTest.php" line="115" class="Tests\Feature\Game\Character\CharacterInventory\Controllers\Api\CharacterInventoryControllerTest" classname="Tests.Feature.Game.Character.CharacterInventory.Controllers.Api.CharacterInventoryControllerTest" assertions="2" time="0.303144"/>
        <testcase name="testEmptySet" file="/home/adam/Documents/flare/tests/Feature/Game/Character/CharacterInventory/Controllers/Api/CharacterInventoryControllerTest.php" line="220" class="Tests\Feature\Game\Character\CharacterInventory\Controllers\Api\CharacterInventoryControllerTest" classname="Tests.Feature.Game.Character.CharacterInventory.Controllers.Api.CharacterInventoryControllerTest" assertions="1" time="0.316039"/>
        <testcase name="testDestroyAllAlchemyItems" file="/home/adam/Documents/flare/tests/Feature/Game/Character/CharacterInventory/Controllers/Api/CharacterInventoryControllerTest.php" line="466" class="Tests\Feature\Game\Character\CharacterInventory\Controllers\Api\CharacterInventoryControllerTest" classname="Tests.Feature.Game.Character.CharacterInventory.Controllers.Api.CharacterInventoryControllerTest" assertions="1" time="0.322804"/>
        <testcase name="testUnequipSet" file="/home/adam/Documents/flare/tests/Feature/Game/Character/CharacterInventory/Controllers/Api/CharacterInventoryControllerTest.php" line="302" class="Tests\Feature\Game\Character\CharacterInventory\Controllers\Api\CharacterInventoryControllerTest" classname="Tests.Feature.Game.Character.CharacterInventory.Controllers.Api.CharacterInventoryControllerTest" assertions="1" time="0.337516"/>
        <testcase name="testWhenUnequipAllUnequipTheSet" file="/home/adam/Documents/flare/tests/Feature/Game/Character/CharacterInventory/Controllers/Api/CharacterInventoryControllerTest.php" line="338" class="Tests\Feature\Game\Character\CharacterInventory\Controllers\Api\CharacterInventoryControllerTest" classname="Tests.Feature.Game.Character.CharacterInventory.Controllers.Api.CharacterInventoryControllerTest" assertions="1" time="0.326758"/>
        <testcase name="testDestroyAlchemyItem" file="/home/adam/Documents/flare/tests/Feature/Game/Character/CharacterInventory/Controllers/Api/CharacterInventoryControllerTest.php" line="441" class="Tests\Feature\Game\Character\CharacterInventory\Controllers\Api\CharacterInventoryControllerTest" classname="Tests.Feature.Game.Character.CharacterInventory.Controllers.Api.CharacterInventoryControllerTest" assertions="1" time="0.369202"/>
        <testcase name="testSaveEquippedAsSet" file="/home/adam/Documents/flare/tests/Feature/Game/Character/CharacterInventory/Controllers/Api/CharacterInventoryControllerTest.php" line="178" class="Tests\Feature\Game\Character\CharacterInventory\Controllers\Api\CharacterInventoryControllerTest" classname="Tests.Feature.Game.Character.CharacterInventory.Controllers.Api.CharacterInventoryControllerTest" assertions="1" time="0.389276"/>
        <testcase name="testUseManyItems" file="/home/adam/Documents/flare/tests/Feature/Game/Character/CharacterInventory/Controllers/Api/CharacterInventoryControllerTest.php" line="387" class="Tests\Feature\Game\Character\CharacterInventory\Controllers\Api\CharacterInventoryControllerTest" classname="Tests.Feature.Game.Character.CharacterInventory.Controllers.Api.CharacterInventoryControllerTest" assertions="1" time="0.829524"/>
        <testcase name="testUnequipItem" file="/home/adam/Documents/flare/tests/Feature/Game/Character/CharacterInventory/Controllers/Api/CharacterInventoryControllerTest.php" line="320" class="Tests\Feature\Game\Character\CharacterInventory\Controllers\Api\CharacterInventoryControllerTest" classname="Tests.Feature.Game.Character.CharacterInventory.Controllers.Api.CharacterInventoryControllerTest" assertions="1" time="0.641564"/>
        <testcase name="testUseSingleAlchemyItem" file="/home/adam/Documents/flare/tests/Feature/Game/Character/CharacterInventory/Controllers/Api/CharacterInventoryControllerTest.php" line="416" class="Tests\Feature\Game\Character\CharacterInventory\Controllers\Api\CharacterInventoryControllerTest" classname="Tests.Feature.Game.Character.CharacterInventory.Controllers.Api.CharacterInventoryControllerTest" assertions="1" time="0.498849"/>
        <testcase name="testEquipAndItemSet" file="/home/adam/Documents/flare/tests/Feature/Game/Character/CharacterInventory/Controllers/Api/CharacterInventoryControllerTest.php" line="370" class="Tests\Feature\Game\Character\CharacterInventory\Controllers\Api\CharacterInventoryControllerTest" classname="Tests.Feature.Game.Character.CharacterInventory.Controllers.Api.CharacterInventoryControllerTest" assertions="1" time="0.562876"/>
        <testcase name="testEquipItem" file="/home/adam/Documents/flare/tests/Feature/Game/Character/CharacterInventory/Controllers/Api/CharacterInventoryControllerTest.php" line="273" class="Tests\Feature\Game\Character\CharacterInventory\Controllers\Api\CharacterInventoryControllerTest" classname="Tests.Feature.Game.Character.CharacterInventory.Controllers.Api.CharacterInventoryControllerTest" assertions="1" time="0.546134"/>
      </testsuite>
      <testsuite name="Tests\Feature\Game\Character\CharacterInventory\Controllers\Api\ItemComparisonControllerTest" file="/home/adam/Documents/flare/tests/Feature/Game/Character/CharacterInventory/Controllers/Api/ItemComparisonControllerTest.php" tests="6" assertions="7" errors="0" failures="0" skipped="0" time="2.324081">
        <testcase name="testGetErrorForTryingToCompareItemYouDoNotHave" file="/home/adam/Documents/flare/tests/Feature/Game/Character/CharacterInventory/Controllers/Api/ItemComparisonControllerTest.php" line="31" class="Tests\Feature\Game\Character\CharacterInventory\Controllers\Api\ItemComparisonControllerTest" classname="Tests.Feature.Game.Character.CharacterInventory.Controllers.Api.ItemComparisonControllerTest" assertions="1" time="0.273488"/>
        <testcase name="testFailToCompareItemFromChatWhenEquipped" file="/home/adam/Documents/flare/tests/Feature/Game/Character/CharacterInventory/Controllers/Api/ItemComparisonControllerTest.php" line="79" class="Tests\Feature\Game\Character\CharacterInventory\Controllers\Api\ItemComparisonControllerTest" classname="Tests.Feature.Game.Character.CharacterInventory.Controllers.Api.ItemComparisonControllerTest" assertions="1" time="0.664498"/>
        <testcase name="testCompareTwoGems" file="/home/adam/Documents/flare/tests/Feature/Game/Character/CharacterInventory/Controllers/Api/ItemComparisonControllerTest.php" line="175" class="Tests\Feature\Game\Character\CharacterInventory\Controllers\Api\ItemComparisonControllerTest" classname="Tests.Feature.Game.Character.CharacterInventory.Controllers.Api.ItemComparisonControllerTest" assertions="2" time="0.296727"/>
        <testcase name="testFailToCompareItemFromChatWhenDoesNotExist" file="/home/adam/Documents/flare/tests/Feature/Game/Character/CharacterInventory/Controllers/Api/ItemComparisonControllerTest.php" line="111" class="Tests\Feature\Game\Character\CharacterInventory\Controllers\Api\ItemComparisonControllerTest" classname="Tests.Feature.Game.Character.CharacterInventory.Controllers.Api.ItemComparisonControllerTest" assertions="1" time="0.423451"/>
        <testcase name="testGetComparisonForSpellDamageForSetEquippedItem" file="/home/adam/Documents/flare/tests/Feature/Game/Character/CharacterInventory/Controllers/Api/ItemComparisonControllerTest.php" line="46" class="Tests\Feature\Game\Character\CharacterInventory\Controllers\Api\ItemComparisonControllerTest" classname="Tests.Feature.Game.Character.CharacterInventory.Controllers.Api.ItemComparisonControllerTest" assertions="1" time="0.337828"/>
        <testcase name="testGetChatComparisonDataForItemInInventory" file="/home/adam/Documents/flare/tests/Feature/Game/Character/CharacterInventory/Controllers/Api/ItemComparisonControllerTest.php" line="143" class="Tests\Feature\Game\Character\CharacterInventory\Controllers\Api\ItemComparisonControllerTest" classname="Tests.Feature.Game.Character.CharacterInventory.Controllers.Api.ItemComparisonControllerTest" assertions="1" time="0.328090"/>
      </testsuite>
      <testsuite name="Tests\Feature\Game\ClassRanks\Controllers\Api\ClassRanksControllerTest" file="/home/adam/Documents/flare/tests/Feature/Game/ClassRanks/Controllers/Api/ClassRanksControllerTest.php" tests="4" assertions="7" errors="0" failures="0" skipped="0" time="1.151653">
        <testcase name="testGetCharacterClassRanks" file="/home/adam/Documents/flare/tests/Feature/Game/ClassRanks/Controllers/Api/ClassRanksControllerTest.php" line="30" class="Tests\Feature\Game\ClassRanks\Controllers\Api\ClassRanksControllerTest" classname="Tests.Feature.Game.ClassRanks.Controllers.Api.ClassRanksControllerTest" assertions="1" time="0.246336"/>
        <testcase name="testGetCharacterClassSpecials" file="/home/adam/Documents/flare/tests/Feature/Game/ClassRanks/Controllers/Api/ClassRanksControllerTest.php" line="43" class="Tests\Feature\Game\ClassRanks\Controllers\Api\ClassRanksControllerTest" classname="Tests.Feature.Game.ClassRanks.Controllers.Api.ClassRanksControllerTest" assertions="4" time="0.251526"/>
        <testcase name="testUnequipSpecial" file="/home/adam/Documents/flare/tests/Feature/Game/ClassRanks/Controllers/Api/ClassRanksControllerTest.php" line="82" class="Tests\Feature\Game\ClassRanks\Controllers\Api\ClassRanksControllerTest" classname="Tests.Feature.Game.ClassRanks.Controllers.Api.ClassRanksControllerTest" assertions="1" time="0.305331"/>
        <testcase name="testEquipSpecial" file="/home/adam/Documents/flare/tests/Feature/Game/ClassRanks/Controllers/Api/ClassRanksControllerTest.php" line="63" class="Tests\Feature\Game\ClassRanks\Controllers\Api\ClassRanksControllerTest" classname="Tests.Feature.Game.ClassRanks.Controllers.Api.ClassRanksControllerTest" assertions="1" time="0.348459"/>
      </testsuite>
      <testsuite name="Tests\Feature\Game\ClassRanks\Controllers\Api\ManageClassControllerTest" file="/home/adam/Documents/flare/tests/Feature/Game/ClassRanks/Controllers/Api/ManageClassControllerTest.php" tests="1" assertions="2" errors="0" failures="0" skipped="0" time="0.315168">
        <testcase name="testSwitchClass" file="/home/adam/Documents/flare/tests/Feature/Game/ClassRanks/Controllers/Api/ManageClassControllerTest.php" line="36" class="Tests\Feature\Game\ClassRanks\Controllers\Api\ManageClassControllerTest" classname="Tests.Feature.Game.ClassRanks.Controllers.Api.ManageClassControllerTest" assertions="2" time="0.315168"/>
      </testsuite>
      <testsuite name="Tests\Feature\Game\Core\Controllers\Api\UpdateCharacterFlagsControllerTest" file="/home/adam/Documents/flare/tests/Feature/Game/Core/Controllers/Api/UpdateCharacterFlagsControllerTest.php" tests="3" assertions="5" errors="0" failures="0" skipped="0" time="0.728231">
        <testcase name="testTurnOffIntroSlidesWhenWeHaveAGuideQuest" file="/home/adam/Documents/flare/tests/Feature/Game/Core/Controllers/Api/UpdateCharacterFlagsControllerTest.php" line="53" class="Tests\Feature\Game\Core\Controllers\Api\UpdateCharacterFlagsControllerTest" classname="Tests.Feature.Game.Core.Controllers.Api.UpdateCharacterFlagsControllerTest" assertions="2" time="0.252029"/>
        <testcase name="testTurnOffIntroSlidesWhenWeHaveAGuideQuestAndDoNotFakeEvent" file="/home/adam/Documents/flare/tests/Feature/Game/Core/Controllers/Api/UpdateCharacterFlagsControllerTest.php" line="77" class="Tests\Feature\Game\Core\Controllers\Api\UpdateCharacterFlagsControllerTest" classname="Tests.Feature.Game.Core.Controllers.Api.UpdateCharacterFlagsControllerTest" assertions="1" time="0.216007"/>
        <testcase name="testTurnOffIntroSlides" file="/home/adam/Documents/flare/tests/Feature/Game/Core/Controllers/Api/UpdateCharacterFlagsControllerTest.php" line="33" class="Tests\Feature\Game\Core\Controllers\Api\UpdateCharacterFlagsControllerTest" classname="Tests.Feature.Game.Core.Controllers.Api.UpdateCharacterFlagsControllerTest" assertions="2" time="0.260195"/>
      </testsuite>
      <testsuite name="Tests\Feature\Game\Events\Controllers\Api\EventGoalsControllerTest" file="/home/adam/Documents/flare/tests/Feature/Game/Events/Controllers/Api/EventGoalsControllerTest.php" tests="1" assertions="1" errors="0" failures="0" skipped="0" time="0.225588">
        <testcase name="testGetGlobalEventGoal" file="/home/adam/Documents/flare/tests/Feature/Game/Events/Controllers/Api/EventGoalsControllerTest.php" line="62" class="Tests\Feature\Game\Events\Controllers\Api\EventGoalsControllerTest" classname="Tests.Feature.Game.Events.Controllers.Api.EventGoalsControllerTest" assertions="1" time="0.225588"/>
      </testsuite>
      <testsuite name="Tests\Feature\Game\Factions\FactionLoyalty\Controllers\Api\FactionLoyaltyControllerTest" file="/home/adam/Documents/flare/tests/Feature/Game/Factions/FactionLoyalty/Controllers/Api/FactionLoyaltyControllerTest.php" tests="5" assertions="7" errors="0" failures="0" skipped="0" time="1.366795">
        <testcase name="testRemovePledgedLoyalty" file="/home/adam/Documents/flare/tests/Feature/Game/Factions/FactionLoyalty/Controllers/Api/FactionLoyaltyControllerTest.php" line="157" class="Tests\Feature\Game\Factions\FactionLoyalty\Controllers\Api\FactionLoyaltyControllerTest" classname="Tests.Feature.Game.Factions.FactionLoyalty.Controllers.Api.FactionLoyaltyControllerTest" assertions="1" time="0.279881"/>
        <testcase name="testAssistNpcWithTasks" file="/home/adam/Documents/flare/tests/Feature/Game/Factions/FactionLoyalty/Controllers/Api/FactionLoyaltyControllerTest.php" line="215" class="Tests\Feature\Game\Factions\FactionLoyalty\Controllers\Api\FactionLoyaltyControllerTest" classname="Tests.Feature.Game.Factions.FactionLoyalty.Controllers.Api.FactionLoyaltyControllerTest" assertions="1" time="0.247219"/>
        <testcase name="testGetFactionLoyalties" file="/home/adam/Documents/flare/tests/Feature/Game/Factions/FactionLoyalty/Controllers/Api/FactionLoyaltyControllerTest.php" line="34" class="Tests\Feature\Game\Factions\FactionLoyalty\Controllers\Api\FactionLoyaltyControllerTest" classname="Tests.Feature.Game.Factions.FactionLoyalty.Controllers.Api.FactionLoyaltyControllerTest" assertions="3" time="0.286073"/>
        <testcase name="testStopAssistingNpc" file="/home/adam/Documents/flare/tests/Feature/Game/Factions/FactionLoyalty/Controllers/Api/FactionLoyaltyControllerTest.php" line="253" class="Tests\Feature\Game\Factions\FactionLoyalty\Controllers\Api\FactionLoyaltyControllerTest" classname="Tests.Feature.Game.Factions.FactionLoyalty.Controllers.Api.FactionLoyaltyControllerTest" assertions="1" time="0.244284"/>
        <testcase name="testPledgeLoyaltyControllerAction" file="/home/adam/Documents/flare/tests/Feature/Game/Factions/FactionLoyalty/Controllers/Api/FactionLoyaltyControllerTest.php" line="99" class="Tests\Feature\Game\Factions\FactionLoyalty\Controllers\Api\FactionLoyaltyControllerTest" classname="Tests.Feature.Game.Factions.FactionLoyalty.Controllers.Api.FactionLoyaltyControllerTest" assertions="1" time="0.309338"/>
      </testsuite>
      <testsuite name="Tests\Feature\Game\Gambler\Controllers\Api\GamblerControllerTest" file="/home/adam/Documents/flare/tests/Feature/Game/Gambler/Controllers/Api/GamblerControllerTest.php" tests="2" assertions="3" errors="0" failures="0" skipped="0" time="0.504553">
        <testcase name="testGetSlots" file="/home/adam/Documents/flare/tests/Feature/Game/Gambler/Controllers/Api/GamblerControllerTest.php" line="32" class="Tests\Feature\Game\Gambler\Controllers\Api\GamblerControllerTest" classname="Tests.Feature.Game.Gambler.Controllers.Api.GamblerControllerTest" assertions="1" time="0.229487"/>
        <testcase name="testRollSlots" file="/home/adam/Documents/flare/tests/Feature/Game/Gambler/Controllers/Api/GamblerControllerTest.php" line="44" class="Tests\Feature\Game\Gambler\Controllers\Api\GamblerControllerTest" classname="Tests.Feature.Game.Gambler.Controllers.Api.GamblerControllerTest" assertions="2" time="0.275066"/>
      </testsuite>
      <testsuite name="Tests\Feature\Game\Gems\Controllers\Api\AttachedGemsControllerTest" file="/home/adam/Documents/flare/tests/Feature/Game/Gems/Controllers/Api/AttachedGemsControllerTest.php" tests="1" assertions="2" errors="0" failures="0" skipped="0" time="0.231492">
        <testcase name="testGetGemsFromItem" file="/home/adam/Documents/flare/tests/Feature/Game/Gems/Controllers/Api/AttachedGemsControllerTest.php" line="60" class="Tests\Feature\Game\Gems\Controllers\Api\AttachedGemsControllerTest" classname="Tests.Feature.Game.Gems.Controllers.Api.AttachedGemsControllerTest" assertions="2" time="0.231492"/>
      </testsuite>
      <testsuite name="Tests\Feature\Game\Gems\Controllers\Api\GemComparisonControllerTest" file="/home/adam/Documents/flare/tests/Feature/Game/Gems/Controllers/Api/GemComparisonControllerTest.php" tests="1" assertions="3" errors="0" failures="0" skipped="0" time="0.271376">
        <testcase name="testCompareGems" file="/home/adam/Documents/flare/tests/Feature/Game/Gems/Controllers/Api/GemComparisonControllerTest.php" line="61" class="Tests\Feature\Game\Gems\Controllers\Api\GemComparisonControllerTest" classname="Tests.Feature.Game.Gems.Controllers.Api.GemComparisonControllerTest" assertions="3" time="0.271376"/>
      </testsuite>
      <testsuite name="Tests\Feature\Game\GuideQuest\Controllers\Api\GuideQuestControllerApiTest" file="/home/adam/Documents/flare/tests/Feature/Game/GuideQuest/Controllers/Api/GuideQuestControllerApiTest.php" tests="3" assertions="7" errors="0" failures="0" skipped="0" time="0.772884">
        <testcase name="testFailToHandInGuideQuest" file="/home/adam/Documents/flare/tests/Feature/Game/GuideQuest/Controllers/Api/GuideQuestControllerApiTest.php" line="94" class="Tests\Feature\Game\GuideQuest\Controllers\Api\GuideQuestControllerApiTest" classname="Tests.Feature.Game.GuideQuest.Controllers.Api.GuideQuestControllerApiTest" assertions="1" time="0.220809"/>
        <testcase name="testGetCurrentQuest" file="/home/adam/Documents/flare/tests/Feature/Game/GuideQuest/Controllers/Api/GuideQuestControllerApiTest.php" line="70" class="Tests\Feature\Game\GuideQuest\Controllers\Api\GuideQuestControllerApiTest" classname="Tests.Feature.Game.GuideQuest.Controllers.Api.GuideQuestControllerApiTest" assertions="3" time="0.260733"/>
        <testcase name="testNextGuideQuestHasOneOfTheRequirementsWhenCompletingThePreviousQuest" file="/home/adam/Documents/flare/tests/Feature/Game/GuideQuest/Controllers/Api/GuideQuestControllerApiTest.php" line="37" class="Tests\Feature\Game\GuideQuest\Controllers\Api\GuideQuestControllerApiTest" classname="Tests.Feature.Game.GuideQuest.Controllers.Api.GuideQuestControllerApiTest" assertions="3" time="0.291342"/>
      </testsuite>
      <testsuite name="Tests\Feature\Game\GuideQuest\Controllers\GuideQuestsControllerTest" file="/home/adam/Documents/flare/tests/Feature/Game/GuideQuest/Controllers/GuideQuestsControllerTest.php" tests="2" assertions="4" errors="0" failures="0" skipped="0" time="0.737737">
        <testcase name="testShouldBeableToSeeSingleGuidequest" file="/home/adam/Documents/flare/tests/Feature/Game/GuideQuest/Controllers/GuideQuestsControllerTest.php" line="51" class="Tests\Feature\Game\GuideQuest\Controllers\GuideQuestsControllerTest" classname="Tests.Feature.Game.GuideQuest.Controllers.GuideQuestsControllerTest" assertions="2" time="0.317341"/>
        <testcase name="testShouldSeeCompletedGuideQuest" file="/home/adam/Documents/flare/tests/Feature/Game/GuideQuest/Controllers/GuideQuestsControllerTest.php" line="35" class="Tests\Feature\Game\GuideQuest\Controllers\GuideQuestsControllerTest" classname="Tests.Feature.Game.GuideQuest.Controllers.GuideQuestsControllerTest" assertions="2" time="0.420396"/>
      </testsuite>
      <testsuite name="Tests\Feature\Game\Messages\Controllers\Api\CommandsControllerTest" file="/home/adam/Documents/flare/tests/Feature/Game/Messages/Controllers/Api/CommandsControllerTest.php" tests="3" assertions="6" errors="0" failures="0" skipped="0" time="0.726752">
        <testcase name="testUsePcCommand" file="/home/adam/Documents/flare/tests/Feature/Game/Messages/Controllers/Api/CommandsControllerTest.php" line="37" class="Tests\Feature\Game\Messages\Controllers\Api\CommandsControllerTest" classname="Tests.Feature.Game.Messages.Controllers.Api.CommandsControllerTest" assertions="2" time="0.245030"/>
        <testcase name="testUsePctCommand" file="/home/adam/Documents/flare/tests/Feature/Game/Messages/Controllers/Api/CommandsControllerTest.php" line="70" class="Tests\Feature\Game\Messages\Controllers\Api\CommandsControllerTest" classname="Tests.Feature.Game.Messages.Controllers.Api.CommandsControllerTest" assertions="2" time="0.218096"/>
        <testcase name="testUsePctCommandWhenDead" file="/home/adam/Documents/flare/tests/Feature/Game/Messages/Controllers/Api/CommandsControllerTest.php" line="104" class="Tests\Feature\Game\Messages\Controllers\Api\CommandsControllerTest" classname="Tests.Feature.Game.Messages.Controllers.Api.CommandsControllerTest" assertions="2" time="0.263626"/>
      </testsuite>
      <testsuite name="Tests\Feature\Game\Messages\Controllers\Api\FetchMessagesControllerTest" file="/home/adam/Documents/flare/tests/Feature/Game/Messages/Controllers/Api/FetchMessagesControllerTest.php" tests="1" assertions="3" errors="0" failures="0" skipped="0" time="0.235837">
        <testcase name="testGetLastMessages" file="/home/adam/Documents/flare/tests/Feature/Game/Messages/Controllers/Api/FetchMessagesControllerTest.php" line="31" class="Tests\Feature\Game\Messages\Controllers\Api\FetchMessagesControllerTest" classname="Tests.Feature.Game.Messages.Controllers.Api.FetchMessagesControllerTest" assertions="3" time="0.235837"/>
      </testsuite>
      <testsuite name="Tests\Feature\Game\Messages\Controllers\Api\PostMessagesControllerTest" file="/home/adam/Documents/flare/tests/Feature/Game/Messages/Controllers/Api/PostMessagesControllerTest.php" tests="2" assertions="6" errors="0" failures="0" skipped="0" time="0.864217">
        <testcase name="testPostPublicMessage" file="/home/adam/Documents/flare/tests/Feature/Game/Messages/Controllers/Api/PostMessagesControllerTest.php" line="32" class="Tests\Feature\Game\Messages\Controllers\Api\PostMessagesControllerTest" classname="Tests.Feature.Game.Messages.Controllers.Api.PostMessagesControllerTest" assertions="2" time="0.366149"/>
        <testcase name="testPostPrivateMessage" file="/home/adam/Documents/flare/tests/Feature/Game/Messages/Controllers/Api/PostMessagesControllerTest.php" line="51" class="Tests\Feature\Game\Messages\Controllers\Api\PostMessagesControllerTest" classname="Tests.Feature.Game.Messages.Controllers.Api.PostMessagesControllerTest" assertions="4" time="0.498068"/>
      </testsuite>
      <testsuite name="Tests\Feature\Game\Messages\Controllers\Api\ServerMessageControllerTest" file="/home/adam/Documents/flare/tests/Feature/Game/Messages/Controllers/Api/ServerMessageControllerTest.php" tests="4" assertions="10" errors="0" failures="0" skipped="0" time="1.045630">
        <testcase name="testGenerateServerMessageWithCustomMessage" file="/home/adam/Documents/flare/tests/Feature/Game/Messages/Controllers/Api/ServerMessageControllerTest.php" line="32" class="Tests\Feature\Game\Messages\Controllers\Api\ServerMessageControllerTest" classname="Tests.Feature.Game.Messages.Controllers.Api.ServerMessageControllerTest" assertions="2" time="0.338482"/>
        <testcase name="testGenerateServerMessageWithType" file="/home/adam/Documents/flare/tests/Feature/Game/Messages/Controllers/Api/ServerMessageControllerTest.php" line="75" class="Tests\Feature\Game\Messages\Controllers\Api\ServerMessageControllerTest" classname="Tests.Feature.Game.Messages.Controllers.Api.ServerMessageControllerTest" assertions="2" time="0.249028"/>
        <testcase name="testFailToGenerateServerMessageForInvalidType" file="/home/adam/Documents/flare/tests/Feature/Game/Messages/Controllers/Api/ServerMessageControllerTest.php" line="92" class="Tests\Feature\Game\Messages\Controllers\Api\ServerMessageControllerTest" classname="Tests.Feature.Game.Messages.Controllers.Api.ServerMessageControllerTest" assertions="3" time="0.245615"/>
        <testcase name="testFailToGenerateServerMessage" file="/home/adam/Documents/flare/tests/Feature/Game/Messages/Controllers/Api/ServerMessageControllerTest.php" line="55" class="Tests\Feature\Game\Messages\Controllers\Api\ServerMessageControllerTest" classname="Tests.Feature.Game.Messages.Controllers.Api.ServerMessageControllerTest" assertions="3" time="0.212505"/>
      </testsuite>
      <testsuite name="Tests\Feature\Game\NpcActions\LabyrinthOracle\Controllers\Api\LabyrinthOracleControllerTest" file="/home/adam/Documents/flare/tests/Feature/Game/NpcActions/LabyrinthOracle/Controllers/Api/LabyrinthOracleControllerTest.php" tests="3" assertions="4" errors="0" failures="0" skipped="0" time="1.151949">
        <testcase name="testInventoryItems" file="/home/adam/Documents/flare/tests/Feature/Game/NpcActions/LabyrinthOracle/Controllers/Api/LabyrinthOracleControllerTest.php" line="35" class="Tests\Feature\Game\NpcActions\LabyrinthOracle\Controllers\Api\LabyrinthOracleControllerTest" classname="Tests.Feature.Game.NpcActions.LabyrinthOracle.Controllers.Api.LabyrinthOracleControllerTest" assertions="1" time="0.259466"/>
        <testcase name="testInventoryItemsWithOneOfEach" file="/home/adam/Documents/flare/tests/Feature/Game/NpcActions/LabyrinthOracle/Controllers/Api/LabyrinthOracleControllerTest.php" line="71" class="Tests\Feature\Game\NpcActions\LabyrinthOracle\Controllers\Api\LabyrinthOracleControllerTest" classname="Tests.Feature.Game.NpcActions.LabyrinthOracle.Controllers.Api.LabyrinthOracleControllerTest" assertions="1" time="0.547600"/>
        <testcase name="testUseLabyrinthOracleToTransferItem" file="/home/adam/Documents/flare/tests/Feature/Game/NpcActions/LabyrinthOracle/Controllers/Api/LabyrinthOracleControllerTest.php" line="133" class="Tests\Feature\Game\NpcActions\LabyrinthOracle\Controllers\Api\LabyrinthOracleControllerTest" classname="Tests.Feature.Game.NpcActions.LabyrinthOracle.Controllers.Api.LabyrinthOracleControllerTest" assertions="2" time="0.344883"/>
      </testsuite>
      <testsuite name="Tests\Feature\Game\NpcActions\QueenOfHearts\Controllers\Api\QueenOfHeartsControllerTest" file="/home/adam/Documents/flare/tests/Feature/Game/NpcActions/QueenOfHearts/Controllers/Api/QueenOfHeartsControllerTest.php" tests="3" assertions="5" errors="0" failures="0" skipped="0" time="1.034638">
        <testcase name="testReRoll" file="/home/adam/Documents/flare/tests/Feature/Game/NpcActions/QueenOfHearts/Controllers/Api/QueenOfHeartsControllerTest.php" line="58" class="Tests\Feature\Game\NpcActions\QueenOfHearts\Controllers\Api\QueenOfHeartsControllerTest" classname="Tests.Feature.Game.NpcActions.QueenOfHearts.Controllers.Api.QueenOfHeartsControllerTest" assertions="2" time="0.306965"/>
        <testcase name="testMoveAffixes" file="/home/adam/Documents/flare/tests/Feature/Game/NpcActions/QueenOfHearts/Controllers/Api/QueenOfHeartsControllerTest.php" line="95" class="Tests\Feature\Game\NpcActions\QueenOfHearts\Controllers\Api\QueenOfHeartsControllerTest" classname="Tests.Feature.Game.NpcActions.QueenOfHearts.Controllers.Api.QueenOfHeartsControllerTest" assertions="1" time="0.377380"/>
        <testcase name="testUniquesOnly" file="/home/adam/Documents/flare/tests/Feature/Game/NpcActions/QueenOfHearts/Controllers/Api/QueenOfHeartsControllerTest.php" line="37" class="Tests\Feature\Game\NpcActions\QueenOfHearts\Controllers\Api\QueenOfHeartsControllerTest" classname="Tests.Feature.Game.NpcActions.QueenOfHearts.Controllers.Api.QueenOfHeartsControllerTest" assertions="2" time="0.350292"/>
      </testsuite>
      <testsuite name="Tests\Feature\Game\NpcActions\SeerActions\Controllers\Api\SeerCampControllerTest" file="/home/adam/Documents/flare/tests/Feature/Game/NpcActions/SeerActions/Controllers/Api/SeerCampControllerTest.php" tests="7" assertions="9" errors="0" failures="0" skipped="0" time="2.433752">
        <testcase name="testRollSockets" file="/home/adam/Documents/flare/tests/Feature/Game/NpcActions/SeerActions/Controllers/Api/SeerCampControllerTest.php" line="65" class="Tests\Feature\Game\NpcActions\SeerActions\Controllers\Api\SeerCampControllerTest" classname="Tests.Feature.Game.NpcActions.SeerActions.Controllers.Api.SeerCampControllerTest" assertions="1" time="0.365729"/>
        <testcase name="testAttachGemToItem" file="/home/adam/Documents/flare/tests/Feature/Game/NpcActions/SeerActions/Controllers/Api/SeerCampControllerTest.php" line="98" class="Tests\Feature\Game\NpcActions\SeerActions\Controllers\Api\SeerCampControllerTest" classname="Tests.Feature.Game.NpcActions.SeerActions.Controllers.Api.SeerCampControllerTest" assertions="1" time="0.284033"/>
        <testcase name="testFetchItemsWithGems" file="/home/adam/Documents/flare/tests/Feature/Game/NpcActions/SeerActions/Controllers/Api/SeerCampControllerTest.php" line="191" class="Tests\Feature\Game\NpcActions\SeerActions\Controllers\Api\SeerCampControllerTest" classname="Tests.Feature.Game.NpcActions.SeerActions.Controllers.Api.SeerCampControllerTest" assertions="2" time="0.305363"/>
        <testcase name="testRemoveGemFromItem" file="/home/adam/Documents/flare/tests/Feature/Game/NpcActions/SeerActions/Controllers/Api/SeerCampControllerTest.php" line="214" class="Tests\Feature\Game\NpcActions\SeerActions\Controllers\Api\SeerCampControllerTest" classname="Tests.Feature.Game.NpcActions.SeerActions.Controllers.Api.SeerCampControllerTest" assertions="1" time="0.280423"/>
        <testcase name="testRemoveAllGemsFromItem" file="/home/adam/Documents/flare/tests/Feature/Game/NpcActions/SeerActions/Controllers/Api/SeerCampControllerTest.php" line="258" class="Tests\Feature\Game\NpcActions\SeerActions\Controllers\Api\SeerCampControllerTest" classname="Tests.Feature.Game.NpcActions.SeerActions.Controllers.Api.SeerCampControllerTest" assertions="1" time="0.346904"/>
        <testcase name="testReplaceGemOnItem" file="/home/adam/Documents/flare/tests/Feature/Game/NpcActions/SeerActions/Controllers/Api/SeerCampControllerTest.php" line="138" class="Tests\Feature\Game\NpcActions\SeerActions\Controllers\Api\SeerCampControllerTest" classname="Tests.Feature.Game.NpcActions.SeerActions.Controllers.Api.SeerCampControllerTest" assertions="1" time="0.477078"/>
        <testcase name="testVisitCamp" file="/home/adam/Documents/flare/tests/Feature/Game/NpcActions/SeerActions/Controllers/Api/SeerCampControllerTest.php" line="33" class="Tests\Feature\Game\NpcActions\SeerActions\Controllers\Api\SeerCampControllerTest" classname="Tests.Feature.Game.NpcActions.SeerActions.Controllers.Api.SeerCampControllerTest" assertions="2" time="0.374223"/>
      </testsuite>
      <testsuite name="Tests\Feature\Game\NpcActions\Workbench\Controllers\Api\HolyItemsControllerTest" file="/home/adam/Documents/flare/tests/Feature/Game/NpcActions/Workbench/Controllers/Api/HolyItemsControllerTest.php" tests="2" assertions="5" errors="0" failures="0" skipped="0" time="0.708398">
        <testcase name="testGetSmithingItems" file="/home/adam/Documents/flare/tests/Feature/Game/NpcActions/Workbench/Controllers/Api/HolyItemsControllerTest.php" line="31" class="Tests\Feature\Game\NpcActions\Workbench\Controllers\Api\HolyItemsControllerTest" classname="Tests.Feature.Game.NpcActions.Workbench.Controllers.Api.HolyItemsControllerTest" assertions="2" time="0.304431"/>
        <testcase name="testApplyOil" file="/home/adam/Documents/flare/tests/Feature/Game/NpcActions/Workbench/Controllers/Api/HolyItemsControllerTest.php" line="58" class="Tests\Feature\Game\NpcActions\Workbench\Controllers\Api\HolyItemsControllerTest" classname="Tests.Feature.Game.NpcActions.Workbench.Controllers.Api.HolyItemsControllerTest" assertions="3" time="0.403968"/>
      </testsuite>
      <testsuite name="Tests\Feature\Game\Reincarnation\Controllers\Api\ReincarnateControllerTest" file="/home/adam/Documents/flare/tests/Feature/Game/Reincarnation/Controllers/Api/ReincarnateControllerTest.php" tests="1" assertions="1" errors="0" failures="0" skipped="0" time="0.365445">
        <testcase name="testReincarnate" file="/home/adam/Documents/flare/tests/Feature/Game/Reincarnation/Controllers/Api/ReincarnateControllerTest.php" line="35" class="Tests\Feature\Game\Reincarnation\Controllers\Api\ReincarnateControllerTest" classname="Tests.Feature.Game.Reincarnation.Controllers.Api.ReincarnateControllerTest" assertions="1" time="0.365445"/>
      </testsuite>
      <testsuite name="Tests\Feature\Game\Skills\Controllers\Api\AlchemyControllerTest" file="/home/adam/Documents/flare/tests/Feature/Game/Skills/Controllers/Api/AlchemyControllerTest.php" tests="3" assertions="12" errors="0" failures="0" skipped="0" time="0.870845">
        <testcase name="testCannotTransmute" file="/home/adam/Documents/flare/tests/Feature/Game/Skills/Controllers/Api/AlchemyControllerTest.php" line="69" class="Tests\Feature\Game\Skills\Controllers\Api\AlchemyControllerTest" classname="Tests.Feature.Game.Skills.Controllers.Api.AlchemyControllerTest" assertions="2" time="0.282293"/>
        <testcase name="testGetAlchemyItems" file="/home/adam/Documents/flare/tests/Feature/Game/Skills/Controllers/Api/AlchemyControllerTest.php" line="49" class="Tests\Feature\Game\Skills\Controllers\Api\AlchemyControllerTest" classname="Tests.Feature.Game.Skills.Controllers.Api.AlchemyControllerTest" assertions="2" time="0.289761"/>
        <testcase name="testTransumteItem" file="/home/adam/Documents/flare/tests/Feature/Game/Skills/Controllers/Api/AlchemyControllerTest.php" line="98" class="Tests\Feature\Game\Skills\Controllers\Api\AlchemyControllerTest" classname="Tests.Feature.Game.Skills.Controllers.Api.AlchemyControllerTest" assertions="8" time="0.298792"/>
      </testsuite>
      <testsuite name="Tests\Feature\Game\Skills\Controllers\Api\CraftingControllerTest" file="/home/adam/Documents/flare/tests/Feature/Game/Skills/Controllers/Api/CraftingControllerTest.php" tests="5" assertions="19" errors="0" failures="0" skipped="0" time="1.351626">
        <testcase name="testGetCraftingItems" file="/home/adam/Documents/flare/tests/Feature/Game/Skills/Controllers/Api/CraftingControllerTest.php" line="158" class="Tests\Feature\Game\Skills\Controllers\Api\CraftingControllerTest" classname="Tests.Feature.Game.Skills.Controllers.Api.CraftingControllerTest" assertions="3" time="0.267388"/>
        <testcase name="testFetchItemsToCraftWithTheAbilityToShowCraftForNpc" file="/home/adam/Documents/flare/tests/Feature/Game/Skills/Controllers/Api/CraftingControllerTest.php" line="52" class="Tests\Feature\Game\Skills\Controllers\Api\CraftingControllerTest" classname="Tests.Feature.Game.Skills.Controllers.Api.CraftingControllerTest" assertions="3" time="0.253117"/>
        <testcase name="testCannotCraft" file="/home/adam/Documents/flare/tests/Feature/Game/Skills/Controllers/Api/CraftingControllerTest.php" line="179" class="Tests\Feature\Game\Skills\Controllers\Api\CraftingControllerTest" classname="Tests.Feature.Game.Skills.Controllers.Api.CraftingControllerTest" assertions="2" time="0.256505"/>
        <testcase name="testFetchItemsToCraftWhileNotShowingCraftForNPCDueToNotHelpingThatNPC" file="/home/adam/Documents/flare/tests/Feature/Game/Skills/Controllers/Api/CraftingControllerTest.php" line="105" class="Tests\Feature\Game\Skills\Controllers\Api\CraftingControllerTest" classname="Tests.Feature.Game.Skills.Controllers.Api.CraftingControllerTest" assertions="3" time="0.251727"/>
        <testcase name="testCraftItem" file="/home/adam/Documents/flare/tests/Feature/Game/Skills/Controllers/Api/CraftingControllerTest.php" line="208" class="Tests\Feature\Game\Skills\Controllers\Api\CraftingControllerTest" classname="Tests.Feature.Game.Skills.Controllers.Api.CraftingControllerTest" assertions="8" time="0.322889"/>
      </testsuite>
      <testsuite name="Tests\Feature\Game\Skills\Controllers\Api\DisenchantingControllerTest" file="/home/adam/Documents/flare/tests/Feature/Game/Skills/Controllers/Api/DisenchantingControllerTest.php" tests="1" assertions="5" errors="0" failures="0" skipped="0" time="0.382298">
        <testcase name="testDisenchantItem" file="/home/adam/Documents/flare/tests/Feature/Game/Skills/Controllers/Api/DisenchantingControllerTest.php" line="49" class="Tests\Feature\Game\Skills\Controllers\Api\DisenchantingControllerTest" classname="Tests.Feature.Game.Skills.Controllers.Api.DisenchantingControllerTest" assertions="5" time="0.382298"/>
      </testsuite>
      <testsuite name="Tests\Feature\Game\Skills\Controllers\Api\EnchantingControllerTest" file="/home/adam/Documents/flare/tests/Feature/Game/Skills/Controllers/Api/EnchantingControllerTest.php" tests="6" assertions="16" errors="0" failures="0" skipped="0" time="1.652656">
        <testcase name="testCannotEnchantWhenInventorySlotDoesNotExist" file="/home/adam/Documents/flare/tests/Feature/Game/Skills/Controllers/Api/EnchantingControllerTest.php" line="90" class="Tests\Feature\Game\Skills\Controllers\Api\EnchantingControllerTest" classname="Tests.Feature.Game.Skills.Controllers.Api.EnchantingControllerTest" assertions="2" time="0.272787"/>
        <testcase name="testGetEnchantingItems" file="/home/adam/Documents/flare/tests/Feature/Game/Skills/Controllers/Api/EnchantingControllerTest.php" line="52" class="Tests\Feature\Game\Skills\Controllers\Api\EnchantingControllerTest" classname="Tests.Feature.Game.Skills.Controllers.Api.EnchantingControllerTest" assertions="2" time="0.262687"/>
        <testcase name="testCannotEnchantQuestItems" file="/home/adam/Documents/flare/tests/Feature/Game/Skills/Controllers/Api/EnchantingControllerTest.php" line="106" class="Tests\Feature\Game\Skills\Controllers\Api\EnchantingControllerTest" classname="Tests.Feature.Game.Skills.Controllers.Api.EnchantingControllerTest" assertions="2" time="0.256811"/>
        <testcase name="testCannotEnchantWhenCanEnchantIsFalse" file="/home/adam/Documents/flare/tests/Feature/Game/Skills/Controllers/Api/EnchantingControllerTest.php" line="69" class="Tests\Feature\Game\Skills\Controllers\Api\EnchantingControllerTest" classname="Tests.Feature.Game.Skills.Controllers.Api.EnchantingControllerTest" assertions="2" time="0.237002"/>
        <testcase name="testCannotEnchantItemNotEnoughGold" file="/home/adam/Documents/flare/tests/Feature/Game/Skills/Controllers/Api/EnchantingControllerTest.php" line="139" class="Tests\Feature\Game\Skills\Controllers\Api\EnchantingControllerTest" classname="Tests.Feature.Game.Skills.Controllers.Api.EnchantingControllerTest" assertions="3" time="0.289105"/>
        <testcase name="testEnchantItem" file="/home/adam/Documents/flare/tests/Feature/Game/Skills/Controllers/Api/EnchantingControllerTest.php" line="177" class="Tests\Feature\Game\Skills\Controllers\Api\EnchantingControllerTest" classname="Tests.Feature.Game.Skills.Controllers.Api.EnchantingControllerTest" assertions="5" time="0.334265"/>
      </testsuite>
      <testsuite name="Tests\Feature\Game\Skills\Controllers\Api\GemCraftingControllerTest" file="/home/adam/Documents/flare/tests/Feature/Game/Skills/Controllers/Api/GemCraftingControllerTest.php" tests="2" assertions="9" errors="0" failures="0" skipped="0" time="0.654790">
        <testcase name="testGetCraftableGems" file="/home/adam/Documents/flare/tests/Feature/Game/Skills/Controllers/Api/GemCraftingControllerTest.php" line="51" class="Tests\Feature\Game\Skills\Controllers\Api\GemCraftingControllerTest" classname="Tests.Feature.Game.Skills.Controllers.Api.GemCraftingControllerTest" assertions="2" time="0.281157"/>
        <testcase name="testCraftGem" file="/home/adam/Documents/flare/tests/Feature/Game/Skills/Controllers/Api/GemCraftingControllerTest.php" line="62" class="Tests\Feature\Game\Skills\Controllers\Api\GemCraftingControllerTest" classname="Tests.Feature.Game.Skills.Controllers.Api.GemCraftingControllerTest" assertions="7" time="0.373633"/>
      </testsuite>
      <testsuite name="Tests\Feature\Game\Skills\Controllers\Api\ItemSkillControllerTest" file="/home/adam/Documents/flare/tests/Feature/Game/Skills/Controllers/Api/ItemSkillControllerTest.php" tests="2" assertions="6" errors="0" failures="0" skipped="0" time="2.313547">
        <testcase name="testTrainItemSkill" file="/home/adam/Documents/flare/tests/Feature/Game/Skills/Controllers/Api/ItemSkillControllerTest.php" line="33" class="Tests\Feature\Game\Skills\Controllers\Api\ItemSkillControllerTest" classname="Tests.Feature.Game.Skills.Controllers.Api.ItemSkillControllerTest" assertions="3" time="2.047772"/>
        <testcase name="testStopTrainingItemSkill" file="/home/adam/Documents/flare/tests/Feature/Game/Skills/Controllers/Api/ItemSkillControllerTest.php" line="89" class="Tests\Feature\Game\Skills\Controllers\Api\ItemSkillControllerTest" classname="Tests.Feature.Game.Skills.Controllers.Api.ItemSkillControllerTest" assertions="3" time="0.265775"/>
      </testsuite>
      <testsuite name="Tests\Feature\Game\Skills\Controllers\Api\SkillsControllerTest" file="/home/adam/Documents/flare/tests/Feature/Game/Skills/Controllers/Api/SkillsControllerTest.php" tests="6" assertions="13" errors="0" failures="0" skipped="0" time="1.646855">
        <testcase name="testStopTrainingSkill" file="/home/adam/Documents/flare/tests/Feature/Game/Skills/Controllers/Api/SkillsControllerTest.php" line="150" class="Tests\Feature\Game\Skills\Controllers\Api\SkillsControllerTest" classname="Tests.Feature.Game.Skills.Controllers.Api.SkillsControllerTest" assertions="3" time="0.261690"/>
        <testcase name="testTrainSkill" file="/home/adam/Documents/flare/tests/Feature/Game/Skills/Controllers/Api/SkillsControllerTest.php" line="99" class="Tests\Feature\Game\Skills\Controllers\Api\SkillsControllerTest" classname="Tests.Feature.Game.Skills.Controllers.Api.SkillsControllerTest" assertions="3" time="0.252486"/>
        <testcase name="testGetSkillInformation" file="/home/adam/Documents/flare/tests/Feature/Game/Skills/Controllers/Api/SkillsControllerTest.php" line="80" class="Tests\Feature\Game\Skills\Controllers\Api\SkillsControllerTest" classname="Tests.Feature.Game.Skills.Controllers.Api.SkillsControllerTest" assertions="1" time="0.284109"/>
        <testcase name="testGetSkillsForPlayer" file="/home/adam/Documents/flare/tests/Feature/Game/Skills/Controllers/Api/SkillsControllerTest.php" line="32" class="Tests\Feature\Game\Skills\Controllers\Api\SkillsControllerTest" classname="Tests.Feature.Game.Skills.Controllers.Api.SkillsControllerTest" assertions="2" time="0.252532"/>
        <testcase name="testFailToGetSkillInformation" file="/home/adam/Documents/flare/tests/Feature/Game/Skills/Controllers/Api/SkillsControllerTest.php" line="57" class="Tests\Feature\Game\Skills\Controllers\Api\SkillsControllerTest" classname="Tests.Feature.Game.Skills.Controllers.Api.SkillsControllerTest" assertions="2" time="0.281703"/>
        <testcase name="testFailToCancelSkillTraining" file="/home/adam/Documents/flare/tests/Feature/Game/Skills/Controllers/Api/SkillsControllerTest.php" line="127" class="Tests\Feature\Game\Skills\Controllers\Api\SkillsControllerTest" classname="Tests.Feature.Game.Skills.Controllers.Api.SkillsControllerTest" assertions="2" time="0.314335"/>
      </testsuite>
      <testsuite name="Tests\Feature\Game\Skills\Controllers\Api\TrinketCraftingControllerTest" file="/home/adam/Documents/flare/tests/Feature/Game/Skills/Controllers/Api/TrinketCraftingControllerTest.php" tests="2" assertions="6" errors="0" failures="0" skipped="0" time="0.563160">
        <testcase name="testGetCraftableTrinkets" file="/home/adam/Documents/flare/tests/Feature/Game/Skills/Controllers/Api/TrinketCraftingControllerTest.php" line="50" class="Tests\Feature\Game\Skills\Controllers\Api\TrinketCraftingControllerTest" classname="Tests.Feature.Game.Skills.Controllers.Api.TrinketCraftingControllerTest" assertions="2" time="0.247018"/>
        <testcase name="testCraftTrinket" file="/home/adam/Documents/flare/tests/Feature/Game/Skills/Controllers/Api/TrinketCraftingControllerTest.php" line="67" class="Tests\Feature\Game\Skills\Controllers\Api\TrinketCraftingControllerTest" classname="Tests.Feature.Game.Skills.Controllers.Api.TrinketCraftingControllerTest" assertions="4" time="0.316142"/>
      </testsuite>
      <testsuite name="Tests\Feature\Game\Survey\Controllers\Api\SurveyControllerTest" file="/home/adam/Documents/flare/tests/Feature/Game/Survey/Controllers/Api/SurveyControllerTest.php" tests="2" assertions="5" errors="0" failures="0" skipped="0" time="0.515569">
        <testcase name="testFetchSurvey" file="/home/adam/Documents/flare/tests/Feature/Game/Survey/Controllers/Api/SurveyControllerTest.php" line="38" class="Tests\Feature\Game\Survey\Controllers\Api\SurveyControllerTest" classname="Tests.Feature.Game.Survey.Controllers.Api.SurveyControllerTest" assertions="3" time="0.231102"/>
        <testcase name="testSubmitSurveyResponse" file="/home/adam/Documents/flare/tests/Feature/Game/Survey/Controllers/Api/SurveyControllerTest.php" line="49" class="Tests\Feature\Game\Survey\Controllers\Api\SurveyControllerTest" classname="Tests.Feature.Game.Survey.Controllers.Api.SurveyControllerTest" assertions="2" time="0.284467"/>
      </testsuite>
      <testsuite name="Tests\Feature\ReleasePageControllerTest" file="/home/adam/Documents/flare/tests/Feature/ReleasePageControllerTest.php" tests="1" assertions="2" errors="0" failures="0" skipped="0" time="0.166871">
        <testcase name="testViewReleaseNotes" file="/home/adam/Documents/flare/tests/Feature/ReleasePageControllerTest.php" line="13" class="Tests\Feature\ReleasePageControllerTest" classname="Tests.Feature.ReleasePageControllerTest" assertions="2" time="0.166871"/>
      </testsuite>
    </testsuite>
    <testsuite name="Unit" tests="1271" assertions="3112" errors="0" failures="1" skipped="0" time="621.870859">
      <testsuite name="Tests\Unit\Flare\Github\Services\GithubTest" file="/home/adam/Documents/flare/tests/Unit/Flare/Github/Services/GithubTest.php" tests="4" assertions="4" errors="0" failures="0" skipped="0" time="0.467099">
        <testcase name="testBailWhenClientNotSet" file="/home/adam/Documents/flare/tests/Unit/Flare/Github/Services/GithubTest.php" line="55" class="Tests\Unit\Flare\Github\Services\GithubTest" classname="Tests.Unit.Flare.Github.Services.GithubTest" assertions="1" time="0.104321"/>
        <testcase name="testGetReleaseDataFromGithub" file="/home/adam/Documents/flare/tests/Unit/Flare/Github/Services/GithubTest.php" line="63" class="Tests\Unit\Flare\Github\Services\GithubTest" classname="Tests.Unit.Flare.Github.Services.GithubTest" assertions="1" time="0.108906"/>
        <testcase name="testInitializeGitHUbWithOutAuthorization" file="/home/adam/Documents/flare/tests/Unit/Flare/Github/Services/GithubTest.php" line="33" class="Tests\Unit\Flare\Github\Services\GithubTest" classname="Tests.Unit.Flare.Github.Services.GithubTest" assertions="1" time="0.111016"/>
        <testcase name="testInitializeGitHUbWithAuthorization" file="/home/adam/Documents/flare/tests/Unit/Flare/Github/Services/GithubTest.php" line="42" class="Tests\Unit\Flare\Github\Services\GithubTest" classname="Tests.Unit.Flare.Github.Services.GithubTest" assertions="1" time="0.142856"/>
      </testsuite>
      <testsuite name="Tests\Unit\Flare\Items\Builders\AffixAttributeBuilderTest" file="/home/adam/Documents/flare/tests/Unit/Flare/Items/Builders/AffixAttributeBuilderTest.php" tests="1" assertions="1" errors="0" failures="0" skipped="0" time="0.116877">
        <testcase name="testBuildAffixAttributesWithOutSkillInfo" file="/home/adam/Documents/flare/tests/Unit/Flare/Items/Builders/AffixAttributeBuilderTest.php" line="29" class="Tests\Unit\Flare\Items\Builders\AffixAttributeBuilderTest" classname="Tests.Unit.Flare.Items.Builders.AffixAttributeBuilderTest" assertions="1" time="0.116877"/>
      </testsuite>
      <testsuite name="Tests\Unit\Flare\Items\Builders\BuildMythicItemTest" file="/home/adam/Documents/flare/tests/Unit/Flare/Items/Builders/BuildMythicItemTest.php" tests="2" assertions="7" errors="0" failures="0" skipped="0" time="0.485693">
        <testcase name="testFetchMythicItemThrowsWhenAffixGeneratorFails" file="/home/adam/Documents/flare/tests/Unit/Flare/Items/Builders/BuildMythicItemTest.php" line="80" class="Tests\Unit\Flare\Items\Builders\BuildMythicItemTest" classname="Tests.Unit.Flare.Items.Builders.BuildMythicItemTest" assertions="1" time="0.225717"/>
        <testcase name="testFetchMythicItemBuildsDuplicateWithAffixesAndMythicFlag" file="/home/adam/Documents/flare/tests/Unit/Flare/Items/Builders/BuildMythicItemTest.php" line="42" class="Tests\Unit\Flare\Items\Builders\BuildMythicItemTest" classname="Tests.Unit.Flare.Items.Builders.BuildMythicItemTest" assertions="6" time="0.259976"/>
      </testsuite>
      <testsuite name="Tests\Unit\Flare\Items\Builders\RandomAffixGeneratorTest" file="/home/adam/Documents/flare/tests/Unit/Flare/Items/Builders/RandomAffixGeneratorTest.php" tests="1" assertions="1" errors="0" failures="0" skipped="0" time="0.247500">
        <testcase name="testShouldReturnTheSameAffixAndNotGenerateANewOne" file="/home/adam/Documents/flare/tests/Unit/Flare/Items/Builders/RandomAffixGeneratorTest.php" line="39" class="Tests\Unit\Flare\Items\Builders\RandomAffixGeneratorTest" classname="Tests.Unit.Flare.Items.Builders.RandomAffixGeneratorTest" assertions="1" time="0.247500"/>
      </testsuite>
      <testsuite name="Tests\Unit\Flare\Items\Builders\RandomItemDropBuilderTest" file="/home/adam/Documents/flare/tests/Unit/Flare/Items/Builders/RandomItemDropBuilderTest.php" tests="3" assertions="16" errors="0" failures="0" skipped="0" time="0.410533">
        <testcase name="testGenerateItemCreatesItemWithPrefixAndSuffix" file="/home/adam/Documents/flare/tests/Unit/Flare/Items/Builders/RandomItemDropBuilderTest.php" line="57" class="Tests\Unit\Flare\Items\Builders\RandomItemDropBuilderTest" classname="Tests.Unit.Flare.Items.Builders.RandomItemDropBuilderTest" assertions="5" time="0.123440"/>
        <testcase name="testGenerateItemCreatesItemWithPrefixOnly" file="/home/adam/Documents/flare/tests/Unit/Flare/Items/Builders/RandomItemDropBuilderTest.php" line="33" class="Tests\Unit\Flare\Items\Builders\RandomItemDropBuilderTest" classname="Tests.Unit.Flare.Items.Builders.RandomItemDropBuilderTest" assertions="5" time="0.129041"/>
        <testcase name="testGetItemExcludesDisallowedTypesIndirectlyThroughResultType" file="/home/adam/Documents/flare/tests/Unit/Flare/Items/Builders/RandomItemDropBuilderTest.php" line="81" class="Tests\Unit\Flare\Items\Builders\RandomItemDropBuilderTest" classname="Tests.Unit.Flare.Items.Builders.RandomItemDropBuilderTest" assertions="6" time="0.158053"/>
      </testsuite>
      <testsuite name="Tests\Unit\Flare\Items\Comparison\ComparatorTest" file="/home/adam/Documents/flare/tests/Unit/Flare/Items/Comparison/ComparatorTest.php" tests="20" assertions="59" errors="0" failures="0" skipped="0" time="2.825960">
        <testcase name="testIndexRowsByKeyWithNoValidRowsReturnsEmpty" file="/home/adam/Documents/flare/tests/Unit/Flare/Items/Comparison/ComparatorTest.php" line="577" class="Tests\Unit\Flare\Items\Comparison\ComparatorTest" classname="Tests.Unit.Flare.Items.Comparison.ComparatorTest" assertions="1" time="0.115816"/>
        <testcase name="testCollectionsDescriptorMissingPathIsSkipped" file="/home/adam/Documents/flare/tests/Unit/Flare/Items/Comparison/ComparatorTest.php" line="549" class="Tests\Unit\Flare\Items\Comparison\ComparatorTest" classname="Tests.Unit.Flare.Items.Comparison.ComparatorTest" assertions="1" time="0.123036"/>
        <testcase name="testDefaultStrategyRunsWhenTypeIsUnknown" file="/home/adam/Documents/flare/tests/Unit/Flare/Items/Comparison/ComparatorTest.php" line="447" class="Tests\Unit\Flare\Items\Comparison\ComparatorTest" classname="Tests.Unit.Flare.Items.Comparison.ComparatorTest" assertions="2" time="0.119218"/>
        <testcase name="testDefaultStrategyFallbacksForNumberAndBoolean" file="/home/adam/Documents/flare/tests/Unit/Flare/Items/Comparison/ComparatorTest.php" line="496" class="Tests\Unit\Flare\Items\Comparison\ComparatorTest" classname="Tests.Unit.Flare.Items.Comparison.ComparatorTest" assertions="2" time="0.140880"/>
        <testcase name="testAmbushChanceStringYieldsNoop" file="/home/adam/Documents/flare/tests/Unit/Flare/Items/Comparison/ComparatorTest.php" line="412" class="Tests\Unit\Flare\Items\Comparison\ComparatorTest" classname="Tests.Unit.Flare.Items.Comparison.ComparatorTest" assertions="1" time="0.123777"/>
        <testcase name="testMapReturningNullSkipsField" file="/home/adam/Documents/flare/tests/Unit/Flare/Items/Comparison/ComparatorTest.php" line="527" class="Tests\Unit\Flare\Items\Comparison\ComparatorTest" classname="Tests.Unit.Flare.Items.Comparison.ComparatorTest" assertions="3" time="0.117783"/>
        <testcase name="testCompareHolyStackLeftOnly" file="/home/adam/Documents/flare/tests/Unit/Flare/Items/Comparison/ComparatorTest.php" line="287" class="Tests\Unit\Flare\Items\Comparison\ComparatorTest" classname="Tests.Unit.Flare.Items.Comparison.ComparatorTest" assertions="1" time="0.128738"/>
        <testcase name="testAmbushChanceBooleanUsesFlagDiff" file="/home/adam/Documents/flare/tests/Unit/Flare/Items/Comparison/ComparatorTest.php" line="395" class="Tests\Unit\Flare\Items\Comparison\ComparatorTest" classname="Tests.Unit.Flare.Items.Comparison.ComparatorTest" assertions="1" time="0.140803"/>
        <testcase name="testIndexRowsByKeyGuardBranches" file="/home/adam/Documents/flare/tests/Unit/Flare/Items/Comparison/ComparatorTest.php" line="469" class="Tests\Unit\Flare\Items\Comparison\ComparatorTest" classname="Tests.Unit.Flare.Items.Comparison.ComparatorTest" assertions="3" time="0.126691"/>
        <testcase name="testHealingSpellResurrectionChanceAdjustmentIsCompared" file="/home/adam/Documents/flare/tests/Unit/Flare/Items/Comparison/ComparatorTest.php" line="644" class="Tests\Unit\Flare\Items\Comparison\ComparatorTest" classname="Tests.Unit.Flare.Items.Comparison.ComparatorTest" assertions="2" time="0.171359"/>
        <testcase name="testIncludedFieldThatAlsoMatchesExcludeIsSkipped" file="/home/adam/Documents/flare/tests/Unit/Flare/Items/Comparison/ComparatorTest.php" line="429" class="Tests\Unit\Flare\Items\Comparison\ComparatorTest" classname="Tests.Unit.Flare.Items.Comparison.ComparatorTest" assertions="1" time="0.174109"/>
        <testcase name="testCompareNoAffixesVsNoAffixes" file="/home/adam/Documents/flare/tests/Unit/Flare/Items/Comparison/ComparatorTest.php" line="253" class="Tests\Unit\Flare\Items\Comparison\ComparatorTest" classname="Tests.Unit.Flare.Items.Comparison.ComparatorTest" assertions="2" time="0.165985"/>
        <testcase name="testCompareAmbushAndCounterAdjustments" file="/home/adam/Documents/flare/tests/Unit/Flare/Items/Comparison/ComparatorTest.php" line="375" class="Tests\Unit\Flare\Items\Comparison\ComparatorTest" classname="Tests.Unit.Flare.Items.Comparison.ComparatorTest" assertions="2" time="0.161197"/>
        <testcase name="testCompareHolyStacksBothWithAffixes" file="/home/adam/Documents/flare/tests/Unit/Flare/Items/Comparison/ComparatorTest.php" line="333" class="Tests\Unit\Flare\Items\Comparison\ComparatorTest" classname="Tests.Unit.Flare.Items.Comparison.ComparatorTest" assertions="2" time="0.148489"/>
        <testcase name="testNumericStringResistancesAreTreatedAsNumbers" file="/home/adam/Documents/flare/tests/Unit/Flare/Items/Comparison/ComparatorTest.php" line="668" class="Tests\Unit\Flare\Items\Comparison\ComparatorTest" classname="Tests.Unit.Flare.Items.Comparison.ComparatorTest" assertions="2" time="0.137094"/>
        <testcase name="testRingResistancesAdjustmentsAreCompared" file="/home/adam/Documents/flare/tests/Unit/Flare/Items/Comparison/ComparatorTest.php" line="611" class="Tests\Unit\Flare\Items\Comparison\ComparatorTest" classname="Tests.Unit.Flare.Items.Comparison.ComparatorTest" assertions="6" time="0.146308"/>
        <testcase name="testComparePrefixOnlyVsSuffixOnly" file="/home/adam/Documents/flare/tests/Unit/Flare/Items/Comparison/ComparatorTest.php" line="214" class="Tests\Unit\Flare\Items\Comparison\ComparatorTest" classname="Tests.Unit.Flare.Items.Comparison.ComparatorTest" assertions="3" time="0.134242"/>
        <testcase name="testCompareHolyStacksBoth" file="/home/adam/Documents/flare/tests/Unit/Flare/Items/Comparison/ComparatorTest.php" line="307" class="Tests\Unit\Flare\Items\Comparison\ComparatorTest" classname="Tests.Unit.Flare.Items.Comparison.ComparatorTest" assertions="1" time="0.129860"/>
        <testcase name="testCompareNoAffixesVsWithAffixes" file="/home/adam/Documents/flare/tests/Unit/Flare/Items/Comparison/ComparatorTest.php" line="40" class="Tests\Unit\Flare\Items\Comparison\ComparatorTest" classname="Tests.Unit.Flare.Items.Comparison.ComparatorTest" assertions="14" time="0.139691"/>
        <testcase name="testCompareAffixesVsAffixes" file="/home/adam/Documents/flare/tests/Unit/Flare/Items/Comparison/ComparatorTest.php" line="118" class="Tests\Unit\Flare\Items\Comparison\ComparatorTest" classname="Tests.Unit.Flare.Items.Comparison.ComparatorTest" assertions="9" time="0.180885"/>
      </testsuite>
      <testsuite name="Tests\Unit\Flare\Items\Comparison\ItemComparisonTest" file="/home/adam/Documents/flare/tests/Unit/Flare/Items/Comparison/ItemComparisonTest.php" tests="10" assertions="55" errors="0" failures="0" skipped="0" time="2.363735">
        <testcase name="testReturnsEmptyWhenNoMatchingSlots" file="/home/adam/Documents/flare/tests/Unit/Flare/Items/Comparison/ItemComparisonTest.php" line="53" class="Tests\Unit\Flare\Items\Comparison\ItemComparisonTest" classname="Tests.Unit.Flare.Items.Comparison.ItemComparisonTest" assertions="1" time="0.212228"/>
        <testcase name="testArmourTypeResolvesMappedPositions" file="/home/adam/Documents/flare/tests/Unit/Flare/Items/Comparison/ItemComparisonTest.php" line="172" class="Tests\Unit\Flare\Items\Comparison\ItemComparisonTest" classname="Tests.Unit.Flare.Items.Comparison.ItemComparisonTest" assertions="5" time="0.225014"/>
        <testcase name="testComparisonRowIncludesSlotFlagsAndEquippedDetailsBlock" file="/home/adam/Documents/flare/tests/Unit/Flare/Items/Comparison/ItemComparisonTest.php" line="206" class="Tests\Unit\Flare\Items\Comparison\ItemComparisonTest" classname="Tests.Unit.Flare.Items.Comparison.ItemComparisonTest" assertions="15" time="0.242393"/>
        <testcase name="testReturnsEmptyWhenNoEquipPositions" file="/home/adam/Documents/flare/tests/Unit/Flare/Items/Comparison/ItemComparisonTest.php" line="38" class="Tests\Unit\Flare\Items\Comparison\ItemComparisonTest" classname="Tests.Unit.Flare.Items.Comparison.ItemComparisonTest" assertions="1" time="0.210525"/>
        <testcase name="testNoMatchingSlotsEvenWithUnrelatedItemsEquipped" file="/home/adam/Documents/flare/tests/Unit/Flare/Items/Comparison/ItemComparisonTest.php" line="237" class="Tests\Unit\Flare\Items\Comparison\ItemComparisonTest" classname="Tests.Unit.Flare.Items.Comparison.ItemComparisonTest" assertions="1" time="0.208378"/>
        <testcase name="testIgnoresUnequippedSlotsEvenIfPositionsMatch" file="/home/adam/Documents/flare/tests/Unit/Flare/Items/Comparison/ItemComparisonTest.php" line="252" class="Tests\Unit\Flare\Items\Comparison\ItemComparisonTest" classname="Tests.Unit.Flare.Items.Comparison.ItemComparisonTest" assertions="1" time="0.222203"/>
        <testcase name="testShieldComparesAgainstBothHands" file="/home/adam/Documents/flare/tests/Unit/Flare/Items/Comparison/ItemComparisonTest.php" line="129" class="Tests\Unit\Flare\Items\Comparison\ItemComparisonTest" classname="Tests.Unit.Flare.Items.Comparison.ItemComparisonTest" assertions="3" time="0.280162"/>
        <testcase name="testSpellsCompareAgainstBothSlotsAndReverseOrder" file="/home/adam/Documents/flare/tests/Unit/Flare/Items/Comparison/ItemComparisonTest.php" line="68" class="Tests\Unit\Flare\Items\Comparison\ItemComparisonTest" classname="Tests.Unit.Flare.Items.Comparison.ItemComparisonTest" assertions="7" time="0.226336"/>
        <testcase name="testRingsCompareAgainstBothRingSlots" file="/home/adam/Documents/flare/tests/Unit/Flare/Items/Comparison/ItemComparisonTest.php" line="151" class="Tests\Unit\Flare\Items\Comparison\ItemComparisonTest" classname="Tests.Unit.Flare.Items.Comparison.ItemComparisonTest" assertions="3" time="0.232852"/>
        <testcase name="testTwoHandedWeaponTypesCompareAgainstBothHandsAndReverseOrder" file="/home/adam/Documents/flare/tests/Unit/Flare/Items/Comparison/ItemComparisonTest.php" line="95" class="Tests\Unit\Flare\Items\Comparison\ItemComparisonTest" classname="Tests.Unit.Flare.Items.Comparison.ItemComparisonTest" assertions="18" time="0.303644"/>
      </testsuite>
      <testsuite name="Tests\Unit\Flare\Items\Enricher\EquippableEnricherTest" file="/home/adam/Documents/flare/tests/Unit/Flare/Items/Enricher/EquippableEnricherTest.php" tests="10" assertions="32" errors="0" failures="0" skipped="0" time="1.298692">
        <testcase name="testCalculatesDevouringDarknessFromBaseAndHoly" file="/home/adam/Documents/flare/tests/Unit/Flare/Items/Enricher/EquippableEnricherTest.php" line="92" class="Tests\Unit\Flare\Items\Enricher\EquippableEnricherTest" classname="Tests.Unit.Flare.Items.Enricher.EquippableEnricherTest" assertions="1" time="0.121716"/>
        <testcase name="testEnrichMethodHasAutoManifestAndResolvesEquippableSchema" file="/home/adam/Documents/flare/tests/Unit/Flare/Items/Enricher/EquippableEnricherTest.php" line="211" class="Tests\Unit\Flare\Items\Enricher\EquippableEnricherTest" classname="Tests.Unit.Flare.Items.Enricher.EquippableEnricherTest" assertions="5" time="0.113891"/>
        <testcase name="testSchemaMapsEnrichedItemIntoDotPaths" file="/home/adam/Documents/flare/tests/Unit/Flare/Items/Enricher/EquippableEnricherTest.php" line="239" class="Tests\Unit\Flare\Items\Enricher\EquippableEnricherTest" classname="Tests.Unit.Flare.Items.Enricher.EquippableEnricherTest" assertions="10" time="0.110719"/>
        <testcase name="testNonStackingDamageFromPrefixOnly" file="/home/adam/Documents/flare/tests/Unit/Flare/Items/Enricher/EquippableEnricherTest.php" line="191" class="Tests\Unit\Flare\Items\Enricher\EquippableEnricherTest" classname="Tests.Unit.Flare.Items.Enricher.EquippableEnricherTest" assertions="3" time="0.143639"/>
        <testcase name="testEnrichesBaseItemStats" file="/home/adam/Documents/flare/tests/Unit/Flare/Items/Enricher/EquippableEnricherTest.php" line="48" class="Tests\Unit\Flare\Items\Enricher\EquippableEnricherTest" classname="Tests.Unit.Flare.Items.Enricher.EquippableEnricherTest" assertions="3" time="0.120990"/>
        <testcase name="testStackableDamageFromSuffixOnly" file="/home/adam/Documents/flare/tests/Unit/Flare/Items/Enricher/EquippableEnricherTest.php" line="171" class="Tests\Unit\Flare\Items\Enricher\EquippableEnricherTest" classname="Tests.Unit.Flare.Items.Enricher.EquippableEnricherTest" assertions="3" time="0.125917"/>
        <testcase name="testEnrichesDamageStatIfGiven" file="/home/adam/Documents/flare/tests/Unit/Flare/Items/Enricher/EquippableEnricherTest.php" line="129" class="Tests\Unit\Flare\Items\Enricher\EquippableEnricherTest" classname="Tests.Unit.Flare.Items.Enricher.EquippableEnricherTest" assertions="1" time="0.124624"/>
        <testcase name="testCategorizedDamageFromAffixes" file="/home/adam/Documents/flare/tests/Unit/Flare/Items/Enricher/EquippableEnricherTest.php" line="103" class="Tests\Unit\Flare\Items\Enricher\EquippableEnricherTest" classname="Tests.Unit.Flare.Items.Enricher.EquippableEnricherTest" assertions="3" time="0.151250"/>
        <testcase name="testIncludesAffixModifiersInEnrichment" file="/home/adam/Documents/flare/tests/Unit/Flare/Items/Enricher/EquippableEnricherTest.php" line="66" class="Tests\Unit\Flare\Items\Enricher\EquippableEnricherTest" classname="Tests.Unit.Flare.Items.Enricher.EquippableEnricherTest" assertions="2" time="0.154145"/>
        <testcase name="testBuildsSkillSummaryFromAffixesAndItem" file="/home/adam/Documents/flare/tests/Unit/Flare/Items/Enricher/EquippableEnricherTest.php" line="140" class="Tests\Unit\Flare\Items\Enricher\EquippableEnricherTest" classname="Tests.Unit.Flare.Items.Enricher.EquippableEnricherTest" assertions="1" time="0.131802"/>
      </testsuite>
      <testsuite name="Tests\Unit\Flare\Items\Enricher\ItemEnricherFactoryTest" file="/home/adam/Documents/flare/tests/Unit/Flare/Items/Enricher/ItemEnricherFactoryTest.php" tests="15" assertions="37" errors="0" failures="0" skipped="0" time="2.025187">
        <testcase name="testReturnsUnmodifiedQuestItem" file="/home/adam/Documents/flare/tests/Unit/Flare/Items/Enricher/ItemEnricherFactoryTest.php" line="96" class="Tests\Unit\Flare\Items\Enricher\ItemEnricherFactoryTest" classname="Tests.Unit.Flare.Items.Enricher.ItemEnricherFactoryTest" assertions="1" time="0.111515"/>
        <testcase name="testQuestItemIncludesRewardLocations" file="/home/adam/Documents/flare/tests/Unit/Flare/Items/Enricher/ItemEnricherFactoryTest.php" line="229" class="Tests\Unit\Flare\Items\Enricher\ItemEnricherFactoryTest" classname="Tests.Unit.Flare.Items.Enricher.ItemEnricherFactoryTest" assertions="2" time="0.132574"/>
        <testcase name="testReturnsEmptyArrayForUnknownType" file="/home/adam/Documents/flare/tests/Unit/Flare/Items/Enricher/ItemEnricherFactoryTest.php" line="164" class="Tests\Unit\Flare\Items\Enricher\ItemEnricherFactoryTest" classname="Tests.Unit.Flare.Items.Enricher.ItemEnricherFactoryTest" assertions="1" time="0.136542"/>
        <testcase name="testReturnsUnmodifiedUsableItem" file="/home/adam/Documents/flare/tests/Unit/Flare/Items/Enricher/ItemEnricherFactoryTest.php" line="84" class="Tests\Unit\Flare\Items\Enricher\ItemEnricherFactoryTest" classname="Tests.Unit.Flare.Items.Enricher.ItemEnricherFactoryTest" assertions="1" time="0.134844"/>
        <testcase name="testEquippableBranchActuallyEnrichesItem" file="/home/adam/Documents/flare/tests/Unit/Flare/Items/Enricher/ItemEnricherFactoryTest.php" line="60" class="Tests\Unit\Flare\Items\Enricher\ItemEnricherFactoryTest" classname="Tests.Unit.Flare.Items.Enricher.ItemEnricherFactoryTest" assertions="6" time="0.122100"/>
        <testcase name="testQuestItemIncludesDropLocation" file="/home/adam/Documents/flare/tests/Unit/Flare/Items/Enricher/ItemEnricherFactoryTest.php" line="176" class="Tests\Unit\Flare\Items\Enricher\ItemEnricherFactoryTest" classname="Tests.Unit.Flare.Items.Enricher.ItemEnricherFactoryTest" assertions="3" time="0.120346"/>
        <testcase name="testReturnsTransformedUsableItemData" file="/home/adam/Documents/flare/tests/Unit/Flare/Items/Enricher/ItemEnricherFactoryTest.php" line="137" class="Tests\Unit\Flare\Items\Enricher\ItemEnricherFactoryTest" classname="Tests.Unit.Flare.Items.Enricher.ItemEnricherFactoryTest" assertions="2" time="0.137466"/>
        <testcase name="testReturnsTransformedQuestItemData" file="/home/adam/Documents/flare/tests/Unit/Flare/Items/Enricher/ItemEnricherFactoryTest.php" line="150" class="Tests\Unit\Flare\Items\Enricher\ItemEnricherFactoryTest" classname="Tests.Unit.Flare.Items.Enricher.ItemEnricherFactoryTest" assertions="2" time="0.120224"/>
        <testcase name="testQuestItemIncludesAllRequiredQuests" file="/home/adam/Documents/flare/tests/Unit/Flare/Items/Enricher/ItemEnricherFactoryTest.php" line="241" class="Tests\Unit\Flare\Items\Enricher\ItemEnricherFactoryTest" classname="Tests.Unit.Flare.Items.Enricher.ItemEnricherFactoryTest" assertions="2" time="0.126863"/>
        <testcase name="testQuestItemIncludesRequiredMonster" file="/home/adam/Documents/flare/tests/Unit/Flare/Items/Enricher/ItemEnricherFactoryTest.php" line="194" class="Tests\Unit\Flare\Items\Enricher\ItemEnricherFactoryTest" classname="Tests.Unit.Flare.Items.Enricher.ItemEnricherFactoryTest" assertions="3" time="0.123561"/>
        <testcase name="testQuestItemIsRequiredByLocation" file="/home/adam/Documents/flare/tests/Unit/Flare/Items/Enricher/ItemEnricherFactoryTest.php" line="273" class="Tests\Unit\Flare\Items\Enricher\ItemEnricherFactoryTest" classname="Tests.Unit.Flare.Items.Enricher.ItemEnricherFactoryTest" assertions="2" time="0.155574"/>
        <testcase name="testQuestItemIsRewardedByQuest" file="/home/adam/Documents/flare/tests/Unit/Flare/Items/Enricher/ItemEnricherFactoryTest.php" line="259" class="Tests\Unit\Flare\Items\Enricher\ItemEnricherFactoryTest" classname="Tests.Unit.Flare.Items.Enricher.ItemEnricherFactoryTest" assertions="2" time="0.132878"/>
        <testcase name="testQuestItemIncludesRequiredQuest" file="/home/adam/Documents/flare/tests/Unit/Flare/Items/Enricher/ItemEnricherFactoryTest.php" line="211" class="Tests\Unit\Flare\Items\Enricher\ItemEnricherFactoryTest" classname="Tests.Unit.Flare.Items.Enricher.ItemEnricherFactoryTest" assertions="3" time="0.131287"/>
        <testcase name="testReturnsEnrichedEquippableItem" file="/home/adam/Documents/flare/tests/Unit/Flare/Items/Enricher/ItemEnricherFactoryTest.php" line="45" class="Tests\Unit\Flare\Items\Enricher\ItemEnricherFactoryTest" classname="Tests.Unit.Flare.Items.Enricher.ItemEnricherFactoryTest" assertions="3" time="0.112016"/>
        <testcase name="testReturnsTransformedEquippableItemData" file="/home/adam/Documents/flare/tests/Unit/Flare/Items/Enricher/ItemEnricherFactoryTest.php" line="108" class="Tests\Unit\Flare\Items\Enricher\ItemEnricherFactoryTest" classname="Tests.Unit.Flare.Items.Enricher.ItemEnricherFactoryTest" assertions="4" time="0.227398"/>
      </testsuite>
      <testsuite name="Tests\Unit\Flare\Items\Enricher\Manifest\BaseManifestTest" file="/home/adam/Documents/flare/tests/Unit/Flare/Items/Enricher/Manifest/BaseManifestTest.php" tests="11" assertions="18" errors="0" failures="0" skipped="0" time="0.003843">
        <testcase name="testIncludesReturnsEmptyArrayByDefault" file="/home/adam/Documents/flare/tests/Unit/Flare/Items/Enricher/Manifest/BaseManifestTest.php" line="30" class="Tests\Unit\Flare\Items\Enricher\Manifest\BaseManifestTest" classname="Tests.Unit.Flare.Items.Enricher.Manifest.BaseManifestTest" assertions="1" time="0.000515"/>
        <testcase name="testExcludesReturnsEmptyArrayByDefault" file="/home/adam/Documents/flare/tests/Unit/Flare/Items/Enricher/Manifest/BaseManifestTest.php" line="35" class="Tests\Unit\Flare\Items\Enricher\Manifest\BaseManifestTest" classname="Tests.Unit.Flare.Items.Enricher.Manifest.BaseManifestTest" assertions="1" time="0.000347"/>
        <testcase name="testMapReturnsOriginalPropByDefault" file="/home/adam/Documents/flare/tests/Unit/Flare/Items/Enricher/Manifest/BaseManifestTest.php" line="40" class="Tests\Unit\Flare\Items\Enricher\Manifest\BaseManifestTest" classname="Tests.Unit.Flare.Items.Enricher.Manifest.BaseManifestTest" assertions="2" time="0.000328"/>
        <testcase name="testTypeForReturnsNumberForIntAndFloat" file="/home/adam/Documents/flare/tests/Unit/Flare/Items/Enricher/Manifest/BaseManifestTest.php" line="46" class="Tests\Unit\Flare\Items\Enricher\Manifest\BaseManifestTest" classname="Tests.Unit.Flare.Items.Enricher.Manifest.BaseManifestTest" assertions="2" time="0.000327"/>
        <testcase name="testTypeForReturnsBooleanForBool" file="/home/adam/Documents/flare/tests/Unit/Flare/Items/Enricher/Manifest/BaseManifestTest.php" line="52" class="Tests\Unit\Flare\Items\Enricher\Manifest\BaseManifestTest" classname="Tests.Unit.Flare.Items.Enricher.Manifest.BaseManifestTest" assertions="2" time="0.000339"/>
        <testcase name="testTypeForReturnsStringForString" file="/home/adam/Documents/flare/tests/Unit/Flare/Items/Enricher/Manifest/BaseManifestTest.php" line="58" class="Tests\Unit\Flare\Items\Enricher\Manifest\BaseManifestTest" classname="Tests.Unit.Flare.Items.Enricher.Manifest.BaseManifestTest" assertions="2" time="0.000330"/>
        <testcase name="testTypeForReturnsNullForUnsupportedTypes" file="/home/adam/Documents/flare/tests/Unit/Flare/Items/Enricher/Manifest/BaseManifestTest.php" line="64" class="Tests\Unit\Flare\Items\Enricher\Manifest\BaseManifestTest" classname="Tests.Unit.Flare.Items.Enricher.Manifest.BaseManifestTest" assertions="3" time="0.000344"/>
        <testcase name="testCompareForReturnsDeltaForNumber" file="/home/adam/Documents/flare/tests/Unit/Flare/Items/Enricher/Manifest/BaseManifestTest.php" line="71" class="Tests\Unit\Flare\Items\Enricher\Manifest\BaseManifestTest" classname="Tests.Unit.Flare.Items.Enricher.Manifest.BaseManifestTest" assertions="1" time="0.000322"/>
        <testcase name="testCompareForReturnsFlagDiffForBoolean" file="/home/adam/Documents/flare/tests/Unit/Flare/Items/Enricher/Manifest/BaseManifestTest.php" line="76" class="Tests\Unit\Flare\Items\Enricher\Manifest\BaseManifestTest" classname="Tests.Unit.Flare.Items.Enricher.Manifest.BaseManifestTest" assertions="1" time="0.000326"/>
        <testcase name="testCompareForReturnsNoopForOthers" file="/home/adam/Documents/flare/tests/Unit/Flare/Items/Enricher/Manifest/BaseManifestTest.php" line="81" class="Tests\Unit\Flare\Items\Enricher\Manifest\BaseManifestTest" classname="Tests.Unit.Flare.Items.Enricher.Manifest.BaseManifestTest" assertions="2" time="0.000332"/>
        <testcase name="testCollectionsReturnsEmptyArrayByDefault" file="/home/adam/Documents/flare/tests/Unit/Flare/Items/Enricher/Manifest/BaseManifestTest.php" line="87" class="Tests\Unit\Flare\Items\Enricher\Manifest\BaseManifestTest" classname="Tests.Unit.Flare.Items.Enricher.Manifest.BaseManifestTest" assertions="1" time="0.000333"/>
      </testsuite>
      <testsuite name="Tests\Unit\Flare\Items\Enricher\Manifest\EquippableManifestTest" file="/home/adam/Documents/flare/tests/Unit/Flare/Items/Enricher/Manifest/EquippableManifestTest.php" tests="10" assertions="44" errors="0" failures="0" skipped="0" time="1.091616">
        <testcase name="testExcludesPatternsReturnExpectedList" file="/home/adam/Documents/flare/tests/Unit/Flare/Items/Enricher/Manifest/EquippableManifestTest.php" line="58" class="Tests\Unit\Flare\Items\Enricher\Manifest\EquippableManifestTest" classname="Tests.Unit.Flare.Items.Enricher.Manifest.EquippableManifestTest" assertions="4" time="0.098594"/>
        <testcase name="testCollectionsShapeAndValues" file="/home/adam/Documents/flare/tests/Unit/Flare/Items/Enricher/Manifest/EquippableManifestTest.php" line="118" class="Tests\Unit\Flare\Items\Enricher\Manifest\EquippableManifestTest" classname="Tests.Unit.Flare.Items.Enricher.Manifest.EquippableManifestTest" assertions="10" time="0.109273"/>
        <testcase name="testMapTotals" file="/home/adam/Documents/flare/tests/Unit/Flare/Items/Enricher/Manifest/EquippableManifestTest.php" line="68" class="Tests\Unit\Flare\Items\Enricher\Manifest\EquippableManifestTest" classname="Tests.Unit.Flare.Items.Enricher.Manifest.EquippableManifestTest" assertions="3" time="0.125968"/>
        <testcase name="testMapAffixDamage" file="/home/adam/Documents/flare/tests/Unit/Flare/Items/Enricher/Manifest/EquippableManifestTest.php" line="89" class="Tests\Unit\Flare\Items\Enricher\Manifest\EquippableManifestTest" classname="Tests.Unit.Flare.Items.Enricher.Manifest.EquippableManifestTest" assertions="3" time="0.107423"/>
        <testcase name="testMapBaseMods" file="/home/adam/Documents/flare/tests/Unit/Flare/Items/Enricher/Manifest/EquippableManifestTest.php" line="75" class="Tests\Unit\Flare\Items\Enricher\Manifest\EquippableManifestTest" classname="Tests.Unit.Flare.Items.Enricher.Manifest.EquippableManifestTest" assertions="3" time="0.101690"/>
        <testcase name="testMapDevouring" file="/home/adam/Documents/flare/tests/Unit/Flare/Items/Enricher/Manifest/EquippableManifestTest.php" line="82" class="Tests\Unit\Flare\Items\Enricher\Manifest\EquippableManifestTest" classname="Tests.Unit.Flare.Items.Enricher.Manifest.EquippableManifestTest" assertions="2" time="0.125693"/>
        <testcase name="testMapFallbackKeepsOriginalProp" file="/home/adam/Documents/flare/tests/Unit/Flare/Items/Enricher/Manifest/EquippableManifestTest.php" line="96" class="Tests\Unit\Flare\Items\Enricher\Manifest\EquippableManifestTest" classname="Tests.Unit.Flare.Items.Enricher.Manifest.EquippableManifestTest" assertions="1" time="0.102825"/>
        <testcase name="testTypeForCoversAllBranches" file="/home/adam/Documents/flare/tests/Unit/Flare/Items/Enricher/Manifest/EquippableManifestTest.php" line="101" class="Tests\Unit\Flare\Items\Enricher\Manifest\EquippableManifestTest" classname="Tests.Unit.Flare.Items.Enricher.Manifest.EquippableManifestTest" assertions="5" time="0.126615"/>
        <testcase name="testCompareForCoversAllBranches" file="/home/adam/Documents/flare/tests/Unit/Flare/Items/Enricher/Manifest/EquippableManifestTest.php" line="110" class="Tests\Unit\Flare\Items\Enricher\Manifest\EquippableManifestTest" classname="Tests.Unit.Flare.Items.Enricher.Manifest.EquippableManifestTest" assertions="4" time="0.096401"/>
        <testcase name="testIncludesPatternsReturnExpectedList" file="/home/adam/Documents/flare/tests/Unit/Flare/Items/Enricher/Manifest/EquippableManifestTest.php" line="24" class="Tests\Unit\Flare\Items\Enricher\Manifest\EquippableManifestTest" classname="Tests.Unit.Flare.Items.Enricher.Manifest.EquippableManifestTest" assertions="9" time="0.097135"/>
      </testsuite>
      <testsuite name="Tests\Unit\Flare\Items\Presenters\QuestItemEffectsPresenterTest" file="/home/adam/Documents/flare/tests/Unit/Flare/Items/Presenters/QuestItemEffectsPresenterTest.php" tests="4" assertions="28" errors="0" failures="0" skipped="0" time="0.004495">
        <testcase name="testReturnsNAForNull" file="/home/adam/Documents/flare/tests/Unit/Flare/Items/Presenters/QuestItemEffectsPresenterTest.php" line="11" class="Tests\Unit\Flare\Items\Presenters\QuestItemEffectsPresenterTest" classname="Tests.Unit.Flare.Items.Presenters.QuestItemEffectsPresenterTest" assertions="1" time="0.000424"/>
        <testcase name="testReturnsNAForEmptyString" file="/home/adam/Documents/flare/tests/Unit/Flare/Items/Presenters/QuestItemEffectsPresenterTest.php" line="18" class="Tests\Unit\Flare\Items\Presenters\QuestItemEffectsPresenterTest" classname="Tests.Unit.Flare.Items.Presenters.QuestItemEffectsPresenterTest" assertions="1" time="0.000273"/>
        <testcase name="testReturnsLabelForAllEnumCases" file="/home/adam/Documents/flare/tests/Unit/Flare/Items/Presenters/QuestItemEffectsPresenterTest.php" line="32" class="Tests\Unit\Flare\Items\Presenters\QuestItemEffectsPresenterTest" classname="Tests.Unit.Flare.Items.Presenters.QuestItemEffectsPresenterTest" assertions="25" time="0.003410"/>
        <testcase name="testReturnsNAForInvalidValue" file="/home/adam/Documents/flare/tests/Unit/Flare/Items/Presenters/QuestItemEffectsPresenterTest.php" line="25" class="Tests\Unit\Flare\Items\Presenters\QuestItemEffectsPresenterTest" classname="Tests.Unit.Flare.Items.Presenters.QuestItemEffectsPresenterTest" assertions="1" time="0.000388"/>
      </testsuite>
      <testsuite name="Tests\Unit\Flare\Items\Values\AlchemyItemTypeTest" file="/home/adam/Documents/flare/tests/Unit/Flare/Items/Values/AlchemyItemTypeTest.php" tests="7" assertions="56" errors="0" failures="0" skipped="0" time="0.004830">
        <testcase name="testIncreasesDamage" file="/home/adam/Documents/flare/tests/Unit/Flare/Items/Values/AlchemyItemTypeTest.php" line="21" class="Tests\Unit\Flare\Items\Values\AlchemyItemTypeTest" classname="Tests.Unit.Flare.Items.Values.AlchemyItemTypeTest" assertions="8" time="0.002977"/>
        <testcase name="testIncreasesArmour" file="/home/adam/Documents/flare/tests/Unit/Flare/Items/Values/AlchemyItemTypeTest.php" line="32" class="Tests\Unit\Flare\Items\Values\AlchemyItemTypeTest" classname="Tests.Unit.Flare.Items.Values.AlchemyItemTypeTest" assertions="8" time="0.000424"/>
        <testcase name="testIncreasesHealing" file="/home/adam/Documents/flare/tests/Unit/Flare/Items/Values/AlchemyItemTypeTest.php" line="43" class="Tests\Unit\Flare\Items\Values\AlchemyItemTypeTest" classname="Tests.Unit.Flare.Items.Values.AlchemyItemTypeTest" assertions="8" time="0.000297"/>
        <testcase name="testIncreasesSkillType" file="/home/adam/Documents/flare/tests/Unit/Flare/Items/Values/AlchemyItemTypeTest.php" line="54" class="Tests\Unit\Flare\Items\Values\AlchemyItemTypeTest" classname="Tests.Unit.Flare.Items.Values.AlchemyItemTypeTest" assertions="8" time="0.000285"/>
        <testcase name="testDamagesKingdoms" file="/home/adam/Documents/flare/tests/Unit/Flare/Items/Values/AlchemyItemTypeTest.php" line="65" class="Tests\Unit\Flare\Items\Values\AlchemyItemTypeTest" classname="Tests.Unit.Flare.Items.Values.AlchemyItemTypeTest" assertions="8" time="0.000290"/>
        <testcase name="testIsHolyOilType" file="/home/adam/Documents/flare/tests/Unit/Flare/Items/Values/AlchemyItemTypeTest.php" line="76" class="Tests\Unit\Flare\Items\Values\AlchemyItemTypeTest" classname="Tests.Unit.Flare.Items.Values.AlchemyItemTypeTest" assertions="8" time="0.000280"/>
        <testcase name="testIncreasesStats" file="/home/adam/Documents/flare/tests/Unit/Flare/Items/Values/AlchemyItemTypeTest.php" line="10" class="Tests\Unit\Flare\Items\Values\AlchemyItemTypeTest" classname="Tests.Unit.Flare.Items.Values.AlchemyItemTypeTest" assertions="8" time="0.000277"/>
      </testsuite>
      <testsuite name="Tests\Unit\Flare\Items\Values\ArmourTypeTest" file="/home/adam/Documents/flare/tests/Unit/Flare/Items/Values/ArmourTypeTest.php" tests="2" assertions="11" errors="0" failures="0" skipped="0" time="0.000829">
        <testcase name="testGetArmourPositions" file="/home/adam/Documents/flare/tests/Unit/Flare/Items/Values/ArmourTypeTest.php" line="10" class="Tests\Unit\Flare\Items\Values\ArmourTypeTest" classname="Tests.Unit.Flare.Items.Values.ArmourTypeTest" assertions="9" time="0.000504"/>
        <testcase name="testAllTypes" file="/home/adam/Documents/flare/tests/Unit/Flare/Items/Values/ArmourTypeTest.php" line="28" class="Tests\Unit\Flare\Items\Values\ArmourTypeTest" classname="Tests.Unit.Flare.Items.Values.ArmourTypeTest" assertions="2" time="0.000325"/>
      </testsuite>
      <testsuite name="Tests\Unit\Flare\Items\Values\ItemTypeTest" file="/home/adam/Documents/flare/tests/Unit/Flare/Items/Values/ItemTypeTest.php" tests="5" assertions="16" errors="0" failures="0" skipped="0" time="0.001595">
        <testcase name="testValidWeapons" file="/home/adam/Documents/flare/tests/Unit/Flare/Items/Values/ItemTypeTest.php" line="10" class="Tests\Unit\Flare\Items\Values\ItemTypeTest" classname="Tests.Unit.Flare.Items.Values.ItemTypeTest" assertions="4" time="0.000358"/>
        <testcase name="testAllWeaponTypes" file="/home/adam/Documents/flare/tests/Unit/Flare/Items/Values/ItemTypeTest.php" line="38" class="Tests\Unit\Flare\Items\Values\ItemTypeTest" classname="Tests.Unit.Flare.Items.Values.ItemTypeTest" assertions="4" time="0.000338"/>
        <testcase name="testAllTypes" file="/home/adam/Documents/flare/tests/Unit/Flare/Items/Values/ItemTypeTest.php" line="55" class="Tests\Unit\Flare\Items\Values\ItemTypeTest" classname="Tests.Unit.Flare.Items.Values.ItemTypeTest" assertions="1" time="0.000281"/>
        <testcase name="testGetProperNameForType" file="/home/adam/Documents/flare/tests/Unit/Flare/Items/Values/ItemTypeTest.php" line="64" class="Tests\Unit\Flare\Items\Values\ItemTypeTest" classname="Tests.Unit.Flare.Items.Values.ItemTypeTest" assertions="3" time="0.000287"/>
        <testcase name="testGetValidWeaponsAsOptions" file="/home/adam/Documents/flare/tests/Unit/Flare/Items/Values/ItemTypeTest.php" line="71" class="Tests\Unit\Flare\Items\Values\ItemTypeTest" classname="Tests.Unit.Flare.Items.Values.ItemTypeTest" assertions="4" time="0.000332"/>
      </testsuite>
      <testsuite name="Tests\Unit\Flare\Items\Values\QuestItemEffectsTypeTest" file="/home/adam/Documents/flare/tests/Unit/Flare/Items/Values/QuestItemEffectsTypeTest.php" tests="1" assertions="51" errors="0" failures="0" skipped="0" time="0.000443">
        <testcase name="testLabelReturnsExpectedTextForEachCase" file="/home/adam/Documents/flare/tests/Unit/Flare/Items/Values/QuestItemEffectsTypeTest.php" line="10" class="Tests\Unit\Flare\Items\Values\QuestItemEffectsTypeTest" classname="Tests.Unit.Flare.Items.Values.QuestItemEffectsTypeTest" assertions="51" time="0.000443"/>
      </testsuite>
      <testsuite name="Tests\Unit\Flare\Services\CharacterXPServiceTest" file="/home/adam/Documents/flare/tests/Unit/Flare/Services/CharacterXPServiceTest.php" tests="22" assertions="22" errors="0" failures="0" skipped="0" time="6.973274">
        <testcase name="testCharacterCanGainXP" file="/home/adam/Documents/flare/tests/Unit/Flare/Services/CharacterXPServiceTest.php" line="365" class="Tests\Unit\Flare\Services\CharacterXPServiceTest" classname="Tests.Unit.Flare.Services.CharacterXPServiceTest" assertions="1" time="0.251455"/>
        <testcase name="testGetLastLegXPWithItemThatDoesNotIgnoresCaps" file="/home/adam/Documents/flare/tests/Unit/Flare/Services/CharacterXPServiceTest.php" line="105" class="Tests\Unit\Flare\Services\CharacterXPServiceTest" classname="Tests.Unit.Flare.Services.CharacterXPServiceTest" assertions="1" time="0.300072"/>
        <testcase name="testCanContinueLevelingLastLegMark" file="/home/adam/Documents/flare/tests/Unit/Flare/Services/CharacterXPServiceTest.php" line="326" class="Tests\Unit\Flare\Services\CharacterXPServiceTest" classname="Tests.Unit.Flare.Services.CharacterXPServiceTest" assertions="1" time="0.274722"/>
        <testcase name="testGetThreeQuartersWayXpValue" file="/home/adam/Documents/flare/tests/Unit/Flare/Services/CharacterXPServiceTest.php" line="63" class="Tests\Unit\Flare\Services\CharacterXPServiceTest" classname="Tests.Unit.Flare.Services.CharacterXPServiceTest" assertions="1" time="0.251961"/>
        <testcase name="testContinueLevelingWithNoConfig" file="/home/adam/Documents/flare/tests/Unit/Flare/Services/CharacterXPServiceTest.php" line="349" class="Tests\Unit\Flare\Services\CharacterXPServiceTest" classname="Tests.Unit.Flare.Services.CharacterXPServiceTest" assertions="1" time="0.295131"/>
        <testcase name="testGetNoXpValue" file="/home/adam/Documents/flare/tests/Unit/Flare/Services/CharacterXPServiceTest.php" line="44" class="Tests\Unit\Flare\Services\CharacterXPServiceTest" classname="Tests.Unit.Flare.Services.CharacterXPServiceTest" assertions="1" time="0.212465"/>
        <testcase name="testCharacterWhoCanContinueLevelingCannotGainXPWhenNoConfig" file="/home/adam/Documents/flare/tests/Unit/Flare/Services/CharacterXPServiceTest.php" line="406" class="Tests\Unit\Flare\Services\CharacterXPServiceTest" classname="Tests.Unit.Flare.Services.CharacterXPServiceTest" assertions="1" time="0.200760"/>
        <testcase name="testGetXpValue" file="/home/adam/Documents/flare/tests/Unit/Flare/Services/CharacterXPServiceTest.php" line="37" class="Tests\Unit\Flare\Services\CharacterXPServiceTest" classname="Tests.Unit.Flare.Services.CharacterXPServiceTest" assertions="1" time="0.219331"/>
        <testcase name="testCharacterCannotGainXp" file="/home/adam/Documents/flare/tests/Unit/Flare/Services/CharacterXPServiceTest.php" line="395" class="Tests\Unit\Flare\Services\CharacterXPServiceTest" classname="Tests.Unit.Flare.Services.CharacterXPServiceTest" assertions="1" time="0.220664"/>
        <testcase name="testCharacterWhoCanContinueLevelingCannotGainXP" file="/home/adam/Documents/flare/tests/Unit/Flare/Services/CharacterXPServiceTest.php" line="422" class="Tests\Unit\Flare\Services\CharacterXPServiceTest" classname="Tests.Unit.Flare.Services.CharacterXPServiceTest" assertions="1" time="0.226998"/>
        <testcase name="testCanContinueLevelingThreeQuartersMark" file="/home/adam/Documents/flare/tests/Unit/Flare/Services/CharacterXPServiceTest.php" line="303" class="Tests\Unit\Flare\Services\CharacterXPServiceTest" classname="Tests.Unit.Flare.Services.CharacterXPServiceTest" assertions="1" time="0.204695"/>
        <testcase name="testCharacterWhoCanContinueLevelingGainsXP" file="/home/adam/Documents/flare/tests/Unit/Flare/Services/CharacterXPServiceTest.php" line="372" class="Tests\Unit\Flare\Services\CharacterXPServiceTest" classname="Tests.Unit.Flare.Services.CharacterXPServiceTest" assertions="1" time="0.245891"/>
        <testcase name="testCanContinueLevelingHalfWayMark" file="/home/adam/Documents/flare/tests/Unit/Flare/Services/CharacterXPServiceTest.php" line="280" class="Tests\Unit\Flare\Services\CharacterXPServiceTest" classname="Tests.Unit.Flare.Services.CharacterXPServiceTest" assertions="1" time="0.208807"/>
        <testcase name="testGetLastLegXPWithItemThatIgnoresCaps" file="/home/adam/Documents/flare/tests/Unit/Flare/Services/CharacterXPServiceTest.php" line="87" class="Tests\Unit\Flare\Services\CharacterXPServiceTest" classname="Tests.Unit.Flare.Services.CharacterXPServiceTest" assertions="1" time="0.214126"/>
        <testcase name="testCanContinueLeveling" file="/home/adam/Documents/flare/tests/Unit/Flare/Services/CharacterXPServiceTest.php" line="160" class="Tests\Unit\Flare\Services\CharacterXPServiceTest" classname="Tests.Unit.Flare.Services.CharacterXPServiceTest" assertions="1" time="0.231991"/>
        <testcase name="testGetZeroXPWhenCannotLevelAnyFurther" file="/home/adam/Documents/flare/tests/Unit/Flare/Services/CharacterXPServiceTest.php" line="148" class="Tests\Unit\Flare\Services\CharacterXPServiceTest" classname="Tests.Unit.Flare.Services.CharacterXPServiceTest" assertions="1" time="0.197726"/>
        <testcase name="testGetHalfWayXpValue" file="/home/adam/Documents/flare/tests/Unit/Flare/Services/CharacterXPServiceTest.php" line="51" class="Tests\Unit\Flare\Services\CharacterXPServiceTest" classname="Tests.Unit.Flare.Services.CharacterXPServiceTest" assertions="1" time="0.201998"/>
        <testcase name="testGetLastLegXPWithItemsThatDoesAndDoesNotIgnoresCaps" file="/home/adam/Documents/flare/tests/Unit/Flare/Services/CharacterXPServiceTest.php" line="123" class="Tests\Unit\Flare\Services\CharacterXPServiceTest" classname="Tests.Unit.Flare.Services.CharacterXPServiceTest" assertions="1" time="0.234558"/>
        <testcase name="testGetLastLegXP" file="/home/adam/Documents/flare/tests/Unit/Flare/Services/CharacterXPServiceTest.php" line="75" class="Tests\Unit\Flare\Services\CharacterXPServiceTest" classname="Tests.Unit.Flare.Services.CharacterXPServiceTest" assertions="1" time="1.841504"/>
        <testcase name="testCanContinueLevelingWithItemThatDoesAndDoesNotIgnoresCaps" file="/home/adam/Documents/flare/tests/Unit/Flare/Services/CharacterXPServiceTest.php" line="243" class="Tests\Unit\Flare\Services\CharacterXPServiceTest" classname="Tests.Unit.Flare.Services.CharacterXPServiceTest" assertions="1" time="0.444431"/>
        <testcase name="testCanContinueLevelingWithItemThatIgnoresCaps" file="/home/adam/Documents/flare/tests/Unit/Flare/Services/CharacterXPServiceTest.php" line="183" class="Tests\Unit\Flare\Services\CharacterXPServiceTest" classname="Tests.Unit.Flare.Services.CharacterXPServiceTest" assertions="1" time="0.232060"/>
        <testcase name="testCanContinueLevelingWithItemThatDoesIgnoresCaps" file="/home/adam/Documents/flare/tests/Unit/Flare/Services/CharacterXPServiceTest.php" line="213" class="Tests\Unit\Flare\Services\CharacterXPServiceTest" classname="Tests.Unit.Flare.Services.CharacterXPServiceTest" assertions="1" time="0.261926"/>
      </testsuite>
      <testsuite name="Tests\Unit\Game\BattleRewardProcessing\Handlers\BattleMessageHandlerTest" file="/home/adam/Documents/flare/tests/Unit/Game/BattleRewardProcessing/Handlers/BattleMessageHandlerTest.php" tests="21" assertions="21" errors="0" failures="0" skipped="0" time="3.530305">
        <testcase name="testHandleXPForExplorationMessageWhenUserLoggedInAndEnabledSetting" file="/home/adam/Documents/flare/tests/Unit/Game/BattleRewardProcessing/Handlers/BattleMessageHandlerTest.php" line="59" class="Tests\Unit\Game\BattleRewardProcessing\Handlers\BattleMessageHandlerTest" classname="Tests.Unit.Game.BattleRewardProcessing.Handlers.BattleMessageHandlerTest" assertions="1" time="0.114384"/>
        <testcase name="testHandleClassRankMessageWhileLoggedOut" file="/home/adam/Documents/flare/tests/Unit/Game/BattleRewardProcessing/Handlers/BattleMessageHandlerTest.php" line="179" class="Tests\Unit\Game\BattleRewardProcessing\Handlers\BattleMessageHandlerTest" classname="Tests.Unit.Game.BattleRewardProcessing.Handlers.BattleMessageHandlerTest" assertions="1" time="0.119306"/>
        <testcase name="testHandleSkillMessageWhenLoggedOut" file="/home/adam/Documents/flare/tests/Unit/Game/BattleRewardProcessing/Handlers/BattleMessageHandlerTest.php" line="249" class="Tests\Unit\Game\BattleRewardProcessing\Handlers\BattleMessageHandlerTest" classname="Tests.Unit.Game.BattleRewardProcessing.Handlers.BattleMessageHandlerTest" assertions="1" time="0.110592"/>
        <testcase name="testHandleFactionLoyaltyXpMessageWhenNotLoggedIn" file="/home/adam/Documents/flare/tests/Unit/Game/BattleRewardProcessing/Handlers/BattleMessageHandlerTest.php" line="74" class="Tests\Unit\Game\BattleRewardProcessing\Handlers\BattleMessageHandlerTest" classname="Tests.Unit.Game.BattleRewardProcessing.Handlers.BattleMessageHandlerTest" assertions="1" time="0.139988"/>
        <testcase name="testHandleFactionPointGainWhenNotLoggedIn" file="/home/adam/Documents/flare/tests/Unit/Game/BattleRewardProcessing/Handlers/BattleMessageHandlerTest.php" line="109" class="Tests\Unit\Game\BattleRewardProcessing\Handlers\BattleMessageHandlerTest" classname="Tests.Unit.Game.BattleRewardProcessing.Handlers.BattleMessageHandlerTest" assertions="1" time="0.115951"/>
        <testcase name="testHandleFactionPointGainWhenLoggedInAndSettingIsDisabled" file="/home/adam/Documents/flare/tests/Unit/Game/BattleRewardProcessing/Handlers/BattleMessageHandlerTest.php" line="118" class="Tests\Unit\Game\BattleRewardProcessing\Handlers\BattleMessageHandlerTest" classname="Tests.Unit.Game.BattleRewardProcessing.Handlers.BattleMessageHandlerTest" assertions="1" time="0.121175"/>
        <testcase name="testHandleItemKillCountMessageWhenLoggedInAndSettingIsEnabled" file="/home/adam/Documents/flare/tests/Unit/Game/BattleRewardProcessing/Handlers/BattleMessageHandlerTest.php" line="234" class="Tests\Unit\Game\BattleRewardProcessing\Handlers\BattleMessageHandlerTest" classname="Tests.Unit.Game.BattleRewardProcessing.Handlers.BattleMessageHandlerTest" assertions="1" time="0.111619"/>
        <testcase name="testHandleFactionPointGainWhenLoggedInAndSettingIsEnabled" file="/home/adam/Documents/flare/tests/Unit/Game/BattleRewardProcessing/Handlers/BattleMessageHandlerTest.php" line="129" class="Tests\Unit\Game\BattleRewardProcessing\Handlers\BattleMessageHandlerTest" classname="Tests.Unit.Game.BattleRewardProcessing.Handlers.BattleMessageHandlerTest" assertions="1" time="1.038279"/>
        <testcase name="testHandleItemKillCountMessageWhenLoggedInAndSettingIsDisabled" file="/home/adam/Documents/flare/tests/Unit/Game/BattleRewardProcessing/Handlers/BattleMessageHandlerTest.php" line="223" class="Tests\Unit\Game\BattleRewardProcessing\Handlers\BattleMessageHandlerTest" classname="Tests.Unit.Game.BattleRewardProcessing.Handlers.BattleMessageHandlerTest" assertions="1" time="0.161086"/>
        <testcase name="testHandleXpForExplorationMessageWhenUserLoggedInAndTurnedOffSetting" file="/home/adam/Documents/flare/tests/Unit/Game/BattleRewardProcessing/Handlers/BattleMessageHandlerTest.php" line="48" class="Tests\Unit\Game\BattleRewardProcessing\Handlers\BattleMessageHandlerTest" classname="Tests.Unit.Game.BattleRewardProcessing.Handlers.BattleMessageHandlerTest" assertions="1" time="0.120292"/>
        <testcase name="testHandleFactionLoyaltyXpMessageWhenLoggedInAndSettingIsTurnedOff" file="/home/adam/Documents/flare/tests/Unit/Game/BattleRewardProcessing/Handlers/BattleMessageHandlerTest.php" line="83" class="Tests\Unit\Game\BattleRewardProcessing\Handlers\BattleMessageHandlerTest" classname="Tests.Unit.Game.BattleRewardProcessing.Handlers.BattleMessageHandlerTest" assertions="1" time="0.121837"/>
        <testcase name="testHandleClassRankMessageWhileLoggedInAndSettingIsEnabled" file="/home/adam/Documents/flare/tests/Unit/Game/BattleRewardProcessing/Handlers/BattleMessageHandlerTest.php" line="199" class="Tests\Unit\Game\BattleRewardProcessing\Handlers\BattleMessageHandlerTest" classname="Tests.Unit.Game.BattleRewardProcessing.Handlers.BattleMessageHandlerTest" assertions="1" time="0.118289"/>
        <testcase name="testHandleFactionLoyaltyXpMessageWhenLoggedInAndSettingIsEnabled" file="/home/adam/Documents/flare/tests/Unit/Game/BattleRewardProcessing/Handlers/BattleMessageHandlerTest.php" line="94" class="Tests\Unit\Game\BattleRewardProcessing\Handlers\BattleMessageHandlerTest" classname="Tests.Unit.Game.BattleRewardProcessing.Handlers.BattleMessageHandlerTest" assertions="1" time="0.169010"/>
        <testcase name="testHandleSkillMessageWhenLoggedInAndSettingDisabled" file="/home/adam/Documents/flare/tests/Unit/Game/BattleRewardProcessing/Handlers/BattleMessageHandlerTest.php" line="258" class="Tests\Unit\Game\BattleRewardProcessing\Handlers\BattleMessageHandlerTest" classname="Tests.Unit.Game.BattleRewardProcessing.Handlers.BattleMessageHandlerTest" assertions="1" time="0.118809"/>
        <testcase name="testHandleClassRankMessageWhileLoggedInAndSettingIsDisabled" file="/home/adam/Documents/flare/tests/Unit/Game/BattleRewardProcessing/Handlers/BattleMessageHandlerTest.php" line="188" class="Tests\Unit\Game\BattleRewardProcessing\Handlers\BattleMessageHandlerTest" classname="Tests.Unit.Game.BattleRewardProcessing.Handlers.BattleMessageHandlerTest" assertions="1" time="0.115955"/>
        <testcase name="testHandleSkillMessageWhenLoggedInAndSettingEnabled" file="/home/adam/Documents/flare/tests/Unit/Game/BattleRewardProcessing/Handlers/BattleMessageHandlerTest.php" line="269" class="Tests\Unit\Game\BattleRewardProcessing\Handlers\BattleMessageHandlerTest" classname="Tests.Unit.Game.BattleRewardProcessing.Handlers.BattleMessageHandlerTest" assertions="1" time="0.116124"/>
        <testcase name="testHandleCurrencyGainMessageAndNotLoggedIn" file="/home/adam/Documents/flare/tests/Unit/Game/BattleRewardProcessing/Handlers/BattleMessageHandlerTest.php" line="144" class="Tests\Unit\Game\BattleRewardProcessing\Handlers\BattleMessageHandlerTest" classname="Tests.Unit.Game.BattleRewardProcessing.Handlers.BattleMessageHandlerTest" assertions="1" time="0.135830"/>
        <testcase name="testHandleCurrencyGainMessageAndLoggedInWithSettingDisabled" file="/home/adam/Documents/flare/tests/Unit/Game/BattleRewardProcessing/Handlers/BattleMessageHandlerTest.php" line="153" class="Tests\Unit\Game\BattleRewardProcessing\Handlers\BattleMessageHandlerTest" classname="Tests.Unit.Game.BattleRewardProcessing.Handlers.BattleMessageHandlerTest" assertions="1" time="0.110776"/>
        <testcase name="testHandleItemKillCountMessageWhenLoggedOut" file="/home/adam/Documents/flare/tests/Unit/Game/BattleRewardProcessing/Handlers/BattleMessageHandlerTest.php" line="214" class="Tests\Unit\Game\BattleRewardProcessing\Handlers\BattleMessageHandlerTest" classname="Tests.Unit.Game.BattleRewardProcessing.Handlers.BattleMessageHandlerTest" assertions="1" time="0.115758"/>
        <testcase name="testHandleCurrencyGainMessageAndLoggedInWithSettingEnabled" file="/home/adam/Documents/flare/tests/Unit/Game/BattleRewardProcessing/Handlers/BattleMessageHandlerTest.php" line="164" class="Tests\Unit\Game\BattleRewardProcessing\Handlers\BattleMessageHandlerTest" classname="Tests.Unit.Game.BattleRewardProcessing.Handlers.BattleMessageHandlerTest" assertions="1" time="0.111257"/>
        <testcase name="testHandleXpForExplorationMessageWhenUserNotLoggedIn" file="/home/adam/Documents/flare/tests/Unit/Game/BattleRewardProcessing/Handlers/BattleMessageHandlerTest.php" line="39" class="Tests\Unit\Game\BattleRewardProcessing\Handlers\BattleMessageHandlerTest" classname="Tests.Unit.Game.BattleRewardProcessing.Handlers.BattleMessageHandlerTest" assertions="1" time="0.143988"/>
      </testsuite>
      <testsuite name="Tests\Unit\Game\BattleRewardProcessing\Handlers\FactionLoyaltyBountyHandlerTest" file="/home/adam/Documents/flare/tests/Unit/Game/BattleRewardProcessing/Handlers/FactionLoyaltyBountyHandlerTest.php" tests="13" assertions="50" errors="0" failures="0" skipped="0" time="29.397947">
        <testcase name="testDoesNotUpdateLoyaltyTasksWhenNoBountyTaskFound" file="/home/adam/Documents/flare/tests/Unit/Game/BattleRewardProcessing/Handlers/FactionLoyaltyBountyHandlerTest.php" line="118" class="Tests\Unit\Game\BattleRewardProcessing\Handlers\FactionLoyaltyBountyHandlerTest" classname="Tests.Unit.Game.BattleRewardProcessing.Handlers.FactionLoyaltyBountyHandlerTest" assertions="2" time="0.228184"/>
        <testcase name="testDoesNotHandleBountyWhenMonsterIsNotApartOfTheBountyList" file="/home/adam/Documents/flare/tests/Unit/Game/BattleRewardProcessing/Handlers/FactionLoyaltyBountyHandlerTest.php" line="206" class="Tests\Unit\Game\BattleRewardProcessing\Handlers\FactionLoyaltyBountyHandlerTest" classname="Tests.Unit.Game.BattleRewardProcessing.Handlers.FactionLoyaltyBountyHandlerTest" assertions="3" time="0.238344"/>
        <testcase name="testDoesNotUpdateLoyaltyTasksWhenPlayerIsNotOnTheSameMap" file="/home/adam/Documents/flare/tests/Unit/Game/BattleRewardProcessing/Handlers/FactionLoyaltyBountyHandlerTest.php" line="159" class="Tests\Unit\Game\BattleRewardProcessing\Handlers\FactionLoyaltyBountyHandlerTest" classname="Tests.Unit.Game.BattleRewardProcessing.Handlers.FactionLoyaltyBountyHandlerTest" assertions="2" time="0.297630"/>
        <testcase name="testDoesNotHandleBountyWhenAutomationIsRunning" file="/home/adam/Documents/flare/tests/Unit/Game/BattleRewardProcessing/Handlers/FactionLoyaltyBountyHandlerTest.php" line="41" class="Tests\Unit\Game\BattleRewardProcessing\Handlers\FactionLoyaltyBountyHandlerTest" classname="Tests.Unit.Game.BattleRewardProcessing.Handlers.FactionLoyaltyBountyHandlerTest" assertions="2" time="0.237485"/>
        <testcase name="testUpdatesTheCurrentAmountOnABountyButDoesNotLevelUpTheFameDuringTheWeeklyEvent" file="/home/adam/Documents/flare/tests/Unit/Game/BattleRewardProcessing/Handlers/FactionLoyaltyBountyHandlerTest.php" line="309" class="Tests\Unit\Game\BattleRewardProcessing\Handlers\FactionLoyaltyBountyHandlerTest" classname="Tests.Unit.Game.BattleRewardProcessing.Handlers.FactionLoyaltyBountyHandlerTest" assertions="3" time="0.228586"/>
        <testcase name="testDoesNotHandleBountyWhenCharacterIsNotHelpingAnNpc" file="/home/adam/Documents/flare/tests/Unit/Game/BattleRewardProcessing/Handlers/FactionLoyaltyBountyHandlerTest.php" line="83" class="Tests\Unit\Game\BattleRewardProcessing\Handlers\FactionLoyaltyBountyHandlerTest" classname="Tests.Unit.Game.BattleRewardProcessing.Handlers.FactionLoyaltyBountyHandlerTest" assertions="2" time="0.213823"/>
        <testcase name="testUpdatesTheCurrentAmountOnABountyButDoesNotLevelUpTheFame" file="/home/adam/Documents/flare/tests/Unit/Game/BattleRewardProcessing/Handlers/FactionLoyaltyBountyHandlerTest.php" line="255" class="Tests\Unit\Game\BattleRewardProcessing\Handlers\FactionLoyaltyBountyHandlerTest" classname="Tests.Unit.Game.BattleRewardProcessing.Handlers.FactionLoyaltyBountyHandlerTest" assertions="3" time="0.281970"/>
        <testcase name="testCannotLevelFameAnyMore" file="/home/adam/Documents/flare/tests/Unit/Game/BattleRewardProcessing/Handlers/FactionLoyaltyBountyHandlerTest.php" line="728" class="Tests\Unit\Game\BattleRewardProcessing\Handlers\FactionLoyaltyBountyHandlerTest" classname="Tests.Unit.Game.BattleRewardProcessing.Handlers.FactionLoyaltyBountyHandlerTest" assertions="6" time="0.246657"/>
        <testcase name="testDoesNotHandleBountyWhenCharacterIsNotPledgedToAFaction" file="/home/adam/Documents/flare/tests/Unit/Game/BattleRewardProcessing/Handlers/FactionLoyaltyBountyHandlerTest.php" line="60" class="Tests\Unit\Game\BattleRewardProcessing\Handlers\FactionLoyaltyBountyHandlerTest" classname="Tests.Unit.Game.BattleRewardProcessing.Handlers.FactionLoyaltyBountyHandlerTest" assertions="2" time="0.248653"/>
        <testcase name="testDoNotGiveMoreCurrenciesThenMaxAllowed" file="/home/adam/Documents/flare/tests/Unit/Game/BattleRewardProcessing/Handlers/FactionLoyaltyBountyHandlerTest.php" line="551" class="Tests\Unit\Game\BattleRewardProcessing\Handlers\FactionLoyaltyBountyHandlerTest" classname="Tests.Unit.Game.BattleRewardProcessing.Handlers.FactionLoyaltyBountyHandlerTest" assertions="6" time="1.335515"/>
        <testcase name="testLevelUpFame" file="/home/adam/Documents/flare/tests/Unit/Game/BattleRewardProcessing/Handlers/FactionLoyaltyBountyHandlerTest.php" line="367" class="Tests\Unit\Game\BattleRewardProcessing\Handlers\FactionLoyaltyBountyHandlerTest" classname="Tests.Unit.Game.BattleRewardProcessing.Handlers.FactionLoyaltyBountyHandlerTest" assertions="6" time="1.242013"/>
        <testcase name="testLevelUpFameDuringTheWeeklyEvent" file="/home/adam/Documents/flare/tests/Unit/Game/BattleRewardProcessing/Handlers/FactionLoyaltyBountyHandlerTest.php" line="457" class="Tests\Unit\Game\BattleRewardProcessing\Handlers\FactionLoyaltyBountyHandlerTest" classname="Tests.Unit.Game.BattleRewardProcessing.Handlers.FactionLoyaltyBountyHandlerTest" assertions="6" time="1.212246"/>
        <testcase name="testDoNotAssignTasksForMaxLevelFame" file="/home/adam/Documents/flare/tests/Unit/Game/BattleRewardProcessing/Handlers/FactionLoyaltyBountyHandlerTest.php" line="643" class="Tests\Unit\Game\BattleRewardProcessing\Handlers\FactionLoyaltyBountyHandlerTest" classname="Tests.Unit.Game.BattleRewardProcessing.Handlers.FactionLoyaltyBountyHandlerTest" assertions="7" time="23.386841"/>
      </testsuite>
      <testsuite name="Tests\Unit\Game\BattleRewardProcessing\Services\BattleRewardServiceTest" file="/home/adam/Documents/flare/tests/Unit/Game/BattleRewardProcessing/Services/BattleRewardServiceTest.php" tests="11" assertions="13" errors="0" failures="0" skipped="0" time="54.482034">
        <testcase name="testShouldNotUpdateCharacterCurrenciesWhenNotLoggedIn" file="/home/adam/Documents/flare/tests/Unit/Game/BattleRewardProcessing/Services/BattleRewardServiceTest.php" line="58" class="Tests\Unit\Game\BattleRewardProcessing\Services\BattleRewardServiceTest" classname="Tests.Unit.Game.BattleRewardProcessing.Services.BattleRewardServiceTest" assertions="1" time="0.251777"/>
        <testcase name="testShouldNotUpdateGlobalEventParticipationWhenNoGlobalEventIsRunning" file="/home/adam/Documents/flare/tests/Unit/Game/BattleRewardProcessing/Services/BattleRewardServiceTest.php" line="256" class="Tests\Unit\Game\BattleRewardProcessing\Services\BattleRewardServiceTest" classname="Tests.Unit.Game.BattleRewardProcessing.Services.BattleRewardServiceTest" assertions="1" time="0.289381"/>
        <testcase name="testShouldUpdateGlobalEventParticipation" file="/home/adam/Documents/flare/tests/Unit/Game/BattleRewardProcessing/Services/BattleRewardServiceTest.php" line="281" class="Tests\Unit\Game\BattleRewardProcessing\Services\BattleRewardServiceTest" classname="Tests.Unit.Game.BattleRewardProcessing.Services.BattleRewardServiceTest" assertions="1" time="0.390676"/>
        <testcase name="testNoFactionRewardsGivenWhenCharacterIsInPurgatory" file="/home/adam/Documents/flare/tests/Unit/Game/BattleRewardProcessing/Services/BattleRewardServiceTest.php" line="376" class="Tests\Unit\Game\BattleRewardProcessing\Services\BattleRewardServiceTest" classname="Tests.Unit.Game.BattleRewardProcessing.Services.BattleRewardServiceTest" assertions="1" time="0.265152"/>
        <testcase name="testShouldGetFactionPoints" file="/home/adam/Documents/flare/tests/Unit/Game/BattleRewardProcessing/Services/BattleRewardServiceTest.php" line="210" class="Tests\Unit\Game\BattleRewardProcessing\Services\BattleRewardServiceTest" classname="Tests.Unit.Game.BattleRewardProcessing.Services.BattleRewardServiceTest" assertions="2" time="0.292461"/>
        <testcase name="testShouldNotUpdateGlobalEventParticipationWhenNoEventIsRunning" file="/home/adam/Documents/flare/tests/Unit/Game/BattleRewardProcessing/Services/BattleRewardServiceTest.php" line="235" class="Tests\Unit\Game\BattleRewardProcessing\Services\BattleRewardServiceTest" classname="Tests.Unit.Game.BattleRewardProcessing.Services.BattleRewardServiceTest" assertions="1" time="0.257097"/>
        <testcase name="testShouldUpdateGlobalEventParticipationWhenParticipationExists" file="/home/adam/Documents/flare/tests/Unit/Game/BattleRewardProcessing/Services/BattleRewardServiceTest.php" line="321" class="Tests\Unit\Game\BattleRewardProcessing\Services\BattleRewardServiceTest" classname="Tests.Unit.Game.BattleRewardProcessing.Services.BattleRewardServiceTest" assertions="2" time="0.276701"/>
        <testcase name="testBattleItemRewardHandlerIsDispatched" file="/home/adam/Documents/flare/tests/Unit/Game/BattleRewardProcessing/Services/BattleRewardServiceTest.php" line="191" class="Tests\Unit\Game\BattleRewardProcessing\Services\BattleRewardServiceTest" classname="Tests.Unit.Game.BattleRewardProcessing.Services.BattleRewardServiceTest" assertions="1" time="0.332433"/>
        <testcase name="testShouldReceiveLessXpWhenTrainingASkill" file="/home/adam/Documents/flare/tests/Unit/Game/BattleRewardProcessing/Services/BattleRewardServiceTest.php" line="75" class="Tests\Unit\Game\BattleRewardProcessing\Services\BattleRewardServiceTest" classname="Tests.Unit.Game.BattleRewardProcessing.Services.BattleRewardServiceTest" assertions="1" time="1.167792"/>
        <testcase name="testShouldUpdateCharacterCurrenciesWhenLoggedIn" file="/home/adam/Documents/flare/tests/Unit/Game/BattleRewardProcessing/Services/BattleRewardServiceTest.php" line="161" class="Tests\Unit\Game\BattleRewardProcessing\Services\BattleRewardServiceTest" classname="Tests.Unit.Game.BattleRewardProcessing.Services.BattleRewardServiceTest" assertions="1" time="24.912517"/>
        <testcase name="testShouldReceiveFullXpWhenTrainingASkillThatIsMaxLevel" file="/home/adam/Documents/flare/tests/Unit/Game/BattleRewardProcessing/Services/BattleRewardServiceTest.php" line="113" class="Tests\Unit\Game\BattleRewardProcessing\Services\BattleRewardServiceTest" classname="Tests.Unit.Game.BattleRewardProcessing.Services.BattleRewardServiceTest" assertions="1" time="26.046047"/>
      </testsuite>
      <testsuite name="Tests\Unit\Game\BattleRewardProcessing\Services\SecondaryRewardServiceTest" file="/home/adam/Documents/flare/tests/Unit/Game/BattleRewardProcessing/Services/SecondaryRewardServiceTest.php" tests="4" assertions="6" errors="0" failures="0" skipped="0" time="28.401541">
        <testcase name="testUpdateTopBarIsNotCalledWhenNotLoggedIn" file="/home/adam/Documents/flare/tests/Unit/Game/BattleRewardProcessing/Services/SecondaryRewardServiceTest.php" line="45" class="Tests\Unit\Game\BattleRewardProcessing\Services\SecondaryRewardServiceTest" classname="Tests.Unit.Game.BattleRewardProcessing.Services.SecondaryRewardServiceTest" assertions="1" time="26.251351"/>
        <testcase name="testItemSkillDoNotsGetUpdated" file="/home/adam/Documents/flare/tests/Unit/Game/BattleRewardProcessing/Services/SecondaryRewardServiceTest.php" line="78" class="Tests\Unit\Game\BattleRewardProcessing\Services\SecondaryRewardServiceTest" classname="Tests.Unit.Game.BattleRewardProcessing.Services.SecondaryRewardServiceTest" assertions="2" time="0.250218"/>
        <testcase name="testItemSkillsGetUpdated" file="/home/adam/Documents/flare/tests/Unit/Game/BattleRewardProcessing/Services/SecondaryRewardServiceTest.php" line="95" class="Tests\Unit\Game\BattleRewardProcessing\Services\SecondaryRewardServiceTest" classname="Tests.Unit.Game.BattleRewardProcessing.Services.SecondaryRewardServiceTest" assertions="2" time="0.228127"/>
        <testcase name="testUpdateTopBarIsCalledWhenLoggedIn" file="/home/adam/Documents/flare/tests/Unit/Game/BattleRewardProcessing/Services/SecondaryRewardServiceTest.php" line="56" class="Tests\Unit\Game\BattleRewardProcessing\Services\SecondaryRewardServiceTest" classname="Tests.Unit.Game.BattleRewardProcessing.Services.SecondaryRewardServiceTest" assertions="1" time="1.671845"/>
      </testsuite>
      <testsuite name="Tests\Unit\Game\BattleRewardProcessing\Services\WeeklyBattleServiceTest" file="/home/adam/Documents/flare/tests/Unit/Game/BattleRewardProcessing/Services/WeeklyBattleServiceTest.php" tests="9" assertions="12" errors="0" failures="0" skipped="0" time="27.210683">
        <testcase name="testCanFightMonster" file="/home/adam/Documents/flare/tests/Unit/Game/BattleRewardProcessing/Services/WeeklyBattleServiceTest.php" line="219" class="Tests\Unit\Game\BattleRewardProcessing\Services\WeeklyBattleServiceTest" classname="Tests.Unit.Game.BattleRewardProcessing.Services.WeeklyBattleServiceTest" assertions="1" time="24.928829"/>
        <testcase name="testCreateRecordForCharacterDeath" file="/home/adam/Documents/flare/tests/Unit/Game/BattleRewardProcessing/Services/WeeklyBattleServiceTest.php" line="68" class="Tests\Unit\Game\BattleRewardProcessing\Services\WeeklyBattleServiceTest" classname="Tests.Unit.Game.BattleRewardProcessing.Services.WeeklyBattleServiceTest" assertions="2" time="0.277916"/>
        <testcase name="testDoesNotCreateRecordForCharacterDeathWhenMonsterLocationTypeIsInvalid" file="/home/adam/Documents/flare/tests/Unit/Game/BattleRewardProcessing/Services/WeeklyBattleServiceTest.php" line="86" class="Tests\Unit\Game\BattleRewardProcessing\Services\WeeklyBattleServiceTest" classname="Tests.Unit.Game.BattleRewardProcessing.Services.WeeklyBattleServiceTest" assertions="1" time="0.289551"/>
        <testcase name="testCannotFightMonster" file="/home/adam/Documents/flare/tests/Unit/Game/BattleRewardProcessing/Services/WeeklyBattleServiceTest.php" line="227" class="Tests\Unit\Game\BattleRewardProcessing\Services\WeeklyBattleServiceTest" classname="Tests.Unit.Game.BattleRewardProcessing.Services.WeeklyBattleServiceTest" assertions="1" time="0.236049"/>
        <testcase name="testUpdateRecordForCharacterDeath" file="/home/adam/Documents/flare/tests/Unit/Game/BattleRewardProcessing/Services/WeeklyBattleServiceTest.php" line="102" class="Tests\Unit\Game\BattleRewardProcessing\Services\WeeklyBattleServiceTest" classname="Tests.Unit.Game.BattleRewardProcessing.Services.WeeklyBattleServiceTest" assertions="1" time="0.267741"/>
        <testcase name="testDoesNotUpdateRecordForCharacterDeathWhenMonsterLocationTypeIsInvalid" file="/home/adam/Documents/flare/tests/Unit/Game/BattleRewardProcessing/Services/WeeklyBattleServiceTest.php" line="124" class="Tests\Unit\Game\BattleRewardProcessing\Services\WeeklyBattleServiceTest" classname="Tests.Unit.Game.BattleRewardProcessing.Services.WeeklyBattleServiceTest" assertions="1" time="0.249570"/>
        <testcase name="testMarkMonsterAsKilled" file="/home/adam/Documents/flare/tests/Unit/Game/BattleRewardProcessing/Services/WeeklyBattleServiceTest.php" line="146" class="Tests\Unit\Game\BattleRewardProcessing\Services\WeeklyBattleServiceTest" classname="Tests.Unit.Game.BattleRewardProcessing.Services.WeeklyBattleServiceTest" assertions="1" time="0.333685"/>
        <testcase name="testDoNotCreateRecordMonsterWasKilledForInvalidLocationType" file="/home/adam/Documents/flare/tests/Unit/Game/BattleRewardProcessing/Services/WeeklyBattleServiceTest.php" line="201" class="Tests\Unit\Game\BattleRewardProcessing\Services\WeeklyBattleServiceTest" classname="Tests.Unit.Game.BattleRewardProcessing.Services.WeeklyBattleServiceTest" assertions="1" time="0.222389"/>
        <testcase name="testCreateRecordMonsterWasKilled" file="/home/adam/Documents/flare/tests/Unit/Game/BattleRewardProcessing/Services/WeeklyBattleServiceTest.php" line="170" class="Tests\Unit\Game\BattleRewardProcessing\Services\WeeklyBattleServiceTest" classname="Tests.Unit.Game.BattleRewardProcessing.Services.WeeklyBattleServiceTest" assertions="3" time="0.404954"/>
      </testsuite>
      <testsuite name="Tests\Unit\Game\Character\Builders\AttackBuilders\AttackDetails\CharacterAttackBuilderTest" file="/home/adam/Documents/flare/tests/Unit/Game/Character/Builders/AttackBuilders/AttackDetails/CharacterAttackBuilderTest.php" tests="7" assertions="13" errors="0" failures="0" skipped="0" time="2.084979">
        <testcase name="testBuildDefend" file="/home/adam/Documents/flare/tests/Unit/Game/Character/Builders/AttackBuilders/AttackDetails/CharacterAttackBuilderTest.php" line="84" class="Tests\Unit\Game\Character\Builders\AttackBuilders\AttackDetails\CharacterAttackBuilderTest" classname="Tests.Unit.Game.Character.Builders.AttackBuilders.AttackDetails.CharacterAttackBuilderTest" assertions="1" time="0.271718"/>
        <testcase name="testShouldNotHaveClassSpecialtyDamageWhenBuildingAttack" file="/home/adam/Documents/flare/tests/Unit/Game/Character/Builders/AttackBuilders/AttackDetails/CharacterAttackBuilderTest.php" line="121" class="Tests\Unit\Game\Character\Builders\AttackBuilders\AttackDetails\CharacterAttackBuilderTest" classname="Tests.Unit.Game.Character.Builders.AttackBuilders.AttackDetails.CharacterAttackBuilderTest" assertions="2" time="0.276866"/>
        <testcase name="testBuildWeaponDamage" file="/home/adam/Documents/flare/tests/Unit/Game/Character/Builders/AttackBuilders/AttackDetails/CharacterAttackBuilderTest.php" line="44" class="Tests\Unit\Game\Character\Builders\AttackBuilders\AttackDetails\CharacterAttackBuilderTest" classname="Tests.Unit.Game.Character.Builders.AttackBuilders.AttackDetails.CharacterAttackBuilderTest" assertions="1" time="0.304998"/>
        <testcase name="testBuildCastAndAttackDamage" file="/home/adam/Documents/flare/tests/Unit/Game/Character/Builders/AttackBuilders/AttackDetails/CharacterAttackBuilderTest.php" line="62" class="Tests\Unit\Game\Character\Builders\AttackBuilders\AttackDetails\CharacterAttackBuilderTest" classname="Tests.Unit.Game.Character.Builders.AttackBuilders.AttackDetails.CharacterAttackBuilderTest" assertions="3" time="0.289768"/>
        <testcase name="testShouldHaveClassSpecialtyDamageWhenBuildingAttack" file="/home/adam/Documents/flare/tests/Unit/Game/Character/Builders/AttackBuilders/AttackDetails/CharacterAttackBuilderTest.php" line="93" class="Tests\Unit\Game\Character\Builders\AttackBuilders\AttackDetails\CharacterAttackBuilderTest" classname="Tests.Unit.Game.Character.Builders.AttackBuilders.AttackDetails.CharacterAttackBuilderTest" assertions="2" time="0.286904"/>
        <testcase name="testBuildAttackAndCastDamage" file="/home/adam/Documents/flare/tests/Unit/Game/Character/Builders/AttackBuilders/AttackDetails/CharacterAttackBuilderTest.php" line="73" class="Tests\Unit\Game\Character\Builders\AttackBuilders\AttackDetails\CharacterAttackBuilderTest" classname="Tests.Unit.Game.Character.Builders.AttackBuilders.AttackDetails.CharacterAttackBuilderTest" assertions="3" time="0.368242"/>
        <testcase name="testBuildCastDamage" file="/home/adam/Documents/flare/tests/Unit/Game/Character/Builders/AttackBuilders/AttackDetails/CharacterAttackBuilderTest.php" line="53" class="Tests\Unit\Game\Character\Builders\AttackBuilders\AttackDetails\CharacterAttackBuilderTest" classname="Tests.Unit.Game.Character.Builders.AttackBuilders.AttackDetails.CharacterAttackBuilderTest" assertions="1" time="0.286484"/>
      </testsuite>
      <testsuite name="Tests\Unit\Game\Character\Builders\AttackBuilders\CharacterCacheDataTest" file="/home/adam/Documents/flare/tests/Unit/Game/Character/Builders/AttackBuilders/CharacterCacheDataTest.php" tests="10" assertions="10" errors="0" failures="0" skipped="0" time="3.452092">
        <testcase name="testCachedAcIsSetUp" file="/home/adam/Documents/flare/tests/Unit/Game/Character/Builders/AttackBuilders/CharacterCacheDataTest.php" line="59" class="Tests\Unit\Game\Character\Builders\AttackBuilders\CharacterCacheDataTest" classname="Tests.Unit.Game.Character.Builders.AttackBuilders.CharacterCacheDataTest" assertions="1" time="0.227117"/>
        <testcase name="testGetAttackDataForAttackType" file="/home/adam/Documents/flare/tests/Unit/Game/Character/Builders/AttackBuilders/CharacterCacheDataTest.php" line="69" class="Tests\Unit\Game\Character\Builders\AttackBuilders\CharacterCacheDataTest" classname="Tests.Unit.Game.Character.Builders.AttackBuilders.CharacterCacheDataTest" assertions="1" time="0.253120"/>
        <testcase name="testUpdateExistingCharacterSheet" file="/home/adam/Documents/flare/tests/Unit/Game/Character/Builders/AttackBuilders/CharacterCacheDataTest.php" line="137" class="Tests\Unit\Game\Character\Builders\AttackBuilders\CharacterCacheDataTest" classname="Tests.Unit.Game.Character.Builders.AttackBuilders.CharacterCacheDataTest" assertions="1" time="0.206427"/>
        <testcase name="testGetExistingCharacterSheetCache" file="/home/adam/Documents/flare/tests/Unit/Game/Character/Builders/AttackBuilders/CharacterCacheDataTest.php" line="113" class="Tests\Unit\Game\Character\Builders\AttackBuilders\CharacterCacheDataTest" classname="Tests.Unit.Game.Character.Builders.AttackBuilders.CharacterCacheDataTest" assertions="1" time="0.247275"/>
        <testcase name="testDeleteCharacterSheetData" file="/home/adam/Documents/flare/tests/Unit/Game/Character/Builders/AttackBuilders/CharacterCacheDataTest.php" line="100" class="Tests\Unit\Game\Character\Builders\AttackBuilders\CharacterCacheDataTest" classname="Tests.Unit.Game.Character.Builders.AttackBuilders.CharacterCacheDataTest" assertions="1" time="0.228071"/>
        <testcase name="testUpdateNonExistentCharacterSheet" file="/home/adam/Documents/flare/tests/Unit/Game/Character/Builders/AttackBuilders/CharacterCacheDataTest.php" line="156" class="Tests\Unit\Game\Character\Builders\AttackBuilders\CharacterCacheDataTest" classname="Tests.Unit.Game.Character.Builders.AttackBuilders.CharacterCacheDataTest" assertions="1" time="0.494110"/>
        <testcase name="testGetCharacterSheetCache" file="/home/adam/Documents/flare/tests/Unit/Game/Character/Builders/AttackBuilders/CharacterCacheDataTest.php" line="169" class="Tests\Unit\Game\Character\Builders\AttackBuilders\CharacterCacheDataTest" classname="Tests.Unit.Game.Character.Builders.AttackBuilders.CharacterCacheDataTest" assertions="1" time="0.466996"/>
        <testcase name="testGetStatFromCharacterSheetCacheDataWhenLevelDoesNotMatch" file="/home/adam/Documents/flare/tests/Unit/Game/Character/Builders/AttackBuilders/CharacterCacheDataTest.php" line="87" class="Tests\Unit\Game\Character\Builders\AttackBuilders\CharacterCacheDataTest" classname="Tests.Unit.Game.Character.Builders.AttackBuilders.CharacterCacheDataTest" assertions="1" time="0.427359"/>
        <testcase name="testGetStatFromCharacterSheetCacheWhenCacheDoesNotExist" file="/home/adam/Documents/flare/tests/Unit/Game/Character/Builders/AttackBuilders/CharacterCacheDataTest.php" line="78" class="Tests\Unit\Game\Character\Builders\AttackBuilders\CharacterCacheDataTest" classname="Tests.Unit.Game.Character.Builders.AttackBuilders.CharacterCacheDataTest" assertions="1" time="0.455903"/>
        <testcase name="testGetCharacterSheetWhenItDoesNotExist" file="/home/adam/Documents/flare/tests/Unit/Game/Character/Builders/AttackBuilders/CharacterCacheDataTest.php" line="128" class="Tests\Unit\Game\Character\Builders\AttackBuilders\CharacterCacheDataTest" classname="Tests.Unit.Game.Character.Builders.AttackBuilders.CharacterCacheDataTest" assertions="1" time="0.445713"/>
      </testsuite>
      <testsuite name="Tests\Unit\Game\Character\Builders\AttackBuilders\Handlers\UpdateCharacterAttackTypesHandlerTest" file="/home/adam/Documents/flare/tests/Unit/Game/Character/Builders/AttackBuilders/Handlers/UpdateCharacterAttackTypesHandlerTest.php" tests="2" assertions="2" errors="0" failures="0" skipped="0" time="0.639789">
        <testcase name="testUpdateCharacterAttackCache" file="/home/adam/Documents/flare/tests/Unit/Game/Character/Builders/AttackBuilders/Handlers/UpdateCharacterAttackTypesHandlerTest.php" line="64" class="Tests\Unit\Game\Character\Builders\AttackBuilders\Handlers\UpdateCharacterAttackTypesHandlerTest" classname="Tests.Unit.Game.Character.Builders.AttackBuilders.Handlers.UpdateCharacterAttackTypesHandlerTest" assertions="1" time="0.237503"/>
        <testcase name="testUpdateCharacterAttackCacheIsCreated" file="/home/adam/Documents/flare/tests/Unit/Game/Character/Builders/AttackBuilders/Handlers/UpdateCharacterAttackTypesHandlerTest.php" line="75" class="Tests\Unit\Game\Character\Builders\AttackBuilders\Handlers\UpdateCharacterAttackTypesHandlerTest" classname="Tests.Unit.Game.Character.Builders.AttackBuilders.Handlers.UpdateCharacterAttackTypesHandlerTest" assertions="1" time="0.402286"/>
      </testsuite>
      <testsuite name="Tests\Unit\Game\Character\Builders\AttackBuilders\Jobs\CharacterAttackTypesCacheBuilderTest" file="/home/adam/Documents/flare/tests/Unit/Game/Character/Builders/AttackBuilders/Jobs/CharacterAttackTypesCacheBuilderTest.php" tests="2" assertions="2" errors="0" failures="0" skipped="0" time="0.623968">
        <testcase name="testUpdateCharacterAttackTypesCache" file="/home/adam/Documents/flare/tests/Unit/Game/Character/Builders/AttackBuilders/Jobs/CharacterAttackTypesCacheBuilderTest.php" line="70" class="Tests\Unit\Game\Character\Builders\AttackBuilders\Jobs\CharacterAttackTypesCacheBuilderTest" classname="Tests.Unit.Game.Character.Builders.AttackBuilders.Jobs.CharacterAttackTypesCacheBuilderTest" assertions="1" time="0.417384"/>
        <testcase name="testUpdateCharacterAttackTypesHandlerAndExplorationLogUpdateEventIsCalled" file="/home/adam/Documents/flare/tests/Unit/Game/Character/Builders/AttackBuilders/Jobs/CharacterAttackTypesCacheBuilderTest.php" line="59" class="Tests\Unit\Game\Character\Builders\AttackBuilders\Jobs\CharacterAttackTypesCacheBuilderTest" classname="Tests.Unit.Game.Character.Builders.AttackBuilders.Jobs.CharacterAttackTypesCacheBuilderTest" assertions="1" time="0.206583"/>
      </testsuite>
      <testsuite name="Tests\Unit\Game\Character\Builders\AttackBuilders\Jobs\CharacterAttackTypesCacheBuilderWithDeductionsTest" file="/home/adam/Documents/flare/tests/Unit/Game/Character/Builders/AttackBuilders/Jobs/CharacterAttackTypesCacheBuilderWithDeductionsTest.php" tests="2" assertions="2" errors="0" failures="0" skipped="0" time="0.632530">
        <testcase name="testCharacterAttackTypesCacheBuilderWithDeductionsAndEventIsDispatched" file="/home/adam/Documents/flare/tests/Unit/Game/Character/Builders/AttackBuilders/Jobs/CharacterAttackTypesCacheBuilderWithDeductionsTest.php" line="55" class="Tests\Unit\Game\Character\Builders\AttackBuilders\Jobs\CharacterAttackTypesCacheBuilderWithDeductionsTest" classname="Tests.Unit.Game.Character.Builders.AttackBuilders.Jobs.CharacterAttackTypesCacheBuilderWithDeductionsTest" assertions="1" time="0.256387"/>
        <testcase name="testCharacterAttackTypesCacheBuilderWithDeductions" file="/home/adam/Documents/flare/tests/Unit/Game/Character/Builders/AttackBuilders/Jobs/CharacterAttackTypesCacheBuilderWithDeductionsTest.php" line="66" class="Tests\Unit\Game\Character\Builders\AttackBuilders\Jobs\CharacterAttackTypesCacheBuilderWithDeductionsTest" classname="Tests.Unit.Game.Character.Builders.AttackBuilders.Jobs.CharacterAttackTypesCacheBuilderWithDeductionsTest" assertions="1" time="0.376143"/>
      </testsuite>
      <testsuite name="Tests\Unit\Game\Character\Builders\AttackBuilders\Jobs\CreateCharacterAttackDataTest" file="/home/adam/Documents/flare/tests/Unit/Game/Character/Builders/AttackBuilders/Jobs/CreateCharacterAttackDataTest.php" tests="1" assertions="1" errors="0" failures="0" skipped="0" time="0.208313">
        <testcase name="testCreateCharacterAttackData" file="/home/adam/Documents/flare/tests/Unit/Game/Character/Builders/AttackBuilders/Jobs/CreateCharacterAttackDataTest.php" line="53" class="Tests\Unit\Game\Character\Builders\AttackBuilders\Jobs\CreateCharacterAttackDataTest" classname="Tests.Unit.Game.Character.Builders.AttackBuilders.Jobs.CreateCharacterAttackDataTest" assertions="1" time="0.208313"/>
      </testsuite>
      <testsuite name="Tests\Unit\Game\Character\Builders\AttackBuilders\Services\BuildCharacterAttackTypesTest" file="/home/adam/Documents/flare/tests/Unit/Game/Character/Builders/AttackBuilders/Services/BuildCharacterAttackTypesTest.php" tests="1" assertions="1" errors="0" failures="0" skipped="0" time="0.565490">
        <testcase name="testBuildCharacterAttackTypesData" file="/home/adam/Documents/flare/tests/Unit/Game/Character/Builders/AttackBuilders/Services/BuildCharacterAttackTypesTest.php" line="60" class="Tests\Unit\Game\Character\Builders\AttackBuilders\Services\BuildCharacterAttackTypesTest" classname="Tests.Unit.Game.Character.Builders.AttackBuilders.Services.BuildCharacterAttackTypesTest" assertions="1" time="0.565490"/>
      </testsuite>
      <testsuite name="Tests\Unit\Game\Character\Builders\CharacterInformation\AttributeBuilder\DamageBuilderTest" file="/home/adam/Documents/flare/tests/Unit/Game/Character/Builders/CharacterInformation/AttributeBuilder/DamageBuilderTest.php" tests="1" assertions="1" errors="0" failures="0" skipped="0" time="0.548707">
        <testcase name="testArcaneAlchemistDoesMoreDamageWithStave" file="/home/adam/Documents/flare/tests/Unit/Game/Character/Builders/CharacterInformation/AttributeBuilder/DamageBuilderTest.php" line="51" class="Tests\Unit\Game\Character\Builders\CharacterInformation\AttributeBuilder\DamageBuilderTest" classname="Tests.Unit.Game.Character.Builders.CharacterInformation.AttributeBuilder.DamageBuilderTest" assertions="1" time="0.548707"/>
      </testsuite>
      <testsuite name="Tests\Unit\Game\Character\Builders\CharacterInformation\AttributeBuilder\DefenceBuilderTest" file="/home/adam/Documents/flare/tests/Unit/Game/Character/Builders/CharacterInformation/AttributeBuilder/DefenceBuilderTest.php" tests="3" assertions="3" errors="0" failures="0" skipped="0" time="0.858967">
        <testcase name="testBuildDefenceWithNoArmour" file="/home/adam/Documents/flare/tests/Unit/Game/Character/Builders/CharacterInformation/AttributeBuilder/DefenceBuilderTest.php" line="43" class="Tests\Unit\Game\Character\Builders\CharacterInformation\AttributeBuilder\DefenceBuilderTest" classname="Tests.Unit.Game.Character.Builders.CharacterInformation.AttributeBuilder.DefenceBuilderTest" assertions="1" time="0.255937"/>
        <testcase name="testBuildDefenceWithArmourVoided" file="/home/adam/Documents/flare/tests/Unit/Game/Character/Builders/CharacterInformation/AttributeBuilder/DefenceBuilderTest.php" line="67" class="Tests\Unit\Game\Character\Builders\CharacterInformation\AttributeBuilder\DefenceBuilderTest" classname="Tests.Unit.Game.Character.Builders.CharacterInformation.AttributeBuilder.DefenceBuilderTest" assertions="1" time="0.270585"/>
        <testcase name="testBuildDefenceWithArmour" file="/home/adam/Documents/flare/tests/Unit/Game/Character/Builders/CharacterInformation/AttributeBuilder/DefenceBuilderTest.php" line="52" class="Tests\Unit\Game\Character\Builders\CharacterInformation\AttributeBuilder\DefenceBuilderTest" classname="Tests.Unit.Game.Character.Builders.CharacterInformation.AttributeBuilder.DefenceBuilderTest" assertions="1" time="0.332444"/>
      </testsuite>
      <testsuite name="Tests\Unit\Game\Character\Builders\CharacterInformation\AttributeBuilder\ElementalAtonementTest" file="/home/adam/Documents/flare/tests/Unit/Game/Character/Builders/CharacterInformation/AttributeBuilder/ElementalAtonementTest.php" tests="2" assertions="5" errors="0" failures="0" skipped="0" time="0.492066">
        <testcase name="testCharacterGetsNothingBackForElementalAtonement" file="/home/adam/Documents/flare/tests/Unit/Game/Character/Builders/CharacterInformation/AttributeBuilder/ElementalAtonementTest.php" line="82" class="Tests\Unit\Game\Character\Builders\CharacterInformation\AttributeBuilder\ElementalAtonementTest" classname="Tests.Unit.Game.Character.Builders.CharacterInformation.AttributeBuilder.ElementalAtonementTest" assertions="1" time="0.241744"/>
        <testcase name="testCharacterWithMaxedOutElementalAtonement" file="/home/adam/Documents/flare/tests/Unit/Game/Character/Builders/CharacterInformation/AttributeBuilder/ElementalAtonementTest.php" line="52" class="Tests\Unit\Game\Character\Builders\CharacterInformation\AttributeBuilder\ElementalAtonementTest" classname="Tests.Unit.Game.Character.Builders.CharacterInformation.AttributeBuilder.ElementalAtonementTest" assertions="4" time="0.250321"/>
      </testsuite>
      <testsuite name="Tests\Unit\Game\Character\Builders\CharacterInformation\AttributeBuilder\HolyBuilderTest" file="/home/adam/Documents/flare/tests/Unit/Game/Character/Builders/CharacterInformation/AttributeBuilder/HolyBuilderTest.php" tests="15" assertions="15" errors="0" failures="0" skipped="0" time="3.553863">
        <testcase name="testFetchAttackBonusNoInventory" file="/home/adam/Documents/flare/tests/Unit/Game/Character/Builders/CharacterInformation/AttributeBuilder/HolyBuilderTest.php" line="188" class="Tests\Unit\Game\Character\Builders\CharacterInformation\AttributeBuilder\HolyBuilderTest" classname="Tests.Unit.Game.Character.Builders.CharacterInformation.AttributeBuilder.HolyBuilderTest" assertions="1" time="0.198319"/>
        <testcase name="testFetchDefenceBonusNoInventory" file="/home/adam/Documents/flare/tests/Unit/Game/Character/Builders/CharacterInformation/AttributeBuilder/HolyBuilderTest.php" line="218" class="Tests\Unit\Game\Character\Builders\CharacterInformation\AttributeBuilder\HolyBuilderTest" classname="Tests.Unit.Game.Character.Builders.CharacterInformation.AttributeBuilder.HolyBuilderTest" assertions="1" time="0.228401"/>
        <testcase name="testGetTotalStackAppliedWithNoInventory" file="/home/adam/Documents/flare/tests/Unit/Game/Character/Builders/CharacterInformation/AttributeBuilder/HolyBuilderTest.php" line="98" class="Tests\Unit\Game\Character\Builders\CharacterInformation\AttributeBuilder\HolyBuilderTest" classname="Tests.Unit.Game.Character.Builders.CharacterInformation.AttributeBuilder.HolyBuilderTest" assertions="1" time="0.224740"/>
        <testcase name="testGetDevouringResistanceForNoInventory" file="/home/adam/Documents/flare/tests/Unit/Game/Character/Builders/CharacterInformation/AttributeBuilder/HolyBuilderTest.php" line="128" class="Tests\Unit\Game\Character\Builders\CharacterInformation\AttributeBuilder\HolyBuilderTest" classname="Tests.Unit.Game.Character.Builders.CharacterInformation.AttributeBuilder.HolyBuilderTest" assertions="1" time="0.211602"/>
        <testcase name="testGetTotalStacksAppliedWithInventory" file="/home/adam/Documents/flare/tests/Unit/Game/Character/Builders/CharacterInformation/AttributeBuilder/HolyBuilderTest.php" line="107" class="Tests\Unit\Game\Character\Builders\CharacterInformation\AttributeBuilder\HolyBuilderTest" classname="Tests.Unit.Game.Character.Builders.CharacterInformation.AttributeBuilder.HolyBuilderTest" assertions="1" time="0.251098"/>
        <testcase name="testGetStatIncreaseForInventory" file="/home/adam/Documents/flare/tests/Unit/Game/Character/Builders/CharacterInformation/AttributeBuilder/HolyBuilderTest.php" line="167" class="Tests\Unit\Game\Character\Builders\CharacterInformation\AttributeBuilder\HolyBuilderTest" classname="Tests.Unit.Game.Character.Builders.CharacterInformation.AttributeBuilder.HolyBuilderTest" assertions="1" time="0.211240"/>
        <testcase name="testFetchHealingBonusWithInventory" file="/home/adam/Documents/flare/tests/Unit/Game/Character/Builders/CharacterInformation/AttributeBuilder/HolyBuilderTest.php" line="257" class="Tests\Unit\Game\Character\Builders\CharacterInformation\AttributeBuilder\HolyBuilderTest" classname="Tests.Unit.Game.Character.Builders.CharacterInformation.AttributeBuilder.HolyBuilderTest" assertions="1" time="0.232067"/>
        <testcase name="testFetchDefenceBonusWithInventory" file="/home/adam/Documents/flare/tests/Unit/Game/Character/Builders/CharacterInformation/AttributeBuilder/HolyBuilderTest.php" line="227" class="Tests\Unit\Game\Character\Builders\CharacterInformation\AttributeBuilder\HolyBuilderTest" classname="Tests.Unit.Game.Character.Builders.CharacterInformation.AttributeBuilder.HolyBuilderTest" assertions="1" time="0.215513"/>
        <testcase name="testFetchAttackBonusWithInventory" file="/home/adam/Documents/flare/tests/Unit/Game/Character/Builders/CharacterInformation/AttributeBuilder/HolyBuilderTest.php" line="197" class="Tests\Unit\Game\Character\Builders\CharacterInformation\AttributeBuilder\HolyBuilderTest" classname="Tests.Unit.Game.Character.Builders.CharacterInformation.AttributeBuilder.HolyBuilderTest" assertions="1" time="0.243076"/>
        <testcase name="testHolyBonusWithInventory" file="/home/adam/Documents/flare/tests/Unit/Game/Character/Builders/CharacterInformation/AttributeBuilder/HolyBuilderTest.php" line="48" class="Tests\Unit\Game\Character\Builders\CharacterInformation\AttributeBuilder\HolyBuilderTest" classname="Tests.Unit.Game.Character.Builders.CharacterInformation.AttributeBuilder.HolyBuilderTest" assertions="1" time="0.239382"/>
        <testcase name="testHolyBonusWithNoInventory" file="/home/adam/Documents/flare/tests/Unit/Game/Character/Builders/CharacterInformation/AttributeBuilder/HolyBuilderTest.php" line="39" class="Tests\Unit\Game\Character\Builders\CharacterInformation\AttributeBuilder\HolyBuilderTest" classname="Tests.Unit.Game.Character.Builders.CharacterInformation.AttributeBuilder.HolyBuilderTest" assertions="1" time="0.210812"/>
        <testcase name="testGetStatIncreaseForNoInventory" file="/home/adam/Documents/flare/tests/Unit/Game/Character/Builders/CharacterInformation/AttributeBuilder/HolyBuilderTest.php" line="158" class="Tests\Unit\Game\Character\Builders\CharacterInformation\AttributeBuilder\HolyBuilderTest" classname="Tests.Unit.Game.Character.Builders.CharacterInformation.AttributeBuilder.HolyBuilderTest" assertions="1" time="0.305468"/>
        <testcase name="testFetchHealingBonusNoInventory" file="/home/adam/Documents/flare/tests/Unit/Game/Character/Builders/CharacterInformation/AttributeBuilder/HolyBuilderTest.php" line="248" class="Tests\Unit\Game\Character\Builders\CharacterInformation\AttributeBuilder\HolyBuilderTest" classname="Tests.Unit.Game.Character.Builders.CharacterInformation.AttributeBuilder.HolyBuilderTest" assertions="1" time="0.216814"/>
        <testcase name="testHolyBonusWithInventoryForTwoHandedClass" file="/home/adam/Documents/flare/tests/Unit/Game/Character/Builders/CharacterInformation/AttributeBuilder/HolyBuilderTest.php" line="69" class="Tests\Unit\Game\Character\Builders\CharacterInformation\AttributeBuilder\HolyBuilderTest" classname="Tests.Unit.Game.Character.Builders.CharacterInformation.AttributeBuilder.HolyBuilderTest" assertions="1" time="0.271402"/>
        <testcase name="testGetDevouringResistanceForInventory" file="/home/adam/Documents/flare/tests/Unit/Game/Character/Builders/CharacterInformation/AttributeBuilder/HolyBuilderTest.php" line="137" class="Tests\Unit\Game\Character\Builders\CharacterInformation\AttributeBuilder\HolyBuilderTest" classname="Tests.Unit.Game.Character.Builders.CharacterInformation.AttributeBuilder.HolyBuilderTest" assertions="1" time="0.293928"/>
      </testsuite>
      <testsuite name="Tests\Unit\Game\Character\Builders\CharacterInformation\AttributeBuilder\ItemSkillAttributeTest" file="/home/adam/Documents/flare/tests/Unit/Game/Character/Builders/CharacterInformation/AttributeBuilder/ItemSkillAttributeTest.php" tests="1" assertions="1" errors="0" failures="0" skipped="0" time="0.274084">
        <testcase name="testGetItemSkillAttributeFromArtifactItem" file="/home/adam/Documents/flare/tests/Unit/Game/Character/Builders/CharacterInformation/AttributeBuilder/ItemSkillAttributeTest.php" line="40" class="Tests\Unit\Game\Character\Builders\CharacterInformation\AttributeBuilder\ItemSkillAttributeTest" classname="Tests.Unit.Game.Character.Builders.CharacterInformation.AttributeBuilder.ItemSkillAttributeTest" assertions="1" time="0.274084"/>
      </testsuite>
      <testsuite name="Tests\Unit\Game\Character\Builders\CharacterInformation\AttributeBuilder\ReductionBuilderTest" file="/home/adam/Documents/flare/tests/Unit/Game/Character/Builders/CharacterInformation/AttributeBuilder/ReductionBuilderTest.php" tests="4" assertions="4" errors="0" failures="0" skipped="0" time="0.933197">
        <testcase name="testNoRingReductionWithEmptyInventory" file="/home/adam/Documents/flare/tests/Unit/Game/Character/Builders/CharacterInformation/AttributeBuilder/ReductionBuilderTest.php" line="39" class="Tests\Unit\Game\Character\Builders\CharacterInformation\AttributeBuilder\ReductionBuilderTest" classname="Tests.Unit.Game.Character.Builders.CharacterInformation.AttributeBuilder.ReductionBuilderTest" assertions="1" time="0.251721"/>
        <testcase name="testGetAffixReductionNoInventory" file="/home/adam/Documents/flare/tests/Unit/Game/Character/Builders/CharacterInformation/AttributeBuilder/ReductionBuilderTest.php" line="64" class="Tests\Unit\Game\Character\Builders\CharacterInformation\AttributeBuilder\ReductionBuilderTest" classname="Tests.Unit.Game.Character.Builders.CharacterInformation.AttributeBuilder.ReductionBuilderTest" assertions="1" time="0.214068"/>
        <testcase name="testGetAffixReduction" file="/home/adam/Documents/flare/tests/Unit/Game/Character/Builders/CharacterInformation/AttributeBuilder/ReductionBuilderTest.php" line="74" class="Tests\Unit\Game\Character\Builders\CharacterInformation\AttributeBuilder\ReductionBuilderTest" classname="Tests.Unit.Game.Character.Builders.CharacterInformation.AttributeBuilder.ReductionBuilderTest" assertions="1" time="0.252032"/>
        <testcase name="testGetRingReduction" file="/home/adam/Documents/flare/tests/Unit/Game/Character/Builders/CharacterInformation/AttributeBuilder/ReductionBuilderTest.php" line="49" class="Tests\Unit\Game\Character\Builders\CharacterInformation\AttributeBuilder\ReductionBuilderTest" classname="Tests.Unit.Game.Character.Builders.CharacterInformation.AttributeBuilder.ReductionBuilderTest" assertions="1" time="0.215375"/>
      </testsuite>
      <testsuite name="Tests\Unit\Game\Character\Builders\CharacterInformation\CharacterStatBuilderTest" file="/home/adam/Documents/flare/tests/Unit/Game/Character/Builders/CharacterInformation/CharacterStatBuilderTest.php" tests="91" assertions="91" errors="0" failures="0" skipped="0" time="23.446521">
        <testcase name="testGetReductionInfo" file="/home/adam/Documents/flare/tests/Unit/Game/Character/Builders/CharacterInformation/CharacterStatBuilderTest.php" line="152" class="Tests\Unit\Game\Character\Builders\CharacterInformation\CharacterStatBuilderTest" classname="Tests.Unit.Game.Character.Builders.CharacterInformation.CharacterStatBuilderTest" assertions="1" time="0.202538"/>
        <testcase name="testModdedStatShouldBeTheSameWhenIgnoreReductionsIsTrue" file="/home/adam/Documents/flare/tests/Unit/Game/Character/Builders/CharacterInformation/CharacterStatBuilderTest.php" line="195" class="Tests\Unit\Game\Character\Builders\CharacterInformation\CharacterStatBuilderTest" classname="Tests.Unit.Game.Character.Builders.CharacterInformation.CharacterStatBuilderTest" assertions="1" time="0.240497"/>
        <testcase name="testCharacterHasNoEquippedItem" file="/home/adam/Documents/flare/tests/Unit/Game/Character/Builders/CharacterInformation/CharacterStatBuilderTest.php" line="65" class="Tests\Unit\Game\Character\Builders\CharacterInformation\CharacterStatBuilderTest" classname="Tests.Unit.Game.Character.Builders.CharacterInformation.CharacterStatBuilderTest" assertions="1" time="0.215293"/>
        <testcase name="testBuildInvalidAffixDamage" file="/home/adam/Documents/flare/tests/Unit/Game/Character/Builders/CharacterInformation/CharacterStatBuilderTest.php" line="1731" class="Tests\Unit\Game\Character\Builders\CharacterInformation\CharacterStatBuilderTest" classname="Tests.Unit.Game.Character.Builders.CharacterInformation.CharacterStatBuilderTest" assertions="1" time="0.208364"/>
        <testcase name="testAffixesCantBeResisted" file="/home/adam/Documents/flare/tests/Unit/Game/Character/Builders/CharacterInformation/CharacterStatBuilderTest.php" line="161" class="Tests\Unit\Game\Character\Builders\CharacterInformation\CharacterStatBuilderTest" classname="Tests.Unit.Game.Character.Builders.CharacterInformation.CharacterStatBuilderTest" assertions="1" time="0.231698"/>
        <testcase name="testGetNoAmbushInfoForNoInventory" file="/home/adam/Documents/flare/tests/Unit/Game/Character/Builders/CharacterInformation/CharacterStatBuilderTest.php" line="1920" class="Tests\Unit\Game\Character\Builders\CharacterInformation\CharacterStatBuilderTest" classname="Tests.Unit.Game.Character.Builders.CharacterInformation.CharacterStatBuilderTest" assertions="1" time="0.228453"/>
        <testcase name="testPositionalWeaponDamageWithEmptyInventory" file="/home/adam/Documents/flare/tests/Unit/Game/Character/Builders/CharacterInformation/CharacterStatBuilderTest.php" line="733" class="Tests\Unit\Game\Character\Builders\CharacterInformation\CharacterStatBuilderTest" classname="Tests.Unit.Game.Character.Builders.CharacterInformation.CharacterStatBuilderTest" assertions="1" time="0.199998"/>
        <testcase name="testGetNoStatReducingAffixForSuffixes" file="/home/adam/Documents/flare/tests/Unit/Game/Character/Builders/CharacterInformation/CharacterStatBuilderTest.php" line="1883" class="Tests\Unit\Game\Character\Builders\CharacterInformation\CharacterStatBuilderTest" classname="Tests.Unit.Game.Character.Builders.CharacterInformation.CharacterStatBuilderTest" assertions="1" time="0.216660"/>
        <testcase name="testPositionalSpellDamageWithEmptyInventory" file="/home/adam/Documents/flare/tests/Unit/Game/Character/Builders/CharacterInformation/CharacterStatBuilderTest.php" line="754" class="Tests\Unit\Game\Character\Builders\CharacterInformation\CharacterStatBuilderTest" classname="Tests.Unit.Game.Character.Builders.CharacterInformation.CharacterStatBuilderTest" assertions="1" time="0.253226"/>
        <testcase name="testGetNoStatReducingAffixForNoInventory" file="/home/adam/Documents/flare/tests/Unit/Game/Character/Builders/CharacterInformation/CharacterStatBuilderTest.php" line="1810" class="Tests\Unit\Game\Character\Builders\CharacterInformation\CharacterStatBuilderTest" classname="Tests.Unit.Game.Character.Builders.CharacterInformation.CharacterStatBuilderTest" assertions="1" time="0.204388"/>
        <testcase name="testGetMovementOutModifier" file="/home/adam/Documents/flare/tests/Unit/Game/Character/Builders/CharacterInformation/CharacterStatBuilderTest.php" line="1976" class="Tests\Unit\Game\Character\Builders\CharacterInformation\CharacterStatBuilderTest" classname="Tests.Unit.Game.Character.Builders.CharacterInformation.CharacterStatBuilderTest" assertions="1" time="0.205890"/>
        <testcase name="testModdedStatShouldBeTheSame" file="/home/adam/Documents/flare/tests/Unit/Game/Character/Builders/CharacterInformation/CharacterStatBuilderTest.php" line="185" class="Tests\Unit\Game\Character\Builders\CharacterInformation\CharacterStatBuilderTest" classname="Tests.Unit.Game.Character.Builders.CharacterInformation.CharacterStatBuilderTest" assertions="1" time="0.233811"/>
        <testcase name="testModdedStatShouldBeHigherWithOnlyBoons" file="/home/adam/Documents/flare/tests/Unit/Game/Character/Builders/CharacterInformation/CharacterStatBuilderTest.php" line="398" class="Tests\Unit\Game\Character\Builders\CharacterInformation\CharacterStatBuilderTest" classname="Tests.Unit.Game.Character.Builders.CharacterInformation.CharacterStatBuilderTest" assertions="1" time="0.227665"/>
        <testcase name="testGetCounterResistance" file="/home/adam/Documents/flare/tests/Unit/Game/Character/Builders/CharacterInformation/CharacterStatBuilderTest.php" line="1942" class="Tests\Unit\Game\Character\Builders\CharacterInformation\CharacterStatBuilderTest" classname="Tests.Unit.Game.Character.Builders.CharacterInformation.CharacterStatBuilderTest" assertions="1" time="0.215597"/>
        <testcase name="testCharacterHasResistanceReductionOnPrefixBasedItemsThatDoesNotGoAboveOneHundredPercent" file="/home/adam/Documents/flare/tests/Unit/Game/Character/Builders/CharacterInformation/CharacterStatBuilderTest.php" line="2295" class="Tests\Unit\Game\Character\Builders\CharacterInformation\CharacterStatBuilderTest" classname="Tests.Unit.Game.Character.Builders.CharacterInformation.CharacterStatBuilderTest" assertions="1" time="0.242640"/>
        <testcase name="testGetCharacter" file="/home/adam/Documents/flare/tests/Unit/Game/Character/Builders/CharacterInformation/CharacterStatBuilderTest.php" line="56" class="Tests\Unit\Game\Character\Builders\CharacterInformation\CharacterStatBuilderTest" classname="Tests.Unit.Game.Character.Builders.CharacterInformation.CharacterStatBuilderTest" assertions="1" time="0.258709"/>
        <testcase name="testClassBonusWithNoSkill" file="/home/adam/Documents/flare/tests/Unit/Game/Character/Builders/CharacterInformation/CharacterStatBuilderTest.php" line="74" class="Tests\Unit\Game\Character\Builders\CharacterInformation\CharacterStatBuilderTest" classname="Tests.Unit.Game.Character.Builders.CharacterInformation.CharacterStatBuilderTest" assertions="1" time="0.219725"/>
        <testcase name="testClassBonusWithSkillDoesNotGoAboveOneHundredPercent" file="/home/adam/Documents/flare/tests/Unit/Game/Character/Builders/CharacterInformation/CharacterStatBuilderTest.php" line="113" class="Tests\Unit\Game\Character\Builders\CharacterInformation\CharacterStatBuilderTest" classname="Tests.Unit.Game.Character.Builders.CharacterInformation.CharacterStatBuilderTest" assertions="1" time="0.202305"/>
        <testcase name="testModdedStatShouldBeHalfWhenCharacterHasPurgatoryAccessAndIsOnTheIcePlane" file="/home/adam/Documents/flare/tests/Unit/Game/Character/Builders/CharacterInformation/CharacterStatBuilderTest.php" line="205" class="Tests\Unit\Game\Character\Builders\CharacterInformation\CharacterStatBuilderTest" classname="Tests.Unit.Game.Character.Builders.CharacterInformation.CharacterStatBuilderTest" assertions="1" time="0.248016"/>
        <testcase name="testDevouringWithOnlyQuestItemInPurgatory" file="/home/adam/Documents/flare/tests/Unit/Game/Character/Builders/CharacterInformation/CharacterStatBuilderTest.php" line="998" class="Tests\Unit\Game\Character\Builders\CharacterInformation\CharacterStatBuilderTest" classname="Tests.Unit.Game.Character.Builders.CharacterInformation.CharacterStatBuilderTest" assertions="1" time="0.215777"/>
        <testcase name="testGetNoCounterInfoForNoInventory" file="/home/adam/Documents/flare/tests/Unit/Game/Character/Builders/CharacterInformation/CharacterStatBuilderTest.php" line="1956" class="Tests\Unit\Game\Character\Builders\CharacterInformation\CharacterStatBuilderTest" classname="Tests.Unit.Game.Character.Builders.CharacterInformation.CharacterStatBuilderTest" assertions="1" time="0.228312"/>
        <testcase name="testGetFightTimeOutModifier" file="/home/adam/Documents/flare/tests/Unit/Game/Character/Builders/CharacterInformation/CharacterStatBuilderTest.php" line="1964" class="Tests\Unit\Game\Character\Builders\CharacterInformation\CharacterStatBuilderTest" classname="Tests.Unit.Game.Character.Builders.CharacterInformation.CharacterStatBuilderTest" assertions="1" time="0.215148"/>
        <testcase name="testGetAmbushResistance" file="/home/adam/Documents/flare/tests/Unit/Game/Character/Builders/CharacterInformation/CharacterStatBuilderTest.php" line="1906" class="Tests\Unit\Game\Character\Builders\CharacterInformation\CharacterStatBuilderTest" classname="Tests.Unit.Game.Character.Builders.CharacterInformation.CharacterStatBuilderTest" assertions="1" time="0.260882"/>
        <testcase name="testResurrectionChanceWithItemsAsProphet" file="/home/adam/Documents/flare/tests/Unit/Game/Character/Builders/CharacterInformation/CharacterStatBuilderTest.php" line="1111" class="Tests\Unit\Game\Character\Builders\CharacterInformation\CharacterStatBuilderTest" classname="Tests.Unit.Game.Character.Builders.CharacterInformation.CharacterStatBuilderTest" assertions="1" time="0.241190"/>
        <testcase name="testBuildAffixLifeStealingNonStacking" file="/home/adam/Documents/flare/tests/Unit/Game/Character/Builders/CharacterInformation/CharacterStatBuilderTest.php" line="1357" class="Tests\Unit\Game\Character\Builders\CharacterInformation\CharacterStatBuilderTest" classname="Tests.Unit.Game.Character.Builders.CharacterInformation.CharacterStatBuilderTest" assertions="1" time="0.241661"/>
        <testcase name="testCharacterHasEquippeditems" file="/home/adam/Documents/flare/tests/Unit/Game/Character/Builders/CharacterInformation/CharacterStatBuilderTest.php" line="47" class="Tests\Unit\Game\Character\Builders\CharacterInformation\CharacterStatBuilderTest" classname="Tests.Unit.Game.Character.Builders.CharacterInformation.CharacterStatBuilderTest" assertions="1" time="0.299403"/>
        <testcase name="testEntrancingChangeWithNoInventory" file="/home/adam/Documents/flare/tests/Unit/Game/Character/Builders/CharacterInformation/CharacterStatBuilderTest.php" line="1741" class="Tests\Unit\Game\Character\Builders\CharacterInformation\CharacterStatBuilderTest" classname="Tests.Unit.Game.Character.Builders.CharacterInformation.CharacterStatBuilderTest" assertions="1" time="0.307666"/>
        <testcase name="testGetHolyInfo" file="/home/adam/Documents/flare/tests/Unit/Game/Character/Builders/CharacterInformation/CharacterStatBuilderTest.php" line="143" class="Tests\Unit\Game\Character\Builders\CharacterInformation\CharacterStatBuilderTest" classname="Tests.Unit.Game.Character.Builders.CharacterInformation.CharacterStatBuilderTest" assertions="1" time="0.229263"/>
        <testcase name="testModdedStatShouldBeHigherEvenVoided" file="/home/adam/Documents/flare/tests/Unit/Game/Character/Builders/CharacterInformation/CharacterStatBuilderTest.php" line="265" class="Tests\Unit\Game\Character\Builders\CharacterInformation\CharacterStatBuilderTest" classname="Tests.Unit.Game.Character.Builders.CharacterInformation.CharacterStatBuilderTest" assertions="1" time="0.279613"/>
        <testcase name="testModdedStatIsStillHigherThenRegularStatWhenOnStatReducingPlane" file="/home/adam/Documents/flare/tests/Unit/Game/Character/Builders/CharacterInformation/CharacterStatBuilderTest.php" line="294" class="Tests\Unit\Game\Character\Builders\CharacterInformation\CharacterStatBuilderTest" classname="Tests.Unit.Game.Character.Builders.CharacterInformation.CharacterStatBuilderTest" assertions="1" time="0.257449"/>
        <testcase name="testHealingWithNoEquipment" file="/home/adam/Documents/flare/tests/Unit/Game/Character/Builders/CharacterInformation/CharacterStatBuilderTest.php" line="955" class="Tests\Unit\Game\Character\Builders\CharacterInformation\CharacterStatBuilderTest" classname="Tests.Unit.Game.Character.Builders.CharacterInformation.CharacterStatBuilderTest" assertions="1" time="0.222338"/>
        <testcase name="testResurrectionChanceWithItemsAsProphetInPurgatory" file="/home/adam/Documents/flare/tests/Unit/Game/Character/Builders/CharacterInformation/CharacterStatBuilderTest.php" line="1165" class="Tests\Unit\Game\Character\Builders\CharacterInformation\CharacterStatBuilderTest" classname="Tests.Unit.Game.Character.Builders.CharacterInformation.CharacterStatBuilderTest" assertions="1" time="0.234039"/>
        <testcase name="testCharacterHasResistanceReductionOnPrefixBasedItems" file="/home/adam/Documents/flare/tests/Unit/Game/Character/Builders/CharacterInformation/CharacterStatBuilderTest.php" line="2277" class="Tests\Unit\Game\Character\Builders\CharacterInformation\CharacterStatBuilderTest" classname="Tests.Unit.Game.Character.Builders.CharacterInformation.CharacterStatBuilderTest" assertions="1" time="0.270792"/>
        <testcase name="testResurrectionChanceWithItemsInPurgatory" file="/home/adam/Documents/flare/tests/Unit/Game/Character/Builders/CharacterInformation/CharacterStatBuilderTest.php" line="1198" class="Tests\Unit\Game\Character\Builders\CharacterInformation\CharacterStatBuilderTest" classname="Tests.Unit.Game.Character.Builders.CharacterInformation.CharacterStatBuilderTest" assertions="1" time="0.233008"/>
        <testcase name="testNoResistanceReductionForCharacterWhenCharacterIsVoided" file="/home/adam/Documents/flare/tests/Unit/Game/Character/Builders/CharacterInformation/CharacterStatBuilderTest.php" line="2268" class="Tests\Unit\Game\Character\Builders\CharacterInformation\CharacterStatBuilderTest" classname="Tests.Unit.Game.Character.Builders.CharacterInformation.CharacterStatBuilderTest" assertions="1" time="0.216625"/>
        <testcase name="testGetStatReducingAffix" file="/home/adam/Documents/flare/tests/Unit/Game/Character/Builders/CharacterInformation/CharacterStatBuilderTest.php" line="1780" class="Tests\Unit\Game\Character\Builders\CharacterInformation\CharacterStatBuilderTest" classname="Tests.Unit.Game.Character.Builders.CharacterInformation.CharacterStatBuilderTest" assertions="1" time="0.258233"/>
        <testcase name="testGetNoDamageForInvalidType" file="/home/adam/Documents/flare/tests/Unit/Game/Character/Builders/CharacterInformation/CharacterStatBuilderTest.php" line="712" class="Tests\Unit\Game\Character\Builders\CharacterInformation\CharacterStatBuilderTest" classname="Tests.Unit.Game.Character.Builders.CharacterInformation.CharacterStatBuilderTest" assertions="1" time="0.235273"/>
        <testcase name="testBuildAffixNonStackingDamageNoEnchantments" file="/home/adam/Documents/flare/tests/Unit/Game/Character/Builders/CharacterInformation/CharacterStatBuilderTest.php" line="1313" class="Tests\Unit\Game\Character\Builders\CharacterInformation\CharacterStatBuilderTest" classname="Tests.Unit.Game.Character.Builders.CharacterInformation.CharacterStatBuilderTest" assertions="1" time="0.221052"/>
        <testcase name="testBuildAffixLifeStealingVampireInHell" file="/home/adam/Documents/flare/tests/Unit/Game/Character/Builders/CharacterInformation/CharacterStatBuilderTest.php" line="1549" class="Tests\Unit\Game\Character\Builders\CharacterInformation\CharacterStatBuilderTest" classname="Tests.Unit.Game.Character.Builders.CharacterInformation.CharacterStatBuilderTest" assertions="1" time="0.282843"/>
        <testcase name="testPositionalSpellDamageWithEmptyInventoryAsCaster" file="/home/adam/Documents/flare/tests/Unit/Game/Character/Builders/CharacterInformation/CharacterStatBuilderTest.php" line="764" class="Tests\Unit\Game\Character\Builders\CharacterInformation\CharacterStatBuilderTest" classname="Tests.Unit.Game.Character.Builders.CharacterInformation.CharacterStatBuilderTest" assertions="1" time="0.224475"/>
        <testcase name="testHealingWithNoEquipmentAsAProphet" file="/home/adam/Documents/flare/tests/Unit/Game/Character/Builders/CharacterInformation/CharacterStatBuilderTest.php" line="965" class="Tests\Unit\Game\Character\Builders\CharacterInformation\CharacterStatBuilderTest" classname="Tests.Unit.Game.Character.Builders.CharacterInformation.CharacterStatBuilderTest" assertions="1" time="0.227237"/>
        <testcase name="testBuildAffixLifeStealingVampireInPurgatory" file="/home/adam/Documents/flare/tests/Unit/Game/Character/Builders/CharacterInformation/CharacterStatBuilderTest.php" line="1506" class="Tests\Unit\Game\Character\Builders\CharacterInformation\CharacterStatBuilderTest" classname="Tests.Unit.Game.Character.Builders.CharacterInformation.CharacterStatBuilderTest" assertions="1" time="0.236482"/>
        <testcase name="testBuildAffixLifeStealingVampireInEventMapIcePlaneWithAccessToPurgatory" file="/home/adam/Documents/flare/tests/Unit/Game/Character/Builders/CharacterInformation/CharacterStatBuilderTest.php" line="1635" class="Tests\Unit\Game\Character\Builders\CharacterInformation\CharacterStatBuilderTest" classname="Tests.Unit.Game.Character.Builders.CharacterInformation.CharacterStatBuilderTest" assertions="1" time="0.299009"/>
        <testcase name="testGetPositionalHealing" file="/home/adam/Documents/flare/tests/Unit/Game/Character/Builders/CharacterInformation/CharacterStatBuilderTest.php" line="784" class="Tests\Unit\Game\Character\Builders\CharacterInformation\CharacterStatBuilderTest" classname="Tests.Unit.Game.Character.Builders.CharacterInformation.CharacterStatBuilderTest" assertions="1" time="0.229854"/>
        <testcase name="testDevouringWithAffixesInPurgatory" file="/home/adam/Documents/flare/tests/Unit/Game/Character/Builders/CharacterInformation/CharacterStatBuilderTest.php" line="1048" class="Tests\Unit\Game\Character\Builders\CharacterInformation\CharacterStatBuilderTest" classname="Tests.Unit.Game.Character.Builders.CharacterInformation.CharacterStatBuilderTest" assertions="1" time="0.234842"/>
        <testcase name="testBuildAffixNonStackingDamage" file="/home/adam/Documents/flare/tests/Unit/Game/Character/Builders/CharacterInformation/CharacterStatBuilderTest.php" line="1283" class="Tests\Unit\Game\Character\Builders\CharacterInformation\CharacterStatBuilderTest" classname="Tests.Unit.Game.Character.Builders.CharacterInformation.CharacterStatBuilderTest" assertions="1" time="0.260350"/>
        <testcase name="testBuildAffixLifeStealingVampireInEventMapDelusionalMemoriesWithAccessToPurgatory" file="/home/adam/Documents/flare/tests/Unit/Game/Character/Builders/CharacterInformation/CharacterStatBuilderTest.php" line="1683" class="Tests\Unit\Game\Character\Builders\CharacterInformation\CharacterStatBuilderTest" classname="Tests.Unit.Game.Character.Builders.CharacterInformation.CharacterStatBuilderTest" assertions="1" time="0.231231"/>
        <testcase name="testEntrancingChanceWithInventory" file="/home/adam/Documents/flare/tests/Unit/Game/Character/Builders/CharacterInformation/CharacterStatBuilderTest.php" line="1750" class="Tests\Unit\Game\Character\Builders\CharacterInformation\CharacterStatBuilderTest" classname="Tests.Unit.Game.Character.Builders.CharacterInformation.CharacterStatBuilderTest" assertions="1" time="0.226804"/>
        <testcase name="testPositionalSpellDamage" file="/home/adam/Documents/flare/tests/Unit/Game/Character/Builders/CharacterInformation/CharacterStatBuilderTest.php" line="743" class="Tests\Unit\Game\Character\Builders\CharacterInformation\CharacterStatBuilderTest" classname="Tests.Unit.Game.Character.Builders.CharacterInformation.CharacterStatBuilderTest" assertions="1" time="0.251104"/>
        <testcase name="testGetPositionalHealingWhenClassIsCleric" file="/home/adam/Documents/flare/tests/Unit/Game/Character/Builders/CharacterInformation/CharacterStatBuilderTest.php" line="795" class="Tests\Unit\Game\Character\Builders\CharacterInformation\CharacterStatBuilderTest" classname="Tests.Unit.Game.Character.Builders.CharacterInformation.CharacterStatBuilderTest" assertions="1" time="0.238579"/>
        <testcase name="testGetPositionalHealingWithEmptyInventoryAsProphet" file="/home/adam/Documents/flare/tests/Unit/Game/Character/Builders/CharacterInformation/CharacterStatBuilderTest.php" line="822" class="Tests\Unit\Game\Character\Builders\CharacterInformation\CharacterStatBuilderTest" classname="Tests.Unit.Game.Character.Builders.CharacterInformation.CharacterStatBuilderTest" assertions="1" time="0.207801"/>
        <testcase name="testResurrectionChanceWithItems" file="/home/adam/Documents/flare/tests/Unit/Game/Character/Builders/CharacterInformation/CharacterStatBuilderTest.php" line="1092" class="Tests\Unit\Game\Character\Builders\CharacterInformation\CharacterStatBuilderTest" classname="Tests.Unit.Game.Character.Builders.CharacterInformation.CharacterStatBuilderTest" assertions="1" time="0.244099"/>
        <testcase name="testSpellDamageForCasterWithNoInventory" file="/home/adam/Documents/flare/tests/Unit/Game/Character/Builders/CharacterInformation/CharacterStatBuilderTest.php" line="694" class="Tests\Unit\Game\Character\Builders\CharacterInformation\CharacterStatBuilderTest" classname="Tests.Unit.Game.Character.Builders.CharacterInformation.CharacterStatBuilderTest" assertions="1" time="0.216602"/>
        <testcase name="testModdedStatShouldBeHigher" file="/home/adam/Documents/flare/tests/Unit/Game/Character/Builders/CharacterInformation/CharacterStatBuilderTest.php" line="237" class="Tests\Unit\Game\Character\Builders\CharacterInformation\CharacterStatBuilderTest" classname="Tests.Unit.Game.Character.Builders.CharacterInformation.CharacterStatBuilderTest" assertions="1" time="0.233751"/>
        <testcase name="testBuildRingDamage" file="/home/adam/Documents/flare/tests/Unit/Game/Character/Builders/CharacterInformation/CharacterStatBuilderTest.php" line="551" class="Tests\Unit\Game\Character\Builders\CharacterInformation\CharacterStatBuilderTest" classname="Tests.Unit.Game.Character.Builders.CharacterInformation.CharacterStatBuilderTest" assertions="1" time="0.258570"/>
        <testcase name="testGetNoStatReducingAffixForNoSuchAffix" file="/home/adam/Documents/flare/tests/Unit/Game/Character/Builders/CharacterInformation/CharacterStatBuilderTest.php" line="1819" class="Tests\Unit\Game\Character\Builders\CharacterInformation\CharacterStatBuilderTest" classname="Tests.Unit.Game.Character.Builders.CharacterInformation.CharacterStatBuilderTest" assertions="1" time="0.222962"/>
        <testcase name="testGetStatReducingAffixForSuffixes" file="/home/adam/Documents/flare/tests/Unit/Game/Character/Builders/CharacterInformation/CharacterStatBuilderTest.php" line="1851" class="Tests\Unit\Game\Character\Builders\CharacterInformation\CharacterStatBuilderTest" classname="Tests.Unit.Game.Character.Builders.CharacterInformation.CharacterStatBuilderTest" assertions="1" time="0.237405"/>
        <testcase name="testResurrectionChanceWithNoItems" file="/home/adam/Documents/flare/tests/Unit/Game/Character/Builders/CharacterInformation/CharacterStatBuilderTest.php" line="1083" class="Tests\Unit\Game\Character\Builders\CharacterInformation\CharacterStatBuilderTest" classname="Tests.Unit.Game.Character.Builders.CharacterInformation.CharacterStatBuilderTest" assertions="1" time="0.258935"/>
        <testcase name="testBuildAffixLifeStealingNonStackingWithNoEnchantments" file="/home/adam/Documents/flare/tests/Unit/Game/Character/Builders/CharacterInformation/CharacterStatBuilderTest.php" line="1424" class="Tests\Unit\Game\Character\Builders\CharacterInformation\CharacterStatBuilderTest" classname="Tests.Unit.Game.Character.Builders.CharacterInformation.CharacterStatBuilderTest" assertions="1" time="0.220957"/>
        <testcase name="testBuildAffixNonStackingDamageVoided" file="/home/adam/Documents/flare/tests/Unit/Game/Character/Builders/CharacterInformation/CharacterStatBuilderTest.php" line="1327" class="Tests\Unit\Game\Character\Builders\CharacterInformation\CharacterStatBuilderTest" classname="Tests.Unit.Game.Character.Builders.CharacterInformation.CharacterStatBuilderTest" assertions="1" time="0.216034"/>
        <testcase name="testGetCounterChance" file="/home/adam/Documents/flare/tests/Unit/Game/Character/Builders/CharacterInformation/CharacterStatBuilderTest.php" line="1928" class="Tests\Unit\Game\Character\Builders\CharacterInformation\CharacterStatBuilderTest" classname="Tests.Unit.Game.Character.Builders.CharacterInformation.CharacterStatBuilderTest" assertions="1" time="0.230128"/>
        <testcase name="testClassBonusWithSkill" file="/home/adam/Documents/flare/tests/Unit/Game/Character/Builders/CharacterInformation/CharacterStatBuilderTest.php" line="83" class="Tests\Unit\Game\Character\Builders\CharacterInformation\CharacterStatBuilderTest" classname="Tests.Unit.Game.Character.Builders.CharacterInformation.CharacterStatBuilderTest" assertions="1" time="0.244999"/>
        <testcase name="testPositionalWeaponDamage" file="/home/adam/Documents/flare/tests/Unit/Game/Character/Builders/CharacterInformation/CharacterStatBuilderTest.php" line="722" class="Tests\Unit\Game\Character\Builders\CharacterInformation\CharacterStatBuilderTest" classname="Tests.Unit.Game.Character.Builders.CharacterInformation.CharacterStatBuilderTest" assertions="1" time="0.244183"/>
        <testcase name="testSpellDamageWithOutSkill" file="/home/adam/Documents/flare/tests/Unit/Game/Character/Builders/CharacterInformation/CharacterStatBuilderTest.php" line="581" class="Tests\Unit\Game\Character\Builders\CharacterInformation\CharacterStatBuilderTest" classname="Tests.Unit.Game.Character.Builders.CharacterInformation.CharacterStatBuilderTest" assertions="1" time="0.237407"/>
        <testcase name="testBuildAffixStackingDamage" file="/home/adam/Documents/flare/tests/Unit/Game/Character/Builders/CharacterInformation/CharacterStatBuilderTest.php" line="1223" class="Tests\Unit\Game\Character\Builders\CharacterInformation\CharacterStatBuilderTest" classname="Tests.Unit.Game.Character.Builders.CharacterInformation.CharacterStatBuilderTest" assertions="1" time="0.259756"/>
        <testcase name="testWeaponDamageWithSkill" file="/home/adam/Documents/flare/tests/Unit/Game/Character/Builders/CharacterInformation/CharacterStatBuilderTest.php" line="510" class="Tests\Unit\Game\Character\Builders\CharacterInformation\CharacterStatBuilderTest" classname="Tests.Unit.Game.Character.Builders.CharacterInformation.CharacterStatBuilderTest" assertions="1" time="0.266708"/>
        <testcase name="testResurrectionChanceWithItemsAsVampire" file="/home/adam/Documents/flare/tests/Unit/Game/Character/Builders/CharacterInformation/CharacterStatBuilderTest.php" line="1138" class="Tests\Unit\Game\Character\Builders\CharacterInformation\CharacterStatBuilderTest" classname="Tests.Unit.Game.Character.Builders.CharacterInformation.CharacterStatBuilderTest" assertions="1" time="0.222325"/>
        <testcase name="testBuildAffixStackingDamageVoided" file="/home/adam/Documents/flare/tests/Unit/Game/Character/Builders/CharacterInformation/CharacterStatBuilderTest.php" line="1253" class="Tests\Unit\Game\Character\Builders\CharacterInformation\CharacterStatBuilderTest" classname="Tests.Unit.Game.Character.Builders.CharacterInformation.CharacterStatBuilderTest" assertions="1" time="0.248757"/>
        <testcase name="testWeaponDamageWithOutSkillVoided" file="/home/adam/Documents/flare/tests/Unit/Game/Character/Builders/CharacterInformation/CharacterStatBuilderTest.php" line="474" class="Tests\Unit\Game\Character\Builders\CharacterInformation\CharacterStatBuilderTest" classname="Tests.Unit.Game.Character.Builders.CharacterInformation.CharacterStatBuilderTest" assertions="1" time="0.228409"/>
        <testcase name="testBuildAffixLifeStealingNonStackingForVampire" file="/home/adam/Documents/flare/tests/Unit/Game/Character/Builders/CharacterInformation/CharacterStatBuilderTest.php" line="1387" class="Tests\Unit\Game\Character\Builders\CharacterInformation\CharacterStatBuilderTest" classname="Tests.Unit.Game.Character.Builders.CharacterInformation.CharacterStatBuilderTest" assertions="1" time="0.223573"/>
        <testcase name="testModdedStatShouldBeHigherWithBoonsAndEquipment" file="/home/adam/Documents/flare/tests/Unit/Game/Character/Builders/CharacterInformation/CharacterStatBuilderTest.php" line="341" class="Tests\Unit\Game\Character\Builders\CharacterInformation\CharacterStatBuilderTest" classname="Tests.Unit.Game.Character.Builders.CharacterInformation.CharacterStatBuilderTest" assertions="1" time="0.249640"/>
        <testcase name="testDevouringWithAffixes" file="/home/adam/Documents/flare/tests/Unit/Game/Character/Builders/CharacterInformation/CharacterStatBuilderTest.php" line="1019" class="Tests\Unit\Game\Character\Builders\CharacterInformation\CharacterStatBuilderTest" classname="Tests.Unit.Game.Character.Builders.CharacterInformation.CharacterStatBuilderTest" assertions="1" time="0.220898"/>
        <testcase name="testBuildAffixLifeStealingVampireInTwistedMemories" file="/home/adam/Documents/flare/tests/Unit/Game/Character/Builders/CharacterInformation/CharacterStatBuilderTest.php" line="1592" class="Tests\Unit\Game\Character\Builders\CharacterInformation\CharacterStatBuilderTest" classname="Tests.Unit.Game.Character.Builders.CharacterInformation.CharacterStatBuilderTest" assertions="1" time="0.241744"/>
        <testcase name="testDevouringWithOnlyQuestItem" file="/home/adam/Documents/flare/tests/Unit/Game/Character/Builders/CharacterInformation/CharacterStatBuilderTest.php" line="983" class="Tests\Unit\Game\Character\Builders\CharacterInformation\CharacterStatBuilderTest" classname="Tests.Unit.Game.Character.Builders.CharacterInformation.CharacterStatBuilderTest" assertions="1" time="0.257206"/>
        <testcase name="testBuildAffixLifeStealingVoided" file="/home/adam/Documents/flare/tests/Unit/Game/Character/Builders/CharacterInformation/CharacterStatBuilderTest.php" line="1438" class="Tests\Unit\Game\Character\Builders\CharacterInformation\CharacterStatBuilderTest" classname="Tests.Unit.Game.Character.Builders.CharacterInformation.CharacterStatBuilderTest" assertions="1" time="0.227458"/>
        <testcase name="testGetPositionalHealingWithEmptyInventory" file="/home/adam/Documents/flare/tests/Unit/Game/Character/Builders/CharacterInformation/CharacterStatBuilderTest.php" line="812" class="Tests\Unit\Game\Character\Builders\CharacterInformation\CharacterStatBuilderTest" classname="Tests.Unit.Game.Character.Builders.CharacterInformation.CharacterStatBuilderTest" assertions="1" time="0.209139"/>
        <testcase name="testHealingWithOutSkill" file="/home/adam/Documents/flare/tests/Unit/Game/Character/Builders/CharacterInformation/CharacterStatBuilderTest.php" line="842" class="Tests\Unit\Game\Character\Builders\CharacterInformation\CharacterStatBuilderTest" classname="Tests.Unit.Game.Character.Builders.CharacterInformation.CharacterStatBuilderTest" assertions="1" time="0.260565"/>
        <testcase name="testAffixesCannotBeResisted" file="/home/adam/Documents/flare/tests/Unit/Game/Character/Builders/CharacterInformation/CharacterStatBuilderTest.php" line="170" class="Tests\Unit\Game\Character\Builders\CharacterInformation\CharacterStatBuilderTest" classname="Tests.Unit.Game.Character.Builders.CharacterInformation.CharacterStatBuilderTest" assertions="1" time="0.213519"/>
        <testcase name="testSpellDamageWithSkill" file="/home/adam/Documents/flare/tests/Unit/Game/Character/Builders/CharacterInformation/CharacterStatBuilderTest.php" line="653" class="Tests\Unit\Game\Character\Builders\CharacterInformation\CharacterStatBuilderTest" classname="Tests.Unit.Game.Character.Builders.CharacterInformation.CharacterStatBuilderTest" assertions="1" time="0.266063"/>
        <testcase name="testWeaponDamageWithOutSkill" file="/home/adam/Documents/flare/tests/Unit/Game/Character/Builders/CharacterInformation/CharacterStatBuilderTest.php" line="438" class="Tests\Unit\Game\Character\Builders\CharacterInformation\CharacterStatBuilderTest" classname="Tests.Unit.Game.Character.Builders.CharacterInformation.CharacterStatBuilderTest" assertions="1" time="0.269804"/>
        <testcase name="testHealingWithSkill" file="/home/adam/Documents/flare/tests/Unit/Game/Character/Builders/CharacterInformation/CharacterStatBuilderTest.php" line="914" class="Tests\Unit\Game\Character\Builders\CharacterInformation\CharacterStatBuilderTest" classname="Tests.Unit.Game.Character.Builders.CharacterInformation.CharacterStatBuilderTest" assertions="1" time="0.259480"/>
        <testcase name="testSpellDamageWithOutSkillVoided" file="/home/adam/Documents/flare/tests/Unit/Game/Character/Builders/CharacterInformation/CharacterStatBuilderTest.php" line="617" class="Tests\Unit\Game\Character\Builders\CharacterInformation\CharacterStatBuilderTest" classname="Tests.Unit.Game.Character.Builders.CharacterInformation.CharacterStatBuilderTest" assertions="1" time="0.232202"/>
        <testcase name="testBuildAffixLifeStealingVampire" file="/home/adam/Documents/flare/tests/Unit/Game/Character/Builders/CharacterInformation/CharacterStatBuilderTest.php" line="1469" class="Tests\Unit\Game\Character\Builders\CharacterInformation\CharacterStatBuilderTest" classname="Tests.Unit.Game.Character.Builders.CharacterInformation.CharacterStatBuilderTest" assertions="1" time="0.284296"/>
        <testcase name="testHealingWithOutSkillVoided" file="/home/adam/Documents/flare/tests/Unit/Game/Character/Builders/CharacterInformation/CharacterStatBuilderTest.php" line="878" class="Tests\Unit\Game\Character\Builders\CharacterInformation\CharacterStatBuilderTest" classname="Tests.Unit.Game.Character.Builders.CharacterInformation.CharacterStatBuilderTest" assertions="1" time="0.234283"/>
        <testcase name="testWeaponDamageForAlcoholicShouldBeLowerThenFighter" file="/home/adam/Documents/flare/tests/Unit/Game/Character/Builders/CharacterInformation/CharacterStatBuilderTest.php" line="1988" class="Tests\Unit\Game\Character\Builders\CharacterInformation\CharacterStatBuilderTest" classname="Tests.Unit.Game.Character.Builders.CharacterInformation.CharacterStatBuilderTest" assertions="1" time="0.372061"/>
        <testcase name="testSpellDamageShouldBeHalfDamageForAlcoHolics" file="/home/adam/Documents/flare/tests/Unit/Game/Character/Builders/CharacterInformation/CharacterStatBuilderTest.php" line="2056" class="Tests\Unit\Game\Character\Builders\CharacterInformation\CharacterStatBuilderTest" classname="Tests.Unit.Game.Character.Builders.CharacterInformation.CharacterStatBuilderTest" assertions="1" time="0.459638"/>
        <testcase name="testSpellHealingShouldBeHalfDamageForAlcoHolics" file="/home/adam/Documents/flare/tests/Unit/Game/Character/Builders/CharacterInformation/CharacterStatBuilderTest.php" line="2108" class="Tests\Unit\Game\Character\Builders\CharacterInformation\CharacterStatBuilderTest" classname="Tests.Unit.Game.Character.Builders.CharacterInformation.CharacterStatBuilderTest" assertions="1" time="0.399272"/>
        <testcase name="testArcaneAlchemistHealingBonusIsLessThenProphets" file="/home/adam/Documents/flare/tests/Unit/Game/Character/Builders/CharacterInformation/CharacterStatBuilderTest.php" line="2160" class="Tests\Unit\Game\Character\Builders\CharacterInformation\CharacterStatBuilderTest" classname="Tests.Unit.Game.Character.Builders.CharacterInformation.CharacterStatBuilderTest" assertions="1" time="0.617727"/>
        <testcase name="testGetAmbushChance" file="/home/adam/Documents/flare/tests/Unit/Game/Character/Builders/CharacterInformation/CharacterStatBuilderTest.php" line="1892" class="Tests\Unit\Game\Character\Builders\CharacterInformation\CharacterStatBuilderTest" classname="Tests.Unit.Game.Character.Builders.CharacterInformation.CharacterStatBuilderTest" assertions="1" time="0.216693"/>
        <testcase name="testRangerHealingBonusIsLessThenProphets" file="/home/adam/Documents/flare/tests/Unit/Game/Character/Builders/CharacterInformation/CharacterStatBuilderTest.php" line="2214" class="Tests\Unit\Game\Character\Builders\CharacterInformation\CharacterStatBuilderTest" classname="Tests.Unit.Game.Character.Builders.CharacterInformation.CharacterStatBuilderTest" assertions="1" time="0.562938"/>
        <testcase name="testWeaponDamageForAlcoholicShouldBeHigherThenFighterWhenNoWeaponsEquipped" file="/home/adam/Documents/flare/tests/Unit/Game/Character/Builders/CharacterInformation/CharacterStatBuilderTest.php" line="2022" class="Tests\Unit\Game\Character\Builders\CharacterInformation\CharacterStatBuilderTest" classname="Tests.Unit.Game.Character.Builders.CharacterInformation.CharacterStatBuilderTest" assertions="1" time="0.802525"/>
      </testsuite>
      <testsuite name="Tests\Unit\Game\Character\Builders\StatDetailsBuilder\StatModifierDetailsTest" file="/home/adam/Documents/flare/tests/Unit/Game/Character/Builders/StatDetailsBuilder/StatModifierDetailsTest.php" tests="24" assertions="229" errors="0" failures="0" skipped="0" time="8.960403">
        <testcase name="testGetDetailsForStatWhenOnNormalMapAndNaked" file="/home/adam/Documents/flare/tests/Unit/Game/Character/Builders/StatDetailsBuilder/StatModifierDetailsTest.php" line="91" class="Tests\Unit\Game\Character\Builders\StatDetailsBuilder\StatModifierDetailsTest" classname="Tests.Unit.Game.Character.Builders.StatDetailsBuilder.StatModifierDetailsTest" assertions="5" time="0.213653"/>
        <testcase name="testGetACDetailsWhenNotVoidedAndNaked" file="/home/adam/Documents/flare/tests/Unit/Game/Character/Builders/StatDetailsBuilder/StatModifierDetailsTest.php" line="155" class="Tests\Unit\Game\Character\Builders\StatDetailsBuilder\StatModifierDetailsTest" classname="Tests.Unit.Game.Character.Builders.StatDetailsBuilder.StatModifierDetailsTest" assertions="7" time="0.252394"/>
        <testcase name="testGetDamageForSpellDamageWhenNotVoidedAndNaked" file="/home/adam/Documents/flare/tests/Unit/Game/Character/Builders/StatDetailsBuilder/StatModifierDetailsTest.php" line="342" class="Tests\Unit\Game\Character\Builders\StatDetailsBuilder\StatModifierDetailsTest" classname="Tests.Unit.Game.Character.Builders.StatDetailsBuilder.StatModifierDetailsTest" assertions="14" time="0.268006"/>
        <testcase name="testGetDamageForWeaponsWhenNotVoidedAndNaked" file="/home/adam/Documents/flare/tests/Unit/Game/Character/Builders/StatDetailsBuilder/StatModifierDetailsTest.php" line="320" class="Tests\Unit\Game\Character\Builders\StatDetailsBuilder\StatModifierDetailsTest" classname="Tests.Unit.Game.Character.Builders.StatDetailsBuilder.StatModifierDetailsTest" assertions="14" time="0.234880"/>
        <testcase name="testGetDamageForRingDamageWhenNaked" file="/home/adam/Documents/flare/tests/Unit/Game/Character/Builders/StatDetailsBuilder/StatModifierDetailsTest.php" line="416" class="Tests\Unit\Game\Character\Builders\StatDetailsBuilder\StatModifierDetailsTest" classname="Tests.Unit.Game.Character.Builders.StatDetailsBuilder.StatModifierDetailsTest" assertions="14" time="0.229716"/>
        <testcase name="testGetHealthDetailsWhenNotVoided" file="/home/adam/Documents/flare/tests/Unit/Game/Character/Builders/StatDetailsBuilder/StatModifierDetailsTest.php" line="104" class="Tests\Unit\Game\Character\Builders\StatDetailsBuilder\StatModifierDetailsTest" classname="Tests.Unit.Game.Character.Builders.StatDetailsBuilder.StatModifierDetailsTest" assertions="2" time="0.322032"/>
        <testcase name="testGetACDetailsWhenNotVoided" file="/home/adam/Documents/flare/tests/Unit/Game/Character/Builders/StatDetailsBuilder/StatModifierDetailsTest.php" line="124" class="Tests\Unit\Game\Character\Builders\StatDetailsBuilder\StatModifierDetailsTest" classname="Tests.Unit.Game.Character.Builders.StatDetailsBuilder.StatModifierDetailsTest" assertions="8" time="0.337780"/>
        <testcase name="testGetACDetailsWhenVoided" file="/home/adam/Documents/flare/tests/Unit/Game/Character/Builders/StatDetailsBuilder/StatModifierDetailsTest.php" line="140" class="Tests\Unit\Game\Character\Builders\StatDetailsBuilder\StatModifierDetailsTest" classname="Tests.Unit.Game.Character.Builders.StatDetailsBuilder.StatModifierDetailsTest" assertions="7" time="0.362987"/>
        <testcase name="testGetDamageForSpellDamageWhenClassIsHereticAndNotVoidedAndNaked" file="/home/adam/Documents/flare/tests/Unit/Game/Character/Builders/StatDetailsBuilder/StatModifierDetailsTest.php" line="364" class="Tests\Unit\Game\Character\Builders\StatDetailsBuilder\StatModifierDetailsTest" classname="Tests.Unit.Game.Character.Builders.StatDetailsBuilder.StatModifierDetailsTest" assertions="14" time="0.373155"/>
        <testcase name="testGetDetailsForStatWhenOnEventMap" file="/home/adam/Documents/flare/tests/Unit/Game/Character/Builders/StatDetailsBuilder/StatModifierDetailsTest.php" line="73" class="Tests\Unit\Game\Character\Builders\StatDetailsBuilder\StatModifierDetailsTest" classname="Tests.Unit.Game.Character.Builders.StatDetailsBuilder.StatModifierDetailsTest" assertions="5" time="0.347717"/>
        <testcase name="testGetHealthDetailsWhenVoided" file="/home/adam/Documents/flare/tests/Unit/Game/Character/Builders/StatDetailsBuilder/StatModifierDetailsTest.php" line="114" class="Tests\Unit\Game\Character\Builders\StatDetailsBuilder\StatModifierDetailsTest" classname="Tests.Unit.Game.Character.Builders.StatDetailsBuilder.StatModifierDetailsTest" assertions="2" time="0.310428"/>
        <testcase name="testGetDamageForRingDamageWhenNotVoided" file="/home/adam/Documents/flare/tests/Unit/Game/Character/Builders/StatDetailsBuilder/StatModifierDetailsTest.php" line="393" class="Tests\Unit\Game\Character\Builders\StatDetailsBuilder\StatModifierDetailsTest" classname="Tests.Unit.Game.Character.Builders.StatDetailsBuilder.StatModifierDetailsTest" assertions="14" time="0.370688"/>
        <testcase name="testDamageWhenNotEquippedAndAlcoholic" file="/home/adam/Documents/flare/tests/Unit/Game/Character/Builders/StatDetailsBuilder/StatModifierDetailsTest.php" line="527" class="Tests\Unit\Game\Character\Builders\StatDetailsBuilder\StatModifierDetailsTest" classname="Tests.Unit.Game.Character.Builders.StatDetailsBuilder.StatModifierDetailsTest" assertions="2" time="0.416387"/>
        <testcase name="testDamageWhenNotEquipped" file="/home/adam/Documents/flare/tests/Unit/Game/Character/Builders/StatDetailsBuilder/StatModifierDetailsTest.php" line="483" class="Tests\Unit\Game\Character\Builders\StatDetailsBuilder\StatModifierDetailsTest" classname="Tests.Unit.Game.Character.Builders.StatDetailsBuilder.StatModifierDetailsTest" assertions="2" time="0.412516"/>
        <testcase name="testGetDetailsForStat" file="/home/adam/Documents/flare/tests/Unit/Game/Character/Builders/StatDetailsBuilder/StatModifierDetailsTest.php" line="55" class="Tests\Unit\Game\Character\Builders\StatDetailsBuilder\StatModifierDetailsTest" classname="Tests.Unit.Game.Character.Builders.StatDetailsBuilder.StatModifierDetailsTest" assertions="5" time="0.400063"/>
        <testcase name="testGetDamageForSpellDamageWhenVoided" file="/home/adam/Documents/flare/tests/Unit/Game/Character/Builders/StatDetailsBuilder/StatModifierDetailsTest.php" line="267" class="Tests\Unit\Game\Character\Builders\StatDetailsBuilder\StatModifierDetailsTest" classname="Tests.Unit.Game.Character.Builders.StatDetailsBuilder.StatModifierDetailsTest" assertions="14" time="0.424761"/>
        <testcase name="testGetDamageForWeaponsWhenNotVoided" file="/home/adam/Documents/flare/tests/Unit/Game/Character/Builders/StatDetailsBuilder/StatModifierDetailsTest.php" line="170" class="Tests\Unit\Game\Character\Builders\StatDetailsBuilder\StatModifierDetailsTest" classname="Tests.Unit.Game.Character.Builders.StatDetailsBuilder.StatModifierDetailsTest" assertions="14" time="0.395758"/>
        <testcase name="testGetDamageForSpellDamageWhenNotVoided" file="/home/adam/Documents/flare/tests/Unit/Game/Character/Builders/StatDetailsBuilder/StatModifierDetailsTest.php" line="192" class="Tests\Unit\Game\Character\Builders\StatDetailsBuilder\StatModifierDetailsTest" classname="Tests.Unit.Game.Character.Builders.StatDetailsBuilder.StatModifierDetailsTest" assertions="14" time="0.466488"/>
        <testcase name="testDamageWhenNotEquippedAndFighter" file="/home/adam/Documents/flare/tests/Unit/Game/Character/Builders/StatDetailsBuilder/StatModifierDetailsTest.php" line="505" class="Tests\Unit\Game\Character\Builders\StatDetailsBuilder\StatModifierDetailsTest" classname="Tests.Unit.Game.Character.Builders.StatDetailsBuilder.StatModifierDetailsTest" assertions="2" time="0.377380"/>
        <testcase name="testGetDamageForSpellHealingWhenVoided" file="/home/adam/Documents/flare/tests/Unit/Game/Character/Builders/StatDetailsBuilder/StatModifierDetailsTest.php" line="461" class="Tests\Unit\Game\Character\Builders\StatDetailsBuilder\StatModifierDetailsTest" classname="Tests.Unit.Game.Character.Builders.StatDetailsBuilder.StatModifierDetailsTest" assertions="14" time="0.467961"/>
        <testcase name="testGetDamageForSpellHealingWhenNotVoided" file="/home/adam/Documents/flare/tests/Unit/Game/Character/Builders/StatDetailsBuilder/StatModifierDetailsTest.php" line="439" class="Tests\Unit\Game\Character\Builders\StatDetailsBuilder\StatModifierDetailsTest" classname="Tests.Unit.Game.Character.Builders.StatDetailsBuilder.StatModifierDetailsTest" assertions="14" time="0.432746"/>
        <testcase name="testGetDamageForWeaponsWhenVoided" file="/home/adam/Documents/flare/tests/Unit/Game/Character/Builders/StatDetailsBuilder/StatModifierDetailsTest.php" line="245" class="Tests\Unit\Game\Character\Builders\StatDetailsBuilder\StatModifierDetailsTest" classname="Tests.Unit.Game.Character.Builders.StatDetailsBuilder.StatModifierDetailsTest" assertions="14" time="0.450839"/>
        <testcase name="testGetDamageForSpellDamageWhenClassIsHereticAndVoided" file="/home/adam/Documents/flare/tests/Unit/Game/Character/Builders/StatDetailsBuilder/StatModifierDetailsTest.php" line="289" class="Tests\Unit\Game\Character\Builders\StatDetailsBuilder\StatModifierDetailsTest" classname="Tests.Unit.Game.Character.Builders.StatDetailsBuilder.StatModifierDetailsTest" assertions="14" time="0.524077"/>
        <testcase name="testGetDamageForSpellDamageWhenClassIsHereticAndNotVoided" file="/home/adam/Documents/flare/tests/Unit/Game/Character/Builders/StatDetailsBuilder/StatModifierDetailsTest.php" line="214" class="Tests\Unit\Game\Character\Builders\StatDetailsBuilder\StatModifierDetailsTest" classname="Tests.Unit.Game.Character.Builders.StatDetailsBuilder.StatModifierDetailsTest" assertions="14" time="0.567991"/>
      </testsuite>
      <testsuite name="Tests\Unit\Game\Character\CharacterCreation\Listeners\CreateCharacterListenerTest" file="/home/adam/Documents/flare/tests/Unit/Game/Character/CharacterCreation/Listeners/CreateCharacterListenerTest.php" tests="2" assertions="18" errors="0" failures="0" skipped="0" time="0.373979">
        <testcase name="testHandleUsesRaceAndClassFromRequestIds" file="/home/adam/Documents/flare/tests/Unit/Game/Character/CharacterCreation/Listeners/CreateCharacterListenerTest.php" line="94" class="Tests\Unit\Game\Character\CharacterCreation\Listeners\CreateCharacterListenerTest" classname="Tests.Unit.Game.Character.CharacterCreation.Listeners.CreateCharacterListenerTest" assertions="5" time="0.201626"/>
        <testcase name="testHandleCreatesCharacterThroughPipeline" file="/home/adam/Documents/flare/tests/Unit/Game/Character/CharacterCreation/Listeners/CreateCharacterListenerTest.php" line="35" class="Tests\Unit\Game\Character\CharacterCreation\Listeners\CreateCharacterListenerTest" classname="Tests.Unit.Game.Character.CharacterCreation.Listeners.CreateCharacterListenerTest" assertions="13" time="0.172353"/>
      </testsuite>
      <testsuite name="Tests\Unit\Game\Character\CharacterCreation\Pipeline\CharacterCreationPipelineTest" file="/home/adam/Documents/flare/tests/Unit/Game/Character/CharacterCreation/Pipeline/CharacterCreationPipelineTest.php" tests="2" assertions="35" errors="0" failures="0" skipped="0" time="0.300987">
        <testcase name="testRunNoOpWithEmptyState" file="/home/adam/Documents/flare/tests/Unit/Game/Character/CharacterCreation/Pipeline/CharacterCreationPipelineTest.php" line="155" class="Tests\Unit\Game\Character\CharacterCreation\Pipeline\CharacterCreationPipelineTest" classname="Tests.Unit.Game.Character.CharacterCreation.Pipeline.CharacterCreationPipelineTest" assertions="8" time="0.102589"/>
        <testcase name="testRunBuildsFullCharacter" file="/home/adam/Documents/flare/tests/Unit/Game/Character/CharacterCreation/Pipeline/CharacterCreationPipelineTest.php" line="42" class="Tests\Unit\Game\Character\CharacterCreation\Pipeline\CharacterCreationPipelineTest" classname="Tests.Unit.Game.Character.CharacterCreation.Pipeline.CharacterCreationPipelineTest" assertions="27" time="0.198398"/>
      </testsuite>
      <testsuite name="Tests\Unit\Game\Character\CharacterCreation\Pipeline\Steps\BuildCacheTest" file="/home/adam/Documents/flare/tests/Unit/Game/Character/CharacterCreation/Pipeline/Steps/BuildCacheTest.php" tests="2" assertions="4" errors="0" failures="0" skipped="0" time="0.254007">
        <testcase name="testNoOpWhenStateHasNoCharacter" file="/home/adam/Documents/flare/tests/Unit/Game/Character/CharacterCreation/Pipeline/Steps/BuildCacheTest.php" line="65" class="Tests\Unit\Game\Character\CharacterCreation\Pipeline\Steps\BuildCacheTest" classname="Tests.Unit.Game.Character.CharacterCreation.Pipeline.Steps.BuildCacheTest" assertions="2" time="0.131428"/>
        <testcase name="testBuildsCacheWhenCharacterPresent" file="/home/adam/Documents/flare/tests/Unit/Game/Character/CharacterCreation/Pipeline/Steps/BuildCacheTest.php" line="25" class="Tests\Unit\Game\Character\CharacterCreation\Pipeline\Steps\BuildCacheTest" classname="Tests.Unit.Game.Character.CharacterCreation.Pipeline.Steps.BuildCacheTest" assertions="2" time="0.122580"/>
      </testsuite>
      <testsuite name="Tests\Unit\Game\Character\CharacterCreation\Pipeline\Steps\CharacterCreatorTest" file="/home/adam/Documents/flare/tests/Unit/Game/Character/CharacterCreation/Pipeline/Steps/CharacterCreatorTest.php" tests="2" assertions="21" errors="0" failures="0" skipped="0" time="0.222663">
        <testcase name="testNoOpWhenStateMissingData" file="/home/adam/Documents/flare/tests/Unit/Game/Character/CharacterCreation/Pipeline/Steps/CharacterCreatorTest.php" line="87" class="Tests\Unit\Game\Character\CharacterCreation\Pipeline\Steps\CharacterCreatorTest" classname="Tests.Unit.Game.Character.CharacterCreation.Pipeline.Steps.CharacterCreatorTest" assertions="2" time="0.096770"/>
        <testcase name="testCreatesCharacterWithBaseStatsAndStoresOnState" file="/home/adam/Documents/flare/tests/Unit/Game/Character/CharacterCreation/Pipeline/Steps/CharacterCreatorTest.php" line="18" class="Tests\Unit\Game\Character\CharacterCreation\Pipeline\Steps\CharacterCreatorTest" classname="Tests.Unit.Game.Character.CharacterCreation.Pipeline.Steps.CharacterCreatorTest" assertions="19" time="0.125893"/>
      </testsuite>
      <testsuite name="Tests\Unit\Game\Character\CharacterCreation\Pipeline\Steps\ClassRankAssignerTest" file="/home/adam/Documents/flare/tests/Unit/Game/Character/CharacterCreation/Pipeline/Steps/ClassRankAssignerTest.php" tests="2" assertions="11" errors="0" failures="0" skipped="0" time="0.299015">
        <testcase name="testNoOpWhenStateHasNoCharacter" file="/home/adam/Documents/flare/tests/Unit/Game/Character/CharacterCreation/Pipeline/Steps/ClassRankAssignerTest.php" line="96" class="Tests\Unit\Game\Character\CharacterCreation\Pipeline\Steps\ClassRankAssignerTest" classname="Tests.Unit.Game.Character.CharacterCreation.Pipeline.Steps.ClassRankAssignerTest" assertions="3" time="0.155140"/>
        <testcase name="testCreatesClassRanksAndWeaponMasteriesForAllClasses" file="/home/adam/Documents/flare/tests/Unit/Game/Character/CharacterCreation/Pipeline/Steps/ClassRankAssignerTest.php" line="29" class="Tests\Unit\Game\Character\CharacterCreation\Pipeline\Steps\ClassRankAssignerTest" classname="Tests.Unit.Game.Character.CharacterCreation.Pipeline.Steps.ClassRankAssignerTest" assertions="8" time="0.143876"/>
      </testsuite>
      <testsuite name="Tests\Unit\Game\Character\CharacterCreation\Pipeline\Steps\FactionAssignerTest" file="/home/adam/Documents/flare/tests/Unit/Game/Character/CharacterCreation/Pipeline/Steps/FactionAssignerTest.php" tests="2" assertions="9" errors="0" failures="0" skipped="0" time="0.262153">
        <testcase name="testCreatesFactionsForNonPurgatoryMaps" file="/home/adam/Documents/flare/tests/Unit/Game/Character/CharacterCreation/Pipeline/Steps/FactionAssignerTest.php" line="28" class="Tests\Unit\Game\Character\CharacterCreation\Pipeline\Steps\FactionAssignerTest" classname="Tests.Unit.Game.Character.CharacterCreation.Pipeline.Steps.FactionAssignerTest" assertions="6" time="0.130221"/>
        <testcase name="testNoOpWhenStateHasNoCharacter" file="/home/adam/Documents/flare/tests/Unit/Game/Character/CharacterCreation/Pipeline/Steps/FactionAssignerTest.php" line="84" class="Tests\Unit\Game\Character\CharacterCreation\Pipeline\Steps\FactionAssignerTest" classname="Tests.Unit.Game.Character.CharacterCreation.Pipeline.Steps.FactionAssignerTest" assertions="3" time="0.131932"/>
      </testsuite>
      <testsuite name="Tests\Unit\Game\Character\CharacterCreation\Pipeline\Steps\MapPlacementTest" file="/home/adam/Documents/flare/tests/Unit/Game/Character/CharacterCreation/Pipeline/Steps/MapPlacementTest.php" tests="3" assertions="9" errors="0" failures="0" skipped="0" time="0.391890">
        <testcase name="testNoOpWhenStateHasNoCharacter" file="/home/adam/Documents/flare/tests/Unit/Game/Character/CharacterCreation/Pipeline/Steps/MapPlacementTest.php" line="70" class="Tests\Unit\Game\Character\CharacterCreation\Pipeline\Steps\MapPlacementTest" classname="Tests.Unit.Game.Character.CharacterCreation.Pipeline.Steps.MapPlacementTest" assertions="2" time="0.145963"/>
        <testcase name="testPlacesCharacterOnMap" file="/home/adam/Documents/flare/tests/Unit/Game/Character/CharacterCreation/Pipeline/Steps/MapPlacementTest.php" line="27" class="Tests\Unit\Game\Character\CharacterCreation\Pipeline\Steps\MapPlacementTest" classname="Tests.Unit.Game.Character.CharacterCreation.Pipeline.Steps.MapPlacementTest" assertions="4" time="0.120684"/>
        <testcase name="testNoOpWhenStateHasNoMap" file="/home/adam/Documents/flare/tests/Unit/Game/Character/CharacterCreation/Pipeline/Steps/MapPlacementTest.php" line="88" class="Tests\Unit\Game\Character\CharacterCreation\Pipeline\Steps\MapPlacementTest" classname="Tests.Unit.Game.Character.CharacterCreation.Pipeline.Steps.MapPlacementTest" assertions="3" time="0.125242"/>
      </testsuite>
      <testsuite name="Tests\Unit\Game\Character\CharacterCreation\Pipeline\Steps\PassiveSkillAssignerTest" file="/home/adam/Documents/flare/tests/Unit/Game/Character/CharacterCreation/Pipeline/Steps/PassiveSkillAssignerTest.php" tests="2" assertions="10" errors="0" failures="0" skipped="0" time="0.279880">
        <testcase name="testNoOpWhenStateHasNoCharacter" file="/home/adam/Documents/flare/tests/Unit/Game/Character/CharacterCreation/Pipeline/Steps/PassiveSkillAssignerTest.php" line="92" class="Tests\Unit\Game\Character\CharacterCreation\Pipeline\Steps\PassiveSkillAssignerTest" classname="Tests.Unit.Game.Character.CharacterCreation.Pipeline.Steps.PassiveSkillAssignerTest" assertions="2" time="0.112767"/>
        <testcase name="testAssignsTopLevelAndChildPassives" file="/home/adam/Documents/flare/tests/Unit/Game/Character/CharacterCreation/Pipeline/Steps/PassiveSkillAssignerTest.php" line="26" class="Tests\Unit\Game\Character\CharacterCreation\Pipeline\Steps\PassiveSkillAssignerTest" classname="Tests.Unit.Game.Character.CharacterCreation.Pipeline.Steps.PassiveSkillAssignerTest" assertions="8" time="0.167114"/>
      </testsuite>
      <testsuite name="Tests\Unit\Game\Character\CharacterCreation\Pipeline\Steps\SkillAssignerTest" file="/home/adam/Documents/flare/tests/Unit/Game/Character/CharacterCreation/Pipeline/Steps/SkillAssignerTest.php" tests="2" assertions="5" errors="0" failures="0" skipped="0" time="0.263735">
        <testcase name="testNoOpWhenStateHasNoCharacter" file="/home/adam/Documents/flare/tests/Unit/Game/Character/CharacterCreation/Pipeline/Steps/SkillAssignerTest.php" line="74" class="Tests\Unit\Game\Character\CharacterCreation\Pipeline\Steps\SkillAssignerTest" classname="Tests.Unit.Game.Character.CharacterCreation.Pipeline.Steps.SkillAssignerTest" assertions="2" time="0.126104"/>
        <testcase name="testAssignsGeneralAndClassSkills" file="/home/adam/Documents/flare/tests/Unit/Game/Character/CharacterCreation/Pipeline/Steps/SkillAssignerTest.php" line="26" class="Tests\Unit\Game\Character\CharacterCreation\Pipeline\Steps\SkillAssignerTest" classname="Tests.Unit.Game.Character.CharacterCreation.Pipeline.Steps.SkillAssignerTest" assertions="3" time="0.137631"/>
      </testsuite>
      <testsuite name="Tests\Unit\Game\Character\CharacterCreation\Pipeline\Steps\StarterWeaponAndInventoryTest" file="/home/adam/Documents/flare/tests/Unit/Game/Character/CharacterCreation/Pipeline/Steps/StarterWeaponAndInventoryTest.php" tests="6" assertions="19" errors="0" failures="0" skipped="0" time="0.864658">
        <testcase name="testNoOpWhenStateHasNoCharacter" file="/home/adam/Documents/flare/tests/Unit/Game/Character/CharacterCreation/Pipeline/Steps/StarterWeaponAndInventoryTest.php" line="89" class="Tests\Unit\Game\Character\CharacterCreation\Pipeline\Steps\StarterWeaponAndInventoryTest" classname="Tests.Unit.Game.Character.CharacterCreation.Pipeline.Steps.StarterWeaponAndInventoryTest" assertions="3" time="0.098771"/>
        <testcase name="testThrowsWhenNoStarterItemsExist" file="/home/adam/Documents/flare/tests/Unit/Game/Character/CharacterCreation/Pipeline/Steps/StarterWeaponAndInventoryTest.php" line="105" class="Tests\Unit\Game\Character\CharacterCreation\Pipeline\Steps\StarterWeaponAndInventoryTest" classname="Tests.Unit.Game.Character.CharacterCreation.Pipeline.Steps.StarterWeaponAndInventoryTest" assertions="1" time="0.170473"/>
        <testcase name="testUsesSingleMappedWeaponType" file="/home/adam/Documents/flare/tests/Unit/Game/Character/CharacterCreation/Pipeline/Steps/StarterWeaponAndInventoryTest.php" line="199" class="Tests\Unit\Game\Character\CharacterCreation\Pipeline\Steps\StarterWeaponAndInventoryTest" classname="Tests.Unit.Game.Character.CharacterCreation.Pipeline.Steps.StarterWeaponAndInventoryTest" assertions="2" time="0.143341"/>
        <testcase name="testPrefersFirstWeaponTypeWhenMultipleMapped" file="/home/adam/Documents/flare/tests/Unit/Game/Character/CharacterCreation/Pipeline/Steps/StarterWeaponAndInventoryTest.php" line="144" class="Tests\Unit\Game\Character\CharacterCreation\Pipeline\Steps\StarterWeaponAndInventoryTest" classname="Tests.Unit.Game.Character.CharacterCreation.Pipeline.Steps.StarterWeaponAndInventoryTest" assertions="2" time="0.135364"/>
        <testcase name="testCreatesGemBagInventoryStarterWeaponAndInventorySets" file="/home/adam/Documents/flare/tests/Unit/Game/Character/CharacterCreation/Pipeline/Steps/StarterWeaponAndInventoryTest.php" line="28" class="Tests\Unit\Game\Character\CharacterCreation\Pipeline\Steps\StarterWeaponAndInventoryTest" classname="Tests.Unit.Game.Character.CharacterCreation.Pipeline.Steps.StarterWeaponAndInventoryTest" assertions="9" time="0.140898"/>
        <testcase name="testFallsBackToAnyStarterWeaponWhenNoMapping" file="/home/adam/Documents/flare/tests/Unit/Game/Character/CharacterCreation/Pipeline/Steps/StarterWeaponAndInventoryTest.php" line="247" class="Tests\Unit\Game\Character\CharacterCreation\Pipeline\Steps\StarterWeaponAndInventoryTest" classname="Tests.Unit.Game.Character.CharacterCreation.Pipeline.Steps.StarterWeaponAndInventoryTest" assertions="2" time="0.175812"/>
      </testsuite>
      <testsuite name="Tests\Unit\Game\Character\CharacterCreation\State\CharacterBuildStateTest" file="/home/adam/Documents/flare/tests/Unit/Game/Character/CharacterCreation/State/CharacterBuildStateTest.php" tests="3" assertions="31" errors="0" failures="0" skipped="0" time="0.340701">
        <testcase name="testDefaultsAreNull" file="/home/adam/Documents/flare/tests/Unit/Game/Character/CharacterCreation/State/CharacterBuildStateTest.php" line="31" class="Tests\Unit\Game\Character\CharacterCreation\State\CharacterBuildStateTest" classname="Tests.Unit.Game.Character.CharacterCreation.State.CharacterBuildStateTest" assertions="6" time="0.095417"/>
        <testcase name="testSettersStoreInstancesAndAreFluent" file="/home/adam/Documents/flare/tests/Unit/Game/Character/CharacterCreation/State/CharacterBuildStateTest.php" line="43" class="Tests\Unit\Game\Character\CharacterCreation\State\CharacterBuildStateTest" classname="Tests.Unit.Game.Character.CharacterCreation.State.CharacterBuildStateTest" assertions="13" time="0.121252"/>
        <testcase name="testIndividualSettersAndGetters" file="/home/adam/Documents/flare/tests/Unit/Game/Character/CharacterCreation/State/CharacterBuildStateTest.php" line="96" class="Tests\Unit\Game\Character\CharacterCreation\State\CharacterBuildStateTest" classname="Tests.Unit.Game.Character.CharacterCreation.State.CharacterBuildStateTest" assertions="12" time="0.124032"/>
      </testsuite>
      <testsuite name="Tests\Unit\Game\Character\CharacterInventory\Jobs\CharacterBoonJobTest" file="/home/adam/Documents/flare/tests/Unit/Game/Character/CharacterInventory/Jobs/CharacterBoonJobTest.php" tests="2" assertions="3" errors="0" failures="0" skipped="0" time="0.501935">
        <testcase name="testNoBoonToRemove" file="/home/adam/Documents/flare/tests/Unit/Game/Character/CharacterInventory/Jobs/CharacterBoonJobTest.php" line="35" class="Tests\Unit\Game\Character\CharacterInventory\Jobs\CharacterBoonJobTest" classname="Tests.Unit.Game.Character.CharacterInventory.Jobs.CharacterBoonJobTest" assertions="1" time="0.228071"/>
        <testcase name="testRemoveBoon" file="/home/adam/Documents/flare/tests/Unit/Game/Character/CharacterInventory/Jobs/CharacterBoonJobTest.php" line="42" class="Tests\Unit\Game\Character\CharacterInventory\Jobs\CharacterBoonJobTest" classname="Tests.Unit.Game.Character.CharacterInventory.Jobs.CharacterBoonJobTest" assertions="2" time="0.273864"/>
      </testsuite>
      <testsuite name="Tests\Unit\Game\Character\CharacterInventory\Services\CharacterGemBagServiceTest" file="/home/adam/Documents/flare/tests/Unit/Game/Character/CharacterInventory/Services/CharacterGemBagServiceTest.php" tests="3" assertions="6" errors="0" failures="0" skipped="0" time="0.725247">
        <testcase name="testGetGemData" file="/home/adam/Documents/flare/tests/Unit/Game/Character/CharacterInventory/Services/CharacterGemBagServiceTest.php" line="46" class="Tests\Unit\Game\Character\CharacterInventory\Services\CharacterGemBagServiceTest" classname="Tests.Unit.Game.Character.CharacterInventory.Services.CharacterGemBagServiceTest" assertions="2" time="0.236727"/>
        <testcase name="testGetCharacterGems" file="/home/adam/Documents/flare/tests/Unit/Game/Character/CharacterInventory/Services/CharacterGemBagServiceTest.php" line="36" class="Tests\Unit\Game\Character\CharacterInventory\Services\CharacterGemBagServiceTest" classname="Tests.Unit.Game.Character.CharacterInventory.Services.CharacterGemBagServiceTest" assertions="2" time="0.208368"/>
        <testcase name="testCannotGetGemData" file="/home/adam/Documents/flare/tests/Unit/Game/Character/CharacterInventory/Services/CharacterGemBagServiceTest.php" line="56" class="Tests\Unit\Game\Character\CharacterInventory\Services\CharacterGemBagServiceTest" classname="Tests.Unit.Game.Character.CharacterInventory.Services.CharacterGemBagServiceTest" assertions="2" time="0.280153"/>
      </testsuite>
      <testsuite name="Tests\Unit\Game\Character\CharacterInventory\Services\CharacterInventoryServiceTest" file="/home/adam/Documents/flare/tests/Unit/Game/Character/CharacterInventory/Services/CharacterInventoryServiceTest.php" tests="31" assertions="58" errors="0" failures="0" skipped="0" time="9.620500">
        <testcase name="testCannotDestroyAlchemyItemYouDoNotHave" file="/home/adam/Documents/flare/tests/Unit/Game/Character/CharacterInventory/Services/CharacterInventoryServiceTest.php" line="475" class="Tests\Unit\Game\Character\CharacterInventory\Services\CharacterInventoryServiceTest" classname="Tests.Unit.Game.Character.CharacterInventory.Services.CharacterInventoryServiceTest" assertions="2" time="0.249276"/>
        <testcase name="testIncludeNamedSets" file="/home/adam/Documents/flare/tests/Unit/Game/Character/CharacterInventory/Services/CharacterInventoryServiceTest.php" line="172" class="Tests\Unit\Game\Character\CharacterInventory\Services\CharacterInventoryServiceTest" classname="Tests.Unit.Game.Character.CharacterInventory.Services.CharacterInventoryServiceTest" assertions="1" time="0.205854"/>
        <testcase name="testGetNoNameForNoEquippedSet" file="/home/adam/Documents/flare/tests/Unit/Game/Character/CharacterInventory/Services/CharacterInventoryServiceTest.php" line="195" class="Tests\Unit\Game\Character\CharacterInventory\Services\CharacterInventoryServiceTest" classname="Tests.Unit.Game.Character.CharacterInventory.Services.CharacterInventoryServiceTest" assertions="1" time="0.208332"/>
        <testcase name="testGetInventoryForTypeSavableSets" file="/home/adam/Documents/flare/tests/Unit/Game/Character/CharacterInventory/Services/CharacterInventoryServiceTest.php" line="55" class="Tests\Unit\Game\Character\CharacterInventory\Services\CharacterInventoryServiceTest" classname="Tests.Unit.Game.Character.CharacterInventory.Services.CharacterInventoryServiceTest" assertions="1" time="0.207379"/>
        <testcase name="testCannotDeleteItemThatDoesntExist" file="/home/adam/Documents/flare/tests/Unit/Game/Character/CharacterInventory/Services/CharacterInventoryServiceTest.php" line="270" class="Tests\Unit\Game\Character\CharacterInventory\Services\CharacterInventoryServiceTest" classname="Tests.Unit.Game.Character.CharacterInventory.Services.CharacterInventoryServiceTest" assertions="2" time="0.236561"/>
        <testcase name="testGetNameForNameEquippedSet" file="/home/adam/Documents/flare/tests/Unit/Game/Character/CharacterInventory/Services/CharacterInventoryServiceTest.php" line="204" class="Tests\Unit\Game\Character\CharacterInventory\Services\CharacterInventoryServiceTest" classname="Tests.Unit.Game.Character.CharacterInventory.Services.CharacterInventoryServiceTest" assertions="1" time="0.241371"/>
        <testcase name="testCannotUnequipItemWhenItemDoesNotExist" file="/home/adam/Documents/flare/tests/Unit/Game/Character/CharacterInventory/Services/CharacterInventoryServiceTest.php" line="419" class="Tests\Unit\Game\Character\CharacterInventory\Services\CharacterInventoryServiceTest" classname="Tests.Unit.Game.Character.CharacterInventory.Services.CharacterInventoryServiceTest" assertions="2" time="0.231830"/>
        <testcase name="testGetInventoryForQuestItems" file="/home/adam/Documents/flare/tests/Unit/Game/Character/CharacterInventory/Services/CharacterInventoryServiceTest.php" line="96" class="Tests\Unit\Game\Character\CharacterInventory\Services\CharacterInventoryServiceTest" classname="Tests.Unit.Game.Character.CharacterInventory.Services.CharacterInventoryServiceTest" assertions="1" time="0.257037"/>
        <testcase name="testGetInventoryForUsableItems" file="/home/adam/Documents/flare/tests/Unit/Game/Character/CharacterInventory/Services/CharacterInventoryServiceTest.php" line="109" class="Tests\Unit\Game\Character\CharacterInventory\Services\CharacterInventoryServiceTest" classname="Tests.Unit.Game.Character.CharacterInventory.Services.CharacterInventoryServiceTest" assertions="1" time="0.207961"/>
        <testcase name="testFetchEquippedReturnsNull" file="/home/adam/Documents/flare/tests/Unit/Game/Character/CharacterInventory/Services/CharacterInventoryServiceTest.php" line="263" class="Tests\Unit\Game\Character\CharacterInventory\Services\CharacterInventoryServiceTest" classname="Tests.Unit.Game.Character.CharacterInventory.Services.CharacterInventoryServiceTest" assertions="1" time="0.227413"/>
        <testcase name="testGetItemFromInventorySet" file="/home/adam/Documents/flare/tests/Unit/Game/Character/CharacterInventory/Services/CharacterInventoryServiceTest.php" line="163" class="Tests\Unit\Game\Character\CharacterInventory\Services\CharacterInventoryServiceTest" classname="Tests.Unit.Game.Character.CharacterInventory.Services.CharacterInventoryServiceTest" assertions="1" time="0.256493"/>
        <testcase name="testCanDeleteArtifactWithItemSkillProgressionFromInventory" file="/home/adam/Documents/flare/tests/Unit/Game/Character/CharacterInventory/Services/CharacterInventoryServiceTest.php" line="303" class="Tests\Unit\Game\Character\CharacterInventory\Services\CharacterInventoryServiceTest" classname="Tests.Unit.Game.Character.CharacterInventory.Services.CharacterInventoryServiceTest" assertions="2" time="0.262425"/>
        <testcase name="testGetInventoryForTypeEquipped" file="/home/adam/Documents/flare/tests/Unit/Game/Character/CharacterInventory/Services/CharacterInventoryServiceTest.php" line="68" class="Tests\Unit\Game\Character\CharacterInventory\Services\CharacterInventoryServiceTest" classname="Tests.Unit.Game.Character.CharacterInventory.Services.CharacterInventoryServiceTest" assertions="1" time="0.243971"/>
        <testcase name="testGetNameForNonNamedSetEquipped" file="/home/adam/Documents/flare/tests/Unit/Game/Character/CharacterInventory/Services/CharacterInventoryServiceTest.php" line="221" class="Tests\Unit\Game\Character\CharacterInventory\Services\CharacterInventoryServiceTest" classname="Tests.Unit.Game.Character.CharacterInventory.Services.CharacterInventoryServiceTest" assertions="1" time="0.249735"/>
        <testcase name="testGetInventoryForTypeSets" file="/home/adam/Documents/flare/tests/Unit/Game/Character/CharacterInventory/Services/CharacterInventoryServiceTest.php" line="81" class="Tests\Unit\Game\Character\CharacterInventory\Services\CharacterInventoryServiceTest" classname="Tests.Unit.Game.Character.CharacterInventory.Services.CharacterInventoryServiceTest" assertions="2" time="0.286524"/>
        <testcase name="testCannotDeleteItemThatIsEquipped" file="/home/adam/Documents/flare/tests/Unit/Game/Character/CharacterInventory/Services/CharacterInventoryServiceTest.php" line="280" class="Tests\Unit\Game\Character\CharacterInventory\Services\CharacterInventoryServiceTest" classname="Tests.Unit.Game.Character.CharacterInventory.Services.CharacterInventoryServiceTest" assertions="2" time="0.281038"/>
        <testcase name="testCanDeleteItemFromInventory" file="/home/adam/Documents/flare/tests/Unit/Game/Character/CharacterInventory/Services/CharacterInventoryServiceTest.php" line="291" class="Tests\Unit\Game\Character\CharacterInventory\Services\CharacterInventoryServiceTest" classname="Tests.Unit.Game.Character.CharacterInventory.Services.CharacterInventoryServiceTest" assertions="2" time="0.244331"/>
        <testcase name="testFetchEquippedSetWithName" file="/home/adam/Documents/flare/tests/Unit/Game/Character/CharacterInventory/Services/CharacterInventoryServiceTest.php" line="243" class="Tests\Unit\Game\Character\CharacterInventory\Services\CharacterInventoryServiceTest" classname="Tests.Unit.Game.Character.CharacterInventory.Services.CharacterInventoryServiceTest" assertions="1" time="0.235130"/>
        <testcase name="testFetchEquippedSetWithNoName" file="/home/adam/Documents/flare/tests/Unit/Game/Character/CharacterInventory/Services/CharacterInventoryServiceTest.php" line="256" class="Tests\Unit\Game\Character\CharacterInventory\Services\CharacterInventoryServiceTest" classname="Tests.Unit.Game.Character.CharacterInventory.Services.CharacterInventoryServiceTest" assertions="1" time="0.259704"/>
        <testcase name="testInventoryIsFullCannotUnequipItems" file="/home/adam/Documents/flare/tests/Unit/Game/Character/CharacterInventory/Services/CharacterInventoryServiceTest.php" line="443" class="Tests\Unit\Game\Character\CharacterInventory\Services\CharacterInventoryServiceTest" classname="Tests.Unit.Game.Character.CharacterInventory.Services.CharacterInventoryServiceTest" assertions="2" time="0.223516"/>
        <testcase name="testDisenchantAllItemsHasNothingToDisenchant" file="/home/adam/Documents/flare/tests/Unit/Game/Character/CharacterInventory/Services/CharacterInventoryServiceTest.php" line="378" class="Tests\Unit\Game\Character\CharacterInventory\Services\CharacterInventoryServiceTest" classname="Tests.Unit.Game.Character.CharacterInventory.Services.CharacterInventoryServiceTest" assertions="2" time="0.218002"/>
        <testcase name="testCannotUnequipItemWhenInventoryIsFull" file="/home/adam/Documents/flare/tests/Unit/Game/Character/CharacterInventory/Services/CharacterInventoryServiceTest.php" line="403" class="Tests\Unit\Game\Character\CharacterInventory\Services\CharacterInventoryServiceTest" classname="Tests.Unit.Game.Character.CharacterInventory.Services.CharacterInventoryServiceTest" assertions="2" time="0.255555"/>
        <testcase name="testGetCharacterInventorySlotIds" file="/home/adam/Documents/flare/tests/Unit/Game/Character/CharacterInventory/Services/CharacterInventoryServiceTest.php" line="232" class="Tests\Unit\Game\Character\CharacterInventory\Services\CharacterInventoryServiceTest" classname="Tests.Unit.Game.Character.CharacterInventory.Services.CharacterInventoryServiceTest" assertions="1" time="0.220887"/>
        <testcase name="testGetInventoryDataWhenNoValidTypePassedIn" file="/home/adam/Documents/flare/tests/Unit/Game/Character/CharacterInventory/Services/CharacterInventoryServiceTest.php" line="123" class="Tests\Unit\Game\Character\CharacterInventory\Services\CharacterInventoryServiceTest" classname="Tests.Unit.Game.Character.CharacterInventory.Services.CharacterInventoryServiceTest" assertions="2" time="0.218485"/>
        <testcase name="testDeleteAllItemsInInventoryWithOutDestroyingUsableOrQuestItemsAllArtifacts" file="/home/adam/Documents/flare/tests/Unit/Game/Character/CharacterInventory/Services/CharacterInventoryServiceTest.php" line="331" class="Tests\Unit\Game\Character\CharacterInventory\Services\CharacterInventoryServiceTest" classname="Tests.Unit.Game.Character.CharacterInventory.Services.CharacterInventoryServiceTest" assertions="6" time="0.231256"/>
        <testcase name="testCanDeleteAlchemyItem" file="/home/adam/Documents/flare/tests/Unit/Game/Character/CharacterInventory/Services/CharacterInventoryServiceTest.php" line="485" class="Tests\Unit\Game\Character\CharacterInventory\Services\CharacterInventoryServiceTest" classname="Tests.Unit.Game.Character.CharacterInventory.Services.CharacterInventoryServiceTest" assertions="3" time="0.294909"/>
        <testcase name="testCanDeleteAllAlchemyItem" file="/home/adam/Documents/flare/tests/Unit/Game/Character/CharacterInventory/Services/CharacterInventoryServiceTest.php" line="503" class="Tests\Unit\Game\Character\CharacterInventory\Services\CharacterInventoryServiceTest" classname="Tests.Unit.Game.Character.CharacterInventory.Services.CharacterInventoryServiceTest" assertions="3" time="0.401660"/>
        <testcase name="testDisenchantAllItems" file="/home/adam/Documents/flare/tests/Unit/Game/Character/CharacterInventory/Services/CharacterInventoryServiceTest.php" line="388" class="Tests\Unit\Game\Character\CharacterInventory\Services\CharacterInventoryServiceTest" classname="Tests.Unit.Game.Character.CharacterInventory.Services.CharacterInventoryServiceTest" assertions="2" time="0.620382"/>
        <testcase name="testCanUnequipItem" file="/home/adam/Documents/flare/tests/Unit/Game/Character/CharacterInventory/Services/CharacterInventoryServiceTest.php" line="429" class="Tests\Unit\Game\Character\CharacterInventory\Services\CharacterInventoryServiceTest" classname="Tests.Unit.Game.Character.CharacterInventory.Services.CharacterInventoryServiceTest" assertions="3" time="0.712763"/>
        <testcase name="testCanUnequipAllItems" file="/home/adam/Documents/flare/tests/Unit/Game/Character/CharacterInventory/Services/CharacterInventoryServiceTest.php" line="459" class="Tests\Unit\Game\Character\CharacterInventory\Services\CharacterInventoryServiceTest" classname="Tests.Unit.Game.Character.CharacterInventory.Services.CharacterInventoryServiceTest" assertions="3" time="0.342932"/>
        <testcase name="testDisenchantAllItemsInInventory" file="/home/adam/Documents/flare/tests/Unit/Game/Character/CharacterInventory/Services/CharacterInventoryServiceTest.php" line="137" class="Tests\Unit\Game\Character\CharacterInventory\Services\CharacterInventoryServiceTest" classname="Tests.Unit.Game.Character.CharacterInventory.Services.CharacterInventoryServiceTest" assertions="3" time="1.287788"/>
      </testsuite>
      <testsuite name="Tests\Unit\Game\Character\CharacterInventory\Services\ComparisonServiceTest" file="/home/adam/Documents/flare/tests/Unit/Game/Character/CharacterInventory/Services/ComparisonServiceTest.php" tests="8" assertions="18" errors="0" failures="0" skipped="0" time="2.284488">
        <testcase name="testBuildShopDataForSpell" file="/home/adam/Documents/flare/tests/Unit/Game/Character/CharacterInventory/Services/ComparisonServiceTest.php" line="151" class="Tests\Unit\Game\Character\CharacterInventory\Services\ComparisonServiceTest" classname="Tests.Unit.Game.Character.CharacterInventory.Services.ComparisonServiceTest" assertions="3" time="0.262999"/>
        <testcase name="testBuildShopDataForBow" file="/home/adam/Documents/flare/tests/Unit/Game/Character/CharacterInventory/Services/ComparisonServiceTest.php" line="113" class="Tests\Unit\Game\Character\CharacterInventory\Services\ComparisonServiceTest" classname="Tests.Unit.Game.Character.CharacterInventory.Services.ComparisonServiceTest" assertions="3" time="0.274889"/>
        <testcase name="testBuildShopDataForArmourType" file="/home/adam/Documents/flare/tests/Unit/Game/Character/CharacterInventory/Services/ComparisonServiceTest.php" line="132" class="Tests\Unit\Game\Character\CharacterInventory\Services\ComparisonServiceTest" classname="Tests.Unit.Game.Character.CharacterInventory.Services.ComparisonServiceTest" assertions="3" time="0.367737"/>
        <testcase name="testItemComparisonDetailsIsEmptyWhenNothingEquipped" file="/home/adam/Documents/flare/tests/Unit/Game/Character/CharacterInventory/Services/ComparisonServiceTest.php" line="41" class="Tests\Unit\Game\Character\CharacterInventory\Services\ComparisonServiceTest" classname="Tests.Unit.Game.Character.CharacterInventory.Services.ComparisonServiceTest" assertions="1" time="0.290307"/>
        <testcase name="testBuildShopDataForSpellInEquippedSet" file="/home/adam/Documents/flare/tests/Unit/Game/Character/CharacterInventory/Services/ComparisonServiceTest.php" line="170" class="Tests\Unit\Game\Character\CharacterInventory\Services\ComparisonServiceTest" classname="Tests.Unit.Game.Character.CharacterInventory.Services.ComparisonServiceTest" assertions="3" time="0.271816"/>
        <testcase name="testItemComparisonDetailsIsEmptyWhenSomethingEquippedButComparingForQuest" file="/home/adam/Documents/flare/tests/Unit/Game/Character/CharacterInventory/Services/ComparisonServiceTest.php" line="54" class="Tests\Unit\Game\Character\CharacterInventory\Services\ComparisonServiceTest" classname="Tests.Unit.Game.Character.CharacterInventory.Services.ComparisonServiceTest" assertions="2" time="0.274137"/>
        <testcase name="testItemComparisonDetailsIsEmptyWhenSomethingEquippedButComparingForUsableItem" file="/home/adam/Documents/flare/tests/Unit/Game/Character/CharacterInventory/Services/ComparisonServiceTest.php" line="74" class="Tests\Unit\Game\Character\CharacterInventory\Services\ComparisonServiceTest" classname="Tests.Unit.Game.Character.CharacterInventory.Services.ComparisonServiceTest" assertions="2" time="0.249532"/>
        <testcase name="testItemComparisonDetailsIsNotEmptyWhenSomethingEquipped" file="/home/adam/Documents/flare/tests/Unit/Game/Character/CharacterInventory/Services/ComparisonServiceTest.php" line="94" class="Tests\Unit\Game\Character\CharacterInventory\Services\ComparisonServiceTest" classname="Tests.Unit.Game.Character.CharacterInventory.Services.ComparisonServiceTest" assertions="1" time="0.293072"/>
      </testsuite>
      <testsuite name="Tests\Unit\Game\Character\CharacterInventory\Services\EquipItemServiceTest" file="/home/adam/Documents/flare/tests/Unit/Game/Character/CharacterInventory/Services/EquipItemServiceTest.php" tests="15" assertions="17" errors="0" failures="0" skipped="0" time="3.752103">
        <testcase name="testItemIsUniquePrefix" file="/home/adam/Documents/flare/tests/Unit/Game/Character/CharacterInventory/Services/EquipItemServiceTest.php" line="215" class="Tests\Unit\Game\Character\CharacterInventory\Services\EquipItemServiceTest" classname="Tests.Unit.Game.Character.CharacterInventory.Services.EquipItemServiceTest" assertions="1" time="0.293987"/>
        <testcase name="testThrowErrorWhenItemToReplaceDoesNotExistInInventory" file="/home/adam/Documents/flare/tests/Unit/Game/Character/CharacterInventory/Services/EquipItemServiceTest.php" line="40" class="Tests\Unit\Game\Character\CharacterInventory\Services\EquipItemServiceTest" classname="Tests.Unit.Game.Character.CharacterInventory.Services.EquipItemServiceTest" assertions="1" time="0.196599"/>
        <testcase name="testItemIsUniqueSuffix" file="/home/adam/Documents/flare/tests/Unit/Game/Character/CharacterInventory/Services/EquipItemServiceTest.php" line="230" class="Tests\Unit\Game\Character\CharacterInventory\Services\EquipItemServiceTest" classname="Tests.Unit.Game.Character.CharacterInventory.Services.EquipItemServiceTest" assertions="1" time="0.227370"/>
        <testcase name="testUnequipBow" file="/home/adam/Documents/flare/tests/Unit/Game/Character/CharacterInventory/Services/EquipItemServiceTest.php" line="309" class="Tests\Unit\Game\Character\CharacterInventory\Services\EquipItemServiceTest" classname="Tests.Unit.Game.Character.CharacterInventory.Services.EquipItemServiceTest" assertions="1" time="0.249571"/>
        <testcase name="testGetUniqueItemFromSetByPrefix" file="/home/adam/Documents/flare/tests/Unit/Game/Character/CharacterInventory/Services/EquipItemServiceTest.php" line="177" class="Tests\Unit\Game\Character\CharacterInventory\Services\EquipItemServiceTest" classname="Tests.Unit.Game.Character.CharacterInventory.Services.EquipItemServiceTest" assertions="1" time="0.252396"/>
        <testcase name="testUnequipHammer" file="/home/adam/Documents/flare/tests/Unit/Game/Character/CharacterInventory/Services/EquipItemServiceTest.php" line="334" class="Tests\Unit\Game\Character\CharacterInventory\Services\EquipItemServiceTest" classname="Tests.Unit.Game.Character.CharacterInventory.Services.EquipItemServiceTest" assertions="1" time="0.212665"/>
        <testcase name="testUnequipStave" file="/home/adam/Documents/flare/tests/Unit/Game/Character/CharacterInventory/Services/EquipItemServiceTest.php" line="359" class="Tests\Unit\Game\Character\CharacterInventory\Services\EquipItemServiceTest" classname="Tests.Unit.Game.Character.CharacterInventory.Services.EquipItemServiceTest" assertions="1" time="0.223170"/>
        <testcase name="testCannotEquipAnotherUnique" file="/home/adam/Documents/flare/tests/Unit/Game/Character/CharacterInventory/Services/EquipItemServiceTest.php" line="79" class="Tests\Unit\Game\Character\CharacterInventory\Services\EquipItemServiceTest" classname="Tests.Unit.Game.Character.CharacterInventory.Services.EquipItemServiceTest" assertions="1" time="0.281344"/>
        <testcase name="testItemToBeReplacedIsUniqueSuffix" file="/home/adam/Documents/flare/tests/Unit/Game/Character/CharacterInventory/Services/EquipItemServiceTest.php" line="277" class="Tests\Unit\Game\Character\CharacterInventory\Services\EquipItemServiceTest" classname="Tests.Unit.Game.Character.CharacterInventory.Services.EquipItemServiceTest" assertions="1" time="0.246810"/>
        <testcase name="testGetUniqueItemFromSetBySuffix" file="/home/adam/Documents/flare/tests/Unit/Game/Character/CharacterInventory/Services/EquipItemServiceTest.php" line="196" class="Tests\Unit\Game\Character\CharacterInventory\Services\EquipItemServiceTest" classname="Tests.Unit.Game.Character.CharacterInventory.Services.EquipItemServiceTest" assertions="1" time="0.227289"/>
        <testcase name="testUnequipStaveFromSet" file="/home/adam/Documents/flare/tests/Unit/Game/Character/CharacterInventory/Services/EquipItemServiceTest.php" line="384" class="Tests\Unit\Game\Character\CharacterInventory\Services\EquipItemServiceTest" classname="Tests.Unit.Game.Character.CharacterInventory.Services.EquipItemServiceTest" assertions="2" time="0.294858"/>
        <testcase name="testCannotEquipUniqueForNonSet" file="/home/adam/Documents/flare/tests/Unit/Game/Character/CharacterInventory/Services/EquipItemServiceTest.php" line="145" class="Tests\Unit\Game\Character\CharacterInventory\Services\EquipItemServiceTest" classname="Tests.Unit.Game.Character.CharacterInventory.Services.EquipItemServiceTest" assertions="1" time="0.228896"/>
        <testcase name="testReplaceItemInSet" file="/home/adam/Documents/flare/tests/Unit/Game/Character/CharacterInventory/Services/EquipItemServiceTest.php" line="115" class="Tests\Unit\Game\Character\CharacterInventory\Services\EquipItemServiceTest" classname="Tests.Unit.Game.Character.CharacterInventory.Services.EquipItemServiceTest" assertions="2" time="0.263882"/>
        <testcase name="testItemToBeReplacedIsUniquePrefix" file="/home/adam/Documents/flare/tests/Unit/Game/Character/CharacterInventory/Services/EquipItemServiceTest.php" line="245" class="Tests\Unit\Game\Character\CharacterInventory\Services\EquipItemServiceTest" classname="Tests.Unit.Game.Character.CharacterInventory.Services.EquipItemServiceTest" assertions="1" time="0.224992"/>
        <testcase name="testInventoryIsFullWhenTryingToReplaceInventorySetItem" file="/home/adam/Documents/flare/tests/Unit/Game/Character/CharacterInventory/Services/EquipItemServiceTest.php" line="54" class="Tests\Unit\Game\Character\CharacterInventory\Services\EquipItemServiceTest" classname="Tests.Unit.Game.Character.CharacterInventory.Services.EquipItemServiceTest" assertions="1" time="0.328276"/>
      </testsuite>
      <testsuite name="Tests\Unit\Game\Character\CharacterInventory\Services\InventorySetServiceTest" file="/home/adam/Documents/flare/tests/Unit/Game/Character/CharacterInventory/Services/InventorySetServiceTest.php" tests="44" assertions="64" errors="0" failures="0" skipped="0" time="12.082906">
        <testcase name="testFailToMoveItemToSet" file="/home/adam/Documents/flare/tests/Unit/Game/Character/CharacterInventory/Services/InventorySetServiceTest.php" line="748" class="Tests\Unit\Game\Character\CharacterInventory\Services\InventorySetServiceTest" classname="Tests.Unit.Game.Character.CharacterInventory.Services.InventorySetServiceTest" assertions="2" time="0.197485"/>
        <testcase name="testCannotRenameSetThatDoesNotExist" file="/home/adam/Documents/flare/tests/Unit/Game/Character/CharacterInventory/Services/InventorySetServiceTest.php" line="784" class="Tests\Unit\Game\Character\CharacterInventory\Services\InventorySetServiceTest" classname="Tests.Unit.Game.Character.CharacterInventory.Services.InventorySetServiceTest" assertions="2" time="0.212738"/>
        <testcase name="testRenameTheSet" file="/home/adam/Documents/flare/tests/Unit/Game/Character/CharacterInventory/Services/InventorySetServiceTest.php" line="811" class="Tests\Unit\Game\Character\CharacterInventory\Services\InventorySetServiceTest" classname="Tests.Unit.Game.Character.CharacterInventory.Services.InventorySetServiceTest" assertions="2" time="0.250092"/>
        <testcase name="testCannotEquipSetWhenSetIsNotAllowedToBeEquipped" file="/home/adam/Documents/flare/tests/Unit/Game/Character/CharacterInventory/Services/InventorySetServiceTest.php" line="968" class="Tests\Unit\Game\Character\CharacterInventory\Services\InventorySetServiceTest" classname="Tests.Unit.Game.Character.CharacterInventory.Services.InventorySetServiceTest" assertions="2" time="0.234242"/>
        <testcase name="testCannotRenameASetWhenAnotherSetHasTheSameName" file="/home/adam/Documents/flare/tests/Unit/Game/Character/CharacterInventory/Services/InventorySetServiceTest.php" line="794" class="Tests\Unit\Game\Character\CharacterInventory\Services\InventorySetServiceTest" classname="Tests.Unit.Game.Character.CharacterInventory.Services.InventorySetServiceTest" assertions="2" time="0.207687"/>
        <testcase name="testCannotSaveEquippedToANonEmptySet" file="/home/adam/Documents/flare/tests/Unit/Game/Character/CharacterInventory/Services/InventorySetServiceTest.php" line="828" class="Tests\Unit\Game\Character\CharacterInventory\Services\InventorySetServiceTest" classname="Tests.Unit.Game.Character.CharacterInventory.Services.InventorySetServiceTest" assertions="2" time="0.247099"/>
        <testcase name="testSetIsNotEquippableForArmour" file="/home/adam/Documents/flare/tests/Unit/Game/Character/CharacterInventory/Services/InventorySetServiceTest.php" line="381" class="Tests\Unit\Game\Character\CharacterInventory\Services\InventorySetServiceTest" classname="Tests.Unit.Game.Character.CharacterInventory.Services.InventorySetServiceTest" assertions="1" time="0.236642"/>
        <testcase name="testSetIsNotEquippableForCosmicAndMythics" file="/home/adam/Documents/flare/tests/Unit/Game/Character/CharacterInventory/Services/InventorySetServiceTest.php" line="692" class="Tests\Unit\Game\Character\CharacterInventory\Services\InventorySetServiceTest" classname="Tests.Unit.Game.Character.CharacterInventory.Services.InventorySetServiceTest" assertions="1" time="0.236690"/>
        <testcase name="testSetIsNotEquippableForUniquesItemSuffix" file="/home/adam/Documents/flare/tests/Unit/Game/Character/CharacterInventory/Services/InventorySetServiceTest.php" line="587" class="Tests\Unit\Game\Character\CharacterInventory\Services\InventorySetServiceTest" classname="Tests.Unit.Game.Character.CharacterInventory.Services.InventorySetServiceTest" assertions="1" time="0.239313"/>
        <testcase name="testCanAssignItemToSet" file="/home/adam/Documents/flare/tests/Unit/Game/Character/CharacterInventory/Services/InventorySetServiceTest.php" line="41" class="Tests\Unit\Game\Character\CharacterInventory\Services\InventorySetServiceTest" classname="Tests.Unit.Game.Character.CharacterInventory.Services.InventorySetServiceTest" assertions="2" time="0.258530"/>
        <testcase name="testSetIsNotEquippableForWeapons" file="/home/adam/Documents/flare/tests/Unit/Game/Character/CharacterInventory/Services/InventorySetServiceTest.php" line="358" class="Tests\Unit\Game\Character\CharacterInventory\Services\InventorySetServiceTest" classname="Tests.Unit.Game.Character.CharacterInventory.Services.InventorySetServiceTest" assertions="1" time="0.228668"/>
        <testcase name="testIsEquippableForCosmic" file="/home/adam/Documents/flare/tests/Unit/Game/Character/CharacterInventory/Services/InventorySetServiceTest.php" line="725" class="Tests\Unit\Game\Character\CharacterInventory\Services\InventorySetServiceTest" classname="Tests.Unit.Game.Character.CharacterInventory.Services.InventorySetServiceTest" assertions="1" time="0.217041"/>
        <testcase name="testSetIsNotEquippableForSpells" file="/home/adam/Documents/flare/tests/Unit/Game/Character/CharacterInventory/Services/InventorySetServiceTest.php" line="449" class="Tests\Unit\Game\Character\CharacterInventory\Services\InventorySetServiceTest" classname="Tests.Unit.Game.Character.CharacterInventory.Services.InventorySetServiceTest" assertions="1" time="0.255135"/>
        <testcase name="testSetIsNotEquippableForSpellsHealing" file="/home/adam/Documents/flare/tests/Unit/Game/Character/CharacterInventory/Services/InventorySetServiceTest.php" line="472" class="Tests\Unit\Game\Character\CharacterInventory\Services\InventorySetServiceTest" classname="Tests.Unit.Game.Character.CharacterInventory.Services.InventorySetServiceTest" assertions="1" time="0.228603"/>
        <testcase name="testSetIsNotEquippableForSpellsHealingAndDamage" file="/home/adam/Documents/flare/tests/Unit/Game/Character/CharacterInventory/Services/InventorySetServiceTest.php" line="495" class="Tests\Unit\Game\Character\CharacterInventory\Services\InventorySetServiceTest" classname="Tests.Unit.Game.Character.CharacterInventory.Services.InventorySetServiceTest" assertions="1" time="0.243676"/>
        <testcase name="testSetIsNotEquippableForSpellsDamage" file="/home/adam/Documents/flare/tests/Unit/Game/Character/CharacterInventory/Services/InventorySetServiceTest.php" line="518" class="Tests\Unit\Game\Character\CharacterInventory\Services\InventorySetServiceTest" classname="Tests.Unit.Game.Character.CharacterInventory.Services.InventorySetServiceTest" assertions="1" time="0.223831"/>
        <testcase name="testSetIsNotEquippableForTrinkets" file="/home/adam/Documents/flare/tests/Unit/Game/Character/CharacterInventory/Services/InventorySetServiceTest.php" line="403" class="Tests\Unit\Game\Character\CharacterInventory\Services\InventorySetServiceTest" classname="Tests.Unit.Game.Character.CharacterInventory.Services.InventorySetServiceTest" assertions="1" time="0.255576"/>
        <testcase name="testSetIsNotEquippableForUniquesAndMythics" file="/home/adam/Documents/flare/tests/Unit/Game/Character/CharacterInventory/Services/InventorySetServiceTest.php" line="659" class="Tests\Unit\Game\Character\CharacterInventory\Services\InventorySetServiceTest" classname="Tests.Unit.Game.Character.CharacterInventory.Services.InventorySetServiceTest" assertions="1" time="0.243655"/>
        <testcase name="testSetIsNotEquippableForRings" file="/home/adam/Documents/flare/tests/Unit/Game/Character/CharacterInventory/Services/InventorySetServiceTest.php" line="426" class="Tests\Unit\Game\Character\CharacterInventory\Services\InventorySetServiceTest" classname="Tests.Unit.Game.Character.CharacterInventory.Services.InventorySetServiceTest" assertions="1" time="0.241361"/>
        <testcase name="testSetIsNotEquippableForArtifact" file="/home/adam/Documents/flare/tests/Unit/Game/Character/CharacterInventory/Services/InventorySetServiceTest.php" line="541" class="Tests\Unit\Game\Character\CharacterInventory\Services\InventorySetServiceTest" classname="Tests.Unit.Game.Character.CharacterInventory.Services.InventorySetServiceTest" assertions="1" time="0.272930"/>
        <testcase name="testSetIsNotEquippableForMythics" file="/home/adam/Documents/flare/tests/Unit/Game/Character/CharacterInventory/Services/InventorySetServiceTest.php" line="611" class="Tests\Unit\Game\Character\CharacterInventory\Services\InventorySetServiceTest" classname="Tests.Unit.Game.Character.CharacterInventory.Services.InventorySetServiceTest" assertions="1" time="0.215203"/>
        <testcase name="testPutItemIntoSet" file="/home/adam/Documents/flare/tests/Unit/Game/Character/CharacterInventory/Services/InventorySetServiceTest.php" line="60" class="Tests\Unit\Game\Character\CharacterInventory\Services\InventorySetServiceTest" classname="Tests.Unit.Game.Character.CharacterInventory.Services.InventorySetServiceTest" assertions="1" time="0.238829"/>
        <testcase name="testSetIsNotEquippableForCosmics" file="/home/adam/Documents/flare/tests/Unit/Game/Character/CharacterInventory/Services/InventorySetServiceTest.php" line="635" class="Tests\Unit\Game\Character\CharacterInventory\Services\InventorySetServiceTest" classname="Tests.Unit.Game.Character.CharacterInventory.Services.InventorySetServiceTest" assertions="1" time="0.282169"/>
        <testcase name="testSetIsNotEquippableForUniquesItemPrefix" file="/home/adam/Documents/flare/tests/Unit/Game/Character/CharacterInventory/Services/InventorySetServiceTest.php" line="563" class="Tests\Unit\Game\Character\CharacterInventory\Services\InventorySetServiceTest" classname="Tests.Unit.Game.Character.CharacterInventory.Services.InventorySetServiceTest" assertions="1" time="0.291120"/>
        <testcase name="testCannotEmptySetWhenInventoryIsMaxed" file="/home/adam/Documents/flare/tests/Unit/Game/Character/CharacterInventory/Services/InventorySetServiceTest.php" line="852" class="Tests\Unit\Game\Character\CharacterInventory\Services\InventorySetServiceTest" classname="Tests.Unit.Game.Character.CharacterInventory.Services.InventorySetServiceTest" assertions="2" time="0.228197"/>
        <testcase name="testUnequipSet" file="/home/adam/Documents/flare/tests/Unit/Game/Character/CharacterInventory/Services/InventorySetServiceTest.php" line="315" class="Tests\Unit\Game\Character\CharacterInventory\Services\InventorySetServiceTest" classname="Tests.Unit.Game.Character.CharacterInventory.Services.InventorySetServiceTest" assertions="1" time="0.243813"/>
        <testcase name="testMoveToSetThatDoesNotHaveAName" file="/home/adam/Documents/flare/tests/Unit/Game/Character/CharacterInventory/Services/InventorySetServiceTest.php" line="758" class="Tests\Unit\Game\Character\CharacterInventory\Services\InventorySetServiceTest" classname="Tests.Unit.Game.Character.CharacterInventory.Services.InventorySetServiceTest" assertions="2" time="0.363613"/>
        <testcase name="testMoveToSetThatDoesHaveAName" file="/home/adam/Documents/flare/tests/Unit/Game/Character/CharacterInventory/Services/InventorySetServiceTest.php" line="769" class="Tests\Unit\Game\Character\CharacterInventory\Services\InventorySetServiceTest" classname="Tests.Unit.Game.Character.CharacterInventory.Services.InventorySetServiceTest" assertions="2" time="0.296308"/>
        <testcase name="testEquipFullSetWithTwoHandedWeapon" file="/home/adam/Documents/flare/tests/Unit/Game/Character/CharacterInventory/Services/InventorySetServiceTest.php" line="236" class="Tests\Unit\Game\Character\CharacterInventory\Services\InventorySetServiceTest" classname="Tests.Unit.Game.Character.CharacterInventory.Services.InventorySetServiceTest" assertions="1" time="0.274876"/>
        <testcase name="testCanRemoveItemFromSetBecauseInventoryIsNotMaxedOutAndSetIsNotNamed" file="/home/adam/Documents/flare/tests/Unit/Game/Character/CharacterInventory/Services/InventorySetServiceTest.php" line="172" class="Tests\Unit\Game\Character\CharacterInventory\Services\InventorySetServiceTest" classname="Tests.Unit.Game.Character.CharacterInventory.Services.InventorySetServiceTest" assertions="1" time="0.329515"/>
        <testcase name="testCanMoveSomeItemsFromTheSetToInventory" file="/home/adam/Documents/flare/tests/Unit/Game/Character/CharacterInventory/Services/InventorySetServiceTest.php" line="901" class="Tests\Unit\Game\Character\CharacterInventory\Services\InventorySetServiceTest" classname="Tests.Unit.Game.Character.CharacterInventory.Services.InventorySetServiceTest" assertions="2" time="0.277042"/>
        <testcase name="testCannotEquipSetWhenYouDoNotOwnTheSet" file="/home/adam/Documents/flare/tests/Unit/Game/Character/CharacterInventory/Services/InventorySetServiceTest.php" line="993" class="Tests\Unit\Game\Character\CharacterInventory\Services\InventorySetServiceTest" classname="Tests.Unit.Game.Character.CharacterInventory.Services.InventorySetServiceTest" assertions="2" time="0.301214"/>
        <testcase name="testCanRemoveItemFromSetBecauseInventoryIsNotMaxedOut" file="/home/adam/Documents/flare/tests/Unit/Game/Character/CharacterInventory/Services/InventorySetServiceTest.php" line="152" class="Tests\Unit\Game\Character\CharacterInventory\Services\InventorySetServiceTest" classname="Tests.Unit.Game.Character.CharacterInventory.Services.InventorySetServiceTest" assertions="1" time="0.325216"/>
        <testcase name="testCannotRemoveItemFromSetBecauseInventorySetIsNotYours" file="/home/adam/Documents/flare/tests/Unit/Game/Character/CharacterInventory/Services/InventorySetServiceTest.php" line="93" class="Tests\Unit\Game\Character\CharacterInventory\Services\InventorySetServiceTest" classname="Tests.Unit.Game.Character.CharacterInventory.Services.InventorySetServiceTest" assertions="1" time="0.297754"/>
        <testcase name="testEquipAnotherSetWhileOneIsEquipped" file="/home/adam/Documents/flare/tests/Unit/Game/Character/CharacterInventory/Services/InventorySetServiceTest.php" line="273" class="Tests\Unit\Game\Character\CharacterInventory\Services\InventorySetServiceTest" classname="Tests.Unit.Game.Character.CharacterInventory.Services.InventorySetServiceTest" assertions="2" time="0.302971"/>
        <testcase name="testCannotRemoveItemFromSetBecauseInventorySetIsEquipped" file="/home/adam/Documents/flare/tests/Unit/Game/Character/CharacterInventory/Services/InventorySetServiceTest.php" line="110" class="Tests\Unit\Game\Character\CharacterInventory\Services\InventorySetServiceTest" classname="Tests.Unit.Game.Character.CharacterInventory.Services.InventorySetServiceTest" assertions="1" time="0.330179"/>
        <testcase name="testEquipFullSet" file="/home/adam/Documents/flare/tests/Unit/Game/Character/CharacterInventory/Services/InventorySetServiceTest.php" line="192" class="Tests\Unit\Game\Character\CharacterInventory\Services\InventorySetServiceTest" classname="Tests.Unit.Game.Character.CharacterInventory.Services.InventorySetServiceTest" assertions="1" time="0.277736"/>
        <testcase name="testCannotRemoveItemFromSetBecauseItemDoesNotExistInInventorySet" file="/home/adam/Documents/flare/tests/Unit/Game/Character/CharacterInventory/Services/InventorySetServiceTest.php" line="133" class="Tests\Unit\Game\Character\CharacterInventory\Services\InventorySetServiceTest" classname="Tests.Unit.Game.Character.CharacterInventory.Services.InventorySetServiceTest" assertions="1" time="0.328604"/>
        <testcase name="testCannotEmptyInventorySetYouDoNotOwn" file="/home/adam/Documents/flare/tests/Unit/Game/Character/CharacterInventory/Services/InventorySetServiceTest.php" line="875" class="Tests\Unit\Game\Character\CharacterInventory\Services\InventorySetServiceTest" classname="Tests.Unit.Game.Character.CharacterInventory.Services.InventorySetServiceTest" assertions="2" time="0.301794"/>
        <testcase name="testCanMoveAllItemsFromSetToInventory" file="/home/adam/Documents/flare/tests/Unit/Game/Character/CharacterInventory/Services/InventorySetServiceTest.php" line="924" class="Tests\Unit\Game\Character\CharacterInventory\Services\InventorySetServiceTest" classname="Tests.Unit.Game.Character.CharacterInventory.Services.InventorySetServiceTest" assertions="2" time="0.343281"/>
        <testcase name="testCannotRemoveItemFromSetBecauseInventoryIsMaxedOut" file="/home/adam/Documents/flare/tests/Unit/Game/Character/CharacterInventory/Services/InventorySetServiceTest.php" line="76" class="Tests\Unit\Game\Character\CharacterInventory\Services\InventorySetServiceTest" classname="Tests.Unit.Game.Character.CharacterInventory.Services.InventorySetServiceTest" assertions="1" time="0.341504"/>
        <testcase name="testDoesUnequipSet" file="/home/adam/Documents/flare/tests/Unit/Game/Character/CharacterInventory/Services/InventorySetServiceTest.php" line="943" class="Tests\Unit\Game\Character\CharacterInventory\Services\InventorySetServiceTest" classname="Tests.Unit.Game.Character.CharacterInventory.Services.InventorySetServiceTest" assertions="3" time="0.322826"/>
        <testcase name="testCanSaveEquippedToAEmptySet" file="/home/adam/Documents/flare/tests/Unit/Game/Character/CharacterInventory/Services/InventorySetServiceTest.php" line="840" class="Tests\Unit\Game\Character\CharacterInventory\Services\InventorySetServiceTest" classname="Tests.Unit.Game.Character.CharacterInventory.Services.InventorySetServiceTest" assertions="2" time="0.359392"/>
        <testcase name="testCanEquipSet" file="/home/adam/Documents/flare/tests/Unit/Game/Character/CharacterInventory/Services/InventorySetServiceTest.php" line="1020" class="Tests\Unit\Game\Character\CharacterInventory\Services\InventorySetServiceTest" classname="Tests.Unit.Game.Character.CharacterInventory.Services.InventorySetServiceTest" assertions="3" time="0.478759"/>
      </testsuite>
      <testsuite name="Tests\Unit\Game\Character\CharacterInventory\Services\UseItemServiceTest" file="/home/adam/Documents/flare/tests/Unit/Game/Character/CharacterInventory/Services/UseItemServiceTest.php" tests="15" assertions="87" errors="0" failures="0" skipped="0" time="5.010455">
        <testcase name="testCannotApplyBoonsThatDoNotExist" file="/home/adam/Documents/flare/tests/Unit/Game/Character/CharacterInventory/Services/UseItemServiceTest.php" line="540" class="Tests\Unit\Game\Character\CharacterInventory\Services\UseItemServiceTest" classname="Tests.Unit.Game.Character.CharacterInventory.Services.UseItemServiceTest" assertions="5" time="0.213550"/>
        <testcase name="testDoNotUseItemWhenItemDoesNotStack" file="/home/adam/Documents/flare/tests/Unit/Game/Character/CharacterInventory/Services/UseItemServiceTest.php" line="165" class="Tests\Unit\Game\Character\CharacterInventory\Services\UseItemServiceTest" classname="Tests.Unit.Game.Character.CharacterInventory.Services.UseItemServiceTest" assertions="6" time="0.327362"/>
        <testcase name="testPlayerDoesNotHaveItem" file="/home/adam/Documents/flare/tests/Unit/Game/Character/CharacterInventory/Services/UseItemServiceTest.php" line="209" class="Tests\Unit\Game\Character\CharacterInventory\Services\UseItemServiceTest" classname="Tests.Unit.Game.Character.CharacterInventory.Services.UseItemServiceTest" assertions="5" time="0.307547"/>
        <testcase name="testDoNotGoOverMaxAmount" file="/home/adam/Documents/flare/tests/Unit/Game/Character/CharacterInventory/Services/UseItemServiceTest.php" line="78" class="Tests\Unit\Game\Character\CharacterInventory\Services\UseItemServiceTest" classname="Tests.Unit.Game.Character.CharacterInventory.Services.UseItemServiceTest" assertions="6" time="0.263637"/>
        <testcase name="testCharacterBoonsStackWhenTheSameItemIsFoundAndUsed" file="/home/adam/Documents/flare/tests/Unit/Game/Character/CharacterInventory/Services/UseItemServiceTest.php" line="321" class="Tests\Unit\Game\Character\CharacterInventory\Services\UseItemServiceTest" classname="Tests.Unit.Game.Character.CharacterInventory.Services.UseItemServiceTest" assertions="6" time="0.361154"/>
        <testcase name="testUseItemOnCharacter" file="/home/adam/Documents/flare/tests/Unit/Game/Character/CharacterInventory/Services/UseItemServiceTest.php" line="46" class="Tests\Unit\Game\Character\CharacterInventory\Services\UseItemServiceTest" classname="Tests.Unit.Game.Character.CharacterInventory.Services.UseItemServiceTest" assertions="6" time="0.276120"/>
        <testcase name="testDoNotUseItemWhenWouldGoAboveMaxEightHours" file="/home/adam/Documents/flare/tests/Unit/Game/Character/CharacterInventory/Services/UseItemServiceTest.php" line="121" class="Tests\Unit\Game\Character\CharacterInventory\Services\UseItemServiceTest" classname="Tests.Unit.Game.Character.CharacterInventory.Services.UseItemServiceTest" assertions="6" time="0.297033"/>
        <testcase name="testTakesExistingBoonsIntoConsideration" file="/home/adam/Documents/flare/tests/Unit/Game/Character/CharacterInventory/Services/UseItemServiceTest.php" line="438" class="Tests\Unit\Game\Character\CharacterInventory\Services\UseItemServiceTest" classname="Tests.Unit.Game.Character.CharacterInventory.Services.UseItemServiceTest" assertions="8" time="0.359354"/>
        <testcase name="testUpdateCharacterBasedOnItemUsed" file="/home/adam/Documents/flare/tests/Unit/Game/Character/CharacterInventory/Services/UseItemServiceTest.php" line="266" class="Tests\Unit\Game\Character\CharacterInventory\Services\UseItemServiceTest" classname="Tests.Unit.Game.Character.CharacterInventory.Services.UseItemServiceTest" assertions="4" time="0.336077"/>
        <testcase name="testCannotAssignBoonsWhenYouAreMax" file="/home/adam/Documents/flare/tests/Unit/Game/Character/CharacterInventory/Services/UseItemServiceTest.php" line="492" class="Tests\Unit\Game\Character\CharacterInventory\Services\UseItemServiceTest" classname="Tests.Unit.Game.Character.CharacterInventory.Services.UseItemServiceTest" assertions="5" time="0.303935"/>
        <testcase name="testUpdateCharacterBasedOnItemUsedWhenItemDoesNotAffectSkills" file="/home/adam/Documents/flare/tests/Unit/Game/Character/CharacterInventory/Services/UseItemServiceTest.php" line="294" class="Tests\Unit\Game\Character\CharacterInventory\Services\UseItemServiceTest" classname="Tests.Unit.Game.Character.CharacterInventory.Services.UseItemServiceTest" assertions="4" time="0.422854"/>
        <testcase name="testRemoveBoonFromCharacter" file="/home/adam/Documents/flare/tests/Unit/Game/Character/CharacterInventory/Services/UseItemServiceTest.php" line="239" class="Tests\Unit\Game\Character\CharacterInventory\Services\UseItemServiceTest" classname="Tests.Unit.Game.Character.CharacterInventory.Services.UseItemServiceTest" assertions="2" time="0.387372"/>
        <testcase name="testDoNotGoAboveTheMaxTime" file="/home/adam/Documents/flare/tests/Unit/Game/Character/CharacterInventory/Services/UseItemServiceTest.php" line="354" class="Tests\Unit\Game\Character\CharacterInventory\Services\UseItemServiceTest" classname="Tests.Unit.Game.Character.CharacterInventory.Services.UseItemServiceTest" assertions="7" time="0.392931"/>
        <testcase name="testCanApplyMultipleStacks" file="/home/adam/Documents/flare/tests/Unit/Game/Character/CharacterInventory/Services/UseItemServiceTest.php" line="560" class="Tests\Unit\Game\Character\CharacterInventory\Services\UseItemServiceTest" classname="Tests.Unit.Game.Character.CharacterInventory.Services.UseItemServiceTest" assertions="10" time="0.351432"/>
        <testcase name="testDoNotGoAboveTheMaxAmount" file="/home/adam/Documents/flare/tests/Unit/Game/Character/CharacterInventory/Services/UseItemServiceTest.php" line="396" class="Tests\Unit\Game\Character\CharacterInventory\Services\UseItemServiceTest" classname="Tests.Unit.Game.Character.CharacterInventory.Services.UseItemServiceTest" assertions="7" time="0.410096"/>
      </testsuite>
      <testsuite name="Tests\Unit\Game\Character\CharacterInventory\Validations\SetHandsValidationTest" file="/home/adam/Documents/flare/tests/Unit/Game/Character/CharacterInventory/Validations/SetHandsValidationTest.php" tests="31" assertions="31" errors="0" failures="0" skipped="0" time="7.610929">
        <testcase name="testValidationFailsForStaveAndWeapon" file="/home/adam/Documents/flare/tests/Unit/Game/Character/CharacterInventory/Validations/SetHandsValidationTest.php" line="534" class="Tests\Unit\Game\Character\CharacterInventory\Validations\SetHandsValidationTest" classname="Tests.Unit.Game.Character.CharacterInventory.Validations.SetHandsValidationTest" assertions="1" time="0.255220"/>
        <testcase name="testValidationFailsForMultipleWeaponsAndFan" file="/home/adam/Documents/flare/tests/Unit/Game/Character/CharacterInventory/Validations/SetHandsValidationTest.php" line="307" class="Tests\Unit\Game\Character\CharacterInventory\Validations\SetHandsValidationTest" classname="Tests.Unit.Game.Character.CharacterInventory.Validations.SetHandsValidationTest" assertions="1" time="0.231858"/>
        <testcase name="testValidationFailsForStaveAndMace" file="/home/adam/Documents/flare/tests/Unit/Game/Character/CharacterInventory/Validations/SetHandsValidationTest.php" line="578" class="Tests\Unit\Game\Character\CharacterInventory\Validations\SetHandsValidationTest" classname="Tests.Unit.Game.Character.CharacterInventory.Validations.SetHandsValidationTest" assertions="1" time="0.235694"/>
        <testcase name="testValidationFailsForMultipleWeaponsAndStave" file="/home/adam/Documents/flare/tests/Unit/Game/Character/CharacterInventory/Validations/SetHandsValidationTest.php" line="376" class="Tests\Unit\Game\Character\CharacterInventory\Validations\SetHandsValidationTest" classname="Tests.Unit.Game.Character.CharacterInventory.Validations.SetHandsValidationTest" assertions="1" time="0.226404"/>
        <testcase name="testValidationFailsForStaveAndHammer" file="/home/adam/Documents/flare/tests/Unit/Game/Character/CharacterInventory/Validations/SetHandsValidationTest.php" line="688" class="Tests\Unit\Game\Character\CharacterInventory\Validations\SetHandsValidationTest" classname="Tests.Unit.Game.Character.CharacterInventory.Validations.SetHandsValidationTest" assertions="1" time="0.267627"/>
        <testcase name="testValidationIsValidForDuelHandedWeapon" file="/home/adam/Documents/flare/tests/Unit/Game/Character/CharacterInventory/Validations/SetHandsValidationTest.php" line="61" class="Tests\Unit\Game\Character\CharacterInventory\Validations\SetHandsValidationTest" classname="Tests.Unit.Game.Character.CharacterInventory.Validations.SetHandsValidationTest" assertions="1" time="0.239458"/>
        <testcase name="testValidationFailsForSingleWeaponAndStave" file="/home/adam/Documents/flare/tests/Unit/Game/Character/CharacterInventory/Validations/SetHandsValidationTest.php" line="445" class="Tests\Unit\Game\Character\CharacterInventory\Validations\SetHandsValidationTest" classname="Tests.Unit.Game.Character.CharacterInventory.Validations.SetHandsValidationTest" assertions="1" time="0.221671"/>
        <testcase name="testValidationFailsForSingleWeaponsAndHammer" file="/home/adam/Documents/flare/tests/Unit/Game/Character/CharacterInventory/Validations/SetHandsValidationTest.php" line="489" class="Tests\Unit\Game\Character\CharacterInventory\Validations\SetHandsValidationTest" classname="Tests.Unit.Game.Character.CharacterInventory.Validations.SetHandsValidationTest" assertions="1" time="0.270629"/>
        <testcase name="testValidationIsValidForSingleWeaponAndFan" file="/home/adam/Documents/flare/tests/Unit/Game/Character/CharacterInventory/Validations/SetHandsValidationTest.php" line="126" class="Tests\Unit\Game\Character\CharacterInventory\Validations\SetHandsValidationTest" classname="Tests.Unit.Game.Character.CharacterInventory.Validations.SetHandsValidationTest" assertions="1" time="0.226143"/>
        <testcase name="testValidationFailsForStaveAndGun" file="/home/adam/Documents/flare/tests/Unit/Game/Character/CharacterInventory/Validations/SetHandsValidationTest.php" line="556" class="Tests\Unit\Game\Character\CharacterInventory\Validations\SetHandsValidationTest" classname="Tests.Unit.Game.Character.CharacterInventory.Validations.SetHandsValidationTest" assertions="1" time="0.233558"/>
        <testcase name="testValidationFailsForSingleWeaponAndBow" file="/home/adam/Documents/flare/tests/Unit/Game/Character/CharacterInventory/Validations/SetHandsValidationTest.php" line="467" class="Tests\Unit\Game\Character\CharacterInventory\Validations\SetHandsValidationTest" classname="Tests.Unit.Game.Character.CharacterInventory.Validations.SetHandsValidationTest" assertions="1" time="0.231020"/>
        <testcase name="testValidationFailsForStaveAndFan" file="/home/adam/Documents/flare/tests/Unit/Game/Character/CharacterInventory/Validations/SetHandsValidationTest.php" line="600" class="Tests\Unit\Game\Character\CharacterInventory\Validations\SetHandsValidationTest" classname="Tests.Unit.Game.Character.CharacterInventory.Validations.SetHandsValidationTest" assertions="1" time="0.271151"/>
        <testcase name="testValidationIsValidForSingleWeapon" file="/home/adam/Documents/flare/tests/Unit/Game/Character/CharacterInventory/Validations/SetHandsValidationTest.php" line="40" class="Tests\Unit\Game\Character\CharacterInventory\Validations\SetHandsValidationTest" classname="Tests.Unit.Game.Character.CharacterInventory.Validations.SetHandsValidationTest" assertions="1" time="0.214463"/>
        <testcase name="testValidationIsValidForSingleWeaponAndMace" file="/home/adam/Documents/flare/tests/Unit/Game/Character/CharacterInventory/Validations/SetHandsValidationTest.php" line="104" class="Tests\Unit\Game\Character\CharacterInventory\Validations\SetHandsValidationTest" classname="Tests.Unit.Game.Character.CharacterInventory.Validations.SetHandsValidationTest" assertions="1" time="0.218054"/>
        <testcase name="testValidationIsValidForSingleWeaponAndGun" file="/home/adam/Documents/flare/tests/Unit/Game/Character/CharacterInventory/Validations/SetHandsValidationTest.php" line="148" class="Tests\Unit\Game\Character\CharacterInventory\Validations\SetHandsValidationTest" classname="Tests.Unit.Game.Character.CharacterInventory.Validations.SetHandsValidationTest" assertions="1" time="0.247317"/>
        <testcase name="testValidationFailsForMultipleWeaponsAndGun" file="/home/adam/Documents/flare/tests/Unit/Game/Character/CharacterInventory/Validations/SetHandsValidationTest.php" line="284" class="Tests\Unit\Game\Character\CharacterInventory\Validations\SetHandsValidationTest" classname="Tests.Unit.Game.Character.CharacterInventory.Validations.SetHandsValidationTest" assertions="1" time="0.226312"/>
        <testcase name="testValidationFailsForMultipleWeaponsAndBow" file="/home/adam/Documents/flare/tests/Unit/Game/Character/CharacterInventory/Validations/SetHandsValidationTest.php" line="399" class="Tests\Unit\Game\Character\CharacterInventory\Validations\SetHandsValidationTest" classname="Tests.Unit.Game.Character.CharacterInventory.Validations.SetHandsValidationTest" assertions="1" time="0.229714"/>
        <testcase name="testValidationFailsForSingleWeaponsAndMixed" file="/home/adam/Documents/flare/tests/Unit/Game/Character/CharacterInventory/Validations/SetHandsValidationTest.php" line="511" class="Tests\Unit\Game\Character\CharacterInventory\Validations\SetHandsValidationTest" classname="Tests.Unit.Game.Character.CharacterInventory.Validations.SetHandsValidationTest" assertions="1" time="0.226746"/>
        <testcase name="testValidationIsValidForSingleWeaponAndShield" file="/home/adam/Documents/flare/tests/Unit/Game/Character/CharacterInventory/Validations/SetHandsValidationTest.php" line="82" class="Tests\Unit\Game\Character\CharacterInventory\Validations\SetHandsValidationTest" classname="Tests.Unit.Game.Character.CharacterInventory.Validations.SetHandsValidationTest" assertions="1" time="0.308120"/>
        <testcase name="testValidationFailsForMultipleWeaponsAndScratchAwl" file="/home/adam/Documents/flare/tests/Unit/Game/Character/CharacterInventory/Validations/SetHandsValidationTest.php" line="353" class="Tests\Unit\Game\Character\CharacterInventory\Validations\SetHandsValidationTest" classname="Tests.Unit.Game.Character.CharacterInventory.Validations.SetHandsValidationTest" assertions="1" time="0.303334"/>
        <testcase name="testValidationFailsForStaveAndBow" file="/home/adam/Documents/flare/tests/Unit/Game/Character/CharacterInventory/Validations/SetHandsValidationTest.php" line="666" class="Tests\Unit\Game\Character\CharacterInventory\Validations\SetHandsValidationTest" classname="Tests.Unit.Game.Character.CharacterInventory.Validations.SetHandsValidationTest" assertions="1" time="0.242127"/>
        <testcase name="testValidationFailsForMultipleWeaponsAndHammer" file="/home/adam/Documents/flare/tests/Unit/Game/Character/CharacterInventory/Validations/SetHandsValidationTest.php" line="422" class="Tests\Unit\Game\Character\CharacterInventory\Validations\SetHandsValidationTest" classname="Tests.Unit.Game.Character.CharacterInventory.Validations.SetHandsValidationTest" assertions="1" time="0.287208"/>
        <testcase name="testValidationFailsForStaveAndShield" file="/home/adam/Documents/flare/tests/Unit/Game/Character/CharacterInventory/Validations/SetHandsValidationTest.php" line="710" class="Tests\Unit\Game\Character\CharacterInventory\Validations\SetHandsValidationTest" classname="Tests.Unit.Game.Character.CharacterInventory.Validations.SetHandsValidationTest" assertions="1" time="0.226298"/>
        <testcase name="testValidationIsValidForSingleWeaponAndScratchAwl" file="/home/adam/Documents/flare/tests/Unit/Game/Character/CharacterInventory/Validations/SetHandsValidationTest.php" line="170" class="Tests\Unit\Game\Character\CharacterInventory\Validations\SetHandsValidationTest" classname="Tests.Unit.Game.Character.CharacterInventory.Validations.SetHandsValidationTest" assertions="1" time="0.267497"/>
        <testcase name="testValidationFailsForMultipleWeapons" file="/home/adam/Documents/flare/tests/Unit/Game/Character/CharacterInventory/Validations/SetHandsValidationTest.php" line="214" class="Tests\Unit\Game\Character\CharacterInventory\Validations\SetHandsValidationTest" classname="Tests.Unit.Game.Character.CharacterInventory.Validations.SetHandsValidationTest" assertions="1" time="0.268181"/>
        <testcase name="testValidationFailsForStaveAndScratchAwl" file="/home/adam/Documents/flare/tests/Unit/Game/Character/CharacterInventory/Validations/SetHandsValidationTest.php" line="622" class="Tests\Unit\Game\Character\CharacterInventory\Validations\SetHandsValidationTest" classname="Tests.Unit.Game.Character.CharacterInventory.Validations.SetHandsValidationTest" assertions="1" time="0.269239"/>
        <testcase name="testValidationFailsForStaveAndStave" file="/home/adam/Documents/flare/tests/Unit/Game/Character/CharacterInventory/Validations/SetHandsValidationTest.php" line="644" class="Tests\Unit\Game\Character\CharacterInventory\Validations\SetHandsValidationTest" classname="Tests.Unit.Game.Character.CharacterInventory.Validations.SetHandsValidationTest" assertions="1" time="0.221035"/>
        <testcase name="testValidationFailsForSingleWeaponAndMultipleSecondaryWeapons" file="/home/adam/Documents/flare/tests/Unit/Game/Character/CharacterInventory/Validations/SetHandsValidationTest.php" line="237" class="Tests\Unit\Game\Character\CharacterInventory\Validations\SetHandsValidationTest" classname="Tests.Unit.Game.Character.CharacterInventory.Validations.SetHandsValidationTest" assertions="1" time="0.222466"/>
        <testcase name="testValidationFailsForMultipleWeaponsAndMace" file="/home/adam/Documents/flare/tests/Unit/Game/Character/CharacterInventory/Validations/SetHandsValidationTest.php" line="330" class="Tests\Unit\Game\Character\CharacterInventory\Validations\SetHandsValidationTest" classname="Tests.Unit.Game.Character.CharacterInventory.Validations.SetHandsValidationTest" assertions="1" time="0.252123"/>
        <testcase name="testValidationIsValidForDuelWeapons" file="/home/adam/Documents/flare/tests/Unit/Game/Character/CharacterInventory/Validations/SetHandsValidationTest.php" line="192" class="Tests\Unit\Game\Character\CharacterInventory\Validations\SetHandsValidationTest" classname="Tests.Unit.Game.Character.CharacterInventory.Validations.SetHandsValidationTest" assertions="1" time="0.218857"/>
        <testcase name="testValidationFailsForMultipleWeaponsAndShield" file="/home/adam/Documents/flare/tests/Unit/Game/Character/CharacterInventory/Validations/SetHandsValidationTest.php" line="261" class="Tests\Unit\Game\Character\CharacterInventory\Validations\SetHandsValidationTest" classname="Tests.Unit.Game.Character.CharacterInventory.Validations.SetHandsValidationTest" assertions="1" time="0.251403"/>
      </testsuite>
      <testsuite name="Tests\Unit\Game\ClassRanks\Services\ClassRanksServiceTest" file="/home/adam/Documents/flare/tests/Unit/Game/ClassRanks/Services/ClassRanksServiceTest.php" tests="18" assertions="82" errors="0" failures="0" skipped="0" time="5.144141">
        <testcase name="testNoExpForNoInventory" file="/home/adam/Documents/flare/tests/Unit/Game/ClassRanks/Services/ClassRanksServiceTest.php" line="362" class="Tests\Unit\Game\ClassRanks\Services\ClassRanksServiceTest" classname="Tests.Unit.Game.ClassRanks.Services.ClassRanksServiceTest" assertions="1" time="0.231361"/>
        <testcase name="testGainLevelInClassRank" file="/home/adam/Documents/flare/tests/Unit/Game/ClassRanks/Services/ClassRanksServiceTest.php" line="379" class="Tests\Unit\Game\ClassRanks\Services\ClassRanksServiceTest" classname="Tests.Unit.Game.ClassRanks.Services.ClassRanksServiceTest" assertions="1" time="0.257335"/>
        <testcase name="testDoNotLevelUpSpecialtyWhenAtMax" file="/home/adam/Documents/flare/tests/Unit/Game/ClassRanks/Services/ClassRanksServiceTest.php" line="394" class="Tests\Unit\Game\ClassRanks\Services\ClassRanksServiceTest" classname="Tests.Unit.Game.ClassRanks.Services.ClassRanksServiceTest" assertions="1" time="0.206952"/>
        <testcase name="testNoXpForMaxLevel" file="/home/adam/Documents/flare/tests/Unit/Game/ClassRanks/Services/ClassRanksServiceTest.php" line="345" class="Tests\Unit\Game\ClassRanks\Services\ClassRanksServiceTest" classname="Tests.Unit.Game.ClassRanks.Services.ClassRanksServiceTest" assertions="1" time="0.210418"/>
        <testcase name="testCannotEquipSpecialWhenLevelNotMet" file="/home/adam/Documents/flare/tests/Unit/Game/ClassRanks/Services/ClassRanksServiceTest.php" line="179" class="Tests\Unit\Game\ClassRanks\Services\ClassRanksServiceTest" classname="Tests.Unit.Game.ClassRanks.Services.ClassRanksServiceTest" assertions="2" time="0.244951"/>
        <testcase name="testCannotEquipMoreThenThreeSpecialties" file="/home/adam/Documents/flare/tests/Unit/Game/ClassRanks/Services/ClassRanksServiceTest.php" line="89" class="Tests\Unit\Game\ClassRanks\Services\ClassRanksServiceTest" classname="Tests.Unit.Game.ClassRanks.Services.ClassRanksServiceTest" assertions="2" time="0.305011"/>
        <testcase name="testCannotEquipAnotherDamageSpecial" file="/home/adam/Documents/flare/tests/Unit/Game/ClassRanks/Services/ClassRanksServiceTest.php" line="144" class="Tests\Unit\Game\ClassRanks\Services\ClassRanksServiceTest" classname="Tests.Unit.Game.ClassRanks.Services.ClassRanksServiceTest" assertions="2" time="0.265138"/>
        <testcase name="testDoNotGiveXPToMasteriesWhenNoInventory" file="/home/adam/Documents/flare/tests/Unit/Game/ClassRanks/Services/ClassRanksServiceTest.php" line="485" class="Tests\Unit\Game\ClassRanks\Services\ClassRanksServiceTest" classname="Tests.Unit.Game.ClassRanks.Services.ClassRanksServiceTest" assertions="17" time="0.219045"/>
        <testcase name="testGetClassRanks" file="/home/adam/Documents/flare/tests/Unit/Game/ClassRanks/Services/ClassRanksServiceTest.php" line="49" class="Tests\Unit\Game\ClassRanks\Services\ClassRanksServiceTest" classname="Tests.Unit.Game.ClassRanks.Services.ClassRanksServiceTest" assertions="2" time="0.309371"/>
        <testcase name="testDoNotLevelWeaponSpeacitlyWhenAtMaxLevel" file="/home/adam/Documents/flare/tests/Unit/Game/ClassRanks/Services/ClassRanksServiceTest.php" line="460" class="Tests\Unit\Game\ClassRanks\Services\ClassRanksServiceTest" classname="Tests.Unit.Game.ClassRanks.Services.ClassRanksServiceTest" assertions="17" time="0.248945"/>
        <testcase name="testCannotUnequipSpecialtyYouDoNotOwn" file="/home/adam/Documents/flare/tests/Unit/Game/ClassRanks/Services/ClassRanksServiceTest.php" line="287" class="Tests\Unit\Game\ClassRanks\Services\ClassRanksServiceTest" classname="Tests.Unit.Game.ClassRanks.Services.ClassRanksServiceTest" assertions="2" time="0.303583"/>
        <testcase name="testLevelUpSpecialty" file="/home/adam/Documents/flare/tests/Unit/Game/ClassRanks/Services/ClassRanksServiceTest.php" line="427" class="Tests\Unit\Game\ClassRanks\Services\ClassRanksServiceTest" classname="Tests.Unit.Game.ClassRanks.Services.ClassRanksServiceTest" assertions="1" time="0.315056"/>
        <testcase name="testCanUnequipSpecialty" file="/home/adam/Documents/flare/tests/Unit/Game/ClassRanks/Services/ClassRanksServiceTest.php" line="316" class="Tests\Unit\Game\ClassRanks\Services\ClassRanksServiceTest" classname="Tests.Unit.Game.ClassRanks.Services.ClassRanksServiceTest" assertions="3" time="0.273997"/>
        <testcase name="testOneOfTheClassesIsLocked" file="/home/adam/Documents/flare/tests/Unit/Game/ClassRanks/Services/ClassRanksServiceTest.php" line="57" class="Tests\Unit\Game\ClassRanks\Services\ClassRanksServiceTest" classname="Tests.Unit.Game.ClassRanks.Services.ClassRanksServiceTest" assertions="2" time="0.287613"/>
        <testcase name="testRequipSpecialty" file="/home/adam/Documents/flare/tests/Unit/Game/ClassRanks/Services/ClassRanksServiceTest.php" line="254" class="Tests\Unit\Game\ClassRanks\Services\ClassRanksServiceTest" classname="Tests.Unit.Game.ClassRanks.Services.ClassRanksServiceTest" assertions="4" time="0.381028"/>
        <testcase name="testEquipClassSpecial" file="/home/adam/Documents/flare/tests/Unit/Game/ClassRanks/Services/ClassRanksServiceTest.php" line="197" class="Tests\Unit\Game\ClassRanks\Services\ClassRanksServiceTest" classname="Tests.Unit.Game.ClassRanks.Services.ClassRanksServiceTest" assertions="3" time="0.308202"/>
        <testcase name="testEquipAnotherClassSpecialty" file="/home/adam/Documents/flare/tests/Unit/Game/ClassRanks/Services/ClassRanksServiceTest.php" line="215" class="Tests\Unit\Game\ClassRanks\Services\ClassRanksServiceTest" classname="Tests.Unit.Game.ClassRanks.Services.ClassRanksServiceTest" assertions="4" time="0.401620"/>
        <testcase name="testLevelEquippedItemSpecialty" file="/home/adam/Documents/flare/tests/Unit/Game/ClassRanks/Services/ClassRanksServiceTest.php" line="504" class="Tests\Unit\Game\ClassRanks\Services\ClassRanksServiceTest" classname="Tests.Unit.Game.ClassRanks.Services.ClassRanksServiceTest" assertions="17" time="0.374514"/>
      </testsuite>
      <testsuite name="Tests\Unit\Game\ClassRanks\Services\ManageClassServiceTest" file="/home/adam/Documents/flare/tests/Unit/Game/ClassRanks/Services/ManageClassServiceTest.php" tests="3" assertions="8" errors="0" failures="0" skipped="0" time="0.955244">
        <testcase name="testCannotSwitchToClassThatIsLocked" file="/home/adam/Documents/flare/tests/Unit/Game/ClassRanks/Services/ManageClassServiceTest.php" line="41" class="Tests\Unit\Game\ClassRanks\Services\ManageClassServiceTest" classname="Tests.Unit.Game.ClassRanks.Services.ManageClassServiceTest" assertions="2" time="0.290781"/>
        <testcase name="testSwitchCharacterClass" file="/home/adam/Documents/flare/tests/Unit/Game/ClassRanks/Services/ManageClassServiceTest.php" line="68" class="Tests\Unit\Game\ClassRanks\Services\ManageClassServiceTest" classname="Tests.Unit.Game.ClassRanks.Services.ManageClassServiceTest" assertions="4" time="0.336893"/>
        <testcase name="testReactivateSkill" file="/home/adam/Documents/flare/tests/Unit/Game/ClassRanks/Services/ManageClassServiceTest.php" line="92" class="Tests\Unit\Game\ClassRanks\Services\ManageClassServiceTest" classname="Tests.Unit.Game.ClassRanks.Services.ManageClassServiceTest" assertions="2" time="0.327570"/>
      </testsuite>
      <testsuite name="Tests\Unit\Game\ClassRanks\Values\WeaponMasteryValueTest" file="/home/adam/Documents/flare/tests/Unit/Game/ClassRanks/Values/WeaponMasteryValueTest.php" tests="25" assertions="25" errors="0" failures="0" skipped="0" time="2.770417">
        <testcase name="testFailToGetNumericValueForStringType" file="/home/adam/Documents/flare/tests/Unit/Game/ClassRanks/Values/WeaponMasteryValueTest.php" line="31" class="Tests\Unit\Game\ClassRanks\Values\WeaponMasteryValueTest" classname="Tests.Unit.Game.ClassRanks.Values.WeaponMasteryValueTest" assertions="1" time="0.137524"/>
        <testcase name="testGetNumericValueForBowType" file="/home/adam/Documents/flare/tests/Unit/Game/ClassRanks/Values/WeaponMasteryValueTest.php" line="60" class="Tests\Unit\Game\ClassRanks\Values\WeaponMasteryValueTest" classname="Tests.Unit.Game.ClassRanks.Values.WeaponMasteryValueTest" assertions="1" time="0.100199"/>
        <testcase name="testGetNumericValueForGunType" file="/home/adam/Documents/flare/tests/Unit/Game/ClassRanks/Values/WeaponMasteryValueTest.php" line="75" class="Tests\Unit\Game\ClassRanks\Values\WeaponMasteryValueTest" classname="Tests.Unit.Game.ClassRanks.Values.WeaponMasteryValueTest" assertions="1" time="0.098345"/>
        <testcase name="testIsStave" file="/home/adam/Documents/flare/tests/Unit/Game/ClassRanks/Values/WeaponMasteryValueTest.php" line="105" class="Tests\Unit\Game\ClassRanks\Values\WeaponMasteryValueTest" classname="Tests.Unit.Game.ClassRanks.Values.WeaponMasteryValueTest" assertions="1" time="0.103695"/>
        <testcase name="testIsWeapon" file="/home/adam/Documents/flare/tests/Unit/Game/ClassRanks/Values/WeaponMasteryValueTest.php" line="110" class="Tests\Unit\Game\ClassRanks\Values\WeaponMasteryValueTest" classname="Tests.Unit.Game.ClassRanks.Values.WeaponMasteryValueTest" assertions="1" time="0.100290"/>
        <testcase name="testIsSpellDamage" file="/home/adam/Documents/flare/tests/Unit/Game/ClassRanks/Values/WeaponMasteryValueTest.php" line="125" class="Tests\Unit\Game\ClassRanks\Values\WeaponMasteryValueTest" classname="Tests.Unit.Game.ClassRanks.Values.WeaponMasteryValueTest" assertions="1" time="0.152300"/>
        <testcase name="testInitializeWeaponMasteryValueWithInProperValue" file="/home/adam/Documents/flare/tests/Unit/Game/ClassRanks/Values/WeaponMasteryValueTest.php" line="24" class="Tests\Unit\Game\ClassRanks\Values\WeaponMasteryValueTest" classname="Tests.Unit.Game.ClassRanks.Values.WeaponMasteryValueTest" assertions="1" time="0.102005"/>
        <testcase name="testIsBow" file="/home/adam/Documents/flare/tests/Unit/Game/ClassRanks/Values/WeaponMasteryValueTest.php" line="115" class="Tests\Unit\Game\ClassRanks\Values\WeaponMasteryValueTest" classname="Tests.Unit.Game.ClassRanks.Values.WeaponMasteryValueTest" assertions="1" time="0.105542"/>
        <testcase name="testIsSpellHealing" file="/home/adam/Documents/flare/tests/Unit/Game/ClassRanks/Values/WeaponMasteryValueTest.php" line="130" class="Tests\Unit\Game\ClassRanks\Values\WeaponMasteryValueTest" classname="Tests.Unit.Game.ClassRanks.Values.WeaponMasteryValueTest" assertions="1" time="0.100249"/>
        <testcase name="testGetNumericValueForHammerType" file="/home/adam/Documents/flare/tests/Unit/Game/ClassRanks/Values/WeaponMasteryValueTest.php" line="50" class="Tests\Unit\Game\ClassRanks\Values\WeaponMasteryValueTest" classname="Tests.Unit.Game.ClassRanks.Values.WeaponMasteryValueTest" assertions="1" time="0.138547"/>
        <testcase name="testGetNumericValueForMaceType" file="/home/adam/Documents/flare/tests/Unit/Game/ClassRanks/Values/WeaponMasteryValueTest.php" line="85" class="Tests\Unit\Game\ClassRanks\Values\WeaponMasteryValueTest" classname="Tests.Unit.Game.ClassRanks.Values.WeaponMasteryValueTest" assertions="1" time="0.107546"/>
        <testcase name="testIsGun" file="/home/adam/Documents/flare/tests/Unit/Game/ClassRanks/Values/WeaponMasteryValueTest.php" line="135" class="Tests\Unit\Game\ClassRanks\Values\WeaponMasteryValueTest" classname="Tests.Unit.Game.ClassRanks.Values.WeaponMasteryValueTest" assertions="1" time="0.107070"/>
        <testcase name="testIsFan" file="/home/adam/Documents/flare/tests/Unit/Game/ClassRanks/Values/WeaponMasteryValueTest.php" line="140" class="Tests\Unit\Game\ClassRanks\Values\WeaponMasteryValueTest" classname="Tests.Unit.Game.ClassRanks.Values.WeaponMasteryValueTest" assertions="1" time="0.097664"/>
        <testcase name="testGetNumericValueForStaveType" file="/home/adam/Documents/flare/tests/Unit/Game/ClassRanks/Values/WeaponMasteryValueTest.php" line="55" class="Tests\Unit\Game\ClassRanks\Values\WeaponMasteryValueTest" classname="Tests.Unit.Game.ClassRanks.Values.WeaponMasteryValueTest" assertions="1" time="0.139281"/>
        <testcase name="testGetNumericValueForSpellHealingType" file="/home/adam/Documents/flare/tests/Unit/Game/ClassRanks/Values/WeaponMasteryValueTest.php" line="70" class="Tests\Unit\Game\ClassRanks\Values\WeaponMasteryValueTest" classname="Tests.Unit.Game.ClassRanks.Values.WeaponMasteryValueTest" assertions="1" time="0.101251"/>
        <testcase name="testGetNumericValueForScratchAwlType" file="/home/adam/Documents/flare/tests/Unit/Game/ClassRanks/Values/WeaponMasteryValueTest.php" line="90" class="Tests\Unit\Game\ClassRanks\Values\WeaponMasteryValueTest" classname="Tests.Unit.Game.ClassRanks.Values.WeaponMasteryValueTest" assertions="1" time="0.100397"/>
        <testcase name="testIsHammer" file="/home/adam/Documents/flare/tests/Unit/Game/ClassRanks/Values/WeaponMasteryValueTest.php" line="120" class="Tests\Unit\Game\ClassRanks\Values\WeaponMasteryValueTest" classname="Tests.Unit.Game.ClassRanks.Values.WeaponMasteryValueTest" assertions="1" time="0.099270"/>
        <testcase name="testisScratchAwl" file="/home/adam/Documents/flare/tests/Unit/Game/ClassRanks/Values/WeaponMasteryValueTest.php" line="150" class="Tests\Unit\Game\ClassRanks\Values\WeaponMasteryValueTest" classname="Tests.Unit.Game.ClassRanks.Values.WeaponMasteryValueTest" assertions="1" time="0.133630"/>
        <testcase name="testFailToGetTypeForInvalidNumericValue" file="/home/adam/Documents/flare/tests/Unit/Game/ClassRanks/Values/WeaponMasteryValueTest.php" line="38" class="Tests\Unit\Game\ClassRanks\Values\WeaponMasteryValueTest" classname="Tests.Unit.Game.ClassRanks.Values.WeaponMasteryValueTest" assertions="1" time="0.104639"/>
        <testcase name="testGetNumericValueForSpellDamageType" file="/home/adam/Documents/flare/tests/Unit/Game/ClassRanks/Values/WeaponMasteryValueTest.php" line="65" class="Tests\Unit\Game\ClassRanks\Values\WeaponMasteryValueTest" classname="Tests.Unit.Game.ClassRanks.Values.WeaponMasteryValueTest" assertions="1" time="0.098408"/>
        <testcase name="testGetNumericValueForFanType" file="/home/adam/Documents/flare/tests/Unit/Game/ClassRanks/Values/WeaponMasteryValueTest.php" line="80" class="Tests\Unit\Game\ClassRanks\Values\WeaponMasteryValueTest" classname="Tests.Unit.Game.ClassRanks.Values.WeaponMasteryValueTest" assertions="1" time="0.099374"/>
        <testcase name="testGetNumericValueForWeaponType" file="/home/adam/Documents/flare/tests/Unit/Game/ClassRanks/Values/WeaponMasteryValueTest.php" line="45" class="Tests\Unit\Game\ClassRanks\Values\WeaponMasteryValueTest" classname="Tests.Unit.Game.ClassRanks.Values.WeaponMasteryValueTest" assertions="1" time="0.141129"/>
        <testcase name="testGetAttributeName" file="/home/adam/Documents/flare/tests/Unit/Game/ClassRanks/Values/WeaponMasteryValueTest.php" line="100" class="Tests\Unit\Game\ClassRanks\Values\WeaponMasteryValueTest" classname="Tests.Unit.Game.ClassRanks.Values.WeaponMasteryValueTest" assertions="1" time="0.100819"/>
        <testcase name="testIsMace" file="/home/adam/Documents/flare/tests/Unit/Game/ClassRanks/Values/WeaponMasteryValueTest.php" line="145" class="Tests\Unit\Game\ClassRanks\Values\WeaponMasteryValueTest" classname="Tests.Unit.Game.ClassRanks.Values.WeaponMasteryValueTest" assertions="1" time="0.098162"/>
        <testcase name="testIsValidType" file="/home/adam/Documents/flare/tests/Unit/Game/ClassRanks/Values/WeaponMasteryValueTest.php" line="95" class="Tests\Unit\Game\ClassRanks\Values\WeaponMasteryValueTest" classname="Tests.Unit.Game.ClassRanks.Values.WeaponMasteryValueTest" assertions="1" time="0.103081"/>
      </testsuite>
      <testsuite name="Tests\Unit\Game\Events\Handlers\BaseGlobalEventGoalParticipationHandlerTest" file="/home/adam/Documents/flare/tests/Unit/Game/Events/Handlers/BaseGlobalEventGoalParticipationHandlerTest.php" tests="4" assertions="6" errors="0" failures="0" skipped="0" time="0.936606">
        <testcase name="testDoesNotGivenItemToPlayerWhenItemDoesNotExist" file="/home/adam/Documents/flare/tests/Unit/Game/Events/Handlers/BaseGlobalEventGoalParticipationHandlerTest.php" line="41" class="Tests\Unit\Game\Events\Handlers\BaseGlobalEventGoalParticipationHandlerTest" classname="Tests.Unit.Game.Events.Handlers.BaseGlobalEventGoalParticipationHandlerTest" assertions="1" time="0.250686"/>
        <testcase name="testPlayersInventoryIsFullWhenItComesToObtainingAReward" file="/home/adam/Documents/flare/tests/Unit/Game/Events/Handlers/BaseGlobalEventGoalParticipationHandlerTest.php" line="70" class="Tests\Unit\Game\Events\Handlers\BaseGlobalEventGoalParticipationHandlerTest" classname="Tests.Unit.Game.Events.Handlers.BaseGlobalEventGoalParticipationHandlerTest" assertions="1" time="0.215082"/>
        <testcase name="testPlayerIsRewardedWithMythicItem" file="/home/adam/Documents/flare/tests/Unit/Game/Events/Handlers/BaseGlobalEventGoalParticipationHandlerTest.php" line="151" class="Tests\Unit\Game\Events\Handlers\BaseGlobalEventGoalParticipationHandlerTest" classname="Tests.Unit.Game.Events.Handlers.BaseGlobalEventGoalParticipationHandlerTest" assertions="2" time="0.212472"/>
        <testcase name="testPlayerIsRewardedWithUniqueItem" file="/home/adam/Documents/flare/tests/Unit/Game/Events/Handlers/BaseGlobalEventGoalParticipationHandlerTest.php" line="112" class="Tests\Unit\Game\Events\Handlers\BaseGlobalEventGoalParticipationHandlerTest" classname="Tests.Unit.Game.Events.Handlers.BaseGlobalEventGoalParticipationHandlerTest" assertions="2" time="0.258367"/>
      </testsuite>
      <testsuite name="Tests\Unit\Game\Events\Jobs\InitiateDelusionalMemoriesEventTest" file="/home/adam/Documents/flare/tests/Unit/Game/Events/Jobs/InitiateDelusionalMemoriesEventTest.php" tests="2" assertions="8" errors="0" failures="0" skipped="0" time="0.241163">
        <testcase name="testDeslusionalMemoriesDoesNotTriggerForInvalidScheduledEvent" file="/home/adam/Documents/flare/tests/Unit/Game/Events/Jobs/InitiateDelusionalMemoriesEventTest.php" line="32" class="Tests\Unit\Game\Events\Jobs\InitiateDelusionalMemoriesEventTest" classname="Tests.Unit.Game.Events.Jobs.InitiateDelusionalMemoriesEventTest" assertions="4" time="0.109895"/>
        <testcase name="testDelusionalMemoriesEventDoesTriggerScheduledEventExists" file="/home/adam/Documents/flare/tests/Unit/Game/Events/Jobs/InitiateDelusionalMemoriesEventTest.php" line="44" class="Tests\Unit\Game\Events\Jobs\InitiateDelusionalMemoriesEventTest" classname="Tests.Unit.Game.Events.Jobs.InitiateDelusionalMemoriesEventTest" assertions="4" time="0.131268"/>
      </testsuite>
      <testsuite name="Tests\Unit\Game\Events\Jobs\InitiateFeedbackEventTest" file="/home/adam/Documents/flare/tests/Unit/Game/Events/Jobs/InitiateFeedbackEventTest.php" tests="2" assertions="6" errors="0" failures="0" skipped="0" time="0.345219">
        <testcase name="testFeedBackEventDoesNotTrigger" file="/home/adam/Documents/flare/tests/Unit/Game/Events/Jobs/InitiateFeedbackEventTest.php" line="31" class="Tests\Unit\Game\Events\Jobs\InitiateFeedbackEventTest" classname="Tests.Unit.Game.Events.Jobs.InitiateFeedbackEventTest" assertions="3" time="0.097392"/>
        <testcase name="testFeedbackEventDoseTrigger" file="/home/adam/Documents/flare/tests/Unit/Game/Events/Jobs/InitiateFeedbackEventTest.php" line="42" class="Tests\Unit\Game\Events\Jobs\InitiateFeedbackEventTest" classname="Tests.Unit.Game.Events.Jobs.InitiateFeedbackEventTest" assertions="3" time="0.247827"/>
      </testsuite>
      <testsuite name="Tests\Unit\Game\Events\Jobs\InitiateWeeklyCelestialSpawnEventTest" file="/home/adam/Documents/flare/tests/Unit/Game/Events/Jobs/InitiateWeeklyCelestialSpawnEventTest.php" tests="2" assertions="6" errors="0" failures="0" skipped="0" time="0.226300">
        <testcase name="testWeeklyCelestialEventDoesNotTrigger" file="/home/adam/Documents/flare/tests/Unit/Game/Events/Jobs/InitiateWeeklyCelestialSpawnEventTest.php" line="29" class="Tests\Unit\Game\Events\Jobs\InitiateWeeklyCelestialSpawnEventTest" classname="Tests.Unit.Game.Events.Jobs.InitiateWeeklyCelestialSpawnEventTest" assertions="3" time="0.104280"/>
        <testcase name="testWeeklyCelestialEventDoesTrigger" file="/home/adam/Documents/flare/tests/Unit/Game/Events/Jobs/InitiateWeeklyCelestialSpawnEventTest.php" line="41" class="Tests\Unit\Game\Events\Jobs\InitiateWeeklyCelestialSpawnEventTest" classname="Tests.Unit.Game.Events.Jobs.InitiateWeeklyCelestialSpawnEventTest" assertions="3" time="0.122019"/>
      </testsuite>
      <testsuite name="Tests\Unit\Game\Events\Jobs\InitiateWeeklyCurrencyDropEventTest" file="/home/adam/Documents/flare/tests/Unit/Game/Events/Jobs/InitiateWeeklyCurrencyDropEventTest.php" tests="2" assertions="6" errors="0" failures="0" skipped="0" time="0.260149">
        <testcase name="testWeeklyCurrencyEventDoesNotTrigger" file="/home/adam/Documents/flare/tests/Unit/Game/Events/Jobs/InitiateWeeklyCurrencyDropEventTest.php" line="29" class="Tests\Unit\Game\Events\Jobs\InitiateWeeklyCurrencyDropEventTest" classname="Tests.Unit.Game.Events.Jobs.InitiateWeeklyCurrencyDropEventTest" assertions="3" time="0.141282"/>
        <testcase name="testWeeklyCurrencyEventDoesTrigger" file="/home/adam/Documents/flare/tests/Unit/Game/Events/Jobs/InitiateWeeklyCurrencyDropEventTest.php" line="40" class="Tests\Unit\Game\Events\Jobs\InitiateWeeklyCurrencyDropEventTest" classname="Tests.Unit.Game.Events.Jobs.InitiateWeeklyCurrencyDropEventTest" assertions="3" time="0.118867"/>
      </testsuite>
      <testsuite name="Tests\Unit\Game\Events\Jobs\InitiateWeeklyFactionLoyaltyEventTest" file="/home/adam/Documents/flare/tests/Unit/Game/Events/Jobs/InitiateWeeklyFactionLoyaltyEventTest.php" tests="2" assertions="6" errors="0" failures="0" skipped="0" time="0.261278">
        <testcase name="testWeeklyCurrencyEventDoesNotTrigger" file="/home/adam/Documents/flare/tests/Unit/Game/Events/Jobs/InitiateWeeklyFactionLoyaltyEventTest.php" line="29" class="Tests\Unit\Game\Events\Jobs\InitiateWeeklyFactionLoyaltyEventTest" classname="Tests.Unit.Game.Events.Jobs.InitiateWeeklyFactionLoyaltyEventTest" assertions="3" time="0.111372"/>
        <testcase name="testWeeklyCurrencyEventDoesTrigger" file="/home/adam/Documents/flare/tests/Unit/Game/Events/Jobs/InitiateWeeklyFactionLoyaltyEventTest.php" line="40" class="Tests\Unit\Game\Events\Jobs\InitiateWeeklyFactionLoyaltyEventTest" classname="Tests.Unit.Game.Events.Jobs.InitiateWeeklyFactionLoyaltyEventTest" assertions="3" time="0.149906"/>
      </testsuite>
      <testsuite name="Tests\Unit\Game\Events\Jobs\InitiateWinterEventTest" file="/home/adam/Documents/flare/tests/Unit/Game/Events/Jobs/InitiateWinterEventTest.php" tests="4" assertions="20" errors="0" failures="0" skipped="0" time="0.545430">
        <testcase name="testWinterEventDoesNotTrigger" file="/home/adam/Documents/flare/tests/Unit/Game/Events/Jobs/InitiateWinterEventTest.php" line="37" class="Tests\Unit\Game\Events\Jobs\InitiateWinterEventTest" classname="Tests.Unit.Game.Events.Jobs.InitiateWinterEventTest" assertions="4" time="0.115127"/>
        <testcase name="testWinterEventDoesTriggerWhenScheduledEventExists" file="/home/adam/Documents/flare/tests/Unit/Game/Events/Jobs/InitiateWinterEventTest.php" line="49" class="Tests\Unit\Game\Events\Jobs\InitiateWinterEventTest" classname="Tests.Unit.Game.Events.Jobs.InitiateWinterEventTest" assertions="4" time="0.139566"/>
        <testcase name="testScheduleTheEventForNextYear" file="/home/adam/Documents/flare/tests/Unit/Game/Events/Jobs/InitiateWinterEventTest.php" line="71" class="Tests\Unit\Game\Events\Jobs\InitiateWinterEventTest" classname="Tests.Unit.Game.Events.Jobs.InitiateWinterEventTest" assertions="6" time="0.158611"/>
        <testcase name="testScheduleTheEventAndAssociatedRaidsForNextYear" file="/home/adam/Documents/flare/tests/Unit/Game/Events/Jobs/InitiateWinterEventTest.php" line="101" class="Tests\Unit\Game\Events\Jobs\InitiateWinterEventTest" classname="Tests.Unit.Game.Events.Jobs.InitiateWinterEventTest" assertions="6" time="0.132126"/>
      </testsuite>
      <testsuite name="Tests\Unit\Game\Events\Registry\EventEnderRegistryTest" file="/home/adam/Documents/flare/tests/Unit/Game/Events/Registry/EventEnderRegistryTest.php" tests="2" assertions="2" errors="0" failures="0" skipped="0" time="0.273721">
        <testcase name="testEndCallsOnlySupportingEnder" file="/home/adam/Documents/flare/tests/Unit/Game/Events/Registry/EventEnderRegistryTest.php" line="33" class="Tests\Unit\Game\Events\Registry\EventEnderRegistryTest" classname="Tests.Unit.Game.Events.Registry.EventEnderRegistryTest" assertions="1" time="0.139739"/>
        <testcase name="testEndDoesNothingWhenNoEnderSupports" file="/home/adam/Documents/flare/tests/Unit/Game/Events/Registry/EventEnderRegistryTest.php" line="87" class="Tests\Unit\Game\Events\Registry\EventEnderRegistryTest" classname="Tests.Unit.Game.Events.Registry.EventEnderRegistryTest" assertions="1" time="0.133983"/>
      </testsuite>
      <testsuite name="Tests\Unit\Game\Events\Services\AnnouncementCleanupServiceTest" file="/home/adam/Documents/flare/tests/Unit/Game/Events/Services/AnnouncementCleanupServiceTest.php" tests="2" assertions="4" errors="0" failures="0" skipped="0" time="0.291304">
        <testcase name="testDeleteByEventIdWhenNoAnnouncementFoundDoesNothing" file="/home/adam/Documents/flare/tests/Unit/Game/Events/Services/AnnouncementCleanupServiceTest.php" line="58" class="Tests\Unit\Game\Events\Services\AnnouncementCleanupServiceTest" classname="Tests.Unit.Game.Events.Services.AnnouncementCleanupServiceTest" assertions="2" time="0.127772"/>
        <testcase name="testDeleteByEventIdRemovesAnnouncementAndDispatchesEvent" file="/home/adam/Documents/flare/tests/Unit/Game/Events/Services/AnnouncementCleanupServiceTest.php" line="39" class="Tests\Unit\Game\Events\Services\AnnouncementCleanupServiceTest" classname="Tests.Unit.Game.Events.Services.AnnouncementCleanupServiceTest" assertions="2" time="0.163533"/>
      </testsuite>
      <testsuite name="Tests\Unit\Game\Events\Services\DelusionalMemoriesEventEnderServiceTest" file="/home/adam/Documents/flare/tests/Unit/Game/Events/Services/DelusionalMemoriesEventEnderServiceTest.php" tests="4" assertions="14" errors="0" failures="0" skipped="0" time="1.221095">
        <testcase name="testSupportsReturnsTrueForDelusionalMemoriesEvent" file="/home/adam/Documents/flare/tests/Unit/Game/Events/Services/DelusionalMemoriesEventEnderServiceTest.php" line="53" class="Tests\Unit\Game\Events\Services\DelusionalMemoriesEventEnderServiceTest" classname="Tests.Unit.Game.Events.Services.DelusionalMemoriesEventEnderServiceTest" assertions="2" time="0.153626"/>
        <testcase name="testEndReturnsEarlyWhenDelusionalMapMissing" file="/home/adam/Documents/flare/tests/Unit/Game/Events/Services/DelusionalMemoriesEventEnderServiceTest.php" line="59" class="Tests\Unit\Game\Events\Services\DelusionalMemoriesEventEnderServiceTest" classname="Tests.Unit.Game.Events.Services.DelusionalMemoriesEventEnderServiceTest" assertions="3" time="0.180421"/>
        <testcase name="testEndReturnsEarlyWhenSurfaceMapMissing" file="/home/adam/Documents/flare/tests/Unit/Game/Events/Services/DelusionalMemoriesEventEnderServiceTest.php" line="89" class="Tests\Unit\Game\Events\Services\DelusionalMemoriesEventEnderServiceTest" classname="Tests.Unit.Game.Events.Services.DelusionalMemoriesEventEnderServiceTest" assertions="2" time="0.144654"/>
        <testcase name="testEndMovesCharactersResetsProgressUnpledgesAndCleansUp" file="/home/adam/Documents/flare/tests/Unit/Game/Events/Services/DelusionalMemoriesEventEnderServiceTest.php" line="112" class="Tests\Unit\Game\Events\Services\DelusionalMemoriesEventEnderServiceTest" classname="Tests.Unit.Game.Events.Services.DelusionalMemoriesEventEnderServiceTest" assertions="7" time="0.742395"/>
      </testsuite>
      <testsuite name="Tests\Unit\Game\Events\Services\EventGoalRestartGuardServiceTest" file="/home/adam/Documents/flare/tests/Unit/Game/Events/Services/EventGoalRestartGuardServiceTest.php" tests="8" assertions="8" errors="0" failures="0" skipped="0" time="1.362743">
        <testcase name="testReturnsTrueWhenNoThresholdsConfigured" file="/home/adam/Documents/flare/tests/Unit/Game/Events/Services/EventGoalRestartGuardServiceTest.php" line="34" class="Tests\Unit\Game\Events\Services\EventGoalRestartGuardServiceTest" classname="Tests.Unit.Game.Events.Services.EventGoalRestartGuardServiceTest" assertions="1" time="0.114643"/>
        <testcase name="testReturnsFalseWhenEnchantsNotMet" file="/home/adam/Documents/flare/tests/Unit/Game/Events/Services/EventGoalRestartGuardServiceTest.php" line="158" class="Tests\Unit\Game\Events\Services\EventGoalRestartGuardServiceTest" classname="Tests.Unit.Game.Events.Services.EventGoalRestartGuardServiceTest" assertions="1" time="0.114972"/>
        <testcase name="testReturnsFalseWhenKillsNotMet" file="/home/adam/Documents/flare/tests/Unit/Game/Events/Services/EventGoalRestartGuardServiceTest.php" line="52" class="Tests\Unit\Game\Events\Services\EventGoalRestartGuardServiceTest" classname="Tests.Unit.Game.Events.Services.EventGoalRestartGuardServiceTest" assertions="1" time="0.118221"/>
        <testcase name="testReturnsFalseWhenCraftsNotMet" file="/home/adam/Documents/flare/tests/Unit/Game/Events/Services/EventGoalRestartGuardServiceTest.php" line="105" class="Tests\Unit\Game\Events\Services\EventGoalRestartGuardServiceTest" classname="Tests.Unit.Game.Events.Services.EventGoalRestartGuardServiceTest" assertions="1" time="0.145836"/>
        <testcase name="testReturnsFalseWhenOneOfMultipleThresholdsIsNotMet" file="/home/adam/Documents/flare/tests/Unit/Game/Events/Services/EventGoalRestartGuardServiceTest.php" line="223" class="Tests\Unit\Game\Events\Services\EventGoalRestartGuardServiceTest" classname="Tests.Unit.Game.Events.Services.EventGoalRestartGuardServiceTest" assertions="1" time="0.204766"/>
        <testcase name="testReturnsTrueWhenAllConfiguredThresholdsAreMet" file="/home/adam/Documents/flare/tests/Unit/Game/Events/Services/EventGoalRestartGuardServiceTest.php" line="177" class="Tests\Unit\Game\Events\Services\EventGoalRestartGuardServiceTest" classname="Tests.Unit.Game.Events.Services.EventGoalRestartGuardServiceTest" assertions="1" time="0.202708"/>
        <testcase name="testReturnsTrueWhenKillsMet" file="/home/adam/Documents/flare/tests/Unit/Game/Events/Services/EventGoalRestartGuardServiceTest.php" line="71" class="Tests\Unit\Game\Events\Services\EventGoalRestartGuardServiceTest" classname="Tests.Unit.Game.Events.Services.EventGoalRestartGuardServiceTest" assertions="1" time="0.252975"/>
        <testcase name="testReturnsTrueWhenCraftsMet" file="/home/adam/Documents/flare/tests/Unit/Game/Events/Services/EventGoalRestartGuardServiceTest.php" line="124" class="Tests\Unit\Game\Events\Services\EventGoalRestartGuardServiceTest" classname="Tests.Unit.Game.Events.Services.EventGoalRestartGuardServiceTest" assertions="1" time="0.208621"/>
      </testsuite>
      <testsuite name="Tests\Unit\Game\Events\Services\EventGoalServiceTest" file="/home/adam/Documents/flare/tests/Unit/Game/Events/Services/EventGoalServiceTest.php" tests="5" assertions="5" errors="0" failures="0" skipped="0" time="1.106576">
        <testcase name="testFetchCurrentEventGoalKillRequiredIsEqualToRewardEvery" file="/home/adam/Documents/flare/tests/Unit/Game/Events/Services/EventGoalServiceTest.php" line="145" class="Tests\Unit\Game\Events\Services\EventGoalServiceTest" classname="Tests.Unit.Game.Events.Services.EventGoalServiceTest" assertions="1" time="0.124535"/>
        <testcase name="testFetchCurrentEventGoalData" file="/home/adam/Documents/flare/tests/Unit/Game/Events/Services/EventGoalServiceTest.php" line="69" class="Tests\Unit\Game\Events\Services\EventGoalServiceTest" classname="Tests.Unit.Game.Events.Services.EventGoalServiceTest" assertions="1" time="0.214954"/>
        <testcase name="testFetchCurrentEventGoalDataForResponse" file="/home/adam/Documents/flare/tests/Unit/Game/Events/Services/EventGoalServiceTest.php" line="34" class="Tests\Unit\Game\Events\Services\EventGoalServiceTest" classname="Tests.Unit.Game.Events.Services.EventGoalServiceTest" assertions="1" time="0.276093"/>
        <testcase name="testFetchCurrentEventGoalDataWithCurrentKillCount" file="/home/adam/Documents/flare/tests/Unit/Game/Events/Services/EventGoalServiceTest.php" line="103" class="Tests\Unit\Game\Events\Services\EventGoalServiceTest" classname="Tests.Unit.Game.Events.Services.EventGoalServiceTest" assertions="1" time="0.205180"/>
        <testcase name="testOnlyNeedsHalfOfRewardEveryAsCurrentKillCount" file="/home/adam/Documents/flare/tests/Unit/Game/Events/Services/EventGoalServiceTest.php" line="158" class="Tests\Unit\Game\Events\Services\EventGoalServiceTest" classname="Tests.Unit.Game.Events.Services.EventGoalServiceTest" assertions="1" time="0.285814"/>
      </testsuite>
      <testsuite name="Tests\Unit\Game\Events\Services\EventParticipantNotifierServiceTest" file="/home/adam/Documents/flare/tests/Unit/Game/Events/Services/EventParticipantNotifierServiceTest.php" tests="4" assertions="5" errors="0" failures="0" skipped="0" time="0.848151">
        <testcase name="testDoesNothingWhenParticipantsCountIsZero" file="/home/adam/Documents/flare/tests/Unit/Game/Events/Services/EventParticipantNotifierServiceTest.php" line="22" class="Tests\Unit\Game\Events\Services\EventParticipantNotifierServiceTest" classname="Tests.Unit.Game.Events.Services.EventParticipantNotifierServiceTest" assertions="1" time="0.160773"/>
        <testcase name="testDoesNothingWhenNoParticipationRowsExist" file="/home/adam/Documents/flare/tests/Unit/Game/Events/Services/EventParticipantNotifierServiceTest.php" line="43" class="Tests\Unit\Game\Events\Services\EventParticipantNotifierServiceTest" classname="Tests.Unit.Game.Events.Services.EventParticipantNotifierServiceTest" assertions="1" time="0.129672"/>
        <testcase name="testDoesNothingWhenNoMapExistsForEventType" file="/home/adam/Documents/flare/tests/Unit/Game/Events/Services/EventParticipantNotifierServiceTest.php" line="68" class="Tests\Unit\Game\Events\Services\EventParticipantNotifierServiceTest" classname="Tests.Unit.Game.Events.Services.EventParticipantNotifierServiceTest" assertions="1" time="0.240201"/>
        <testcase name="testNotifiesUniqueParticipantsWithAggregatedTotals" file="/home/adam/Documents/flare/tests/Unit/Game/Events/Services/EventParticipantNotifierServiceTest.php" line="100" class="Tests\Unit\Game\Events\Services\EventParticipantNotifierServiceTest" classname="Tests.Unit.Game.Events.Services.EventParticipantNotifierServiceTest" assertions="2" time="0.317505"/>
      </testsuite>
      <testsuite name="Tests\Unit\Game\Events\Services\FactionLoyaltyPledgeCleanupServiceTest" file="/home/adam/Documents/flare/tests/Unit/Game/Events/Services/FactionLoyaltyPledgeCleanupServiceTest.php" tests="4" assertions="12" errors="0" failures="0" skipped="0" time="1.007960">
        <testcase name="testUnpledgeIfOnFactionWhenLoyaltyExistsWithoutAssistingNpcRemovesPledgeOnly" file="/home/adam/Documents/flare/tests/Unit/Game/Events/Services/FactionLoyaltyPledgeCleanupServiceTest.php" line="77" class="Tests\Unit\Game\Events\Services\FactionLoyaltyPledgeCleanupServiceTest" classname="Tests.Unit.Game.Events.Services.FactionLoyaltyPledgeCleanupServiceTest" assertions="3" time="0.266415"/>
        <testcase name="testUnpledgeIfOnFactionWhenNoLoyaltyRecordDoesNothing" file="/home/adam/Documents/flare/tests/Unit/Game/Events/Services/FactionLoyaltyPledgeCleanupServiceTest.php" line="53" class="Tests\Unit\Game\Events\Services\FactionLoyaltyPledgeCleanupServiceTest" classname="Tests.Unit.Game.Events.Services.FactionLoyaltyPledgeCleanupServiceTest" assertions="3" time="0.242859"/>
        <testcase name="testUnpledgeIfOnFactionWhenAssistingNpcStopsAssistanceThenRemovesPledge" file="/home/adam/Documents/flare/tests/Unit/Game/Events/Services/FactionLoyaltyPledgeCleanupServiceTest.php" line="109" class="Tests\Unit\Game\Events\Services\FactionLoyaltyPledgeCleanupServiceTest" classname="Tests.Unit.Game.Events.Services.FactionLoyaltyPledgeCleanupServiceTest" assertions="3" time="0.225206"/>
        <testcase name="testUnpledgeIfOnFactionWithNullFactionDoesNothing" file="/home/adam/Documents/flare/tests/Unit/Game/Events/Services/FactionLoyaltyPledgeCleanupServiceTest.php" line="37" class="Tests\Unit\Game\Events\Services\FactionLoyaltyPledgeCleanupServiceTest" classname="Tests.Unit.Game.Events.Services.FactionLoyaltyPledgeCleanupServiceTest" assertions="3" time="0.273480"/>
      </testsuite>
      <testsuite name="Tests\Unit\Game\Events\Services\FeedbackEventEnderServiceTest" file="/home/adam/Documents/flare/tests/Unit/Game/Events/Services/FeedbackEventEnderServiceTest.php" tests="2" assertions="10" errors="0" failures="0" skipped="0" time="2.012395">
        <testcase name="testSupportsReturnsTrueOnlyForFeedbackEvent" file="/home/adam/Documents/flare/tests/Unit/Game/Events/Services/FeedbackEventEnderServiceTest.php" line="54" class="Tests\Unit\Game\Events\Services\FeedbackEventEnderServiceTest" classname="Tests.Unit.Game.Events.Services.FeedbackEventEnderServiceTest" assertions="2" time="0.100451"/>
        <testcase name="testEndGeneratesSnapshotTruncatesSurveysDispatchesEventsCleansAnnouncementsAndDeletesEvent" file="/home/adam/Documents/flare/tests/Unit/Game/Events/Services/FeedbackEventEnderServiceTest.php" line="60" class="Tests\Unit\Game\Events\Services\FeedbackEventEnderServiceTest" classname="Tests.Unit.Game.Events.Services.FeedbackEventEnderServiceTest" assertions="8" time="1.911944"/>
      </testsuite>
      <testsuite name="Tests\Unit\Game\Events\Services\GlobalEventGoalCleanupServiceTest" file="/home/adam/Documents/flare/tests/Unit/Game/Events/Services/GlobalEventGoalCleanupServiceTest.php" tests="1" assertions="6" errors="0" failures="0" skipped="0" time="22.593553">
        <testcase name="testTruncateAll" file="/home/adam/Documents/flare/tests/Unit/Game/Events/Services/GlobalEventGoalCleanupServiceTest.php" line="35" class="Tests\Unit\Game\Events\Services\GlobalEventGoalCleanupServiceTest" classname="Tests.Unit.Game.Events.Services.GlobalEventGoalCleanupServiceTest" assertions="6" time="22.593553"/>
      </testsuite>
      <testsuite name="Tests\Unit\Game\Events\Services\GlobalEventStepRotatorServiceTest" file="/home/adam/Documents/flare/tests/Unit/Game/Events/Services/GlobalEventStepRotatorServiceTest.php" tests="4" assertions="35" errors="0" failures="0" skipped="0" time="0.952172">
        <testcase name="testReturnsNullWhenStepNotInSteps" file="/home/adam/Documents/flare/tests/Unit/Game/Events/Services/GlobalEventStepRotatorServiceTest.php" line="31" class="Tests\Unit\Game\Events\Services\GlobalEventStepRotatorServiceTest" classname="Tests.Unit.Game.Events.Services.GlobalEventStepRotatorServiceTest" assertions="3" time="0.231529"/>
        <testcase name="testRotateFromBattleToCraft" file="/home/adam/Documents/flare/tests/Unit/Game/Events/Services/GlobalEventStepRotatorServiceTest.php" line="75" class="Tests\Unit\Game\Events\Services\GlobalEventStepRotatorServiceTest" classname="Tests.Unit.Game.Events.Services.GlobalEventStepRotatorServiceTest" assertions="10" time="0.235076"/>
        <testcase name="testRotateFromCraftToEnchant" file="/home/adam/Documents/flare/tests/Unit/Game/Events/Services/GlobalEventStepRotatorServiceTest.php" line="155" class="Tests\Unit\Game\Events\Services\GlobalEventStepRotatorServiceTest" classname="Tests.Unit.Game.Events.Services.GlobalEventStepRotatorServiceTest" assertions="10" time="0.217465"/>
        <testcase name="testRotateFromEnchantWrapsToBattleAndPurgesEnchantInventories" file="/home/adam/Documents/flare/tests/Unit/Game/Events/Services/GlobalEventStepRotatorServiceTest.php" line="224" class="Tests\Unit\Game\Events\Services\GlobalEventStepRotatorServiceTest" classname="Tests.Unit.Game.Events.Services.GlobalEventStepRotatorServiceTest" assertions="12" time="0.268102"/>
      </testsuite>
      <testsuite name="Tests\Unit\Game\Events\Services\KingdomEventServiceTest" file="/home/adam/Documents/flare/tests/Unit/Game/Events/Services/KingdomEventServiceTest.php" tests="1" assertions="3" errors="0" failures="0" skipped="0" time="0.252613">
        <testcase name="testGivesPlayerRewardAndDestroysAllKingdoms" file="/home/adam/Documents/flare/tests/Unit/Game/Events/Services/KingdomEventServiceTest.php" line="37" class="Tests\Unit\Game\Events\Services\KingdomEventServiceTest" classname="Tests.Unit.Game.Events.Services.KingdomEventServiceTest" assertions="3" time="0.252613"/>
      </testsuite>
      <testsuite name="Tests\Unit\Game\Events\Services\MoveCharacterAfterEventServiceTest" file="/home/adam/Documents/flare/tests/Unit/Game/Events/Services/MoveCharacterAfterEventServiceTest.php" tests="7" assertions="20" errors="0" failures="0" skipped="0" time="1.826465">
        <testcase name="testMoveAllToSurfaceDoesNothingWithEmptyCollection" file="/home/adam/Documents/flare/tests/Unit/Game/Events/Services/MoveCharacterAfterEventServiceTest.php" line="154" class="Tests\Unit\Game\Events\Services\MoveCharacterAfterEventServiceTest" classname="Tests.Unit.Game.Events.Services.MoveCharacterAfterEventServiceTest" assertions="1" time="0.118582"/>
        <testcase name="testStopExplorationForDoesNothingWithEmptyCollection" file="/home/adam/Documents/flare/tests/Unit/Game/Events/Services/MoveCharacterAfterEventServiceTest.php" line="96" class="Tests\Unit\Game\Events\Services\MoveCharacterAfterEventServiceTest" classname="Tests.Unit.Game.Events.Services.MoveCharacterAfterEventServiceTest" assertions="1" time="0.109009"/>
        <testcase name="testResetFactionProgressForMapDoesNothingWithEmptyCollection" file="/home/adam/Documents/flare/tests/Unit/Game/Events/Services/MoveCharacterAfterEventServiceTest.php" line="121" class="Tests\Unit\Game\Events\Services\MoveCharacterAfterEventServiceTest" classname="Tests.Unit.Game.Events.Services.MoveCharacterAfterEventServiceTest" assertions="1" time="0.160663"/>
        <testcase name="testResetFactionProgressForMapResetsValues" file="/home/adam/Documents/flare/tests/Unit/Game/Events/Services/MoveCharacterAfterEventServiceTest.php" line="130" class="Tests\Unit\Game\Events\Services\MoveCharacterAfterEventServiceTest" classname="Tests.Unit.Game.Events.Services.MoveCharacterAfterEventServiceTest" assertions="7" time="0.228044"/>
        <testcase name="testStopExplorationForStopsExploration" file="/home/adam/Documents/flare/tests/Unit/Game/Events/Services/MoveCharacterAfterEventServiceTest.php" line="103" class="Tests\Unit\Game\Events\Services\MoveCharacterAfterEventServiceTest" classname="Tests.Unit.Game.Events.Services.MoveCharacterAfterEventServiceTest" assertions="4" time="0.308900"/>
        <testcase name="testForCharactersOnMapInvokesCallbackWithCharacters" file="/home/adam/Documents/flare/tests/Unit/Game/Events/Services/MoveCharacterAfterEventServiceTest.php" line="74" class="Tests\Unit\Game\Events\Services\MoveCharacterAfterEventServiceTest" classname="Tests.Unit.Game.Events.Services.MoveCharacterAfterEventServiceTest" assertions="2" time="0.279388"/>
        <testcase name="testMoveAllToSurfaceMovesCharacters" file="/home/adam/Documents/flare/tests/Unit/Game/Events/Services/MoveCharacterAfterEventServiceTest.php" line="163" class="Tests\Unit\Game\Events\Services\MoveCharacterAfterEventServiceTest" classname="Tests.Unit.Game.Events.Services.MoveCharacterAfterEventServiceTest" assertions="4" time="0.621879"/>
      </testsuite>
      <testsuite name="Tests\Unit\Game\Events\Services\RaidEventEnderServiceTest" file="/home/adam/Documents/flare/tests/Unit/Game/Events/Services/RaidEventEnderServiceTest.php" tests="3" assertions="17" errors="0" failures="0" skipped="0" time="0.675697">
        <testcase name="testSupportsReturnsTrueOnlyForRaidEvent" file="/home/adam/Documents/flare/tests/Unit/Game/Events/Services/RaidEventEnderServiceTest.php" line="59" class="Tests\Unit\Game\Events\Services\RaidEventEnderServiceTest" classname="Tests.Unit.Game.Events.Services.RaidEventEnderServiceTest" assertions="4" time="0.110244"/>
        <testcase name="testEndReturnsEarlyWhenScheduledHasNoRaidAndCleansUp" file="/home/adam/Documents/flare/tests/Unit/Game/Events/Services/RaidEventEnderServiceTest.php" line="67" class="Tests\Unit\Game\Events\Services\RaidEventEnderServiceTest" classname="Tests.Unit.Game.Events.Services.RaidEventEnderServiceTest" assertions="4" time="0.126714"/>
        <testcase name="testEndWithRaidUncorruptsLocationsPurgesRaidDataUpdatesMonstersAndCleansUp" file="/home/adam/Documents/flare/tests/Unit/Game/Events/Services/RaidEventEnderServiceTest.php" line="100" class="Tests\Unit\Game\Events\Services\RaidEventEnderServiceTest" classname="Tests.Unit.Game.Events.Services.RaidEventEnderServiceTest" assertions="9" time="0.438739"/>
      </testsuite>
      <testsuite name="Tests\Unit\Game\Events\Services\RegularEventGoalResetServiceTest" file="/home/adam/Documents/flare/tests/Unit/Game/Events/Services/RegularEventGoalResetServiceTest.php" tests="1" assertions="5" errors="0" failures="0" skipped="0" time="0.200059">
        <testcase name="testResetsNextRewardAndClearsParticipationAndKillsForOnlyTheGivenGoal" file="/home/adam/Documents/flare/tests/Unit/Game/Events/Services/RegularEventGoalResetServiceTest.php" line="40" class="Tests\Unit\Game\Events\Services\RegularEventGoalResetServiceTest" classname="Tests.Unit.Game.Events.Services.RegularEventGoalResetServiceTest" assertions="5" time="0.200059"/>
      </testsuite>
      <testsuite name="Tests\Unit\Game\Events\Services\ScheduleEventFinalizerServiceTest" file="/home/adam/Documents/flare/tests/Unit/Game/Events/Services/ScheduleEventFinalizerServiceTest.php" tests="1" assertions="3" errors="0" failures="0" skipped="0" time="0.116307">
        <testcase name="testMarkNotRunningAndBroadcastUpdatesFlagAndDispatchesUpdate" file="/home/adam/Documents/flare/tests/Unit/Game/Events/Services/ScheduleEventFinalizerServiceTest.php" line="36" class="Tests\Unit\Game\Events\Services\ScheduleEventFinalizerServiceTest" classname="Tests.Unit.Game.Events.Services.ScheduleEventFinalizerServiceTest" assertions="3" time="0.116307"/>
      </testsuite>
      <testsuite name="Tests\Unit\Game\Events\Services\WeeklyCelestialEventEnderServiceTest" file="/home/adam/Documents/flare/tests/Unit/Game/Events/Services/WeeklyCelestialEventEnderServiceTest.php" tests="2" assertions="6" errors="0" failures="0" skipped="0" time="0.261059">
        <testcase name="testSupportsReturnsTrueOnlyForWeeklyCelestials" file="/home/adam/Documents/flare/tests/Unit/Game/Events/Services/WeeklyCelestialEventEnderServiceTest.php" line="41" class="Tests\Unit\Game\Events\Services\WeeklyCelestialEventEnderServiceTest" classname="Tests.Unit.Game.Events.Services.WeeklyCelestialEventEnderServiceTest" assertions="3" time="0.134211"/>
        <testcase name="testEndAnnouncesCleansAnnouncementsAndDeletesActiveEvent" file="/home/adam/Documents/flare/tests/Unit/Game/Events/Services/WeeklyCelestialEventEnderServiceTest.php" line="48" class="Tests\Unit\Game\Events\Services\WeeklyCelestialEventEnderServiceTest" classname="Tests.Unit.Game.Events.Services.WeeklyCelestialEventEnderServiceTest" assertions="3" time="0.126848"/>
      </testsuite>
      <testsuite name="Tests\Unit\Game\Events\Services\WeeklyCurrencyEventEnderServiceTest" file="/home/adam/Documents/flare/tests/Unit/Game/Events/Services/WeeklyCurrencyEventEnderServiceTest.php" tests="2" assertions="6" errors="0" failures="0" skipped="0" time="0.241319">
        <testcase name="testSupportsReturnsTrueOnlyForWeeklyCurrencyDrops" file="/home/adam/Documents/flare/tests/Unit/Game/Events/Services/WeeklyCurrencyEventEnderServiceTest.php" line="41" class="Tests\Unit\Game\Events\Services\WeeklyCurrencyEventEnderServiceTest" classname="Tests.Unit.Game.Events.Services.WeeklyCurrencyEventEnderServiceTest" assertions="3" time="0.119338"/>
        <testcase name="testEndAnnouncesCleansAnnouncementsAndDeletesActiveEvent" file="/home/adam/Documents/flare/tests/Unit/Game/Events/Services/WeeklyCurrencyEventEnderServiceTest.php" line="48" class="Tests\Unit\Game\Events\Services\WeeklyCurrencyEventEnderServiceTest" classname="Tests.Unit.Game.Events.Services.WeeklyCurrencyEventEnderServiceTest" assertions="3" time="0.121981"/>
      </testsuite>
      <testsuite name="Tests\Unit\Game\Events\Services\WeeklyFactionLoyaltyEnderServiceTest" file="/home/adam/Documents/flare/tests/Unit/Game/Events/Services/WeeklyFactionLoyaltyEnderServiceTest.php" tests="2" assertions="6" errors="0" failures="0" skipped="0" time="0.258531">
        <testcase name="testSupportsReturnsTrueOnlyForWeeklyFactionLoyalty" file="/home/adam/Documents/flare/tests/Unit/Game/Events/Services/WeeklyFactionLoyaltyEnderServiceTest.php" line="41" class="Tests\Unit\Game\Events\Services\WeeklyFactionLoyaltyEnderServiceTest" classname="Tests.Unit.Game.Events.Services.WeeklyFactionLoyaltyEnderServiceTest" assertions="3" time="0.134660"/>
        <testcase name="testEndAnnouncesCleansAnnouncementsAndDeletesActiveEvent" file="/home/adam/Documents/flare/tests/Unit/Game/Events/Services/WeeklyFactionLoyaltyEnderServiceTest.php" line="48" class="Tests\Unit\Game\Events\Services\WeeklyFactionLoyaltyEnderServiceTest" classname="Tests.Unit.Game.Events.Services.WeeklyFactionLoyaltyEnderServiceTest" assertions="3" time="0.123871"/>
      </testsuite>
      <testsuite name="Tests\Unit\Game\Events\Services\WinterEventEnderServiceTest" file="/home/adam/Documents/flare/tests/Unit/Game/Events/Services/WinterEventEnderServiceTest.php" tests="4" assertions="16" errors="0" failures="0" skipped="0" time="0.902851">
        <testcase name="testSupportsReturnsTrueOnlyForWinterEvent" file="/home/adam/Documents/flare/tests/Unit/Game/Events/Services/WinterEventEnderServiceTest.php" line="54" class="Tests\Unit\Game\Events\Services\WinterEventEnderServiceTest" classname="Tests.Unit.Game.Events.Services.WinterEventEnderServiceTest" assertions="2" time="0.109502"/>
        <testcase name="testEndReturnsEarlyWhenIceMapMissing" file="/home/adam/Documents/flare/tests/Unit/Game/Events/Services/WinterEventEnderServiceTest.php" line="60" class="Tests\Unit\Game\Events\Services\WinterEventEnderServiceTest" classname="Tests.Unit.Game.Events.Services.WinterEventEnderServiceTest" assertions="4" time="0.121324"/>
        <testcase name="testEndReturnsEarlyWhenSurfaceMapMissing" file="/home/adam/Documents/flare/tests/Unit/Game/Events/Services/WinterEventEnderServiceTest.php" line="93" class="Tests\Unit\Game\Events\Services\WinterEventEnderServiceTest" classname="Tests.Unit.Game.Events.Services.WinterEventEnderServiceTest" assertions="4" time="0.168204"/>
        <testcase name="testEndMovesCharactersResetsProgressUnpledgesAndCleansUp" file="/home/adam/Documents/flare/tests/Unit/Game/Events/Services/WinterEventEnderServiceTest.php" line="126" class="Tests\Unit\Game\Events\Services\WinterEventEnderServiceTest" classname="Tests.Unit.Game.Events.Services.WinterEventEnderServiceTest" assertions="6" time="0.503822"/>
      </testsuite>
      <testsuite name="Tests\Unit\Game\Events\Values\EventTypeTest" file="/home/adam/Documents/flare/tests/Unit/Game/Events/Values/EventTypeTest.php" tests="11" assertions="11" errors="0" failures="0" skipped="0" time="1.193763">
        <testcase name="testIsRaidEvent" file="/home/adam/Documents/flare/tests/Unit/Game/Events/Values/EventTypeTest.php" line="47" class="Tests\Unit\Game\Events\Values\EventTypeTest" classname="Tests.Unit.Game.Events.Values.EventTypeTest" assertions="1" time="0.101835"/>
        <testcase name="testIsFeedBackEvent" file="/home/adam/Documents/flare/tests/Unit/Game/Events/Values/EventTypeTest.php" line="77" class="Tests\Unit\Game\Events\Values\EventTypeTest" classname="Tests.Unit.Game.Events.Values.EventTypeTest" assertions="1" time="0.137375"/>
        <testcase name="testIsWeeklyCurrencies" file="/home/adam/Documents/flare/tests/Unit/Game/Events/Values/EventTypeTest.php" line="42" class="Tests\Unit\Game\Events\Values\EventTypeTest" classname="Tests.Unit.Game.Events.Values.EventTypeTest" assertions="1" time="0.095689"/>
        <testcase name="testIsWinterEvent" file="/home/adam/Documents/flare/tests/Unit/Game/Events/Values/EventTypeTest.php" line="52" class="Tests\Unit\Game\Events\Values\EventTypeTest" classname="Tests.Unit.Game.Events.Values.EventTypeTest" assertions="1" time="0.096048"/>
        <testcase name="testInvalidEventType" file="/home/adam/Documents/flare/tests/Unit/Game/Events/Values/EventTypeTest.php" line="11" class="Tests\Unit\Game\Events\Values\EventTypeTest" classname="Tests.Unit.Game.Events.Values.EventTypeTest" assertions="1" time="0.097766"/>
        <testcase name="testIsWeeklyFactionLoyaltyEvent" file="/home/adam/Documents/flare/tests/Unit/Game/Events/Values/EventTypeTest.php" line="72" class="Tests\Unit\Game\Events\Values\EventTypeTest" classname="Tests.Unit.Game.Events.Values.EventTypeTest" assertions="1" time="0.140942"/>
        <testcase name="testGetOptionsForSelect" file="/home/adam/Documents/flare/tests/Unit/Game/Events/Values/EventTypeTest.php" line="18" class="Tests\Unit\Game\Events\Values\EventTypeTest" classname="Tests.Unit.Game.Events.Values.EventTypeTest" assertions="1" time="0.097466"/>
        <testcase name="testIsPurgatorySmithsHouse" file="/home/adam/Documents/flare/tests/Unit/Game/Events/Values/EventTypeTest.php" line="57" class="Tests\Unit\Game\Events\Values\EventTypeTest" classname="Tests.Unit.Game.Events.Values.EventTypeTest" assertions="1" time="0.096042"/>
        <testcase name="testIsWeeklyCelestials" file="/home/adam/Documents/flare/tests/Unit/Game/Events/Values/EventTypeTest.php" line="37" class="Tests\Unit\Game\Events\Values\EventTypeTest" classname="Tests.Unit.Game.Events.Values.EventTypeTest" assertions="1" time="0.101109"/>
        <testcase name="testIsTheOldChurch" file="/home/adam/Documents/flare/tests/Unit/Game/Events/Values/EventTypeTest.php" line="67" class="Tests\Unit\Game\Events\Values\EventTypeTest" classname="Tests.Unit.Game.Events.Values.EventTypeTest" assertions="1" time="0.133748"/>
        <testcase name="testIsGoldMines" file="/home/adam/Documents/flare/tests/Unit/Game/Events/Values/EventTypeTest.php" line="62" class="Tests\Unit\Game\Events\Values\EventTypeTest" classname="Tests.Unit.Game.Events.Values.EventTypeTest" assertions="1" time="0.095742"/>
      </testsuite>
      <testsuite name="Tests\Unit\Game\Events\Values\GlobalEventForEventTypeValueTest" file="/home/adam/Documents/flare/tests/Unit/Game/Events/Values/GlobalEventForEventTypeValueTest.php" tests="6" assertions="6" errors="0" failures="0" skipped="0" time="0.628041">
        <testcase name="testGetEnchantingEventGoalData" file="/home/adam/Documents/flare/tests/Unit/Game/Events/Values/GlobalEventForEventTypeValueTest.php" line="61" class="Tests\Unit\Game\Events\Values\GlobalEventForEventTypeValueTest" classname="Tests.Unit.Game.Events.Values.GlobalEventForEventTypeValueTest" assertions="1" time="0.098717"/>
        <testcase name="testGetWinterEventGlobalEventGoalData" file="/home/adam/Documents/flare/tests/Unit/Game/Events/Values/GlobalEventForEventTypeValueTest.php" line="13" class="Tests\Unit\Game\Events\Values\GlobalEventForEventTypeValueTest" classname="Tests.Unit.Game.Events.Values.GlobalEventForEventTypeValueTest" assertions="1" time="0.095876"/>
        <testcase name="testGetCraftingEventGoalData" file="/home/adam/Documents/flare/tests/Unit/Game/Events/Values/GlobalEventForEventTypeValueTest.php" line="45" class="Tests\Unit\Game\Events\Values\GlobalEventForEventTypeValueTest" classname="Tests.Unit.Game.Events.Values.GlobalEventForEventTypeValueTest" assertions="1" time="0.134841"/>
        <testcase name="testGetDelusionalMemoriesBattleEventGoalData" file="/home/adam/Documents/flare/tests/Unit/Game/Events/Values/GlobalEventForEventTypeValueTest.php" line="29" class="Tests\Unit\Game\Events\Values\GlobalEventForEventTypeValueTest" classname="Tests.Unit.Game.Events.Values.GlobalEventForEventTypeValueTest" assertions="1" time="0.097790"/>
        <testcase name="testGetDelusionalMemoriesGlobalEventSteps" file="/home/adam/Documents/flare/tests/Unit/Game/Events/Values/GlobalEventForEventTypeValueTest.php" line="77" class="Tests\Unit\Game\Events\Values\GlobalEventForEventTypeValueTest" classname="Tests.Unit.Game.Events.Values.GlobalEventForEventTypeValueTest" assertions="1" time="0.096646"/>
        <testcase name="testGetNothingForGlobalEventGoals" file="/home/adam/Documents/flare/tests/Unit/Game/Events/Values/GlobalEventForEventTypeValueTest.php" line="88" class="Tests\Unit\Game\Events\Values\GlobalEventForEventTypeValueTest" classname="Tests.Unit.Game.Events.Values.GlobalEventForEventTypeValueTest" assertions="1" time="0.104170"/>
      </testsuite>
      <testsuite name="Tests\Unit\Game\Events\Values\GlobalEventStepsTest" file="/home/adam/Documents/flare/tests/Unit/Game/Events/Values/GlobalEventStepsTest.php" tests="4" assertions="4" errors="0" failures="0" skipped="0" time="0.453261">
        <testcase name="testIsCraft" file="/home/adam/Documents/flare/tests/Unit/Game/Events/Values/GlobalEventStepsTest.php" line="23" class="Tests\Unit\Game\Events\Values\GlobalEventStepsTest" classname="Tests.Unit.Game.Events.Values.GlobalEventStepsTest" assertions="1" time="0.138227"/>
        <testcase name="testIsEnchanting" file="/home/adam/Documents/flare/tests/Unit/Game/Events/Values/GlobalEventStepsTest.php" line="28" class="Tests\Unit\Game\Events\Values\GlobalEventStepsTest" classname="Tests.Unit.Game.Events.Values.GlobalEventStepsTest" assertions="1" time="0.098346"/>
        <testcase name="testInvalidEventType" file="/home/adam/Documents/flare/tests/Unit/Game/Events/Values/GlobalEventStepsTest.php" line="11" class="Tests\Unit\Game\Events\Values\GlobalEventStepsTest" classname="Tests.Unit.Game.Events.Values.GlobalEventStepsTest" assertions="1" time="0.101153"/>
        <testcase name="testIsBattle" file="/home/adam/Documents/flare/tests/Unit/Game/Events/Values/GlobalEventStepsTest.php" line="18" class="Tests\Unit\Game\Events\Values\GlobalEventStepsTest" classname="Tests.Unit.Game.Events.Values.GlobalEventStepsTest" assertions="1" time="0.115535"/>
      </testsuite>
      <testsuite name="Tests\Unit\Game\Factions\FactionLoyalty\Services\FactionLoyaltyServiceTest" file="/home/adam/Documents/flare/tests/Unit/Game/Factions/FactionLoyalty/Services/FactionLoyaltyServiceTest.php" tests="16" assertions="44" errors="0" failures="0" skipped="0" time="4.921290">
        <testcase name="testStopAssistingNpc" file="/home/adam/Documents/flare/tests/Unit/Game/Factions/FactionLoyalty/Services/FactionLoyaltyServiceTest.php" line="823" class="Tests\Unit\Game\Factions\FactionLoyalty\Services\FactionLoyaltyServiceTest" classname="Tests.Unit.Game.Factions.FactionLoyalty.Services.FactionLoyaltyServiceTest" assertions="2" time="0.407236"/>
        <testcase name="testHasPlaneLoyaltyForNpcCurrentlyHelping" file="/home/adam/Documents/flare/tests/Unit/Game/Factions/FactionLoyalty/Services/FactionLoyaltyServiceTest.php" line="93" class="Tests\Unit\Game\Factions\FactionLoyalty\Services\FactionLoyaltyServiceTest" classname="Tests.Unit.Game.Factions.FactionLoyalty.Services.FactionLoyaltyServiceTest" assertions="3" time="0.240490"/>
        <testcase name="testAssistNpc" file="/home/adam/Documents/flare/tests/Unit/Game/Factions/FactionLoyalty/Services/FactionLoyaltyServiceTest.php" line="760" class="Tests\Unit\Game\Factions\FactionLoyalty\Services\FactionLoyaltyServiceTest" classname="Tests.Unit.Game.Factions.FactionLoyalty.Services.FactionLoyaltyServiceTest" assertions="2" time="0.220832"/>
        <testcase name="testGetNoFactionLoyaltyForPlane" file="/home/adam/Documents/flare/tests/Unit/Game/Factions/FactionLoyalty/Services/FactionLoyaltyServiceTest.php" line="46" class="Tests\Unit\Game\Factions\FactionLoyalty\Services\FactionLoyaltyServiceTest" classname="Tests.Unit.Game.Factions.FactionLoyalty.Services.FactionLoyaltyServiceTest" assertions="1" time="0.235285"/>
        <testcase name="testRemovePledge" file="/home/adam/Documents/flare/tests/Unit/Game/Factions/FactionLoyalty/Services/FactionLoyaltyServiceTest.php" line="338" class="Tests\Unit\Game\Factions\FactionLoyalty\Services\FactionLoyaltyServiceTest" classname="Tests.Unit.Game.Factions.FactionLoyalty.Services.FactionLoyaltyServiceTest" assertions="2" time="0.224001"/>
        <testcase name="testPledgeToExistingLoyalty" file="/home/adam/Documents/flare/tests/Unit/Game/Factions/FactionLoyalty/Services/FactionLoyaltyServiceTest.php" line="276" class="Tests\Unit\Game\Factions\FactionLoyalty\Services\FactionLoyaltyServiceTest" classname="Tests.Unit.Game.Factions.FactionLoyalty.Services.FactionLoyaltyServiceTest" assertions="2" time="0.236851"/>
        <testcase name="testHasPlaneLoyalty" file="/home/adam/Documents/flare/tests/Unit/Game/Factions/FactionLoyalty/Services/FactionLoyaltyServiceTest.php" line="57" class="Tests\Unit\Game\Factions\FactionLoyalty\Services\FactionLoyaltyServiceTest" classname="Tests.Unit.Game.Factions.FactionLoyalty.Services.FactionLoyaltyServiceTest" assertions="3" time="0.219494"/>
        <testcase name="testCannotPledgeToFactionWhenNotMaxed" file="/home/adam/Documents/flare/tests/Unit/Game/Factions/FactionLoyalty/Services/FactionLoyaltyServiceTest.php" line="160" class="Tests\Unit\Game\Factions\FactionLoyalty\Services\FactionLoyaltyServiceTest" classname="Tests.Unit.Game.Factions.FactionLoyalty.Services.FactionLoyaltyServiceTest" assertions="1" time="0.280224"/>
        <testcase name="testCreateNewTasksForNpcLoyaltyTasks" file="/home/adam/Documents/flare/tests/Unit/Game/Factions/FactionLoyalty/Services/FactionLoyaltyServiceTest.php" line="406" class="Tests\Unit\Game\Factions\FactionLoyalty\Services\FactionLoyaltyServiceTest" classname="Tests.Unit.Game.Factions.FactionLoyalty.Services.FactionLoyaltyServiceTest" assertions="1" time="0.265785"/>
        <testcase name="testCannotPledgeWithAnotherCharactersFaction" file="/home/adam/Documents/flare/tests/Unit/Game/Factions/FactionLoyalty/Services/FactionLoyaltyServiceTest.php" line="150" class="Tests\Unit\Game\Factions\FactionLoyalty\Services\FactionLoyaltyServiceTest" classname="Tests.Unit.Game.Factions.FactionLoyalty.Services.FactionLoyaltyServiceTest" assertions="1" time="0.305451"/>
        <testcase name="testCreateNewTasksForNpcLoyaltyTasksWhenOnEventPlaneWithOutPurgatoryItem" file="/home/adam/Documents/flare/tests/Unit/Game/Factions/FactionLoyalty/Services/FactionLoyaltyServiceTest.php" line="476" class="Tests\Unit\Game\Factions\FactionLoyalty\Services\FactionLoyaltyServiceTest" classname="Tests.Unit.Game.Factions.FactionLoyalty.Services.FactionLoyaltyServiceTest" assertions="4" time="0.317729"/>
        <testcase name="testFailToAssistNpcThatDoesNotBelongToCharacter" file="/home/adam/Documents/flare/tests/Unit/Game/Factions/FactionLoyalty/Services/FactionLoyaltyServiceTest.php" line="732" class="Tests\Unit\Game\Factions\FactionLoyalty\Services\FactionLoyaltyServiceTest" classname="Tests.Unit.Game.Factions.FactionLoyalty.Services.FactionLoyaltyServiceTest" assertions="1" time="0.296617"/>
        <testcase name="testFailToStopAssistingNpcCharacterDoesNotOwn" file="/home/adam/Documents/flare/tests/Unit/Game/Factions/FactionLoyalty/Services/FactionLoyaltyServiceTest.php" line="795" class="Tests\Unit\Game\Factions\FactionLoyalty\Services\FactionLoyaltyServiceTest" classname="Tests.Unit.Game.Factions.FactionLoyalty.Services.FactionLoyaltyServiceTest" assertions="1" time="0.283877"/>
        <testcase name="testCreateNewTasksForNpcLoyaltyTasksWhenOnEventPlaneWithPurgatoryItem" file="/home/adam/Documents/flare/tests/Unit/Game/Factions/FactionLoyalty/Services/FactionLoyaltyServiceTest.php" line="598" class="Tests\Unit\Game\Factions\FactionLoyalty\Services\FactionLoyaltyServiceTest" classname="Tests.Unit.Game.Factions.FactionLoyalty.Services.FactionLoyaltyServiceTest" assertions="4" time="0.278281"/>
        <testcase name="testFailToRemovePledged" file="/home/adam/Documents/flare/tests/Unit/Game/Factions/FactionLoyalty/Services/FactionLoyaltyServiceTest.php" line="397" class="Tests\Unit\Game\Factions\FactionLoyalty\Services\FactionLoyaltyServiceTest" classname="Tests.Unit.Game.Factions.FactionLoyalty.Services.FactionLoyaltyServiceTest" assertions="1" time="0.248021"/>
        <testcase name="testPledgeLoyalty" file="/home/adam/Documents/flare/tests/Unit/Game/Factions/FactionLoyalty/Services/FactionLoyaltyServiceTest.php" line="167" class="Tests\Unit\Game\Factions\FactionLoyalty\Services\FactionLoyaltyServiceTest" classname="Tests.Unit.Game.Factions.FactionLoyalty.Services.FactionLoyaltyServiceTest" assertions="15" time="0.861116"/>
      </testsuite>
      <testsuite name="Tests\Unit\Game\Gambler\Services\GamblerServiceTest" file="/home/adam/Documents/flare/tests/Unit/Game/Gambler/Services/GamblerServiceTest.php" tests="15" assertions="53" errors="0" failures="0" skipped="0" time="3.683909">
        <testcase name="testDoesNotHasEnoughGoldToSpin" file="/home/adam/Documents/flare/tests/Unit/Game/Gambler/Services/GamblerServiceTest.php" line="58" class="Tests\Unit\Game\Gambler\Services\GamblerServiceTest" classname="Tests.Unit.Game.Gambler.Services.GamblerServiceTest" assertions="2" time="0.208545"/>
        <testcase name="testRolledTwoOfShardsWithMaxShards" file="/home/adam/Documents/flare/tests/Unit/Game/Gambler/Services/GamblerServiceTest.php" line="391" class="Tests\Unit\Game\Gambler\Services\GamblerServiceTest" classname="Tests.Unit.Game.Gambler.Services.GamblerServiceTest" assertions="4" time="0.261603"/>
        <testcase name="testFailedToMatchAny" file="/home/adam/Documents/flare/tests/Unit/Game/Gambler/Services/GamblerServiceTest.php" line="74" class="Tests\Unit\Game\Gambler\Services\GamblerServiceTest" classname="Tests.Unit.Game.Gambler.Services.GamblerServiceTest" assertions="3" time="0.247394"/>
        <testcase name="testRolledAllThreeOfGoldDust" file="/home/adam/Documents/flare/tests/Unit/Game/Gambler/Services/GamblerServiceTest.php" line="99" class="Tests\Unit\Game\Gambler\Services\GamblerServiceTest" classname="Tests.Unit.Game.Gambler.Services.GamblerServiceTest" assertions="4" time="0.216654"/>
        <testcase name="testHasEnoughGoldToSpin" file="/home/adam/Documents/flare/tests/Unit/Game/Gambler/Services/GamblerServiceTest.php" line="42" class="Tests\Unit\Game\Gambler\Services\GamblerServiceTest" classname="Tests.Unit.Game.Gambler.Services.GamblerServiceTest" assertions="2" time="0.254095"/>
        <testcase name="testRolledAllThreeOfCopperCoinsWithoutItem" file="/home/adam/Documents/flare/tests/Unit/Game/Gambler/Services/GamblerServiceTest.php" line="255" class="Tests\Unit\Game\Gambler\Services\GamblerServiceTest" classname="Tests.Unit.Game.Gambler.Services.GamblerServiceTest" assertions="4" time="0.222193"/>
        <testcase name="testRolledTwoOfShards" file="/home/adam/Documents/flare/tests/Unit/Game/Gambler/Services/GamblerServiceTest.php" line="307" class="Tests\Unit\Game\Gambler\Services\GamblerServiceTest" classname="Tests.Unit.Game.Gambler.Services.GamblerServiceTest" assertions="4" time="0.229662"/>
        <testcase name="testRolledAllThreeOfShards" file="/home/adam/Documents/flare/tests/Unit/Game/Gambler/Services/GamblerServiceTest.php" line="125" class="Tests\Unit\Game\Gambler\Services\GamblerServiceTest" classname="Tests.Unit.Game.Gambler.Services.GamblerServiceTest" assertions="4" time="0.231707"/>
        <testcase name="testRolledTwoOfGoldDust" file="/home/adam/Documents/flare/tests/Unit/Game/Gambler/Services/GamblerServiceTest.php" line="281" class="Tests\Unit\Game\Gambler\Services\GamblerServiceTest" classname="Tests.Unit.Game.Gambler.Services.GamblerServiceTest" assertions="4" time="0.273597"/>
        <testcase name="testRolledAllThreeOfCopperCoinsWithItemAndQuestItemThatGivesBonus" file="/home/adam/Documents/flare/tests/Unit/Game/Gambler/Services/GamblerServiceTest.php" line="183" class="Tests\Unit\Game\Gambler\Services\GamblerServiceTest" classname="Tests.Unit.Game.Gambler.Services.GamblerServiceTest" assertions="3" time="0.253754"/>
        <testcase name="testRolledTwoOfCopperCoinsWithItemWithMaxCopperCoins" file="/home/adam/Documents/flare/tests/Unit/Game/Gambler/Services/GamblerServiceTest.php" line="417" class="Tests\Unit\Game\Gambler\Services\GamblerServiceTest" classname="Tests.Unit.Game.Gambler.Services.GamblerServiceTest" assertions="4" time="0.261559"/>
        <testcase name="testRolledAllThreeOfCopperCoinsWithItem" file="/home/adam/Documents/flare/tests/Unit/Game/Gambler/Services/GamblerServiceTest.php" line="151" class="Tests\Unit\Game\Gambler\Services\GamblerServiceTest" classname="Tests.Unit.Game.Gambler.Services.GamblerServiceTest" assertions="4" time="0.269944"/>
        <testcase name="testRolledTwoOfCopperCoinsWithItem" file="/home/adam/Documents/flare/tests/Unit/Game/Gambler/Services/GamblerServiceTest.php" line="333" class="Tests\Unit\Game\Gambler\Services\GamblerServiceTest" classname="Tests.Unit.Game.Gambler.Services.GamblerServiceTest" assertions="4" time="0.261516"/>
        <testcase name="testRolledTwoOfGoldDustWithMaxGoldDust" file="/home/adam/Documents/flare/tests/Unit/Game/Gambler/Services/GamblerServiceTest.php" line="365" class="Tests\Unit\Game\Gambler\Services\GamblerServiceTest" classname="Tests.Unit.Game.Gambler.Services.GamblerServiceTest" assertions="4" time="0.247666"/>
        <testcase name="testRolledAllThreeOfCopperCoinsWithItemAndWeeklyCurrencyEvent" file="/home/adam/Documents/flare/tests/Unit/Game/Gambler/Services/GamblerServiceTest.php" line="220" class="Tests\Unit\Game\Gambler\Services\GamblerServiceTest" classname="Tests.Unit.Game.Gambler.Services.GamblerServiceTest" assertions="3" time="0.244020"/>
      </testsuite>
      <testsuite name="Tests\Unit\Game\Gambler\Values\CurrencyValueTest" file="/home/adam/Documents/flare/tests/Unit/Game/Gambler/Values/CurrencyValueTest.php" tests="1" assertions="1" errors="0" failures="0" skipped="0" time="0.134728">
        <testcase name="testInitializeCurrencyValueWithInProperValue" file="/home/adam/Documents/flare/tests/Unit/Game/Gambler/Values/CurrencyValueTest.php" line="24" class="Tests\Unit\Game\Gambler\Values\CurrencyValueTest" classname="Tests.Unit.Game.Gambler.Values.CurrencyValueTest" assertions="1" time="0.134728"/>
      </testsuite>
      <testsuite name="Tests\Unit\Game\Gems\Builders\GemBuilderTest" file="/home/adam/Documents/flare/tests/Unit/Game/Gems/Builders/GemBuilderTest.php" tests="2" assertions="4" errors="0" failures="0" skipped="0" time="0.230812">
        <testcase name="testCreateAGem" file="/home/adam/Documents/flare/tests/Unit/Game/Gems/Builders/GemBuilderTest.php" line="17" class="Tests\Unit\Game\Gems\Builders\GemBuilderTest" classname="Tests.Unit.Game.Gems.Builders.GemBuilderTest" assertions="2" time="0.109515"/>
        <testcase name="testFindExistingGem" file="/home/adam/Documents/flare/tests/Unit/Game/Gems/Builders/GemBuilderTest.php" line="30" class="Tests\Unit\Game\Gems\Builders\GemBuilderTest" classname="Tests.Unit.Game.Gems.Builders.GemBuilderTest" assertions="2" time="0.121298"/>
      </testsuite>
      <testsuite name="Tests\Unit\Game\Gems\Services\AttachedGemServiceTest" file="/home/adam/Documents/flare/tests/Unit/Game/Gems/Services/AttachedGemServiceTest.php" tests="2" assertions="3" errors="0" failures="0" skipped="0" time="0.473131">
        <testcase name="testGetGemDataFromItemWhenCharacterHasItem" file="/home/adam/Documents/flare/tests/Unit/Game/Gems/Services/AttachedGemServiceTest.php" line="76" class="Tests\Unit\Game\Gems\Services\AttachedGemServiceTest" classname="Tests.Unit.Game.Gems.Services.AttachedGemServiceTest" assertions="1" time="0.254922"/>
        <testcase name="testGetErrorWhenCharacterDoesNotHaveItem" file="/home/adam/Documents/flare/tests/Unit/Game/Gems/Services/AttachedGemServiceTest.php" line="66" class="Tests\Unit\Game\Gems\Services\AttachedGemServiceTest" classname="Tests.Unit.Game.Gems.Services.AttachedGemServiceTest" assertions="2" time="0.218209"/>
      </testsuite>
      <testsuite name="Tests\Unit\Game\Gems\Services\GemComparisonTest" file="/home/adam/Documents/flare/tests/Unit/Game/Gems/Services/GemComparisonTest.php" tests="4" assertions="17" errors="0" failures="0" skipped="0" time="0.885982">
        <testcase name="testReturnsErrorMessageWhenItemDoesNotExist" file="/home/adam/Documents/flare/tests/Unit/Game/Gems/Services/GemComparisonTest.php" line="80" class="Tests\Unit\Game\Gems\Services\GemComparisonTest" classname="Tests.Unit.Game.Gems.Services.GemComparisonTest" assertions="2" time="0.199464"/>
        <testcase name="testWhenComparingGemsToGemsOnAnItem" file="/home/adam/Documents/flare/tests/Unit/Game/Gems/Services/GemComparisonTest.php" line="125" class="Tests\Unit\Game\Gems\Services\GemComparisonTest" classname="Tests.Unit.Game.Gems.Services.GemComparisonTest" assertions="7" time="0.219088"/>
        <testcase name="testWhenComparingAGemToNoGemsOnItem" file="/home/adam/Documents/flare/tests/Unit/Game/Gems/Services/GemComparisonTest.php" line="100" class="Tests\Unit\Game\Gems\Services\GemComparisonTest" classname="Tests.Unit.Game.Gems.Services.GemComparisonTest" assertions="6" time="0.250744"/>
        <testcase name="testReturnsErrorMessageWhenGemDoesNotExist" file="/home/adam/Documents/flare/tests/Unit/Game/Gems/Services/GemComparisonTest.php" line="90" class="Tests\Unit\Game\Gems\Services\GemComparisonTest" classname="Tests.Unit.Game.Gems.Services.GemComparisonTest" assertions="2" time="0.216686"/>
      </testsuite>
      <testsuite name="Tests\Unit\Game\Gems\Services\ItemAtonementsTest" file="/home/adam/Documents/flare/tests/Unit/Game/Gems/Services/ItemAtonementsTest.php" tests="2" assertions="4" errors="0" failures="0" skipped="0" time="0.466227">
        <testcase name="testInventoryComparisonIsEmpty" file="/home/adam/Documents/flare/tests/Unit/Game/Gems/Services/ItemAtonementsTest.php" line="66" class="Tests\Unit\Game\Gems\Services\ItemAtonementsTest" classname="Tests.Unit.Game.Gems.Services.ItemAtonementsTest" assertions="2" time="0.197019"/>
        <testcase name="testInventoryComparisonIsNotEmpty" file="/home/adam/Documents/flare/tests/Unit/Game/Gems/Services/ItemAtonementsTest.php" line="74" class="Tests\Unit\Game\Gems\Services\ItemAtonementsTest" classname="Tests.Unit.Game.Gems.Services.ItemAtonementsTest" assertions="2" time="0.269208"/>
      </testsuite>
      <testsuite name="Tests\Unit\Game\Gems\Values\GemTierValueTest" file="/home/adam/Documents/flare/tests/Unit/Game/Gems/Values/GemTierValueTest.php" tests="5" assertions="5" errors="0" failures="0" skipped="0" time="0.521252">
        <testcase name="testReturnNullForMaxTierFourAmount" file="/home/adam/Documents/flare/tests/Unit/Game/Gems/Values/GemTierValueTest.php" line="55" class="Tests\Unit\Game\Gems\Values\GemTierValueTest" classname="Tests.Unit.Game.Gems.Values.GemTierValueTest" assertions="1" time="0.096374"/>
        <testcase name="testReturnNullForMaxTierOneAmount" file="/home/adam/Documents/flare/tests/Unit/Game/Gems/Values/GemTierValueTest.php" line="28" class="Tests\Unit\Game\Gems\Values\GemTierValueTest" classname="Tests.Unit.Game.Gems.Values.GemTierValueTest" assertions="1" time="0.097172"/>
        <testcase name="testReturnNullForMaxTierTwoAmount" file="/home/adam/Documents/flare/tests/Unit/Game/Gems/Values/GemTierValueTest.php" line="37" class="Tests\Unit\Game\Gems\Values\GemTierValueTest" classname="Tests.Unit.Game.Gems.Values.GemTierValueTest" assertions="1" time="0.095694"/>
        <testcase name="testReturnNullForMaxTierThreeAmount" file="/home/adam/Documents/flare/tests/Unit/Game/Gems/Values/GemTierValueTest.php" line="46" class="Tests\Unit\Game\Gems\Values\GemTierValueTest" classname="Tests.Unit.Game.Gems.Values.GemTierValueTest" assertions="1" time="0.135900"/>
        <testcase name="testThrowErrorForInvalidGemTierValue" file="/home/adam/Documents/flare/tests/Unit/Game/Gems/Values/GemTierValueTest.php" line="21" class="Tests\Unit\Game\Gems\Values\GemTierValueTest" classname="Tests.Unit.Game.Gems.Values.GemTierValueTest" assertions="1" time="0.096112"/>
      </testsuite>
      <testsuite name="Tests\Unit\Game\Gems\Values\GemTypeValueTest" file="/home/adam/Documents/flare/tests/Unit/Game/Gems/Values/GemTypeValueTest.php" tests="8" assertions="8" errors="0" failures="0" skipped="0" time="0.872646">
        <testcase name="testFailsToGetOppositeForDoubleDamage" file="/home/adam/Documents/flare/tests/Unit/Game/Gems/Values/GemTypeValueTest.php" line="42" class="Tests\Unit\Game\Gems\Values\GemTypeValueTest" classname="Tests.Unit.Game.Gems.Values.GemTypeValueTest" assertions="1" time="0.097244"/>
        <testcase name="testThrowErrorForInvalidGemTypeValue" file="/home/adam/Documents/flare/tests/Unit/Game/Gems/Values/GemTypeValueTest.php" line="21" class="Tests\Unit\Game\Gems\Values\GemTypeValueTest" classname="Tests.Unit.Game.Gems.Values.GemTypeValueTest" assertions="1" time="0.099632"/>
        <testcase name="testGetOppositeForDoubleDamage" file="/home/adam/Documents/flare/tests/Unit/Game/Gems/Values/GemTypeValueTest.php" line="49" class="Tests\Unit\Game\Gems\Values\GemTypeValueTest" classname="Tests.Unit.Game.Gems.Values.GemTypeValueTest" assertions="1" time="0.138229"/>
        <testcase name="testIsFire" file="/home/adam/Documents/flare/tests/Unit/Game/Gems/Values/GemTypeValueTest.php" line="56" class="Tests\Unit\Game\Gems\Values\GemTypeValueTest" classname="Tests.Unit.Game.Gems.Values.GemTypeValueTest" assertions="1" time="0.097634"/>
        <testcase name="testIsWater" file="/home/adam/Documents/flare/tests/Unit/Game/Gems/Values/GemTypeValueTest.php" line="63" class="Tests\Unit\Game\Gems\Values\GemTypeValueTest" classname="Tests.Unit.Game.Gems.Values.GemTypeValueTest" assertions="1" time="0.097617"/>
        <testcase name="testCannotGetOppositeNameForNameThatDoesntExist" file="/home/adam/Documents/flare/tests/Unit/Game/Gems/Values/GemTypeValueTest.php" line="28" class="Tests\Unit\Game\Gems\Values\GemTypeValueTest" classname="Tests.Unit.Game.Gems.Values.GemTypeValueTest" assertions="1" time="0.102188"/>
        <testcase name="testIsIce" file="/home/adam/Documents/flare/tests/Unit/Game/Gems/Values/GemTypeValueTest.php" line="70" class="Tests\Unit\Game\Gems\Values\GemTypeValueTest" classname="Tests.Unit.Game.Gems.Values.GemTypeValueTest" assertions="1" time="0.138423"/>
        <testcase name="testGetOppositeForHalfDamage" file="/home/adam/Documents/flare/tests/Unit/Game/Gems/Values/GemTypeValueTest.php" line="35" class="Tests\Unit\Game\Gems\Values\GemTypeValueTest" classname="Tests.Unit.Game.Gems.Values.GemTypeValueTest" assertions="1" time="0.101680"/>
      </testsuite>
      <testsuite name="Tests\Unit\Game\GuideQuests\Services\GuideQuestRequirementsServiceTest" file="/home/adam/Documents/flare/tests/Unit/Game/GuideQuests/Services/GuideQuestRequirementsServiceTest.php" tests="34" assertions="42" errors="0" failures="0" skipped="0" time="8.067724">
        <testcase name="testGetRequiredSkillCheck" file="/home/adam/Documents/flare/tests/Unit/Game/GuideQuests/Services/GuideQuestRequirementsServiceTest.php" line="103" class="Tests\Unit\Game\GuideQuests\Services\GuideQuestRequirementsServiceTest" classname="Tests.Unit.Game.GuideQuests.Services.GuideQuestRequirementsServiceTest" assertions="1" time="0.199272"/>
        <testcase name="testGetCraftingSkillCheck" file="/home/adam/Documents/flare/tests/Unit/Game/GuideQuests/Services/GuideQuestRequirementsServiceTest.php" line="155" class="Tests\Unit\Game\GuideQuests\Services\GuideQuestRequirementsServiceTest" classname="Tests.Unit.Game.GuideQuests.Services.GuideQuestRequirementsServiceTest" assertions="1" time="0.258125"/>
        <testcase name="testRequiredFactionLevel" file="/home/adam/Documents/flare/tests/Unit/Game/GuideQuests/Services/GuideQuestRequirementsServiceTest.php" line="192" class="Tests\Unit\Game\GuideQuests\Services\GuideQuestRequirementsServiceTest" classname="Tests.Unit.Game.GuideQuests.Services.GuideQuestRequirementsServiceTest" assertions="1" time="0.234379"/>
        <testcase name="testRequiredMapAccess" file="/home/adam/Documents/flare/tests/Unit/Game/GuideQuests/Services/GuideQuestRequirementsServiceTest.php" line="214" class="Tests\Unit\Game\GuideQuests\Services\GuideQuestRequirementsServiceTest" classname="Tests.Unit.Game.GuideQuests.Services.GuideQuestRequirementsServiceTest" assertions="1" time="0.222145"/>
        <testcase name="testFetchRequiredKingdomGoldBars" file="/home/adam/Documents/flare/tests/Unit/Game/GuideQuests/Services/GuideQuestRequirementsServiceTest.php" line="539" class="Tests\Unit\Game\GuideQuests\Services\GuideQuestRequirementsServiceTest" classname="Tests.Unit.Game.GuideQuests.Services.GuideQuestRequirementsServiceTest" assertions="1" time="0.223888"/>
        <testcase name="testHasRequiredCurrency" file="/home/adam/Documents/flare/tests/Unit/Game/GuideQuests/Services/GuideQuestRequirementsServiceTest.php" line="683" class="Tests\Unit\Game\GuideQuests\Services\GuideQuestRequirementsServiceTest" classname="Tests.Unit.Game.GuideQuests.Services.GuideQuestRequirementsServiceTest" assertions="1" time="0.254212"/>
        <testcase name="testFinishedRequirementsAreReset" file="/home/adam/Documents/flare/tests/Unit/Game/GuideQuests/Services/GuideQuestRequirementsServiceTest.php" line="84" class="Tests\Unit\Game\GuideQuests\Services\GuideQuestRequirementsServiceTest" classname="Tests.Unit.Game.GuideQuests.Services.GuideQuestRequirementsServiceTest" assertions="2" time="0.212791"/>
        <testcase name="testPlayerDoesNotHaveGlobalKillAmountWhenNoEventRunning" file="/home/adam/Documents/flare/tests/Unit/Game/GuideQuests/Services/GuideQuestRequirementsServiceTest.php" line="812" class="Tests\Unit\Game\GuideQuests\Services\GuideQuestRequirementsServiceTest" classname="Tests.Unit.Game.GuideQuests.Services.GuideQuestRequirementsServiceTest" assertions="1" time="0.213088"/>
        <testcase name="testGetClassSkillCheck" file="/home/adam/Documents/flare/tests/Unit/Game/GuideQuests/Services/GuideQuestRequirementsServiceTest.php" line="135" class="Tests\Unit\Game\GuideQuests\Services\GuideQuestRequirementsServiceTest" classname="Tests.Unit.Game.GuideQuests.Services.GuideQuestRequirementsServiceTest" assertions="1" time="0.260693"/>
        <testcase name="testPlayerMustBeOnSpecificMap" file="/home/adam/Documents/flare/tests/Unit/Game/GuideQuests/Services/GuideQuestRequirementsServiceTest.php" line="754" class="Tests\Unit\Game\GuideQuests\Services\GuideQuestRequirementsServiceTest" classname="Tests.Unit.Game.GuideQuests.Services.GuideQuestRequirementsServiceTest" assertions="1" time="0.221923"/>
        <testcase name="testRequiredSpecialityItemIsInSet" file="/home/adam/Documents/flare/tests/Unit/Game/GuideQuests/Services/GuideQuestRequirementsServiceTest.php" line="470" class="Tests\Unit\Game\GuideQuests\Services\GuideQuestRequirementsServiceTest" classname="Tests.Unit.Game.GuideQuests.Services.GuideQuestRequirementsServiceTest" assertions="1" time="0.211990"/>
        <testcase name="testGetSecondaryRequiredSkillCheck" file="/home/adam/Documents/flare/tests/Unit/Game/GuideQuests/Services/GuideQuestRequirementsServiceTest.php" line="119" class="Tests\Unit\Game\GuideQuests\Services\GuideQuestRequirementsServiceTest" classname="Tests.Unit.Game.GuideQuests.Services.GuideQuestRequirementsServiceTest" assertions="1" time="0.197222"/>
        <testcase name="testGetLevelCheck" file="/home/adam/Documents/flare/tests/Unit/Game/GuideQuests/Services/GuideQuestRequirementsServiceTest.php" line="71" class="Tests\Unit\Game\GuideQuests\Services\GuideQuestRequirementsServiceTest" classname="Tests.Unit.Game.GuideQuests.Services.GuideQuestRequirementsServiceTest" assertions="1" time="0.258062"/>
        <testcase name="testGetPrimaryRequiredQuestItem" file="/home/adam/Documents/flare/tests/Unit/Game/GuideQuests/Services/GuideQuestRequirementsServiceTest.php" line="263" class="Tests\Unit\Game\GuideQuests\Services\GuideQuestRequirementsServiceTest" classname="Tests.Unit.Game.GuideQuests.Services.GuideQuestRequirementsServiceTest" assertions="1" time="0.212644"/>
        <testcase name="testFetchRequiredKingdomsCount" file="/home/adam/Documents/flare/tests/Unit/Game/GuideQuests/Services/GuideQuestRequirementsServiceTest.php" line="526" class="Tests\Unit\Game\GuideQuests\Services\GuideQuestRequirementsServiceTest" classname="Tests.Unit.Game.GuideQuests.Services.GuideQuestRequirementsServiceTest" assertions="1" time="0.219154"/>
        <testcase name="testFetchRequiredKingdomBuildingLevel" file="/home/adam/Documents/flare/tests/Unit/Game/GuideQuests/Services/GuideQuestRequirementsServiceTest.php" line="554" class="Tests\Unit\Game\GuideQuests\Services\GuideQuestRequirementsServiceTest" classname="Tests.Unit.Game.GuideQuests.Services.GuideQuestRequirementsServiceTest" assertions="1" time="0.257293"/>
        <testcase name="testRequiredSpecialityItemIsInInventory" file="/home/adam/Documents/flare/tests/Unit/Game/GuideQuests/Services/GuideQuestRequirementsServiceTest.php" line="453" class="Tests\Unit\Game\GuideQuests\Services\GuideQuestRequirementsServiceTest" classname="Tests.Unit.Game.GuideQuests.Services.GuideQuestRequirementsServiceTest" assertions="1" time="0.241851"/>
        <testcase name="testFetchRequiredSpecificKingdomBuildingLevel" file="/home/adam/Documents/flare/tests/Unit/Game/GuideQuests/Services/GuideQuestRequirementsServiceTest.php" line="569" class="Tests\Unit\Game\GuideQuests\Services\GuideQuestRequirementsServiceTest" classname="Tests.Unit.Game.GuideQuests.Services.GuideQuestRequirementsServiceTest" assertions="1" time="0.234829"/>
        <testcase name="testRequiredFameLevelCheckWhenNotAssistingNPC" file="/home/adam/Documents/flare/tests/Unit/Game/GuideQuests/Services/GuideQuestRequirementsServiceTest.php" line="371" class="Tests\Unit\Game\GuideQuests\Services\GuideQuestRequirementsServiceTest" classname="Tests.Unit.Game.GuideQuests.Services.GuideQuestRequirementsServiceTest" assertions="1" time="0.213870"/>
        <testcase name="testGuideQuestDoesNotRequireHolyStacks" file="/home/adam/Documents/flare/tests/Unit/Game/GuideQuests/Services/GuideQuestRequirementsServiceTest.php" line="487" class="Tests\Unit\Game\GuideQuests\Services\GuideQuestRequirementsServiceTest" classname="Tests.Unit.Game.GuideQuests.Services.GuideQuestRequirementsServiceTest" assertions="1" time="0.259240"/>
        <testcase name="testLogFailedSkillTypeCheck" file="/home/adam/Documents/flare/tests/Unit/Game/GuideQuests/Services/GuideQuestRequirementsServiceTest.php" line="174" class="Tests\Unit\Game\GuideQuests\Services\GuideQuestRequirementsServiceTest" classname="Tests.Unit.Game.GuideQuests.Services.GuideQuestRequirementsServiceTest" assertions="2" time="0.206761"/>
        <testcase name="testGetRequiredQuest" file="/home/adam/Documents/flare/tests/Unit/Game/GuideQuests/Services/GuideQuestRequirementsServiceTest.php" line="236" class="Tests\Unit\Game\GuideQuests\Services\GuideQuestRequirementsServiceTest" classname="Tests.Unit.Game.GuideQuests.Services.GuideQuestRequirementsServiceTest" assertions="1" time="0.241712"/>
        <testcase name="testGetPrimaryRequiredQuestItemUsedInCompletedQuest" file="/home/adam/Documents/flare/tests/Unit/Game/GuideQuests/Services/GuideQuestRequirementsServiceTest.php" line="280" class="Tests\Unit\Game\GuideQuests\Services\GuideQuestRequirementsServiceTest" classname="Tests.Unit.Game.GuideQuests.Services.GuideQuestRequirementsServiceTest" assertions="1" time="0.306746"/>
        <testcase name="testFetchRequiredKIngdomPassiveSkillLevel" file="/home/adam/Documents/flare/tests/Unit/Game/GuideQuests/Services/GuideQuestRequirementsServiceTest.php" line="599" class="Tests\Unit\Game\GuideQuests\Services\GuideQuestRequirementsServiceTest" classname="Tests.Unit.Game.GuideQuests.Services.GuideQuestRequirementsServiceTest" assertions="1" time="0.267042"/>
        <testcase name="testFetchRequiredKingdomUnitAmount" file="/home/adam/Documents/flare/tests/Unit/Game/GuideQuests/Services/GuideQuestRequirementsServiceTest.php" line="586" class="Tests\Unit\Game\GuideQuests\Services\GuideQuestRequirementsServiceTest" classname="Tests.Unit.Game.GuideQuests.Services.GuideQuestRequirementsServiceTest" assertions="1" time="0.221130"/>
        <testcase name="testHasClassRankEquippedAndAboveRequiredLevel" file="/home/adam/Documents/flare/tests/Unit/Game/GuideQuests/Services/GuideQuestRequirementsServiceTest.php" line="651" class="Tests\Unit\Game\GuideQuests\Services\GuideQuestRequirementsServiceTest" classname="Tests.Unit.Game.GuideQuests.Services.GuideQuestRequirementsServiceTest" assertions="1" time="0.228718"/>
        <testcase name="testRequiredFameLevelChec" file="/home/adam/Documents/flare/tests/Unit/Game/GuideQuests/Services/GuideQuestRequirementsServiceTest.php" line="412" class="Tests\Unit\Game\GuideQuests\Services\GuideQuestRequirementsServiceTest" classname="Tests.Unit.Game.GuideQuests.Services.GuideQuestRequirementsServiceTest" assertions="1" time="0.275814"/>
        <testcase name="testGuideQuestDoesRequireHolyStacks" file="/home/adam/Documents/flare/tests/Unit/Game/GuideQuests/Services/GuideQuestRequirementsServiceTest.php" line="501" class="Tests\Unit\Game\GuideQuests\Services\GuideQuestRequirementsServiceTest" classname="Tests.Unit.Game.GuideQuests.Services.GuideQuestRequirementsServiceTest" assertions="1" time="0.213368"/>
        <testcase name="testPlayerHasGlobalKillAmount" file="/home/adam/Documents/flare/tests/Unit/Game/GuideQuests/Services/GuideQuestRequirementsServiceTest.php" line="767" class="Tests\Unit\Game\GuideQuests\Services\GuideQuestRequirementsServiceTest" classname="Tests.Unit.Game.GuideQuests.Services.GuideQuestRequirementsServiceTest" assertions="1" time="0.282514"/>
        <testcase name="testGetSecondaryRequiredQuestItem" file="/home/adam/Documents/flare/tests/Unit/Game/GuideQuests/Services/GuideQuestRequirementsServiceTest.php" line="313" class="Tests\Unit\Game\GuideQuests\Services\GuideQuestRequirementsServiceTest" classname="Tests.Unit.Game.GuideQuests.Services.GuideQuestRequirementsServiceTest" assertions="1" time="0.248534"/>
        <testcase name="testRequiredFameLevelCheckWhenNoPledgedFaction" file="/home/adam/Documents/flare/tests/Unit/Game/GuideQuests/Services/GuideQuestRequirementsServiceTest.php" line="330" class="Tests\Unit\Game\GuideQuests\Services\GuideQuestRequirementsServiceTest" classname="Tests.Unit.Game.GuideQuests.Services.GuideQuestRequirementsServiceTest" assertions="1" time="0.231950"/>
        <testcase name="testHasClassRankEquipped" file="/home/adam/Documents/flare/tests/Unit/Game/GuideQuests/Services/GuideQuestRequirementsServiceTest.php" line="623" class="Tests\Unit\Game\GuideQuests\Services\GuideQuestRequirementsServiceTest" classname="Tests.Unit.Game.GuideQuests.Services.GuideQuestRequirementsServiceTest" assertions="1" time="0.228754"/>
        <testcase name="testHasRequiredStats" file="/home/adam/Documents/flare/tests/Unit/Game/GuideQuests/Services/GuideQuestRequirementsServiceTest.php" line="700" class="Tests\Unit\Game\GuideQuests\Services\GuideQuestRequirementsServiceTest" classname="Tests.Unit.Game.GuideQuests.Services.GuideQuestRequirementsServiceTest" assertions="7" time="0.229674"/>
        <testcase name="testHasRequiredTotalStats" file="/home/adam/Documents/flare/tests/Unit/Game/GuideQuests/Services/GuideQuestRequirementsServiceTest.php" line="733" class="Tests\Unit\Game\GuideQuests\Services\GuideQuestRequirementsServiceTest" classname="Tests.Unit.Game.GuideQuests.Services.GuideQuestRequirementsServiceTest" assertions="1" time="0.278335"/>
      </testsuite>
      <testsuite name="Tests\Unit\Game\GuideQuests\Services\GuideQuestServiceTest" file="/home/adam/Documents/flare/tests/Unit/Game/GuideQuests/Services/GuideQuestServiceTest.php" tests="15" assertions="22" errors="0" failures="0" skipped="0" time="3.965498">
        <testcase name="testHasNoGuideQues" file="/home/adam/Documents/flare/tests/Unit/Game/GuideQuests/Services/GuideQuestServiceTest.php" line="49" class="Tests\Unit\Game\GuideQuests\Services\GuideQuestServiceTest" classname="Tests.Unit.Game.GuideQuests.Services.GuideQuestServiceTest" assertions="3" time="0.233689"/>
        <testcase name="testHasQuestForWinterEventWithUnlocksAtLevel" file="/home/adam/Documents/flare/tests/Unit/Game/GuideQuests/Services/GuideQuestServiceTest.php" line="61" class="Tests\Unit\Game\GuideQuests\Services\GuideQuestServiceTest" classname="Tests.Unit.Game.GuideQuests.Services.GuideQuestServiceTest" assertions="1" time="0.231156"/>
        <testcase name="testHasQuestForWinterEventWithoutUnlocksAtLevel" file="/home/adam/Documents/flare/tests/Unit/Game/GuideQuests/Services/GuideQuestServiceTest.php" line="86" class="Tests\Unit\Game\GuideQuests\Services\GuideQuestServiceTest" classname="Tests.Unit.Game.GuideQuests.Services.GuideQuestServiceTest" assertions="1" time="0.257749"/>
        <testcase name="testHasQuestForDelusionalMemoriesEventWitouthUnlocksAtLevel" file="/home/adam/Documents/flare/tests/Unit/Game/GuideQuests/Services/GuideQuestServiceTest.php" line="133" class="Tests\Unit\Game\GuideQuests\Services\GuideQuestServiceTest" classname="Tests.Unit.Game.GuideQuests.Services.GuideQuestServiceTest" assertions="1" time="0.235532"/>
        <testcase name="testHasQuestThatUnlocksAtSpecificLevel" file="/home/adam/Documents/flare/tests/Unit/Game/GuideQuests/Services/GuideQuestServiceTest.php" line="156" class="Tests\Unit\Game\GuideQuests\Services\GuideQuestServiceTest" classname="Tests.Unit.Game.GuideQuests.Services.GuideQuestServiceTest" assertions="1" time="0.219052"/>
        <testcase name="testCharacterCannotHandInGuideQuest" file="/home/adam/Documents/flare/tests/Unit/Game/GuideQuests/Services/GuideQuestServiceTest.php" line="175" class="Tests\Unit\Game\GuideQuests\Services\GuideQuestServiceTest" classname="Tests.Unit.Game.GuideQuests.Services.GuideQuestServiceTest" assertions="1" time="0.252605"/>
        <testcase name="testCannotHandInWhenAutomationIsRunning" file="/home/adam/Documents/flare/tests/Unit/Game/GuideQuests/Services/GuideQuestServiceTest.php" line="389" class="Tests\Unit\Game\GuideQuests\Services\GuideQuestServiceTest" classname="Tests.Unit.Game.GuideQuests.Services.GuideQuestServiceTest" assertions="1" time="0.204822"/>
        <testcase name="testCharacterHasARequirementFromTheGuideQuest" file="/home/adam/Documents/flare/tests/Unit/Game/GuideQuests/Services/GuideQuestServiceTest.php" line="190" class="Tests\Unit\Game\GuideQuests\Services\GuideQuestServiceTest" classname="Tests.Unit.Game.GuideQuests.Services.GuideQuestServiceTest" assertions="1" time="0.245480"/>
        <testcase name="testHasQuestForDelusionalMemoriesEventWithUnlocksAtLevel" file="/home/adam/Documents/flare/tests/Unit/Game/GuideQuests/Services/GuideQuestServiceTest.php" line="109" class="Tests\Unit\Game\GuideQuests\Services\GuideQuestServiceTest" classname="Tests.Unit.Game.GuideQuests.Services.GuideQuestServiceTest" assertions="1" time="0.227261"/>
        <testcase name="testCharacterIsNotRewardedWithXPWhenGuidequestProvidesNone" file="/home/adam/Documents/flare/tests/Unit/Game/GuideQuests/Services/GuideQuestServiceTest.php" line="324" class="Tests\Unit\Game\GuideQuests\Services\GuideQuestServiceTest" classname="Tests.Unit.Game.GuideQuests.Services.GuideQuestServiceTest" assertions="2" time="0.361343"/>
        <testcase name="testDoNotHandInAQuestThatWasAlreadyCompleted" file="/home/adam/Documents/flare/tests/Unit/Game/GuideQuests/Services/GuideQuestServiceTest.php" line="357" class="Tests\Unit\Game\GuideQuests\Services\GuideQuestServiceTest" classname="Tests.Unit.Game.GuideQuests.Services.GuideQuestServiceTest" assertions="2" time="0.278007"/>
        <testcase name="testHandInGuideQuestAndAlreadyHaveOneOfTheRequirements" file="/home/adam/Documents/flare/tests/Unit/Game/GuideQuests/Services/GuideQuestServiceTest.php" line="206" class="Tests\Unit\Game\GuideQuests\Services\GuideQuestServiceTest" classname="Tests.Unit.Game.GuideQuests.Services.GuideQuestServiceTest" assertions="1" time="0.337627"/>
        <testcase name="testCharacterCanHandInWithMaxedCurrencies" file="/home/adam/Documents/flare/tests/Unit/Game/GuideQuests/Services/GuideQuestServiceTest.php" line="286" class="Tests\Unit\Game\GuideQuests\Services\GuideQuestServiceTest" classname="Tests.Unit.Game.GuideQuests.Services.GuideQuestServiceTest" assertions="4" time="0.278489"/>
        <testcase name="testHandInGuideQuestAndGetsNextChildQuest" file="/home/adam/Documents/flare/tests/Unit/Game/GuideQuests/Services/GuideQuestServiceTest.php" line="231" class="Tests\Unit\Game\GuideQuests\Services\GuideQuestServiceTest" classname="Tests.Unit.Game.GuideQuests.Services.GuideQuestServiceTest" assertions="1" time="0.277579"/>
        <testcase name="testHandInUnlockAtLevelGuideQuestAndGetsRegularGuideQuest" file="/home/adam/Documents/flare/tests/Unit/Game/GuideQuests/Services/GuideQuestServiceTest.php" line="257" class="Tests\Unit\Game\GuideQuests\Services\GuideQuestServiceTest" classname="Tests.Unit.Game.GuideQuests.Services.GuideQuestServiceTest" assertions="1" time="0.325109"/>
      </testsuite>
      <testsuite name="Tests\Unit\Game\Kingdoms\Services\AbandonKingdomServiceTest" file="/home/adam/Documents/flare/tests/Unit/Game/Kingdoms/Services/AbandonKingdomServiceTest.php" tests="2" assertions="12" errors="0" failures="0" skipped="0" time="0.525354">
        <testcase name="testShouldAbandonKingdom" file="/home/adam/Documents/flare/tests/Unit/Game/Kingdoms/Services/AbandonKingdomServiceTest.php" line="40" class="Tests\Unit\Game\Kingdoms\Services\AbandonKingdomServiceTest" classname="Tests.Unit.Game.Kingdoms.Services.AbandonKingdomServiceTest" assertions="6" time="0.276519"/>
        <testcase name="testShouldAbandonKingdomWhileCanSettleAgainAtIsNotNull" file="/home/adam/Documents/flare/tests/Unit/Game/Kingdoms/Services/AbandonKingdomServiceTest.php" line="72" class="Tests\Unit\Game\Kingdoms\Services\AbandonKingdomServiceTest" classname="Tests.Unit.Game.Kingdoms.Services.AbandonKingdomServiceTest" assertions="6" time="0.248834"/>
      </testsuite>
      <testsuite name="Tests\Unit\Game\Kingdoms\Services\AttackWithItemServiceTest" file="/home/adam/Documents/flare/tests/Unit/Game/Kingdoms/Services/AttackWithItemServiceTest.php" tests="6" assertions="18" errors="0" failures="0" skipped="0" time="2.427660">
        <testcase name="testItemsDoNotExistInCharacterInventory" file="/home/adam/Documents/flare/tests/Unit/Game/Kingdoms/Services/AttackWithItemServiceTest.php" line="49" class="Tests\Unit\Game\Kingdoms\Services\AttackWithItemServiceTest" classname="Tests.Unit.Game.Kingdoms.Services.AttackWithItemServiceTest" assertions="2" time="0.342194"/>
        <testcase name="testCannotAttackProtectedKingdom" file="/home/adam/Documents/flare/tests/Unit/Game/Kingdoms/Services/AttackWithItemServiceTest.php" line="75" class="Tests\Unit\Game\Kingdoms\Services\AttackWithItemServiceTest" classname="Tests.Unit.Game.Kingdoms.Services.AttackWithItemServiceTest" assertions="2" time="0.307618"/>
        <testcase name="testYouCannotAttackYourOwnKingdoms" file="/home/adam/Documents/flare/tests/Unit/Game/Kingdoms/Services/AttackWithItemServiceTest.php" line="59" class="Tests\Unit\Game\Kingdoms\Services\AttackWithItemServiceTest" classname="Tests.Unit.Game.Kingdoms.Services.AttackWithItemServiceTest" assertions="2" time="0.298816"/>
        <testcase name="testCannotAttackKingdomNotOnTheSamePlane" file="/home/adam/Documents/flare/tests/Unit/Game/Kingdoms/Services/AttackWithItemServiceTest.php" line="97" class="Tests\Unit\Game\Kingdoms\Services\AttackWithItemServiceTest" classname="Tests.Unit.Game.Kingdoms.Services.AttackWithItemServiceTest" assertions="2" time="0.293235"/>
        <testcase name="testDropItemsOnKingdomAndMoraleBecomesZero" file="/home/adam/Documents/flare/tests/Unit/Game/Kingdoms/Services/AttackWithItemServiceTest.php" line="154" class="Tests\Unit\Game\Kingdoms\Services\AttackWithItemServiceTest" classname="Tests.Unit.Game.Kingdoms.Services.AttackWithItemServiceTest" assertions="5" time="0.581430"/>
        <testcase name="testDropItemOnKingdom" file="/home/adam/Documents/flare/tests/Unit/Game/Kingdoms/Services/AttackWithItemServiceTest.php" line="121" class="Tests\Unit\Game\Kingdoms\Services\AttackWithItemServiceTest" classname="Tests.Unit.Game.Kingdoms.Services.AttackWithItemServiceTest" assertions="5" time="0.604367"/>
      </testsuite>
      <testsuite name="Tests\Unit\Game\Kingdoms\Services\KingdomUpdateServiceTest" file="/home/adam/Documents/flare/tests/Unit/Game/Kingdoms/Services/KingdomUpdateServiceTest.php" tests="24" assertions="52" errors="0" failures="0" skipped="0" time="34.081632">
        <testcase name="testDestroyNPCKingdom" file="/home/adam/Documents/flare/tests/Unit/Game/Kingdoms/Services/KingdomUpdateServiceTest.php" line="79" class="Tests\Unit\Game\Kingdoms\Services\KingdomUpdateServiceTest" classname="Tests.Unit.Game.Kingdoms.Services.KingdomUpdateServiceTest" assertions="2" time="0.252887"/>
        <testcase name="testHandKingdomToNpcWhenLastWalkedIsNull" file="/home/adam/Documents/flare/tests/Unit/Game/Kingdoms/Services/KingdomUpdateServiceTest.php" line="595" class="Tests\Unit\Game\Kingdoms\Services\KingdomUpdateServiceTest" classname="Tests.Unit.Game.Kingdoms.Services.KingdomUpdateServiceTest" assertions="1" time="0.253287"/>
        <testcase name="testHandsKingdomToNpc" file="/home/adam/Documents/flare/tests/Unit/Game/Kingdoms/Services/KingdomUpdateServiceTest.php" line="55" class="Tests\Unit\Game\Kingdoms\Services\KingdomUpdateServiceTest" classname="Tests.Unit.Game.Kingdoms.Services.KingdomUpdateServiceTest" assertions="2" time="0.310412"/>
        <testcase name="testKingdomHasTooMuchPopulationAndCannotAffordTheCost" file="/home/adam/Documents/flare/tests/Unit/Game/Kingdoms/Services/KingdomUpdateServiceTest.php" line="639" class="Tests\Unit\Game\Kingdoms\Services\KingdomUpdateServiceTest" classname="Tests.Unit.Game.Kingdoms.Services.KingdomUpdateServiceTest" assertions="2" time="0.255310"/>
        <testcase name="testDoNotUpdatePopulationWhenFarmDurabilityIsAtZero" file="/home/adam/Documents/flare/tests/Unit/Game/Kingdoms/Services/KingdomUpdateServiceTest.php" line="432" class="Tests\Unit\Game\Kingdoms\Services\KingdomUpdateServiceTest" classname="Tests.Unit.Game.Kingdoms.Services.KingdomUpdateServiceTest" assertions="2" time="0.343446"/>
        <testcase name="testOverPopulatedAndTakesAllGoldBars" file="/home/adam/Documents/flare/tests/Unit/Game/Kingdoms/Services/KingdomUpdateServiceTest.php" line="141" class="Tests\Unit\Game\Kingdoms\Services\KingdomUpdateServiceTest" classname="Tests.Unit.Game.Kingdoms.Services.KingdomUpdateServiceTest" assertions="2" time="0.380643"/>
        <testcase name="testUpdateKingdomTreasuryWhenTreasuryIsNotZero" file="/home/adam/Documents/flare/tests/Unit/Game/Kingdoms/Services/KingdomUpdateServiceTest.php" line="294" class="Tests\Unit\Game\Kingdoms\Services\KingdomUpdateServiceTest" classname="Tests.Unit.Game.Kingdoms.Services.KingdomUpdateServiceTest" assertions="2" time="0.335262"/>
        <testcase name="testCanUpdateKingdom" file="/home/adam/Documents/flare/tests/Unit/Game/Kingdoms/Services/KingdomUpdateServiceTest.php" line="44" class="Tests\Unit\Game\Kingdoms\Services\KingdomUpdateServiceTest" classname="Tests.Unit.Game.Kingdoms.Services.KingdomUpdateServiceTest" assertions="1" time="0.380098"/>
        <testcase name="testOverPopulatedAndTakesAllCharacterGold" file="/home/adam/Documents/flare/tests/Unit/Game/Kingdoms/Services/KingdomUpdateServiceTest.php" line="187" class="Tests\Unit\Game\Kingdoms\Services\KingdomUpdateServiceTest" classname="Tests.Unit.Game.Kingdoms.Services.KingdomUpdateServiceTest" assertions="2" time="0.399181"/>
        <testcase name="testHandleWhenAKingdomGivesResourcesButDoesntStateWhatResource" file="/home/adam/Documents/flare/tests/Unit/Game/Kingdoms/Services/KingdomUpdateServiceTest.php" line="609" class="Tests\Unit\Game\Kingdoms\Services\KingdomUpdateServiceTest" classname="Tests.Unit.Game.Kingdoms.Services.KingdomUpdateServiceTest" assertions="2" time="0.340294"/>
        <testcase name="testDoNotUpdateKingdomTreasuryWhenMaxed" file="/home/adam/Documents/flare/tests/Unit/Game/Kingdoms/Services/KingdomUpdateServiceTest.php" line="249" class="Tests\Unit\Game\Kingdoms\Services\KingdomUpdateServiceTest" classname="Tests.Unit.Game.Kingdoms.Services.KingdomUpdateServiceTest" assertions="2" time="0.349789"/>
        <testcase name="testKingdomSufferMoraleDamageForNotBeingWalked" file="/home/adam/Documents/flare/tests/Unit/Game/Kingdoms/Services/KingdomUpdateServiceTest.php" line="580" class="Tests\Unit\Game\Kingdoms\Services\KingdomUpdateServiceTest" classname="Tests.Unit.Game.Kingdoms.Services.KingdomUpdateServiceTest" assertions="1" time="0.395197"/>
        <testcase name="testUpdateKingdomTreasuryWhenTreasuryIsZero" file="/home/adam/Documents/flare/tests/Unit/Game/Kingdoms/Services/KingdomUpdateServiceTest.php" line="271" class="Tests\Unit\Game\Kingdoms\Services\KingdomUpdateServiceTest" classname="Tests.Unit.Game.Kingdoms.Services.KingdomUpdateServiceTest" assertions="2" time="0.331252"/>
        <testcase name="testOverPopulatedAndTakesAllTreasury" file="/home/adam/Documents/flare/tests/Unit/Game/Kingdoms/Services/KingdomUpdateServiceTest.php" line="95" class="Tests\Unit\Game\Kingdoms\Services\KingdomUpdateServiceTest" classname="Tests.Unit.Game.Kingdoms.Services.KingdomUpdateServiceTest" assertions="2" time="0.336468"/>
        <testcase name="testGiveFullResourcesToKingdomWhenBuildingsAreNotDamaged" file="/home/adam/Documents/flare/tests/Unit/Game/Kingdoms/Services/KingdomUpdateServiceTest.php" line="399" class="Tests\Unit\Game\Kingdoms\Services\KingdomUpdateServiceTest" classname="Tests.Unit.Game.Kingdoms.Services.KingdomUpdateServiceTest" assertions="5" time="0.395209"/>
        <testcase name="testOverPopulatedAndTakesSomeGoldBars" file="/home/adam/Documents/flare/tests/Unit/Game/Kingdoms/Services/KingdomUpdateServiceTest.php" line="164" class="Tests\Unit\Game\Kingdoms\Services\KingdomUpdateServiceTest" classname="Tests.Unit.Game.Kingdoms.Services.KingdomUpdateServiceTest" assertions="2" time="0.333257"/>
        <testcase name="testGiveNoResourcesToKingdomWhenBuildingsDurabilityIsZero" file="/home/adam/Documents/flare/tests/Unit/Game/Kingdoms/Services/KingdomUpdateServiceTest.php" line="317" class="Tests\Unit\Game\Kingdoms\Services\KingdomUpdateServiceTest" classname="Tests.Unit.Game.Kingdoms.Services.KingdomUpdateServiceTest" assertions="5" time="0.319898"/>
        <testcase name="testGiveSomeResourcesToKingdomWhenBuildingsDamaged" file="/home/adam/Documents/flare/tests/Unit/Game/Kingdoms/Services/KingdomUpdateServiceTest.php" line="358" class="Tests\Unit\Game\Kingdoms\Services\KingdomUpdateServiceTest" classname="Tests.Unit.Game.Kingdoms.Services.KingdomUpdateServiceTest" assertions="5" time="0.400958"/>
        <testcase name="testGiveFullPopulation" file="/home/adam/Documents/flare/tests/Unit/Game/Kingdoms/Services/KingdomUpdateServiceTest.php" line="490" class="Tests\Unit\Game\Kingdoms\Services\KingdomUpdateServiceTest" classname="Tests.Unit.Game.Kingdoms.Services.KingdomUpdateServiceTest" assertions="2" time="0.366179"/>
        <testcase name="testOverPopulatedAndTakesSomeCharacterGold" file="/home/adam/Documents/flare/tests/Unit/Game/Kingdoms/Services/KingdomUpdateServiceTest.php" line="218" class="Tests\Unit\Game\Kingdoms\Services\KingdomUpdateServiceTest" classname="Tests.Unit.Game.Kingdoms.Services.KingdomUpdateServiceTest" assertions="2" time="0.366310"/>
        <testcase name="testOverPopulatedAndTakesSomeTreasury" file="/home/adam/Documents/flare/tests/Unit/Game/Kingdoms/Services/KingdomUpdateServiceTest.php" line="118" class="Tests\Unit\Game\Kingdoms\Services\KingdomUpdateServiceTest" classname="Tests.Unit.Game.Kingdoms.Services.KingdomUpdateServiceTest" assertions="2" time="0.421169"/>
        <testcase name="testOnlyGiveSomePopulationBasedOnDurabilityOfFarm" file="/home/adam/Documents/flare/tests/Unit/Game/Kingdoms/Services/KingdomUpdateServiceTest.php" line="461" class="Tests\Unit\Game\Kingdoms\Services\KingdomUpdateServiceTest" classname="Tests.Unit.Game.Kingdoms.Services.KingdomUpdateServiceTest" assertions="2" time="0.384052"/>
        <testcase name="testUpdateCharacterServerMessage" file="/home/adam/Documents/flare/tests/Unit/Game/Kingdoms/Services/KingdomUpdateServiceTest.php" line="513" class="Tests\Unit\Game\Kingdoms\Services\KingdomUpdateServiceTest" classname="Tests.Unit.Game.Kingdoms.Services.KingdomUpdateServiceTest" assertions="1" time="1.825769"/>
        <testcase name="testUpdateKingdomToNotBeProtected" file="/home/adam/Documents/flare/tests/Unit/Game/Kingdoms/Services/KingdomUpdateServiceTest.php" line="547" class="Tests\Unit\Game\Kingdoms\Services\KingdomUpdateServiceTest" classname="Tests.Unit.Game.Kingdoms.Services.KingdomUpdateServiceTest" assertions="1" time="24.605304"/>
      </testsuite>
      <testsuite name="Tests\Unit\Game\Messages\Builder\NpcServerMessageBuilderTest" file="/home/adam/Documents/flare/tests/Unit/Game/Messages/Builder/NpcServerMessageBuilderTest.php" tests="8" assertions="8" errors="0" failures="0" skipped="0" time="24.757261">
        <testcase name="testPaidConjuringFee" file="/home/adam/Documents/flare/tests/Unit/Game/Messages/Builder/NpcServerMessageBuilderTest.php" line="41" class="Tests\Unit\Game\Messages\Builder\NpcServerMessageBuilderTest" classname="Tests.Unit.Game.Messages.Builder.NpcServerMessageBuilderTest" assertions="1" time="23.780468"/>
        <testcase name="testAlreadyConjured" file="/home/adam/Documents/flare/tests/Unit/Game/Messages/Builder/NpcServerMessageBuilderTest.php" line="48" class="Tests\Unit\Game\Messages\Builder\NpcServerMessageBuilderTest" classname="Tests.Unit.Game.Messages.Builder.NpcServerMessageBuilderTest" assertions="1" time="0.117893"/>
        <testcase name="testPublicExists" file="/home/adam/Documents/flare/tests/Unit/Game/Messages/Builder/NpcServerMessageBuilderTest.php" line="55" class="Tests\Unit\Game\Messages\Builder\NpcServerMessageBuilderTest" classname="Tests.Unit.Game.Messages.Builder.NpcServerMessageBuilderTest" assertions="1" time="0.115321"/>
        <testcase name="testCannotAffordConjuring" file="/home/adam/Documents/flare/tests/Unit/Game/Messages/Builder/NpcServerMessageBuilderTest.php" line="106" class="Tests\Unit\Game\Messages\Builder\NpcServerMessageBuilderTest" classname="Tests.Unit.Game.Messages.Builder.NpcServerMessageBuilderTest" assertions="1" time="0.120109"/>
        <testcase name="testGivenItems" file="/home/adam/Documents/flare/tests/Unit/Game/Messages/Builder/NpcServerMessageBuilderTest.php" line="85" class="Tests\Unit\Game\Messages\Builder\NpcServerMessageBuilderTest" classname="Tests.Unit.Game.Messages.Builder.NpcServerMessageBuilderTest" assertions="1" time="0.170408"/>
        <testcase name="testCurrencyGiven" file="/home/adam/Documents/flare/tests/Unit/Game/Messages/Builder/NpcServerMessageBuilderTest.php" line="92" class="Tests\Unit\Game\Messages\Builder\NpcServerMessageBuilderTest" classname="Tests.Unit.Game.Messages.Builder.NpcServerMessageBuilderTest" assertions="1" time="0.113597"/>
        <testcase name="testSkillUnlocked" file="/home/adam/Documents/flare/tests/Unit/Game/Messages/Builder/NpcServerMessageBuilderTest.php" line="99" class="Tests\Unit\Game\Messages\Builder\NpcServerMessageBuilderTest" classname="Tests.Unit.Game.Messages.Builder.NpcServerMessageBuilderTest" assertions="1" time="0.118313"/>
        <testcase name="testLocationOfConjure" file="/home/adam/Documents/flare/tests/Unit/Game/Messages/Builder/NpcServerMessageBuilderTest.php" line="62" class="Tests\Unit\Game\Messages\Builder\NpcServerMessageBuilderTest" classname="Tests.Unit.Game.Messages.Builder.NpcServerMessageBuilderTest" assertions="1" time="0.221152"/>
      </testsuite>
      <testsuite name="Tests\Unit\Game\Messages\Builder\ServerMessageBuilderTest" file="/home/adam/Documents/flare/tests/Unit/Game/Messages/Builder/ServerMessageBuilderTest.php" tests="33" assertions="36" errors="0" failures="0" skipped="0" time="3.640258">
        <testcase name="testToHardToCraft" file="/home/adam/Documents/flare/tests/Unit/Game/Messages/Builder/ServerMessageBuilderTest.php" line="90" class="Tests\Unit\Game\Messages\Builder\ServerMessageBuilderTest" classname="Tests.Unit.Game.Messages.Builder.ServerMessageBuilderTest" assertions="1" time="0.111001"/>
        <testcase name="testCrafted" file="/home/adam/Documents/flare/tests/Unit/Game/Messages/Builder/ServerMessageBuilderTest.php" line="146" class="Tests\Unit\Game\Messages\Builder\ServerMessageBuilderTest" classname="Tests.Unit.Game.Messages.Builder.ServerMessageBuilderTest" assertions="1" time="0.109706"/>
        <testcase name="testBuildingUpgraded" file="/home/adam/Documents/flare/tests/Unit/Game/Messages/Builder/ServerMessageBuilderTest.php" line="216" class="Tests\Unit\Game\Messages\Builder\ServerMessageBuilderTest" classname="Tests.Unit.Game.Messages.Builder.ServerMessageBuilderTest" assertions="1" time="0.105040"/>
        <testcase name="testPlaneTransfer" file="/home/adam/Documents/flare/tests/Unit/Game/Messages/Builder/ServerMessageBuilderTest.php" line="251" class="Tests\Unit\Game\Messages\Builder\ServerMessageBuilderTest" classname="Tests.Unit.Game.Messages.Builder.ServerMessageBuilderTest" assertions="1" time="0.108421"/>
        <testcase name="testNotEnoughGold" file="/home/adam/Documents/flare/tests/Unit/Game/Messages/Builder/ServerMessageBuilderTest.php" line="69" class="Tests\Unit\Game\Messages\Builder\ServerMessageBuilderTest" classname="Tests.Unit.Game.Messages.Builder.ServerMessageBuilderTest" assertions="1" time="0.108924"/>
        <testcase name="testNotEnoughShards" file="/home/adam/Documents/flare/tests/Unit/Game/Messages/Builder/ServerMessageBuilderTest.php" line="83" class="Tests\Unit\Game\Messages\Builder\ServerMessageBuilderTest" classname="Tests.Unit.Game.Messages.Builder.ServerMessageBuilderTest" assertions="1" time="0.098140"/>
        <testcase name="testGoldRush" file="/home/adam/Documents/flare/tests/Unit/Game/Messages/Builder/ServerMessageBuilderTest.php" line="139" class="Tests\Unit\Game\Messages\Builder\ServerMessageBuilderTest" classname="Tests.Unit.Game.Messages.Builder.ServerMessageBuilderTest" assertions="1" time="0.157687"/>
        <testcase name="testDailyLotto" file="/home/adam/Documents/flare/tests/Unit/Game/Messages/Builder/ServerMessageBuilderTest.php" line="174" class="Tests\Unit\Game\Messages\Builder\ServerMessageBuilderTest" classname="Tests.Unit.Game.Messages.Builder.ServerMessageBuilderTest" assertions="1" time="0.106256"/>
        <testcase name="testSoldItem" file="/home/adam/Documents/flare/tests/Unit/Game/Messages/Builder/ServerMessageBuilderTest.php" line="223" class="Tests\Unit\Game\Messages\Builder\ServerMessageBuilderTest" classname="Tests.Unit.Game.Messages.Builder.ServerMessageBuilderTest" assertions="1" time="0.106243"/>
        <testcase name="testMessageLengthZero" file="/home/adam/Documents/flare/tests/Unit/Game/Messages/Builder/ServerMessageBuilderTest.php" line="35" class="Tests\Unit\Game\Messages\Builder\ServerMessageBuilderTest" classname="Tests.Unit.Game.Messages.Builder.ServerMessageBuilderTest" assertions="1" time="0.100411"/>
        <testcase name="testNewDamageStat" file="/home/adam/Documents/flare/tests/Unit/Game/Messages/Builder/ServerMessageBuilderTest.php" line="153" class="Tests\Unit\Game\Messages\Builder\ServerMessageBuilderTest" classname="Tests.Unit.Game.Messages.Builder.ServerMessageBuilderTest" assertions="1" time="0.139166"/>
        <testcase name="testBuildingRepaired" file="/home/adam/Documents/flare/tests/Unit/Game/Messages/Builder/ServerMessageBuilderTest.php" line="209" class="Tests\Unit\Game\Messages\Builder\ServerMessageBuilderTest" classname="Tests.Unit.Game.Messages.Builder.ServerMessageBuilderTest" assertions="1" time="0.100574"/>
        <testcase name="testGoldCapped" file="/home/adam/Documents/flare/tests/Unit/Game/Messages/Builder/ServerMessageBuilderTest.php" line="111" class="Tests\Unit\Game\Messages\Builder\ServerMessageBuilderTest" classname="Tests.Unit.Game.Messages.Builder.ServerMessageBuilderTest" assertions="1" time="0.096544"/>
        <testcase name="testTransmuted" file="/home/adam/Documents/flare/tests/Unit/Game/Messages/Builder/ServerMessageBuilderTest.php" line="181" class="Tests\Unit\Game\Messages\Builder\ServerMessageBuilderTest" classname="Tests.Unit.Game.Messages.Builder.ServerMessageBuilderTest" assertions="1" time="0.095345"/>
        <testcase name="testEnchantmentFailed" file="/home/adam/Documents/flare/tests/Unit/Game/Messages/Builder/ServerMessageBuilderTest.php" line="188" class="Tests\Unit\Game\Messages\Builder\ServerMessageBuilderTest" classname="Tests.Unit.Game.Messages.Builder.ServerMessageBuilderTest" assertions="1" time="0.142155"/>
        <testcase name="testCannotMoveInEitherDirection" file="/home/adam/Documents/flare/tests/Unit/Game/Messages/Builder/ServerMessageBuilderTest.php" line="56" class="Tests\Unit\Game\Messages\Builder\ServerMessageBuilderTest" classname="Tests.Unit.Game.Messages.Builder.ServerMessageBuilderTest" assertions="4" time="0.099998"/>
        <testcase name="testToEasyToCraft" file="/home/adam/Documents/flare/tests/Unit/Game/Messages/Builder/ServerMessageBuilderTest.php" line="97" class="Tests\Unit\Game\Messages\Builder\ServerMessageBuilderTest" classname="Tests.Unit.Game.Messages.Builder.ServerMessageBuilderTest" assertions="1" time="0.094740"/>
        <testcase name="testMovedLocation" file="/home/adam/Documents/flare/tests/Unit/Game/Messages/Builder/ServerMessageBuilderTest.php" line="265" class="Tests\Unit\Game\Messages\Builder\ServerMessageBuilderTest" classname="Tests.Unit.Game.Messages.Builder.ServerMessageBuilderTest" assertions="1" time="0.097775"/>
        <testcase name="testLottoMax" file="/home/adam/Documents/flare/tests/Unit/Game/Messages/Builder/ServerMessageBuilderTest.php" line="167" class="Tests\Unit\Game\Messages\Builder\ServerMessageBuilderTest" classname="Tests.Unit.Game.Messages.Builder.ServerMessageBuilderTest" assertions="1" time="0.136338"/>
        <testcase name="testInventoryFull" file="/home/adam/Documents/flare/tests/Unit/Game/Messages/Builder/ServerMessageBuilderTest.php" line="42" class="Tests\Unit\Game\Messages\Builder\ServerMessageBuilderTest" classname="Tests.Unit.Game.Messages.Builder.ServerMessageBuilderTest" assertions="1" time="0.094165"/>
        <testcase name="testCannotMove" file="/home/adam/Documents/flare/tests/Unit/Game/Messages/Builder/ServerMessageBuilderTest.php" line="49" class="Tests\Unit\Game\Messages\Builder\ServerMessageBuilderTest" classname="Tests.Unit.Game.Messages.Builder.ServerMessageBuilderTest" assertions="1" time="0.095469"/>
        <testcase name="testNotEnoughGoldDust" file="/home/adam/Documents/flare/tests/Unit/Game/Messages/Builder/ServerMessageBuilderTest.php" line="76" class="Tests\Unit\Game\Messages\Builder\ServerMessageBuilderTest" classname="Tests.Unit.Game.Messages.Builder.ServerMessageBuilderTest" assertions="1" time="0.099341"/>
        <testcase name="testChattingTooMuch" file="/home/adam/Documents/flare/tests/Unit/Game/Messages/Builder/ServerMessageBuilderTest.php" line="104" class="Tests\Unit\Game\Messages\Builder\ServerMessageBuilderTest" classname="Tests.Unit.Game.Messages.Builder.ServerMessageBuilderTest" assertions="1" time="0.136943"/>
        <testcase name="testSilenced" file="/home/adam/Documents/flare/tests/Unit/Game/Messages/Builder/ServerMessageBuilderTest.php" line="195" class="Tests\Unit\Game\Messages\Builder\ServerMessageBuilderTest" classname="Tests.Unit.Game.Messages.Builder.ServerMessageBuilderTest" assertions="1" time="0.102278"/>
        <testcase name="testUnitRecruitmentFinished" file="/home/adam/Documents/flare/tests/Unit/Game/Messages/Builder/ServerMessageBuilderTest.php" line="244" class="Tests\Unit\Game\Messages\Builder\ServerMessageBuilderTest" classname="Tests.Unit.Game.Messages.Builder.ServerMessageBuilderTest" assertions="1" time="0.095266"/>
        <testcase name="testFailedToDisenchant" file="/home/adam/Documents/flare/tests/Unit/Game/Messages/Builder/ServerMessageBuilderTest.php" line="125" class="Tests\Unit\Game\Messages\Builder\ServerMessageBuilderTest" classname="Tests.Unit.Game.Messages.Builder.ServerMessageBuilderTest" assertions="1" time="0.098329"/>
        <testcase name="testLevelUpCharacter" file="/home/adam/Documents/flare/tests/Unit/Game/Messages/Builder/ServerMessageBuilderTest.php" line="132" class="Tests\Unit\Game\Messages\Builder\ServerMessageBuilderTest" classname="Tests.Unit.Game.Messages.Builder.ServerMessageBuilderTest" assertions="1" time="0.141817"/>
        <testcase name="testDeletedAffix" file="/home/adam/Documents/flare/tests/Unit/Game/Messages/Builder/ServerMessageBuilderTest.php" line="202" class="Tests\Unit\Game\Messages\Builder\ServerMessageBuilderTest" classname="Tests.Unit.Game.Messages.Builder.ServerMessageBuilderTest" assertions="1" time="0.104260"/>
        <testcase name="testKingdomResourcesUpdated" file="/home/adam/Documents/flare/tests/Unit/Game/Messages/Builder/ServerMessageBuilderTest.php" line="237" class="Tests\Unit\Game\Messages\Builder\ServerMessageBuilderTest" classname="Tests.Unit.Game.Messages.Builder.ServerMessageBuilderTest" assertions="1" time="0.103577"/>
        <testcase name="testEnchanted" file="/home/adam/Documents/flare/tests/Unit/Game/Messages/Builder/ServerMessageBuilderTest.php" line="258" class="Tests\Unit\Game\Messages\Builder\ServerMessageBuilderTest" classname="Tests.Unit.Game.Messages.Builder.ServerMessageBuilderTest" assertions="1" time="0.115028"/>
        <testcase name="testDisenchanted" file="/home/adam/Documents/flare/tests/Unit/Game/Messages/Builder/ServerMessageBuilderTest.php" line="160" class="Tests\Unit\Game\Messages\Builder\ServerMessageBuilderTest" classname="Tests.Unit.Game.Messages.Builder.ServerMessageBuilderTest" assertions="1" time="0.143448"/>
        <testcase name="testFailedToCraft" file="/home/adam/Documents/flare/tests/Unit/Game/Messages/Builder/ServerMessageBuilderTest.php" line="118" class="Tests\Unit\Game\Messages\Builder\ServerMessageBuilderTest" classname="Tests.Unit.Game.Messages.Builder.ServerMessageBuilderTest" assertions="1" time="0.097084"/>
        <testcase name="testNewBuilding" file="/home/adam/Documents/flare/tests/Unit/Game/Messages/Builder/ServerMessageBuilderTest.php" line="230" class="Tests\Unit\Game\Messages\Builder\ServerMessageBuilderTest" classname="Tests.Unit.Game.Messages.Builder.ServerMessageBuilderTest" assertions="1" time="0.098789"/>
      </testsuite>
      <testsuite name="Tests\Unit\Game\Messages\Events\MessageSentEventTest" file="/home/adam/Documents/flare/tests/Unit/Game/Messages/Events/MessageSentEventTest.php" tests="1" assertions="1" errors="0" failures="0" skipped="0" time="0.254902">
        <testcase name="testSendMessageThroughMessageSentEvent" file="/home/adam/Documents/flare/tests/Unit/Game/Messages/Events/MessageSentEventTest.php" line="32" class="Tests\Unit\Game\Messages\Events\MessageSentEventTest" classname="Tests.Unit.Game.Messages.Events.MessageSentEventTest" assertions="1" time="0.254902"/>
      </testsuite>
      <testsuite name="Tests\Unit\Game\Messages\Events\PrivateMessageEventTest" file="/home/adam/Documents/flare/tests/Unit/Game/Messages/Events/PrivateMessageEventTest.php" tests="2" assertions="2" errors="0" failures="0" skipped="0" time="0.398013">
        <testcase name="testSendPrivateMessageWithPrivateMessageEvent" file="/home/adam/Documents/flare/tests/Unit/Game/Messages/Events/PrivateMessageEventTest.php" line="34" class="Tests\Unit\Game\Messages\Events\PrivateMessageEventTest" classname="Tests.Unit.Game.Messages.Events.PrivateMessageEventTest" assertions="1" time="0.194827"/>
        <testcase name="testSendPrivateMessageAsAdminWithPrivateMessageEvent" file="/home/adam/Documents/flare/tests/Unit/Game/Messages/Events/PrivateMessageEventTest.php" line="56" class="Tests\Unit\Game\Messages\Events\PrivateMessageEventTest" classname="Tests.Unit.Game.Messages.Events.PrivateMessageEventTest" assertions="1" time="0.203186"/>
      </testsuite>
      <testsuite name="Tests\Unit\Game\Messages\Handlers\ServerMessageHandlerTest" file="/home/adam/Documents/flare/tests/Unit/Game/Messages/Handlers/ServerMessageHandlerTest.php" tests="3" assertions="3" errors="0" failures="0" skipped="0" time="0.388104">
        <testcase name="testHandleMessageWithNewValue" file="/home/adam/Documents/flare/tests/Unit/Game/Messages/Handlers/ServerMessageHandlerTest.php" line="56" class="Tests\Unit\Game\Messages\Handlers\ServerMessageHandlerTest" classname="Tests.Unit.Game.Messages.Handlers.ServerMessageHandlerTest" assertions="1" time="0.111246"/>
        <testcase name="testHandleMessage" file="/home/adam/Documents/flare/tests/Unit/Game/Messages/Handlers/ServerMessageHandlerTest.php" line="34" class="Tests\Unit\Game\Messages\Handlers\ServerMessageHandlerTest" classname="Tests.Unit.Game.Messages.Handlers.ServerMessageHandlerTest" assertions="1" time="0.160674"/>
        <testcase name="testSendBasicMessage" file="/home/adam/Documents/flare/tests/Unit/Game/Messages/Handlers/ServerMessageHandlerTest.php" line="45" class="Tests\Unit\Game\Messages\Handlers\ServerMessageHandlerTest" classname="Tests.Unit.Game.Messages.Handlers.ServerMessageHandlerTest" assertions="1" time="0.116184"/>
      </testsuite>
      <testsuite name="Tests\Unit\Game\Messages\Models\MessageTest" file="/home/adam/Documents/flare/tests/Unit/Game/Messages/Models/MessageTest.php" tests="2" assertions="14" errors="0" failures="0" skipped="0" time="0.449012">
        <testcase name="testCreateMessage" file="/home/adam/Documents/flare/tests/Unit/Game/Messages/Models/MessageTest.php" line="30" class="Tests\Unit\Game\Messages\Models\MessageTest" classname="Tests.Unit.Game.Messages.Models.MessageTest" assertions="6" time="0.201545"/>
        <testcase name="testSendMessageToAnotherUser" file="/home/adam/Documents/flare/tests/Unit/Game/Messages/Models/MessageTest.php" line="53" class="Tests\Unit\Game\Messages\Models\MessageTest" classname="Tests.Unit.Game.Messages.Models.MessageTest" assertions="8" time="0.247466"/>
      </testsuite>
      <testsuite name="Tests\Unit\Game\Messages\Services\FetchMessagesTest" file="/home/adam/Documents/flare/tests/Unit/Game/Messages/Services/FetchMessagesTest.php" tests="9" assertions="9" errors="0" failures="0" skipped="0" time="1.922812">
        <testcase name="testMessageMapNameIsLaby" file="/home/adam/Documents/flare/tests/Unit/Game/Messages/Services/FetchMessagesTest.php" line="51" class="Tests\Unit\Game\Messages\Services\FetchMessagesTest" classname="Tests.Unit.Game.Messages.Services.FetchMessagesTest" assertions="1" time="0.196467"/>
        <testcase name="testMessageMapNameIsPURG" file="/home/adam/Documents/flare/tests/Unit/Game/Messages/Services/FetchMessagesTest.php" line="95" class="Tests\Unit\Game\Messages\Services\FetchMessagesTest" classname="Tests.Unit.Game.Messages.Services.FetchMessagesTest" assertions="1" time="0.203233"/>
        <testcase name="testMessageMapNameIsDefaultSurface" file="/home/adam/Documents/flare/tests/Unit/Game/Messages/Services/FetchMessagesTest.php" line="117" class="Tests\Unit\Game\Messages\Services\FetchMessagesTest" classname="Tests.Unit.Game.Messages.Services.FetchMessagesTest" assertions="1" time="0.204504"/>
        <testcase name="testMessageMapNameIsShp" file="/home/adam/Documents/flare/tests/Unit/Game/Messages/Services/FetchMessagesTest.php" line="84" class="Tests\Unit\Game\Messages\Services\FetchMessagesTest" classname="Tests.Unit.Game.Messages.Services.FetchMessagesTest" assertions="1" time="0.249438"/>
        <testcase name="testMessageMapNameIsSur" file="/home/adam/Documents/flare/tests/Unit/Game/Messages/Services/FetchMessagesTest.php" line="40" class="Tests\Unit\Game\Messages\Services\FetchMessagesTest" classname="Tests.Unit.Game.Messages.Services.FetchMessagesTest" assertions="1" time="0.212378"/>
        <testcase name="testMessageMapNameIsICE" file="/home/adam/Documents/flare/tests/Unit/Game/Messages/Services/FetchMessagesTest.php" line="106" class="Tests\Unit\Game\Messages\Services\FetchMessagesTest" classname="Tests.Unit.Game.Messages.Services.FetchMessagesTest" assertions="1" time="0.204017"/>
        <testcase name="testMessageIsAdmin" file="/home/adam/Documents/flare/tests/Unit/Game/Messages/Services/FetchMessagesTest.php" line="128" class="Tests\Unit\Game\Messages\Services\FetchMessagesTest" classname="Tests.Unit.Game.Messages.Services.FetchMessagesTest" assertions="1" time="0.251777"/>
        <testcase name="testMessageMapNameIsDUN" file="/home/adam/Documents/flare/tests/Unit/Game/Messages/Services/FetchMessagesTest.php" line="62" class="Tests\Unit\Game\Messages\Services\FetchMessagesTest" classname="Tests.Unit.Game.Messages.Services.FetchMessagesTest" assertions="1" time="0.201937"/>
        <testcase name="testMessageMapNameIsHELL" file="/home/adam/Documents/flare/tests/Unit/Game/Messages/Services/FetchMessagesTest.php" line="73" class="Tests\Unit\Game\Messages\Services\FetchMessagesTest" classname="Tests.Unit.Game.Messages.Services.FetchMessagesTest" assertions="1" time="0.199062"/>
      </testsuite>
      <testsuite name="Tests\Unit\Game\Messages\Services\PrivateMessageTest" file="/home/adam/Documents/flare/tests/Unit/Game/Messages/Services/PrivateMessageTest.php" tests="6" assertions="6" errors="0" failures="0" skipped="0" time="1.602877">
        <testcase name="testSendMessageToConjurerNPC" file="/home/adam/Documents/flare/tests/Unit/Game/Messages/Services/PrivateMessageTest.php" line="60" class="Tests\Unit\Game\Messages\Services\PrivateMessageTest" classname="Tests.Unit.Game.Messages.Services.PrivateMessageTest" assertions="1" time="0.293944"/>
        <testcase name="testSendMessageToKingdomHolder" file="/home/adam/Documents/flare/tests/Unit/Game/Messages/Services/PrivateMessageTest.php" line="77" class="Tests\Unit\Game\Messages\Services\PrivateMessageTest" classname="Tests.Unit.Game.Messages.Services.PrivateMessageTest" assertions="1" time="0.206642"/>
        <testcase name="testHaveNoIdeaWhoToSendTo" file="/home/adam/Documents/flare/tests/Unit/Game/Messages/Services/PrivateMessageTest.php" line="128" class="Tests\Unit\Game\Messages\Services\PrivateMessageTest" classname="Tests.Unit.Game.Messages.Services.PrivateMessageTest" assertions="1" time="0.216925"/>
        <testcase name="testSendMessageToQuestGiver" file="/home/adam/Documents/flare/tests/Unit/Game/Messages/Services/PrivateMessageTest.php" line="111" class="Tests\Unit\Game\Messages\Services\PrivateMessageTest" classname="Tests.Unit.Game.Messages.Services.PrivateMessageTest" assertions="1" time="0.261855"/>
        <testcase name="testSendMessageToEntrancetress" file="/home/adam/Documents/flare/tests/Unit/Game/Messages/Services/PrivateMessageTest.php" line="94" class="Tests\Unit\Game\Messages\Services\PrivateMessageTest" classname="Tests.Unit.Game.Messages.Services.PrivateMessageTest" assertions="1" time="0.208407"/>
        <testcase name="testSendPrivateMessageToCharacter" file="/home/adam/Documents/flare/tests/Unit/Game/Messages/Services/PrivateMessageTest.php" line="49" class="Tests\Unit\Game\Messages\Services\PrivateMessageTest" classname="Tests.Unit.Game.Messages.Services.PrivateMessageTest" assertions="1" time="0.415103"/>
      </testsuite>
      <testsuite name="Tests\Unit\Game\Messages\Services\PublicEntityCommandTest" file="/home/adam/Documents/flare/tests/Unit/Game/Messages/Services/PublicEntityCommandTest.php" tests="8" assertions="8" errors="0" failures="0" skipped="0" time="27.284751">
        <testcase name="testNoCelestials" file="/home/adam/Documents/flare/tests/Unit/Game/Messages/Services/PublicEntityCommandTest.php" line="51" class="Tests\Unit\Game\Messages\Services\PublicEntityCommandTest" classname="Tests.Unit.Game.Messages.Services.PublicEntityCommandTest" assertions="1" time="24.995284"/>
        <testcase name="testBailWhenNoCharacterSetForPCTCommand" file="/home/adam/Documents/flare/tests/Unit/Game/Messages/Services/PublicEntityCommandTest.php" line="91" class="Tests\Unit\Game\Messages\Services\PublicEntityCommandTest" classname="Tests.Unit.Game.Messages.Services.PublicEntityCommandTest" assertions="1" time="0.198570"/>
        <testcase name="testBailWhenNoCharacterSet" file="/home/adam/Documents/flare/tests/Unit/Game/Messages/Services/PublicEntityCommandTest.php" line="42" class="Tests\Unit\Game\Messages\Services\PublicEntityCommandTest" classname="Tests.Unit.Game.Messages.Services.PublicEntityCommandTest" assertions="1" time="0.438032"/>
        <testcase name="testUseThePctCommand" file="/home/adam/Documents/flare/tests/Unit/Game/Messages/Services/PublicEntityCommandTest.php" line="145" class="Tests\Unit\Game\Messages\Services\PublicEntityCommandTest" classname="Tests.Unit.Game.Messages.Services.PublicEntityCommandTest" assertions="1" time="0.626783"/>
        <testcase name="testErrorOutWhenInvalidQuestItemGiven" file="/home/adam/Documents/flare/tests/Unit/Game/Messages/Services/PublicEntityCommandTest.php" line="100" class="Tests\Unit\Game\Messages\Services\PublicEntityCommandTest" classname="Tests.Unit.Game.Messages.Services.PublicEntityCommandTest" assertions="1" time="0.320521"/>
        <testcase name="testBailWhenNoCelestials" file="/home/adam/Documents/flare/tests/Unit/Game/Messages/Services/PublicEntityCommandTest.php" line="129" class="Tests\Unit\Game\Messages\Services\PublicEntityCommandTest" classname="Tests.Unit.Game.Messages.Services.PublicEntityCommandTest" assertions="1" time="0.219453"/>
        <testcase name="testBailWhenYouDontHaveTheQuestItemForPCt" file="/home/adam/Documents/flare/tests/Unit/Game/Messages/Services/PublicEntityCommandTest.php" line="116" class="Tests\Unit\Game\Messages\Services\PublicEntityCommandTest" classname="Tests.Unit.Game.Messages.Services.PublicEntityCommandTest" assertions="1" time="0.230133"/>
        <testcase name="testUsePcCommand" file="/home/adam/Documents/flare/tests/Unit/Game/Messages/Services/PublicEntityCommandTest.php" line="64" class="Tests\Unit\Game\Messages\Services\PublicEntityCommandTest" classname="Tests.Unit.Game.Messages.Services.PublicEntityCommandTest" assertions="1" time="0.255975"/>
      </testsuite>
      <testsuite name="Tests\Unit\Game\Messages\Services\PublicMessageTest" file="/home/adam/Documents/flare/tests/Unit/Game/Messages/Services/PublicMessageTest.php" tests="13" assertions="27" errors="0" failures="0" skipped="0" time="3.079754">
        <testcase name="testSendPublicMessageForDungeonColor" file="/home/adam/Documents/flare/tests/Unit/Game/Messages/Services/PublicMessageTest.php" line="118" class="Tests\Unit\Game\Messages\Services\PublicMessageTest" classname="Tests.Unit.Game.Messages.Services.PublicMessageTest" assertions="2" time="0.230274"/>
        <testcase name="testSendPublicMessageForSurfaceColor" file="/home/adam/Documents/flare/tests/Unit/Game/Messages/Services/PublicMessageTest.php" line="64" class="Tests\Unit\Game\Messages\Services\PublicMessageTest" classname="Tests.Unit.Game.Messages.Services.PublicMessageTest" assertions="2" time="0.213485"/>
        <testcase name="testSendPublicMessageForDelusionalMemoriesColor" file="/home/adam/Documents/flare/tests/Unit/Game/Messages/Services/PublicMessageTest.php" line="253" class="Tests\Unit\Game\Messages\Services\PublicMessageTest" classname="Tests.Unit.Game.Messages.Services.PublicMessageTest" assertions="2" time="0.215223"/>
        <testcase name="testSendPublicMessageForIcePlaneColor" file="/home/adam/Documents/flare/tests/Unit/Game/Messages/Services/PublicMessageTest.php" line="280" class="Tests\Unit\Game\Messages\Services\PublicMessageTest" classname="Tests.Unit.Game.Messages.Services.PublicMessageTest" assertions="2" time="0.274594"/>
        <testcase name="testSendPublicMessage" file="/home/adam/Documents/flare/tests/Unit/Game/Messages/Services/PublicMessageTest.php" line="49" class="Tests\Unit\Game\Messages\Services\PublicMessageTest" classname="Tests.Unit.Game.Messages.Services.PublicMessageTest" assertions="2" time="0.219499"/>
        <testcase name="testSendPublicMessageForTwistedMemoriesColor" file="/home/adam/Documents/flare/tests/Unit/Game/Messages/Services/PublicMessageTest.php" line="226" class="Tests\Unit\Game\Messages\Services\PublicMessageTest" classname="Tests.Unit.Game.Messages.Services.PublicMessageTest" assertions="2" time="0.221629"/>
        <testcase name="testSendPublicMessageDefaultToSurfaceColor" file="/home/adam/Documents/flare/tests/Unit/Game/Messages/Services/PublicMessageTest.php" line="307" class="Tests\Unit\Game\Messages\Services\PublicMessageTest" classname="Tests.Unit.Game.Messages.Services.PublicMessageTest" assertions="2" time="0.258587"/>
        <testcase name="testSendAdminPublicMessage" file="/home/adam/Documents/flare/tests/Unit/Game/Messages/Services/PublicMessageTest.php" line="357" class="Tests\Unit\Game\Messages\Services\PublicMessageTest" classname="Tests.Unit.Game.Messages.Services.PublicMessageTest" assertions="2" time="0.224586"/>
        <testcase name="testSendPublicMessageWithLocationHidden" file="/home/adam/Documents/flare/tests/Unit/Game/Messages/Services/PublicMessageTest.php" line="334" class="Tests\Unit\Game\Messages\Services\PublicMessageTest" classname="Tests.Unit.Game.Messages.Services.PublicMessageTest" assertions="3" time="0.286988"/>
        <testcase name="testSendPublicMessageForShadowPlaneColor" file="/home/adam/Documents/flare/tests/Unit/Game/Messages/Services/PublicMessageTest.php" line="172" class="Tests\Unit\Game\Messages\Services\PublicMessageTest" classname="Tests.Unit.Game.Messages.Services.PublicMessageTest" assertions="2" time="0.219480"/>
        <testcase name="testSendPublicMessageForHellColor" file="/home/adam/Documents/flare/tests/Unit/Game/Messages/Services/PublicMessageTest.php" line="145" class="Tests\Unit\Game\Messages\Services\PublicMessageTest" classname="Tests.Unit.Game.Messages.Services.PublicMessageTest" assertions="2" time="0.215331"/>
        <testcase name="testSendPublicMessageForLabyrinthColor" file="/home/adam/Documents/flare/tests/Unit/Game/Messages/Services/PublicMessageTest.php" line="91" class="Tests\Unit\Game\Messages\Services\PublicMessageTest" classname="Tests.Unit.Game.Messages.Services.PublicMessageTest" assertions="2" time="0.284227"/>
        <testcase name="testSendPublicMessageForPurgatoryColor" file="/home/adam/Documents/flare/tests/Unit/Game/Messages/Services/PublicMessageTest.php" line="199" class="Tests\Unit\Game\Messages\Services\PublicMessageTest" classname="Tests.Unit.Game.Messages.Services.PublicMessageTest" assertions="2" time="0.215853"/>
      </testsuite>
      <testsuite name="Tests\Unit\Game\Messages\Services\ServerMessageTest" file="/home/adam/Documents/flare/tests/Unit/Game/Messages/Services/ServerMessageTest.php" tests="3" assertions="3" errors="0" failures="0" skipped="0" time="46.526691">
        <testcase name="testGenerateServerMessageForChattingTooMuch" file="/home/adam/Documents/flare/tests/Unit/Game/Messages/Services/ServerMessageTest.php" line="43" class="Tests\Unit\Game\Messages\Services\ServerMessageTest" classname="Tests.Unit.Game.Messages.Services.ServerMessageTest" assertions="1" time="0.384133"/>
        <testcase name="testGenerateServerMessageOfType" file="/home/adam/Documents/flare/tests/Unit/Game/Messages/Services/ServerMessageTest.php" line="57" class="Tests\Unit\Game\Messages\Services\ServerMessageTest" classname="Tests.Unit.Game.Messages.Services.ServerMessageTest" assertions="1" time="23.117839"/>
        <testcase name="testGenerateCustomServerMessage" file="/home/adam/Documents/flare/tests/Unit/Game/Messages/Services/ServerMessageTest.php" line="73" class="Tests\Unit\Game\Messages\Services\ServerMessageTest" classname="Tests.Unit.Game.Messages.Services.ServerMessageTest" assertions="1" time="23.024719"/>
      </testsuite>
      <testsuite name="Tests\Unit\Game\Messages\Values\MapChatColorTest" file="/home/adam/Documents/flare/tests/Unit/Game/Messages/Values/MapChatColorTest.php" tests="7" assertions="7" errors="0" failures="0" skipped="0" time="24.761023">
        <testcase name="testDungeonsColor" file="/home/adam/Documents/flare/tests/Unit/Game/Messages/Values/MapChatColorTest.php" line="68" class="Tests\Unit\Game\Messages\Values\MapChatColorTest" classname="Tests.Unit.Game.Messages.Values.MapChatColorTest" assertions="1" time="23.339970"/>
        <testcase name="testHellColor" file="/home/adam/Documents/flare/tests/Unit/Game/Messages/Values/MapChatColorTest.php" line="86" class="Tests\Unit\Game\Messages\Values\MapChatColorTest" classname="Tests.Unit.Game.Messages.Values.MapChatColorTest" assertions="1" time="0.353551"/>
        <testcase name="testTheIcePlaneColor" file="/home/adam/Documents/flare/tests/Unit/Game/Messages/Values/MapChatColorTest.php" line="140" class="Tests\Unit\Game\Messages\Values\MapChatColorTest" classname="Tests.Unit.Game.Messages.Values.MapChatColorTest" assertions="1" time="0.215605"/>
        <testcase name="testShadowPlaneColor" file="/home/adam/Documents/flare/tests/Unit/Game/Messages/Values/MapChatColorTest.php" line="104" class="Tests\Unit\Game\Messages\Values\MapChatColorTest" classname="Tests.Unit.Game.Messages.Values.MapChatColorTest" assertions="1" time="0.217021"/>
        <testcase name="testLabyrinthColor" file="/home/adam/Documents/flare/tests/Unit/Game/Messages/Values/MapChatColorTest.php" line="50" class="Tests\Unit\Game\Messages\Values\MapChatColorTest" classname="Tests.Unit.Game.Messages.Values.MapChatColorTest" assertions="1" time="0.217338"/>
        <testcase name="testPurgatoryColor" file="/home/adam/Documents/flare/tests/Unit/Game/Messages/Values/MapChatColorTest.php" line="122" class="Tests\Unit\Game\Messages\Values\MapChatColorTest" classname="Tests.Unit.Game.Messages.Values.MapChatColorTest" assertions="1" time="0.215393"/>
        <testcase name="testSurfaceColor" file="/home/adam/Documents/flare/tests/Unit/Game/Messages/Values/MapChatColorTest.php" line="32" class="Tests\Unit\Game\Messages\Values\MapChatColorTest" classname="Tests.Unit.Game.Messages.Values.MapChatColorTest" assertions="1" time="0.202146"/>
      </testsuite>
      <testsuite name="Tests\Unit\Game\NpcActions\LabyrinthOracle\Services\ItemTransferServiceTest" file="/home/adam/Documents/flare/tests/Unit/Game/NpcActions/LabyrinthOracle/Services/ItemTransferServiceTest.php" tests="11" assertions="61" errors="0" failures="0" skipped="0" time="2.957868">
        <testcase name="testItemsDoNotExistForTransfer" file="/home/adam/Documents/flare/tests/Unit/Game/NpcActions/LabyrinthOracle/Services/ItemTransferServiceTest.php" line="55" class="Tests\Unit\Game\NpcActions\LabyrinthOracle\Services\ItemTransferServiceTest" classname="Tests.Unit.Game.NpcActions.LabyrinthOracle.Services.ItemTransferServiceTest" assertions="2" time="0.213558"/>
        <testcase name="testCannotAffordToTransfer" file="/home/adam/Documents/flare/tests/Unit/Game/NpcActions/LabyrinthOracle/Services/ItemTransferServiceTest.php" line="41" class="Tests\Unit\Game\NpcActions\LabyrinthOracle\Services\ItemTransferServiceTest" classname="Tests.Unit.Game.NpcActions.LabyrinthOracle.Services.ItemTransferServiceTest" assertions="2" time="0.209935"/>
        <testcase name="testQuestItemCannotBeTransferedFrom" file="/home/adam/Documents/flare/tests/Unit/Game/NpcActions/LabyrinthOracle/Services/ItemTransferServiceTest.php" line="77" class="Tests\Unit\Game\NpcActions\LabyrinthOracle\Services\ItemTransferServiceTest" classname="Tests.Unit.Game.NpcActions.LabyrinthOracle.Services.ItemTransferServiceTest" assertions="2" time="0.258644"/>
        <testcase name="testQuestItemCannotBeTransferedTo" file="/home/adam/Documents/flare/tests/Unit/Game/NpcActions/LabyrinthOracle/Services/ItemTransferServiceTest.php" line="108" class="Tests\Unit\Game\NpcActions\LabyrinthOracle\Services\ItemTransferServiceTest" classname="Tests.Unit.Game.NpcActions.LabyrinthOracle.Services.ItemTransferServiceTest" assertions="2" time="0.222886"/>
        <testcase name="testItemHasNothingToTransfer" file="/home/adam/Documents/flare/tests/Unit/Game/NpcActions/LabyrinthOracle/Services/ItemTransferServiceTest.php" line="139" class="Tests\Unit\Game\NpcActions\LabyrinthOracle\Services\ItemTransferServiceTest" classname="Tests.Unit.Game.NpcActions.LabyrinthOracle.Services.ItemTransferServiceTest" assertions="2" time="0.227250"/>
        <testcase name="testNotEnoughInventoryWhenTheItemToMoveTooHasGemsAndYouDoNotHaveTheInventorySpace" file="/home/adam/Documents/flare/tests/Unit/Game/NpcActions/LabyrinthOracle/Services/ItemTransferServiceTest.php" line="169" class="Tests\Unit\Game\NpcActions\LabyrinthOracle\Services\ItemTransferServiceTest" classname="Tests.Unit.Game.NpcActions.LabyrinthOracle.Services.ItemTransferServiceTest" assertions="2" time="0.288682"/>
        <testcase name="testTransferItemAttributes" file="/home/adam/Documents/flare/tests/Unit/Game/NpcActions/LabyrinthOracle/Services/ItemTransferServiceTest.php" line="220" class="Tests\Unit\Game\NpcActions\LabyrinthOracle\Services\ItemTransferServiceTest" classname="Tests.Unit.Game.NpcActions.LabyrinthOracle.Services.ItemTransferServiceTest" assertions="9" time="0.291419"/>
        <testcase name="testTransferItemAttributesWhenOneCosmic" file="/home/adam/Documents/flare/tests/Unit/Game/NpcActions/LabyrinthOracle/Services/ItemTransferServiceTest.php" line="398" class="Tests\Unit\Game\NpcActions\LabyrinthOracle\Services\ItemTransferServiceTest" classname="Tests.Unit.Game.NpcActions.LabyrinthOracle.Services.ItemTransferServiceTest" assertions="10" time="0.281587"/>
        <testcase name="testTransferItemAttributesWithGemsBeingReturnedAsNewEntries" file="/home/adam/Documents/flare/tests/Unit/Game/NpcActions/LabyrinthOracle/Services/ItemTransferServiceTest.php" line="600" class="Tests\Unit\Game\NpcActions\LabyrinthOracle\Services\ItemTransferServiceTest" classname="Tests.Unit.Game.NpcActions.LabyrinthOracle.Services.ItemTransferServiceTest" assertions="10" time="0.355217"/>
        <testcase name="testTransferItemAttributesWhenOneIsMythic" file="/home/adam/Documents/flare/tests/Unit/Game/NpcActions/LabyrinthOracle/Services/ItemTransferServiceTest.php" line="308" class="Tests\Unit\Game\NpcActions\LabyrinthOracle\Services\ItemTransferServiceTest" classname="Tests.Unit.Game.NpcActions.LabyrinthOracle.Services.ItemTransferServiceTest" assertions="10" time="0.295726"/>
        <testcase name="testTransferItemAttributesWithGemsBeingReturned" file="/home/adam/Documents/flare/tests/Unit/Game/NpcActions/LabyrinthOracle/Services/ItemTransferServiceTest.php" line="488" class="Tests\Unit\Game\NpcActions\LabyrinthOracle\Services\ItemTransferServiceTest" classname="Tests.Unit.Game.NpcActions.LabyrinthOracle.Services.ItemTransferServiceTest" assertions="10" time="0.312964"/>
      </testsuite>
      <testsuite name="Tests\Unit\Game\NpcActions\QueenOfHeartsActions\Services\QueenOfHeartsServiceTest" file="/home/adam/Documents/flare/tests/Unit/Game/NpcActions/QueenOfHeartsActions/Services/QueenOfHeartsServiceTest.php" tests="10" assertions="21" errors="0" failures="0" skipped="0" time="2.426314">
        <testcase name="testCannotReRollWhenNotInHell" file="/home/adam/Documents/flare/tests/Unit/Game/NpcActions/QueenOfHeartsActions/Services/QueenOfHeartsServiceTest.php" line="69" class="Tests\Unit\Game\NpcActions\QueenOfHeartsActions\Services\QueenOfHeartsServiceTest" classname="Tests.Unit.Game.NpcActions.QueenOfHeartsActions.Services.QueenOfHeartsServiceTest" assertions="3" time="0.267301"/>
        <testcase name="testCannotReRollForItemThatDoesntExist" file="/home/adam/Documents/flare/tests/Unit/Game/NpcActions/QueenOfHeartsActions/Services/QueenOfHeartsServiceTest.php" line="53" class="Tests\Unit\Game\NpcActions\QueenOfHeartsActions\Services\QueenOfHeartsServiceTest" classname="Tests.Unit.Game.NpcActions.QueenOfHeartsActions.Services.QueenOfHeartsServiceTest" assertions="2" time="0.204660"/>
        <testcase name="testCannotMoveEnchantmentsWhenNotInHell" file="/home/adam/Documents/flare/tests/Unit/Game/NpcActions/QueenOfHeartsActions/Services/QueenOfHeartsServiceTest.php" line="148" class="Tests\Unit\Game\NpcActions\QueenOfHeartsActions\Services\QueenOfHeartsServiceTest" classname="Tests.Unit.Game.NpcActions.QueenOfHeartsActions.Services.QueenOfHeartsServiceTest" assertions="3" time="0.198409"/>
        <testcase name="testCannotMoveEnchantmentsWhenItemsDoNotExist" file="/home/adam/Documents/flare/tests/Unit/Game/NpcActions/QueenOfHeartsActions/Services/QueenOfHeartsServiceTest.php" line="162" class="Tests\Unit\Game\NpcActions\QueenOfHeartsActions\Services\QueenOfHeartsServiceTest" classname="Tests.Unit.Game.NpcActions.QueenOfHeartsActions.Services.QueenOfHeartsServiceTest" assertions="2" time="0.230445"/>
        <testcase name="testCannotReRollWhenCantAfford" file="/home/adam/Documents/flare/tests/Unit/Game/NpcActions/QueenOfHeartsActions/Services/QueenOfHeartsServiceTest.php" line="85" class="Tests\Unit\Game\NpcActions\QueenOfHeartsActions\Services\QueenOfHeartsServiceTest" classname="Tests.Unit.Game.NpcActions.QueenOfHeartsActions.Services.QueenOfHeartsServiceTest" assertions="2" time="0.260284"/>
        <testcase name="testCannotMoveEnchantmentsWhenInvalidItemTypeForItemToMoveFrom" file="/home/adam/Documents/flare/tests/Unit/Game/NpcActions/QueenOfHeartsActions/Services/QueenOfHeartsServiceTest.php" line="270" class="Tests\Unit\Game\NpcActions\QueenOfHeartsActions\Services\QueenOfHeartsServiceTest" classname="Tests.Unit.Game.NpcActions.QueenOfHeartsActions.Services.QueenOfHeartsServiceTest" assertions="2" time="0.237251"/>
        <testcase name="testCannotMoveEnchantmentsWhenInvalidItemTypeForItemToMoveTo" file="/home/adam/Documents/flare/tests/Unit/Game/NpcActions/QueenOfHeartsActions/Services/QueenOfHeartsServiceTest.php" line="229" class="Tests\Unit\Game\NpcActions\QueenOfHeartsActions\Services\QueenOfHeartsServiceTest" classname="Tests.Unit.Game.NpcActions.QueenOfHeartsActions.Services.QueenOfHeartsServiceTest" assertions="2" time="0.224048"/>
        <testcase name="testCannotMoveEnchantmentsWhenCannotAfford" file="/home/adam/Documents/flare/tests/Unit/Game/NpcActions/QueenOfHeartsActions/Services/QueenOfHeartsServiceTest.php" line="184" class="Tests\Unit\Game\NpcActions\QueenOfHeartsActions\Services\QueenOfHeartsServiceTest" classname="Tests.Unit.Game.NpcActions.QueenOfHeartsActions.Services.QueenOfHeartsServiceTest" assertions="2" time="0.272408"/>
        <testcase name="testCanReRoll" file="/home/adam/Documents/flare/tests/Unit/Game/NpcActions/QueenOfHeartsActions/Services/QueenOfHeartsServiceTest.php" line="115" class="Tests\Unit\Game\NpcActions\QueenOfHeartsActions\Services\QueenOfHeartsServiceTest" classname="Tests.Unit.Game.NpcActions.QueenOfHeartsActions.Services.QueenOfHeartsServiceTest" assertions="2" time="0.261368"/>
        <testcase name="testCanMoveEnchantments" file="/home/adam/Documents/flare/tests/Unit/Game/NpcActions/QueenOfHeartsActions/Services/QueenOfHeartsServiceTest.php" line="317" class="Tests\Unit\Game\NpcActions\QueenOfHeartsActions\Services\QueenOfHeartsServiceTest" classname="Tests.Unit.Game.NpcActions.QueenOfHeartsActions.Services.QueenOfHeartsServiceTest" assertions="1" time="0.270139"/>
      </testsuite>
      <testsuite name="Tests\Unit\Game\NpcActions\QueenOfHeartsActions\Services\RandomEnchantmentServiceTest" file="/home/adam/Documents/flare/tests/Unit/Game/NpcActions/QueenOfHeartsActions/Services/RandomEnchantmentServiceTest.php" tests="6" assertions="11" errors="0" failures="0" skipped="0" time="1.435666">
        <testcase name="testGetCostForEachType" file="/home/adam/Documents/flare/tests/Unit/Game/NpcActions/QueenOfHeartsActions/Services/RandomEnchantmentServiceTest.php" line="78" class="Tests\Unit\Game\NpcActions\QueenOfHeartsActions\Services\RandomEnchantmentServiceTest" classname="Tests.Unit.Game.NpcActions.QueenOfHeartsActions.Services.RandomEnchantmentServiceTest" assertions="1" time="0.212128"/>
        <testcase name="testGenerateWithBothSuffixAndPrefix" file="/home/adam/Documents/flare/tests/Unit/Game/NpcActions/QueenOfHeartsActions/Services/RandomEnchantmentServiceTest.php" line="60" class="Tests\Unit\Game\NpcActions\QueenOfHeartsActions\Services\RandomEnchantmentServiceTest" classname="Tests.Unit.Game.NpcActions.QueenOfHeartsActions.Services.RandomEnchantmentServiceTest" assertions="2" time="0.271536"/>
        <testcase name="testFetchAllUniqueItems" file="/home/adam/Documents/flare/tests/Unit/Game/NpcActions/QueenOfHeartsActions/Services/RandomEnchantmentServiceTest.php" line="85" class="Tests\Unit\Game\NpcActions\QueenOfHeartsActions\Services\RandomEnchantmentServiceTest" classname="Tests.Unit.Game.NpcActions.QueenOfHeartsActions.Services.RandomEnchantmentServiceTest" assertions="1" time="0.222962"/>
        <testcase name="testFetchNonUniqueItems" file="/home/adam/Documents/flare/tests/Unit/Game/NpcActions/QueenOfHeartsActions/Services/RandomEnchantmentServiceTest.php" line="114" class="Tests\Unit\Game\NpcActions\QueenOfHeartsActions\Services\RandomEnchantmentServiceTest" classname="Tests.Unit.Game.NpcActions.QueenOfHeartsActions.Services.RandomEnchantmentServiceTest" assertions="1" time="0.209375"/>
        <testcase name="testFetchDataForApiCall" file="/home/adam/Documents/flare/tests/Unit/Game/NpcActions/QueenOfHeartsActions/Services/RandomEnchantmentServiceTest.php" line="96" class="Tests\Unit\Game\NpcActions\QueenOfHeartsActions\Services\RandomEnchantmentServiceTest" classname="Tests.Unit.Game.NpcActions.QueenOfHeartsActions.Services.RandomEnchantmentServiceTest" assertions="2" time="0.278374"/>
        <testcase name="testGenerateItemForEachType" file="/home/adam/Documents/flare/tests/Unit/Game/NpcActions/QueenOfHeartsActions/Services/RandomEnchantmentServiceTest.php" line="45" class="Tests\Unit\Game\NpcActions\QueenOfHeartsActions\Services\RandomEnchantmentServiceTest" classname="Tests.Unit.Game.NpcActions.QueenOfHeartsActions.Services.RandomEnchantmentServiceTest" assertions="4" time="0.241291"/>
      </testsuite>
      <testsuite name="Tests\Unit\Game\NpcActions\QueenOfHeartsActions\Services\ReRollEnchantmentServiceTest" file="/home/adam/Documents/flare/tests/Unit/Game/NpcActions/QueenOfHeartsActions/Services/ReRollEnchantmentServiceTest.php" tests="16" assertions="29" errors="0" failures="0" skipped="0" time="4.020052">
        <testcase name="testGetMovementCostForNonExistentItem" file="/home/adam/Documents/flare/tests/Unit/Game/NpcActions/QueenOfHeartsActions/Services/ReRollEnchantmentServiceTest.php" line="193" class="Tests\Unit\Game\NpcActions\QueenOfHeartsActions\Services\ReRollEnchantmentServiceTest" classname="Tests.Unit.Game.NpcActions.QueenOfHeartsActions.Services.ReRollEnchantmentServiceTest" assertions="1" time="0.198576"/>
        <testcase name="testGetMovementFromCostsForAllEnchantments" file="/home/adam/Documents/flare/tests/Unit/Game/NpcActions/QueenOfHeartsActions/Services/ReRollEnchantmentServiceTest.php" line="200" class="Tests\Unit\Game\NpcActions\QueenOfHeartsActions\Services\ReRollEnchantmentServiceTest" classname="Tests.Unit.Game.NpcActions.QueenOfHeartsActions.Services.ReRollEnchantmentServiceTest" assertions="2" time="0.243472"/>
        <testcase name="testCanAffordForAllEnchantments" file="/home/adam/Documents/flare/tests/Unit/Game/NpcActions/QueenOfHeartsActions/Services/ReRollEnchantmentServiceTest.php" line="44" class="Tests\Unit\Game\NpcActions\QueenOfHeartsActions\Services\ReRollEnchantmentServiceTest" classname="Tests.Unit.Game.NpcActions.QueenOfHeartsActions.Services.ReRollEnchantmentServiceTest" assertions="1" time="0.203592"/>
        <testcase name="testCanAffordTheMovementCost" file="/home/adam/Documents/flare/tests/Unit/Game/NpcActions/QueenOfHeartsActions/Services/ReRollEnchantmentServiceTest.php" line="175" class="Tests\Unit\Game\NpcActions\QueenOfHeartsActions\Services\ReRollEnchantmentServiceTest" classname="Tests.Unit.Game.NpcActions.QueenOfHeartsActions.Services.ReRollEnchantmentServiceTest" assertions="1" time="0.209455"/>
        <testcase name="testCanAffordForRegularReRoll" file="/home/adam/Documents/flare/tests/Unit/Game/NpcActions/QueenOfHeartsActions/Services/ReRollEnchantmentServiceTest.php" line="51" class="Tests\Unit\Game\NpcActions\QueenOfHeartsActions\Services\ReRollEnchantmentServiceTest" classname="Tests.Unit.Game.NpcActions.QueenOfHeartsActions.Services.ReRollEnchantmentServiceTest" assertions="1" time="0.212114"/>
        <testcase name="testDoReRollWithOldCost" file="/home/adam/Documents/flare/tests/Unit/Game/NpcActions/QueenOfHeartsActions/Services/ReRollEnchantmentServiceTest.php" line="79" class="Tests\Unit\Game\NpcActions\QueenOfHeartsActions\Services\ReRollEnchantmentServiceTest" classname="Tests.Unit.Game.NpcActions.QueenOfHeartsActions.Services.ReRollEnchantmentServiceTest" assertions="1" time="0.276037"/>
        <testcase name="testGetMovementFromCostsForPrefix" file="/home/adam/Documents/flare/tests/Unit/Game/NpcActions/QueenOfHeartsActions/Services/ReRollEnchantmentServiceTest.php" line="217" class="Tests\Unit\Game\NpcActions\QueenOfHeartsActions\Services\ReRollEnchantmentServiceTest" classname="Tests.Unit.Game.NpcActions.QueenOfHeartsActions.Services.ReRollEnchantmentServiceTest" assertions="2" time="0.286133"/>
        <testcase name="testDoReRoll" file="/home/adam/Documents/flare/tests/Unit/Game/NpcActions/QueenOfHeartsActions/Services/ReRollEnchantmentServiceTest.php" line="58" class="Tests\Unit\Game\NpcActions\QueenOfHeartsActions\Services\ReRollEnchantmentServiceTest" classname="Tests.Unit.Game.NpcActions.QueenOfHeartsActions.Services.ReRollEnchantmentServiceTest" assertions="1" time="0.225984"/>
        <testcase name="testDoReRollForPrefix" file="/home/adam/Documents/flare/tests/Unit/Game/NpcActions/QueenOfHeartsActions/Services/ReRollEnchantmentServiceTest.php" line="125" class="Tests\Unit\Game\NpcActions\QueenOfHeartsActions\Services\ReRollEnchantmentServiceTest" classname="Tests.Unit.Game.NpcActions.QueenOfHeartsActions.Services.ReRollEnchantmentServiceTest" assertions="1" time="0.277422"/>
        <testcase name="testDoReRollForPrefixEffectingBaseStats" file="/home/adam/Documents/flare/tests/Unit/Game/NpcActions/QueenOfHeartsActions/Services/ReRollEnchantmentServiceTest.php" line="150" class="Tests\Unit\Game\NpcActions\QueenOfHeartsActions\Services\ReRollEnchantmentServiceTest" classname="Tests.Unit.Game.NpcActions.QueenOfHeartsActions.Services.ReRollEnchantmentServiceTest" assertions="1" time="0.223460"/>
        <testcase name="testDoReRollForEverything" file="/home/adam/Documents/flare/tests/Unit/Game/NpcActions/QueenOfHeartsActions/Services/ReRollEnchantmentServiceTest.php" line="100" class="Tests\Unit\Game\NpcActions\QueenOfHeartsActions\Services\ReRollEnchantmentServiceTest" classname="Tests.Unit.Game.NpcActions.QueenOfHeartsActions.Services.ReRollEnchantmentServiceTest" assertions="1" time="0.250909"/>
        <testcase name="testMoveAllAffixes" file="/home/adam/Documents/flare/tests/Unit/Game/NpcActions/QueenOfHeartsActions/Services/ReRollEnchantmentServiceTest.php" line="234" class="Tests\Unit\Game\NpcActions\QueenOfHeartsActions\Services\ReRollEnchantmentServiceTest" classname="Tests.Unit.Game.NpcActions.QueenOfHeartsActions.Services.ReRollEnchantmentServiceTest" assertions="3" time="0.309161"/>
        <testcase name="testMoveSpecificAffix" file="/home/adam/Documents/flare/tests/Unit/Game/NpcActions/QueenOfHeartsActions/Services/ReRollEnchantmentServiceTest.php" line="376" class="Tests\Unit\Game\NpcActions\QueenOfHeartsActions\Services\ReRollEnchantmentServiceTest" classname="Tests.Unit.Game.NpcActions.QueenOfHeartsActions.Services.ReRollEnchantmentServiceTest" assertions="3" time="0.258285"/>
        <testcase name="testMoveAllAffixesWhenOneItemHasGems" file="/home/adam/Documents/flare/tests/Unit/Game/NpcActions/QueenOfHeartsActions/Services/ReRollEnchantmentServiceTest.php" line="279" class="Tests\Unit\Game\NpcActions\QueenOfHeartsActions\Services\ReRollEnchantmentServiceTest" classname="Tests.Unit.Game.NpcActions.QueenOfHeartsActions.Services.ReRollEnchantmentServiceTest" assertions="3" time="0.277216"/>
        <testcase name="testMoveSpecificAffixAndDeleteTheSlotWithTheUnique" file="/home/adam/Documents/flare/tests/Unit/Game/NpcActions/QueenOfHeartsActions/Services/ReRollEnchantmentServiceTest.php" line="421" class="Tests\Unit\Game\NpcActions\QueenOfHeartsActions\Services\ReRollEnchantmentServiceTest" classname="Tests.Unit.Game.NpcActions.QueenOfHeartsActions.Services.ReRollEnchantmentServiceTest" assertions="4" time="0.316936"/>
        <testcase name="testMoveAllAffixesWhenItemOnlyHasOneAffix" file="/home/adam/Documents/flare/tests/Unit/Game/NpcActions/QueenOfHeartsActions/Services/ReRollEnchantmentServiceTest.php" line="335" class="Tests\Unit\Game\NpcActions\QueenOfHeartsActions\Services\ReRollEnchantmentServiceTest" classname="Tests.Unit.Game.NpcActions.QueenOfHeartsActions.Services.ReRollEnchantmentServiceTest" assertions="3" time="0.251302"/>
      </testsuite>
      <testsuite name="Tests\Unit\Game\NpcActions\SeerActions\Services\SeerServiceTest" file="/home/adam/Documents/flare/tests/Unit/Game/NpcActions/SeerActions/Services/SeerServiceTest.php" tests="39" assertions="92" errors="0" failures="0" skipped="0" time="9.483331">
        <testcase name="testRemoveAllGemsFailsTheValidationTest" file="/home/adam/Documents/flare/tests/Unit/Game/NpcActions/SeerActions/Services/SeerServiceTest.php" line="418" class="Tests\Unit\Game\NpcActions\SeerActions\Services\SeerServiceTest" classname="Tests.Unit.Game.NpcActions.SeerActions.Services.SeerServiceTest" assertions="2" time="0.197698"/>
        <testcase name="testItemToAddSocketsTooItemDoesNotExist" file="/home/adam/Documents/flare/tests/Unit/Game/NpcActions/SeerActions/Services/SeerServiceTest.php" line="41" class="Tests\Unit\Game\NpcActions\SeerActions\Services\SeerServiceTest" classname="Tests.Unit.Game.NpcActions.SeerActions.Services.SeerServiceTest" assertions="2" time="0.200499"/>
        <testcase name="testGetNoItemsWhenHasNotItemsWithSockets" file="/home/adam/Documents/flare/tests/Unit/Game/NpcActions/SeerActions/Services/SeerServiceTest.php" line="1050" class="Tests\Unit\Game\NpcActions\SeerActions\Services\SeerServiceTest" classname="Tests.Unit.Game.NpcActions.SeerActions.Services.SeerServiceTest" assertions="1" time="0.270198"/>
        <testcase name="testCannotRemoveGemFromNonExistantItem" file="/home/adam/Documents/flare/tests/Unit/Game/NpcActions/SeerActions/Services/SeerServiceTest.php" line="210" class="Tests\Unit\Game\NpcActions\SeerActions\Services\SeerServiceTest" classname="Tests.Unit.Game.NpcActions.SeerActions.Services.SeerServiceTest" assertions="2" time="0.207969"/>
        <testcase name="testCannotAffordToAttachSockets" file="/home/adam/Documents/flare/tests/Unit/Game/NpcActions/SeerActions/Services/SeerServiceTest.php" line="50" class="Tests\Unit\Game\NpcActions\SeerActions\Services\SeerServiceTest" classname="Tests.Unit.Game.NpcActions.SeerActions.Services.SeerServiceTest" assertions="2" time="0.216249"/>
        <testcase name="testGetItemsToAddGemsTo" file="/home/adam/Documents/flare/tests/Unit/Game/NpcActions/SeerActions/Services/SeerServiceTest.php" line="1076" class="Tests\Unit\Game\NpcActions\SeerActions\Services\SeerServiceTest" classname="Tests.Unit.Game.NpcActions.SeerActions.Services.SeerServiceTest" assertions="1" time="0.253520"/>
        <testcase name="testGemDoesNotExistWhenTryingToAddToItem" file="/home/adam/Documents/flare/tests/Unit/Game/NpcActions/SeerActions/Services/SeerServiceTest.php" line="864" class="Tests\Unit\Game\NpcActions\SeerActions\Services\SeerServiceTest" classname="Tests.Unit.Game.NpcActions.SeerActions.Services.SeerServiceTest" assertions="2" time="0.212981"/>
        <testcase name="testCannotRemoveGemsFromItemWithNoSocketCount" file="/home/adam/Documents/flare/tests/Unit/Game/NpcActions/SeerActions/Services/SeerServiceTest.php" line="219" class="Tests\Unit\Game\NpcActions\SeerActions\Services\SeerServiceTest" classname="Tests.Unit.Game.NpcActions.SeerActions.Services.SeerServiceTest" assertions="2" time="0.221954"/>
        <testcase name="testItemDoesNotHaveSocketsToAttackGemTo" file="/home/adam/Documents/flare/tests/Unit/Game/NpcActions/SeerActions/Services/SeerServiceTest.php" line="882" class="Tests\Unit\Game\NpcActions\SeerActions\Services\SeerServiceTest" classname="Tests.Unit.Game.NpcActions.SeerActions.Services.SeerServiceTest" assertions="2" time="0.226461"/>
        <testcase name="testCannotRemoveGemsFromItemCantAfford" file="/home/adam/Documents/flare/tests/Unit/Game/NpcActions/SeerActions/Services/SeerServiceTest.php" line="281" class="Tests\Unit\Game\NpcActions\SeerActions\Services\SeerServiceTest" classname="Tests.Unit.Game.NpcActions.SeerActions.Services.SeerServiceTest" assertions="2" time="0.275688"/>
        <testcase name="testItemDoesNotExistWhenReplacingGem" file="/home/adam/Documents/flare/tests/Unit/Game/NpcActions/SeerActions/Services/SeerServiceTest.php" line="518" class="Tests\Unit\Game\NpcActions\SeerActions\Services\SeerServiceTest" classname="Tests.Unit.Game.NpcActions.SeerActions.Services.SeerServiceTest" assertions="2" time="0.195402"/>
        <testcase name="testCannotAssignGemToItemThatDoesntExist" file="/home/adam/Documents/flare/tests/Unit/Game/NpcActions/SeerActions/Services/SeerServiceTest.php" line="855" class="Tests\Unit\Game\NpcActions\SeerActions\Services\SeerServiceTest" classname="Tests.Unit.Game.NpcActions.SeerActions.Services.SeerServiceTest" assertions="2" time="0.201518"/>
        <testcase name="testCannotAssignGemToItemWhenSocketsAreFull" file="/home/adam/Documents/flare/tests/Unit/Game/NpcActions/SeerActions/Services/SeerServiceTest.php" line="911" class="Tests\Unit\Game\NpcActions\SeerActions\Services\SeerServiceTest" classname="Tests.Unit.Game.NpcActions.SeerActions.Services.SeerServiceTest" assertions="2" time="0.261576"/>
        <testcase name="testGetGems" file="/home/adam/Documents/flare/tests/Unit/Game/NpcActions/SeerActions/Services/SeerServiceTest.php" line="1089" class="Tests\Unit\Game\NpcActions\SeerActions\Services\SeerServiceTest" classname="Tests.Unit.Game.NpcActions.SeerActions.Services.SeerServiceTest" assertions="1" time="0.211984"/>
        <testcase name="testCannotAttachSocketsToArtifacts" file="/home/adam/Documents/flare/tests/Unit/Game/NpcActions/SeerActions/Services/SeerServiceTest.php" line="63" class="Tests\Unit\Game\NpcActions\SeerActions\Services\SeerServiceTest" classname="Tests.Unit.Game.NpcActions.SeerActions.Services.SeerServiceTest" assertions="2" time="0.223066"/>
        <testcase name="testGetItemsWithGemsForRemoval" file="/home/adam/Documents/flare/tests/Unit/Game/NpcActions/SeerActions/Services/SeerServiceTest.php" line="189" class="Tests\Unit\Game\NpcActions\SeerActions\Services\SeerServiceTest" classname="Tests.Unit.Game.NpcActions.SeerActions.Services.SeerServiceTest" assertions="3" time="0.219457"/>
        <testcase name="testGemDoesNotExistForReplacing" file="/home/adam/Documents/flare/tests/Unit/Game/NpcActions/SeerActions/Services/SeerServiceTest.php" line="527" class="Tests\Unit\Game\NpcActions\SeerActions\Services\SeerServiceTest" classname="Tests.Unit.Game.NpcActions.SeerActions.Services.SeerServiceTest" assertions="2" time="0.263318"/>
        <testcase name="testGetNoItemsWhenHasNotItemsWhenNoMatchingType" file="/home/adam/Documents/flare/tests/Unit/Game/NpcActions/SeerActions/Services/SeerServiceTest.php" line="1063" class="Tests\Unit\Game\NpcActions\SeerActions\Services\SeerServiceTest" classname="Tests.Unit.Game.NpcActions.SeerActions.Services.SeerServiceTest" assertions="1" time="0.216737"/>
        <testcase name="testCannotAffordToAddGemToItem" file="/home/adam/Documents/flare/tests/Unit/Game/NpcActions/SeerActions/Services/SeerServiceTest.php" line="947" class="Tests\Unit\Game\NpcActions\SeerActions\Services\SeerServiceTest" classname="Tests.Unit.Game.NpcActions.SeerActions.Services.SeerServiceTest" assertions="2" time="0.208047"/>
        <testcase name="testDoesntHaveTheGoldBarsToRemoveAllGems" file="/home/adam/Documents/flare/tests/Unit/Game/NpcActions/SeerActions/Services/SeerServiceTest.php" line="457" class="Tests\Unit\Game\NpcActions\SeerActions\Services\SeerServiceTest" classname="Tests.Unit.Game.NpcActions.SeerActions.Services.SeerServiceTest" assertions="2" time="0.265277"/>
        <testcase name="testNewInventoryCountAfterRemovingGemsWouldBeTooMuch" file="/home/adam/Documents/flare/tests/Unit/Game/NpcActions/SeerActions/Services/SeerServiceTest.php" line="427" class="Tests\Unit\Game\NpcActions\SeerActions\Services\SeerServiceTest" classname="Tests.Unit.Game.NpcActions.SeerActions.Services.SeerServiceTest" assertions="2" time="0.233391"/>
        <testcase name="testCannotRemoveGemsFromItemWithNoGemsAttached" file="/home/adam/Documents/flare/tests/Unit/Game/NpcActions/SeerActions/Services/SeerServiceTest.php" line="236" class="Tests\Unit\Game\NpcActions\SeerActions\Services\SeerServiceTest" classname="Tests.Unit.Game.NpcActions.SeerActions.Services.SeerServiceTest" assertions="2" time="0.199498"/>
        <testcase name="testItemDoesntHaveSockets" file="/home/adam/Documents/flare/tests/Unit/Game/NpcActions/SeerActions/Services/SeerServiceTest.php" line="546" class="Tests\Unit\Game\NpcActions\SeerActions\Services\SeerServiceTest" classname="Tests.Unit.Game.NpcActions.SeerActions.Services.SeerServiceTest" assertions="2" time="0.207296"/>
        <testcase name="testInventoryIsFullWhenReplacingGem" file="/home/adam/Documents/flare/tests/Unit/Game/NpcActions/SeerActions/Services/SeerServiceTest.php" line="581" class="Tests\Unit\Game\NpcActions\SeerActions\Services\SeerServiceTest" classname="Tests.Unit.Game.NpcActions.SeerActions.Services.SeerServiceTest" assertions="2" time="0.260470"/>
        <testcase name="testGemToReplaceDoesNotExistOnItem" file="/home/adam/Documents/flare/tests/Unit/Game/NpcActions/SeerActions/Services/SeerServiceTest.php" line="661" class="Tests\Unit\Game\NpcActions\SeerActions\Services\SeerServiceTest" classname="Tests.Unit.Game.NpcActions.SeerActions.Services.SeerServiceTest" assertions="2" time="0.227655"/>
        <testcase name="testAddSocketToItem" file="/home/adam/Documents/flare/tests/Unit/Game/NpcActions/SeerActions/Services/SeerServiceTest.php" line="80" class="Tests\Unit\Game\NpcActions\SeerActions\Services\SeerServiceTest" classname="Tests.Unit.Game.NpcActions.SeerActions.Services.SeerServiceTest" assertions="2" time="0.237145"/>
        <testcase name="testCantAffordTheCostWhenReplacingGem" file="/home/adam/Documents/flare/tests/Unit/Game/NpcActions/SeerActions/Services/SeerServiceTest.php" line="620" class="Tests\Unit\Game\NpcActions\SeerActions\Services\SeerServiceTest" classname="Tests.Unit.Game.NpcActions.SeerActions.Services.SeerServiceTest" assertions="2" time="0.267537"/>
        <testcase name="testCannotReplaceGemWhenInventoryIsFull" file="/home/adam/Documents/flare/tests/Unit/Game/NpcActions/SeerActions/Services/SeerServiceTest.php" line="707" class="Tests\Unit\Game\NpcActions\SeerActions\Services\SeerServiceTest" classname="Tests.Unit.Game.NpcActions.SeerActions.Services.SeerServiceTest" assertions="2" time="0.220429"/>
        <testcase name="testCannotRemoveGemsFromItemWhenInventoryIsFull" file="/home/adam/Documents/flare/tests/Unit/Game/NpcActions/SeerActions/Services/SeerServiceTest.php" line="254" class="Tests\Unit\Game\NpcActions\SeerActions\Services\SeerServiceTest" classname="Tests.Unit.Game.NpcActions.SeerActions.Services.SeerServiceTest" assertions="2" time="0.215498"/>
        <testcase name="testCannotRemoveGemWhenGemIsNotOnTheItem" file="/home/adam/Documents/flare/tests/Unit/Game/NpcActions/SeerActions/Services/SeerServiceTest.php" line="304" class="Tests\Unit\Game\NpcActions\SeerActions\Services\SeerServiceTest" classname="Tests.Unit.Game.NpcActions.SeerActions.Services.SeerServiceTest" assertions="2" time="0.365813"/>
        <testcase name="testAddTheGemToTheItem" file="/home/adam/Documents/flare/tests/Unit/Game/NpcActions/SeerActions/Services/SeerServiceTest.php" line="978" class="Tests\Unit\Game\NpcActions\SeerActions\Services\SeerServiceTest" classname="Tests.Unit.Game.NpcActions.SeerActions.Services.SeerServiceTest" assertions="2" time="0.249959"/>
        <testcase name="testFailToAddSocketToItem" file="/home/adam/Documents/flare/tests/Unit/Game/NpcActions/SeerActions/Services/SeerServiceTest.php" line="108" class="Tests\Unit\Game\NpcActions\SeerActions\Services\SeerServiceTest" classname="Tests.Unit.Game.NpcActions.SeerActions.Services.SeerServiceTest" assertions="4" time="0.240402"/>
        <testcase name="testReplaceTheGemOnTheItem" file="/home/adam/Documents/flare/tests/Unit/Game/NpcActions/SeerActions/Services/SeerServiceTest.php" line="755" class="Tests\Unit\Game\NpcActions\SeerActions\Services\SeerServiceTest" classname="Tests.Unit.Game.NpcActions.SeerActions.Services.SeerServiceTest" assertions="2" time="0.257167"/>
        <testcase name="testRemoveTheActualGemAndStackIt" file="/home/adam/Documents/flare/tests/Unit/Game/NpcActions/SeerActions/Services/SeerServiceTest.php" line="373" class="Tests\Unit\Game\NpcActions\SeerActions\Services\SeerServiceTest" classname="Tests.Unit.Game.NpcActions.SeerActions.Services.SeerServiceTest" assertions="3" time="0.306714"/>
        <testcase name="testReplaceTheGemOnTheItemAndStackTheGem" file="/home/adam/Documents/flare/tests/Unit/Game/NpcActions/SeerActions/Services/SeerServiceTest.php" line="801" class="Tests\Unit\Game\NpcActions\SeerActions\Services\SeerServiceTest" classname="Tests.Unit.Game.NpcActions.SeerActions.Services.SeerServiceTest" assertions="3" time="0.254209"/>
        <testcase name="testAddTheGemToTheItemAndSubtractAmount" file="/home/adam/Documents/flare/tests/Unit/Game/NpcActions/SeerActions/Services/SeerServiceTest.php" line="1012" class="Tests\Unit\Game\NpcActions\SeerActions\Services\SeerServiceTest" classname="Tests.Unit.Game.NpcActions.SeerActions.Services.SeerServiceTest" assertions="4" time="0.243318"/>
        <testcase name="testRemoveAllGems" file="/home/adam/Documents/flare/tests/Unit/Game/NpcActions/SeerActions/Services/SeerServiceTest.php" line="485" class="Tests\Unit\Game\NpcActions\SeerActions\Services\SeerServiceTest" classname="Tests.Unit.Game.NpcActions.SeerActions.Services.SeerServiceTest" assertions="2" time="0.309315"/>
        <testcase name="testRemoveTheActualGem" file="/home/adam/Documents/flare/tests/Unit/Game/NpcActions/SeerActions/Services/SeerServiceTest.php" line="334" class="Tests\Unit\Game\NpcActions\SeerActions\Services\SeerServiceTest" classname="Tests.Unit.Game.NpcActions.SeerActions.Services.SeerServiceTest" assertions="3" time="0.265078"/>
        <testcase name="testAssignSocketsToItem" file="/home/adam/Documents/flare/tests/Unit/Game/NpcActions/SeerActions/Services/SeerServiceTest.php" line="150" class="Tests\Unit\Game\NpcActions\SeerActions\Services\SeerServiceTest" classname="Tests.Unit.Game.NpcActions.SeerActions.Services.SeerServiceTest" assertions="12" time="0.372839"/>
      </testsuite>
      <testsuite name="Tests\Unit\Game\NpcActions\WorkBench\Services\HolyItemServiceTest" file="/home/adam/Documents/flare/tests/Unit/Game/NpcActions/WorkBench/Services/HolyItemServiceTest.php" tests="7" assertions="14" errors="0" failures="0" skipped="0" time="1.807196">
        <testcase name="testCannotApplyOilWhenInvalidItemType" file="/home/adam/Documents/flare/tests/Unit/Game/NpcActions/WorkBench/Services/HolyItemServiceTest.php" line="88" class="Tests\Unit\Game\NpcActions\WorkBench\Services\HolyItemServiceTest" classname="Tests.Unit.Game.NpcActions.WorkBench.Services.HolyItemServiceTest" assertions="3" time="0.270042"/>
        <testcase name="testApplyHolyOilToItemWithOneStack" file="/home/adam/Documents/flare/tests/Unit/Game/NpcActions/WorkBench/Services/HolyItemServiceTest.php" line="234" class="Tests\Unit\Game\NpcActions\WorkBench\Services\HolyItemServiceTest" classname="Tests.Unit.Game.NpcActions.WorkBench.Services.HolyItemServiceTest" assertions="3" time="0.243803"/>
        <testcase name="testCannotApplyHolyOilWhenNoOilsInInventory" file="/home/adam/Documents/flare/tests/Unit/Game/NpcActions/WorkBench/Services/HolyItemServiceTest.php" line="164" class="Tests\Unit\Game\NpcActions\WorkBench\Services\HolyItemServiceTest" classname="Tests.Unit.Game.NpcActions.WorkBench.Services.HolyItemServiceTest" assertions="1" time="0.240348"/>
        <testcase name="testCannotApplyHolyOilWhenNoStacks" file="/home/adam/Documents/flare/tests/Unit/Game/NpcActions/WorkBench/Services/HolyItemServiceTest.php" line="128" class="Tests\Unit\Game\NpcActions\WorkBench\Services\HolyItemServiceTest" classname="Tests.Unit.Game.NpcActions.WorkBench.Services.HolyItemServiceTest" assertions="2" time="0.281751"/>
        <testcase name="testCannotAffordToApplyOil" file="/home/adam/Documents/flare/tests/Unit/Game/NpcActions/WorkBench/Services/HolyItemServiceTest.php" line="57" class="Tests\Unit\Game\NpcActions\WorkBench\Services\HolyItemServiceTest" classname="Tests.Unit.Game.NpcActions.WorkBench.Services.HolyItemServiceTest" assertions="1" time="0.212277"/>
        <testcase name="testApplyHolyOilToItem" file="/home/adam/Documents/flare/tests/Unit/Game/NpcActions/WorkBench/Services/HolyItemServiceTest.php" line="193" class="Tests\Unit\Game\NpcActions\WorkBench\Services\HolyItemServiceTest" classname="Tests.Unit.Game.NpcActions.WorkBench.Services.HolyItemServiceTest" assertions="2" time="0.283412"/>
        <testcase name="testApplyOilToItemWithStack" file="/home/adam/Documents/flare/tests/Unit/Game/NpcActions/WorkBench/Services/HolyItemServiceTest.php" line="279" class="Tests\Unit\Game\NpcActions\WorkBench\Services\HolyItemServiceTest" classname="Tests.Unit.Game.NpcActions.WorkBench.Services.HolyItemServiceTest" assertions="2" time="0.275564"/>
      </testsuite>
      <testsuite name="Tests\Unit\Game\PassiveSkills\Jobs\TrainPassiveSkillTest" file="/home/adam/Documents/flare/tests/Unit/Game/PassiveSkills/Jobs/TrainPassiveSkillTest.php" tests="4" assertions="4" errors="0" failures="0" skipped="0" time="1.142748">
        <testcase name="testDoNotLevelPassive" file="/home/adam/Documents/flare/tests/Unit/Game/PassiveSkills/Jobs/TrainPassiveSkillTest.php" line="33" class="Tests\Unit\Game\PassiveSkills\Jobs\TrainPassiveSkillTest" classname="Tests.Unit.Game.PassiveSkills.Jobs.TrainPassiveSkillTest" assertions="1" time="0.258815"/>
        <testcase name="testLevelUpPassive" file="/home/adam/Documents/flare/tests/Unit/Game/PassiveSkills/Jobs/TrainPassiveSkillTest.php" line="44" class="Tests\Unit\Game\PassiveSkills\Jobs\TrainPassiveSkillTest" classname="Tests.Unit.Game.PassiveSkills.Jobs.TrainPassiveSkillTest" assertions="1" time="0.259631"/>
        <testcase name="testDoNotOverLevelPassive" file="/home/adam/Documents/flare/tests/Unit/Game/PassiveSkills/Jobs/TrainPassiveSkillTest.php" line="62" class="Tests\Unit\Game\PassiveSkills\Jobs\TrainPassiveSkillTest" classname="Tests.Unit.Game.PassiveSkills.Jobs.TrainPassiveSkillTest" assertions="1" time="0.242269"/>
        <testcase name="testPassiveUnlocksKingdomBuilding" file="/home/adam/Documents/flare/tests/Unit/Game/PassiveSkills/Jobs/TrainPassiveSkillTest.php" line="81" class="Tests\Unit\Game\PassiveSkills\Jobs\TrainPassiveSkillTest" classname="Tests.Unit.Game.PassiveSkills.Jobs.TrainPassiveSkillTest" assertions="1" time="0.382032"/>
      </testsuite>
      <testsuite name="Tests\Unit\Game\PassiveSkills\Services\PassiveTrainingSkillServiceTest" file="/home/adam/Documents/flare/tests/Unit/Game/PassiveSkills/Services/PassiveTrainingSkillServiceTest.php" tests="1" assertions="2" errors="0" failures="0" skipped="0" time="0.207318">
        <testcase name="testTrainAPassive" file="/home/adam/Documents/flare/tests/Unit/Game/PassiveSkills/Services/PassiveTrainingSkillServiceTest.php" line="39" class="Tests\Unit\Game\PassiveSkills\Services\PassiveTrainingSkillServiceTest" classname="Tests.Unit.Game.PassiveSkills.Services.PassiveTrainingSkillServiceTest" assertions="2" time="0.207318"/>
      </testsuite>
      <testsuite name="Tests\Unit\Game\PassiveSkills\Values\PassiveSkillTypeValueTest" file="/home/adam/Documents/flare/tests/Unit/Game/PassiveSkills/Values/PassiveSkillTypeValueTest.php" tests="11" assertions="11" errors="0" failures="0" skipped="0" time="1.208980">
        <testcase name="testIsIronCostReductionPassiveTypeName" file="/home/adam/Documents/flare/tests/Unit/Game/PassiveSkills/Values/PassiveSkillTypeValueTest.php" line="71" class="Tests\Unit\Game\PassiveSkills\Values\PassiveSkillTypeValueTest" classname="Tests.Unit.Game.PassiveSkills.Values.PassiveSkillTypeValueTest" assertions="1" time="0.098443"/>
        <testcase name="testIsPopulationCostReductionPassiveType" file="/home/adam/Documents/flare/tests/Unit/Game/PassiveSkills/Values/PassiveSkillTypeValueTest.php" line="61" class="Tests\Unit\Game\PassiveSkills\Values\PassiveSkillTypeValueTest" classname="Tests.Unit.Game.PassiveSkills.Values.PassiveSkillTypeValueTest" assertions="1" time="0.102587"/>
        <testcase name="testExpectsErrorForInvalidType" file="/home/adam/Documents/flare/tests/Unit/Game/PassiveSkills/Values/PassiveSkillTypeValueTest.php" line="24" class="Tests\Unit\Game\PassiveSkills\Values\PassiveSkillTypeValueTest" classname="Tests.Unit.Game.PassiveSkills.Values.PassiveSkillTypeValueTest" assertions="1" time="0.137902"/>
        <testcase name="testGetNamedValues" file="/home/adam/Documents/flare/tests/Unit/Game/PassiveSkills/Values/PassiveSkillTypeValueTest.php" line="76" class="Tests\Unit\Game\PassiveSkills\Values\PassiveSkillTypeValueTest" classname="Tests.Unit.Game.PassiveSkills.Values.PassiveSkillTypeValueTest" assertions="1" time="0.097623"/>
        <testcase name="testIsDefencePassiveType" file="/home/adam/Documents/flare/tests/Unit/Game/PassiveSkills/Values/PassiveSkillTypeValueTest.php" line="31" class="Tests\Unit\Game\PassiveSkills\Values\PassiveSkillTypeValueTest" classname="Tests.Unit.Game.PassiveSkills.Values.PassiveSkillTypeValueTest" assertions="1" time="0.096784"/>
        <testcase name="testIsBuildingCostReductionPassiveType" file="/home/adam/Documents/flare/tests/Unit/Game/PassiveSkills/Values/PassiveSkillTypeValueTest.php" line="46" class="Tests\Unit\Game\PassiveSkills\Values\PassiveSkillTypeValueTest" classname="Tests.Unit.Game.PassiveSkills.Values.PassiveSkillTypeValueTest" assertions="1" time="0.096803"/>
        <testcase name="testIsResourceGainPassiveType" file="/home/adam/Documents/flare/tests/Unit/Game/PassiveSkills/Values/PassiveSkillTypeValueTest.php" line="36" class="Tests\Unit\Game\PassiveSkills\Values\PassiveSkillTypeValueTest" classname="Tests.Unit.Game.PassiveSkills.Values.PassiveSkillTypeValueTest" assertions="1" time="0.141588"/>
        <testcase name="testSteelSmeltingTimeReduction" file="/home/adam/Documents/flare/tests/Unit/Game/PassiveSkills/Values/PassiveSkillTypeValueTest.php" line="66" class="Tests\Unit\Game\PassiveSkills\Values\PassiveSkillTypeValueTest" classname="Tests.Unit.Game.PassiveSkills.Values.PassiveSkillTypeValueTest" assertions="1" time="0.096902"/>
        <testcase name="testUnlocksBuildingPassiveType" file="/home/adam/Documents/flare/tests/Unit/Game/PassiveSkills/Values/PassiveSkillTypeValueTest.php" line="51" class="Tests\Unit\Game\PassiveSkills\Values\PassiveSkillTypeValueTest" classname="Tests.Unit.Game.PassiveSkills.Values.PassiveSkillTypeValueTest" assertions="1" time="0.097559"/>
        <testcase name="testIsIronCostReductionPassiveType" file="/home/adam/Documents/flare/tests/Unit/Game/PassiveSkills/Values/PassiveSkillTypeValueTest.php" line="56" class="Tests\Unit\Game\PassiveSkills\Values\PassiveSkillTypeValueTest" classname="Tests.Unit.Game.PassiveSkills.Values.PassiveSkillTypeValueTest" assertions="1" time="0.101862"/>
        <testcase name="testIsUnitCostReductionPassiveType" file="/home/adam/Documents/flare/tests/Unit/Game/PassiveSkills/Values/PassiveSkillTypeValueTest.php" line="41" class="Tests\Unit\Game\PassiveSkills\Values\PassiveSkillTypeValueTest" classname="Tests.Unit.Game.PassiveSkills.Values.PassiveSkillTypeValueTest" assertions="1" time="0.140927"/>
      </testsuite>
      <testsuite name="Tests\Unit\Game\Raids\Services\RaidEventServiceTest" file="/home/adam/Documents/flare/tests/Unit/Game/Raids/Services/RaidEventServiceTest.php" tests="2" assertions="2" errors="0" failures="0" skipped="0" time="0.380586">
        <testcase name="testDoNotCreateRaid" file="/home/adam/Documents/flare/tests/Unit/Game/Raids/Services/RaidEventServiceTest.php" line="81" class="Tests\Unit\Game\Raids\Services\RaidEventServiceTest" classname="Tests.Unit.Game.Raids.Services.RaidEventServiceTest" assertions="1" time="0.126070"/>
        <testcase name="testCreateRaid" file="/home/adam/Documents/flare/tests/Unit/Game/Raids/Services/RaidEventServiceTest.php" line="40" class="Tests\Unit\Game\Raids\Services\RaidEventServiceTest" classname="Tests.Unit.Game.Raids.Services.RaidEventServiceTest" assertions="1" time="0.254515"/>
      </testsuite>
      <testsuite name="Tests\Unit\Game\Raids\Values\RaidAttackTypeTest" file="/home/adam/Documents/flare/tests/Unit/Game/Raids/Values/RaidAttackTypeTest.php" tests="4" assertions="4" errors="0" failures="0" skipped="0" time="0.429914">
        <testcase name="testIsWaterAttack" file="/home/adam/Documents/flare/tests/Unit/Game/Raids/Values/RaidAttackTypeTest.php" line="29" class="Tests\Unit\Game\Raids\Values\RaidAttackTypeTest" classname="Tests.Unit.Game.Raids.Values.RaidAttackTypeTest" assertions="1" time="0.142641"/>
        <testcase name="testIsFireAttack" file="/home/adam/Documents/flare/tests/Unit/Game/Raids/Values/RaidAttackTypeTest.php" line="19" class="Tests\Unit\Game\Raids\Values\RaidAttackTypeTest" classname="Tests.Unit.Game.Raids.Values.RaidAttackTypeTest" assertions="1" time="0.094273"/>
        <testcase name="testIsIceAttack" file="/home/adam/Documents/flare/tests/Unit/Game/Raids/Values/RaidAttackTypeTest.php" line="24" class="Tests\Unit\Game\Raids\Values\RaidAttackTypeTest" classname="Tests.Unit.Game.Raids.Values.RaidAttackTypeTest" assertions="1" time="0.096445"/>
        <testcase name="testThrowsExceptionForInvalidType" file="/home/adam/Documents/flare/tests/Unit/Game/Raids/Values/RaidAttackTypeTest.php" line="11" class="Tests\Unit\Game\Raids\Values\RaidAttackTypeTest" classname="Tests.Unit.Game.Raids.Values.RaidAttackTypeTest" assertions="1" time="0.096556"/>
      </testsuite>
      <testsuite name="Tests\Unit\Game\Raids\Values\RaitTypeTest" file="/home/adam/Documents/flare/tests/Unit/Game/Raids/Values/RaitTypeTest.php" tests="6" assertions="6" errors="0" failures="0" skipped="0" time="0.680099">
        <testcase name="testIsPirateLordRaid" file="/home/adam/Documents/flare/tests/Unit/Game/Raids/Values/RaitTypeTest.php" line="19" class="Tests\Unit\Game\Raids\Values\RaitTypeTest" classname="Tests.Unit.Game.Raids.Values.RaitTypeTest" assertions="1" time="0.149163"/>
        <testcase name="testIsJesterOfTime" file="/home/adam/Documents/flare/tests/Unit/Game/Raids/Values/RaitTypeTest.php" line="33" class="Tests\Unit\Game\Raids\Values\RaitTypeTest" classname="Tests.Unit.Game.Raids.Values.RaitTypeTest" assertions="1" time="0.095647"/>
        <testcase name="testIsFrozenKing" file="/home/adam/Documents/flare/tests/Unit/Game/Raids/Values/RaitTypeTest.php" line="40" class="Tests\Unit\Game\Raids\Values\RaitTypeTest" classname="Tests.Unit.Game.Raids.Values.RaitTypeTest" assertions="1" time="0.096393"/>
        <testcase name="testIsCorruptedBishop" file="/home/adam/Documents/flare/tests/Unit/Game/Raids/Values/RaitTypeTest.php" line="47" class="Tests\Unit\Game\Raids\Values\RaitTypeTest" classname="Tests.Unit.Game.Raids.Values.RaitTypeTest" assertions="1" time="0.102073"/>
        <testcase name="testIsIceQueenRaid" file="/home/adam/Documents/flare/tests/Unit/Game/Raids/Values/RaitTypeTest.php" line="26" class="Tests\Unit\Game\Raids\Values\RaitTypeTest" classname="Tests.Unit.Game.Raids.Values.RaitTypeTest" assertions="1" time="0.139091"/>
        <testcase name="testThrowsExceptionForInvalidType" file="/home/adam/Documents/flare/tests/Unit/Game/Raids/Values/RaitTypeTest.php" line="11" class="Tests\Unit\Game\Raids\Values\RaitTypeTest" classname="Tests.Unit.Game.Raids.Values.RaitTypeTest" assertions="1" time="0.097731"/>
      </testsuite>
      <testsuite name="Tests\Unit\Game\Reincarnation\Services\CharacterReincarnationServiceTest" file="/home/adam/Documents/flare/tests/Unit/Game/Reincarnation/Services/CharacterReincarnationServiceTest.php" tests="7" assertions="25" errors="0" failures="0" skipped="0" time="1.858552">
        <testcase name="testCannotReincarnateWhenCannotLevelToMax" file="/home/adam/Documents/flare/tests/Unit/Game/Reincarnation/Services/CharacterReincarnationServiceTest.php" line="54" class="Tests\Unit\Game\Reincarnation\Services\CharacterReincarnationServiceTest" classname="Tests.Unit.Game.Reincarnation.Services.CharacterReincarnationServiceTest" assertions="2" time="0.200045"/>
        <testcase name="testCannotReincarnateWhenCannotLevelToMaxWhenNotMaxLevel" file="/home/adam/Documents/flare/tests/Unit/Game/Reincarnation/Services/CharacterReincarnationServiceTest.php" line="64" class="Tests\Unit\Game\Reincarnation\Services\CharacterReincarnationServiceTest" classname="Tests.Unit.Game.Reincarnation.Services.CharacterReincarnationServiceTest" assertions="2" time="0.279338"/>
        <testcase name="testCannotReincarnateWhenQuestNotComplete" file="/home/adam/Documents/flare/tests/Unit/Game/Reincarnation/Services/CharacterReincarnationServiceTest.php" line="76" class="Tests\Unit\Game\Reincarnation\Services\CharacterReincarnationServiceTest" classname="Tests.Unit.Game.Reincarnation.Services.CharacterReincarnationServiceTest" assertions="2" time="0.218648"/>
        <testcase name="testCannotReincarnateWhenCannotAfford" file="/home/adam/Documents/flare/tests/Unit/Game/Reincarnation/Services/CharacterReincarnationServiceTest.php" line="92" class="Tests\Unit\Game\Reincarnation\Services\CharacterReincarnationServiceTest" classname="Tests.Unit.Game.Reincarnation.Services.CharacterReincarnationServiceTest" assertions="2" time="0.236500"/>
        <testcase name="testCannotReincarnateWhenStatsAreMaxed" file="/home/adam/Documents/flare/tests/Unit/Game/Reincarnation/Services/CharacterReincarnationServiceTest.php" line="212" class="Tests\Unit\Game\Reincarnation\Services\CharacterReincarnationServiceTest" classname="Tests.Unit.Game.Reincarnation.Services.CharacterReincarnationServiceTest" assertions="2" time="0.230481"/>
        <testcase name="testReincarnationWillNotGoAboveMaxValue" file="/home/adam/Documents/flare/tests/Unit/Game/Reincarnation/Services/CharacterReincarnationServiceTest.php" line="164" class="Tests\Unit\Game\Reincarnation\Services\CharacterReincarnationServiceTest" classname="Tests.Unit.Game.Reincarnation.Services.CharacterReincarnationServiceTest" assertions="8" time="0.379213"/>
        <testcase name="testCanReincarnate" file="/home/adam/Documents/flare/tests/Unit/Game/Reincarnation/Services/CharacterReincarnationServiceTest.php" line="118" class="Tests\Unit\Game\Reincarnation\Services\CharacterReincarnationServiceTest" classname="Tests.Unit.Game.Reincarnation.Services.CharacterReincarnationServiceTest" assertions="7" time="0.314327"/>
      </testsuite>
      <testsuite name="Tests\Unit\Game\Shop\Events\BuyItemEventTest" file="/home/adam/Documents/flare/tests/Unit/Game/Shop/Events/BuyItemEventTest.php" tests="1" assertions="2" errors="0" failures="0" skipped="0" time="0.257291">
        <testcase name="testMerchantShouldGetADiscount" file="/home/adam/Documents/flare/tests/Unit/Game/Shop/Events/BuyItemEventTest.php" line="36" class="Tests\Unit\Game\Shop\Events\BuyItemEventTest" classname="Tests.Unit.Game.Shop.Events.BuyItemEventTest" assertions="2" time="0.257291"/>
      </testsuite>
      <testsuite name="Tests\Unit\Game\Shop\Services\GemShopServiceTest" file="/home/adam/Documents/flare/tests/Unit/Game/Shop/Services/GemShopServiceTest.php" tests="5" assertions="22" errors="0" failures="0" skipped="0" time="1.176753">
        <testcase name="testCannotSellGemYouDoNotHave" file="/home/adam/Documents/flare/tests/Unit/Game/Shop/Services/GemShopServiceTest.php" line="48" class="Tests\Unit\Game\Shop\Services\GemShopServiceTest" classname="Tests.Unit.Game.Shop.Services.GemShopServiceTest" assertions="2" time="0.208659"/>
        <testcase name="testSellGem" file="/home/adam/Documents/flare/tests/Unit/Game/Shop/Services/GemShopServiceTest.php" line="56" class="Tests\Unit\Game\Shop\Services\GemShopServiceTest" classname="Tests.Unit.Game.Shop.Services.GemShopServiceTest" assertions="5" time="0.224355"/>
        <testcase name="testSellAllGemsWhenCurrencyCapped" file="/home/adam/Documents/flare/tests/Unit/Game/Shop/Services/GemShopServiceTest.php" line="108" class="Tests\Unit\Game\Shop\Services\GemShopServiceTest" classname="Tests.Unit.Game.Shop.Services.GemShopServiceTest" assertions="5" time="0.276912"/>
        <testcase name="testSellGemWhenCurrencyCapped" file="/home/adam/Documents/flare/tests/Unit/Game/Shop/Services/GemShopServiceTest.php" line="71" class="Tests\Unit\Game\Shop\Services\GemShopServiceTest" classname="Tests.Unit.Game.Shop.Services.GemShopServiceTest" assertions="5" time="0.243060"/>
        <testcase name="testSellAllGems" file="/home/adam/Documents/flare/tests/Unit/Game/Shop/Services/GemShopServiceTest.php" line="95" class="Tests\Unit\Game\Shop\Services\GemShopServiceTest" classname="Tests.Unit.Game.Shop.Services.GemShopServiceTest" assertions="5" time="0.223767"/>
      </testsuite>
      <testsuite name="Tests\Unit\Game\Shop\Services\GoblinShopServiceTest" file="/home/adam/Documents/flare/tests/Unit/Game/Shop/Services/GoblinShopServiceTest.php" tests="7" assertions="12" errors="0" failures="0" skipped="0" time="1.901831">
        <testcase name="testBuyItemWhereKingdomAbsorbsTheCost" file="/home/adam/Documents/flare/tests/Unit/Game/Shop/Services/GoblinShopServiceTest.php" line="42" class="Tests\Unit\Game\Shop\Services\GoblinShopServiceTest" classname="Tests.Unit.Game.Shop.Services.GoblinShopServiceTest" assertions="2" time="0.289908"/>
        <testcase name="testPurchaseMultipleItemsThatCostOneThousandTillZeroGoldBarsLeft" file="/home/adam/Documents/flare/tests/Unit/Game/Shop/Services/GoblinShopServiceTest.php" line="146" class="Tests\Unit\Game\Shop\Services\GoblinShopServiceTest" classname="Tests.Unit.Game.Shop.Services.GoblinShopServiceTest" assertions="1" time="0.257834"/>
        <testcase name="testBuyReduceAllKingdomsToZero" file="/home/adam/Documents/flare/tests/Unit/Game/Shop/Services/GoblinShopServiceTest.php" line="78" class="Tests\Unit\Game\Shop\Services\GoblinShopServiceTest" classname="Tests.Unit.Game.Shop.Services.GoblinShopServiceTest" assertions="2" time="0.231544"/>
        <testcase name="testBuyItemWhereAllKingdomsAbsorbTheCost" file="/home/adam/Documents/flare/tests/Unit/Game/Shop/Services/GoblinShopServiceTest.php" line="60" class="Tests\Unit\Game\Shop\Services\GoblinShopServiceTest" classname="Tests.Unit.Game.Shop.Services.GoblinShopServiceTest" assertions="2" time="0.232236"/>
        <testcase name="testPurchaseMultipleItemsTillAtFiftyRunesLeft" file="/home/adam/Documents/flare/tests/Unit/Game/Shop/Services/GoblinShopServiceTest.php" line="113" class="Tests\Unit\Game\Shop\Services\GoblinShopServiceTest" classname="Tests.Unit.Game.Shop.Services.GoblinShopServiceTest" assertions="1" time="0.311450"/>
        <testcase name="testPurchaseWhenMultipleKingdomsHaveVariableGoldBarsAndOneHasNoGoldBars" file="/home/adam/Documents/flare/tests/Unit/Game/Shop/Services/GoblinShopServiceTest.php" line="195" class="Tests\Unit\Game\Shop\Services\GoblinShopServiceTest" classname="Tests.Unit.Game.Shop.Services.GoblinShopServiceTest" assertions="2" time="0.284579"/>
        <testcase name="testPurchaseWhenMultipleKingdomsHaveVariableGoldBars" file="/home/adam/Documents/flare/tests/Unit/Game/Shop/Services/GoblinShopServiceTest.php" line="167" class="Tests\Unit\Game\Shop\Services\GoblinShopServiceTest" classname="Tests.Unit.Game.Shop.Services.GoblinShopServiceTest" assertions="2" time="0.294279"/>
      </testsuite>
      <testsuite name="Tests\Unit\Game\Shop\Services\ShopServiceTest" file="/home/adam/Documents/flare/tests/Unit/Game/Shop/Services/ShopServiceTest.php" tests="6" assertions="16" errors="0" failures="0" skipped="0" time="1.846897">
        <testcase name="testSellAllItemsWithNoItems" file="/home/adam/Documents/flare/tests/Unit/Game/Shop/Services/ShopServiceTest.php" line="68" class="Tests\Unit\Game\Shop\Services\ShopServiceTest" classname="Tests.Unit.Game.Shop.Services.ShopServiceTest" assertions="4" time="0.300938"/>
        <testcase name="testSellItemDoNotGoAboveMaxGold" file="/home/adam/Documents/flare/tests/Unit/Game/Shop/Services/ShopServiceTest.php" line="148" class="Tests\Unit\Game\Shop\Services\ShopServiceTest" classname="Tests.Unit.Game.Shop.Services.ShopServiceTest" assertions="2" time="0.233173"/>
        <testcase name="testSellItem" file="/home/adam/Documents/flare/tests/Unit/Game/Shop/Services/ShopServiceTest.php" line="131" class="Tests\Unit\Game\Shop\Services\ShopServiceTest" classname="Tests.Unit.Game.Shop.Services.ShopServiceTest" assertions="2" time="0.229713"/>
        <testcase name="testSellAllItems" file="/home/adam/Documents/flare/tests/Unit/Game/Shop/Services/ShopServiceTest.php" line="41" class="Tests\Unit\Game\Shop\Services\ShopServiceTest" classname="Tests.Unit.Game.Shop.Services.ShopServiceTest" assertions="4" time="0.332912"/>
        <testcase name="testBuyMultipleItems" file="/home/adam/Documents/flare/tests/Unit/Game/Shop/Services/ShopServiceTest.php" line="115" class="Tests\Unit\Game\Shop\Services\ShopServiceTest" classname="Tests.Unit.Game.Shop.Services.ShopServiceTest" assertions="2" time="0.317893"/>
        <testcase name="testBuyAndReplaceItem" file="/home/adam/Documents/flare/tests/Unit/Game/Shop/Services/ShopServiceTest.php" line="93" class="Tests\Unit\Game\Shop\Services\ShopServiceTest" classname="Tests.Unit.Game.Shop.Services.ShopServiceTest" assertions="2" time="0.432269"/>
      </testsuite>
      <testsuite name="Tests\Unit\Game\Skills\Events\UpdateSkillEventTest" file="/home/adam/Documents/flare/tests/Unit/Game/Skills/Events/UpdateSkillEventTest.php" tests="5" assertions="11" errors="0" failures="0" skipped="0" time="10.643722">
        <testcase name="testDoNotUpdateSkill" file="/home/adam/Documents/flare/tests/Unit/Game/Skills/Events/UpdateSkillEventTest.php" line="35" class="Tests\Unit\Game\Skills\Events\UpdateSkillEventTest" classname="Tests.Unit.Game.Skills.Events.UpdateSkillEventTest" assertions="2" time="1.832104"/>
        <testcase name="testUpdateSkill" file="/home/adam/Documents/flare/tests/Unit/Game/Skills/Events/UpdateSkillEventTest.php" line="55" class="Tests\Unit\Game\Skills\Events\UpdateSkillEventTest" classname="Tests.Unit.Game.Skills.Events.UpdateSkillEventTest" assertions="2" time="2.198451"/>
        <testcase name="testUpdateCraftingSkillWhenFeedBackScheduledEventIsRunning" file="/home/adam/Documents/flare/tests/Unit/Game/Skills/Events/UpdateSkillEventTest.php" line="118" class="Tests\Unit\Game\Skills\Events\UpdateSkillEventTest" classname="Tests.Unit.Game.Skills.Events.UpdateSkillEventTest" assertions="2" time="2.207132"/>
        <testcase name="testUpdateNonCraftingSkillWhenFeedBackScheduledEventIsRunning" file="/home/adam/Documents/flare/tests/Unit/Game/Skills/Events/UpdateSkillEventTest.php" line="157" class="Tests\Unit\Game\Skills\Events\UpdateSkillEventTest" classname="Tests.Unit.Game.Skills.Events.UpdateSkillEventTest" assertions="2" time="2.043915"/>
        <testcase name="testUpdateSkillAndUpdateCharacterAttackData" file="/home/adam/Documents/flare/tests/Unit/Game/Skills/Events/UpdateSkillEventTest.php" line="85" class="Tests\Unit\Game\Skills\Events\UpdateSkillEventTest" classname="Tests.Unit.Game.Skills.Events.UpdateSkillEventTest" assertions="3" time="2.362119"/>
      </testsuite>
      <testsuite name="Tests\Unit\Game\Skills\Handlers\HandleUpdatingCraftingGlobalEventGoalTest" file="/home/adam/Documents/flare/tests/Unit/Game/Skills/Handlers/HandleUpdatingCraftingGlobalEventGoalTest.php" tests="5" assertions="22" errors="0" failures="0" skipped="0" time="1.106007">
        <testcase name="testDoNotParticipateInCraftingGlobalEventWhenGlobalEventDoesNotExist" file="/home/adam/Documents/flare/tests/Unit/Game/Skills/Handlers/HandleUpdatingCraftingGlobalEventGoalTest.php" line="68" class="Tests\Unit\Game\Skills\Handlers\HandleUpdatingCraftingGlobalEventGoalTest" classname="Tests.Unit.Game.Skills.Handlers.HandleUpdatingCraftingGlobalEventGoalTest" assertions="3" time="0.193584"/>
        <testcase name="testDoNotParticipateInCraftingGlobalEventWhenEventDoesNotExist" file="/home/adam/Documents/flare/tests/Unit/Game/Skills/Handlers/HandleUpdatingCraftingGlobalEventGoalTest.php" line="52" class="Tests\Unit\Game\Skills\Handlers\HandleUpdatingCraftingGlobalEventGoalTest" classname="Tests.Unit.Game.Skills.Handlers.HandleUpdatingCraftingGlobalEventGoalTest" assertions="3" time="0.204123"/>
        <testcase name="testParticipateInGlobalCraftingEvent" file="/home/adam/Documents/flare/tests/Unit/Game/Skills/Handlers/HandleUpdatingCraftingGlobalEventGoalTest.php" line="89" class="Tests\Unit\Game\Skills\Handlers\HandleUpdatingCraftingGlobalEventGoalTest" classname="Tests.Unit.Game.Skills.Handlers.HandleUpdatingCraftingGlobalEventGoalTest" assertions="6" time="0.225349"/>
        <testcase name="testParticipateInEventWhenMaxCraftsAreReached" file="/home/adam/Documents/flare/tests/Unit/Game/Skills/Handlers/HandleUpdatingCraftingGlobalEventGoalTest.php" line="123" class="Tests\Unit\Game\Skills\Handlers\HandleUpdatingCraftingGlobalEventGoalTest" classname="Tests.Unit.Game.Skills.Handlers.HandleUpdatingCraftingGlobalEventGoalTest" assertions="3" time="0.241314"/>
        <testcase name="testParticipateInGlobalCraftingEventWhenWeShouldBeRewarded" file="/home/adam/Documents/flare/tests/Unit/Game/Skills/Handlers/HandleUpdatingCraftingGlobalEventGoalTest.php" line="165" class="Tests\Unit\Game\Skills\Handlers\HandleUpdatingCraftingGlobalEventGoalTest" classname="Tests.Unit.Game.Skills.Handlers.HandleUpdatingCraftingGlobalEventGoalTest" assertions="7" time="0.241637"/>
      </testsuite>
      <testsuite name="Tests\Unit\Game\Skills\Handlers\HandleUpdatingEnchantingGlobalEventGoalTest" file="/home/adam/Documents/flare/tests/Unit/Game/Skills/Handlers/HandleUpdatingEnchantingGlobalEventGoalTest.php" tests="4" assertions="19" errors="0" failures="0" skipped="0" time="0.984648">
        <testcase name="testDoNotParticipateInEnchantingGlobalEventWhenGlobalEventDoesNotExist" file="/home/adam/Documents/flare/tests/Unit/Game/Skills/Handlers/HandleUpdatingEnchantingGlobalEventGoalTest.php" line="70" class="Tests\Unit\Game\Skills\Handlers\HandleUpdatingEnchantingGlobalEventGoalTest" classname="Tests.Unit.Game.Skills.Handlers.HandleUpdatingEnchantingGlobalEventGoalTest" assertions="3" time="0.219550"/>
        <testcase name="testDoNotParticipateInEnchantingGlobalEventWhenEventDoesNotExist" file="/home/adam/Documents/flare/tests/Unit/Game/Skills/Handlers/HandleUpdatingEnchantingGlobalEventGoalTest.php" line="49" class="Tests\Unit\Game\Skills\Handlers\HandleUpdatingEnchantingGlobalEventGoalTest" classname="Tests.Unit.Game.Skills.Handlers.HandleUpdatingEnchantingGlobalEventGoalTest" assertions="4" time="0.257377"/>
        <testcase name="testParticipateInGlobalEnchantingEvent" file="/home/adam/Documents/flare/tests/Unit/Game/Skills/Handlers/HandleUpdatingEnchantingGlobalEventGoalTest.php" line="94" class="Tests\Unit\Game\Skills\Handlers\HandleUpdatingEnchantingGlobalEventGoalTest" classname="Tests.Unit.Game.Skills.Handlers.HandleUpdatingEnchantingGlobalEventGoalTest" assertions="5" time="0.244554"/>
        <testcase name="testParticipateInGlobalEnchantingEventWhenWeShouldBeRewarded" file="/home/adam/Documents/flare/tests/Unit/Game/Skills/Handlers/HandleUpdatingEnchantingGlobalEventGoalTest.php" line="130" class="Tests\Unit\Game\Skills\Handlers\HandleUpdatingEnchantingGlobalEventGoalTest" classname="Tests.Unit.Game.Skills.Handlers.HandleUpdatingEnchantingGlobalEventGoalTest" assertions="7" time="0.263167"/>
      </testsuite>
      <testsuite name="Tests\Unit\Game\Skills\Handlers\UpdateCraftingTasksForFactionLoyaltyTest" file="/home/adam/Documents/flare/tests/Unit/Game/Skills/Handlers/UpdateCraftingTasksForFactionLoyaltyTest.php" tests="11" assertions="46" errors="0" failures="0" skipped="0" time="23.914002">
        <testcase name="testDoesNotHandleCraftingFactionLoyaltyWhenCharacterIsNotHelpingAnNpc" file="/home/adam/Documents/flare/tests/Unit/Game/Skills/Handlers/UpdateCraftingTasksForFactionLoyaltyTest.php" line="61" class="Tests\Unit\Game\Skills\Handlers\UpdateCraftingTasksForFactionLoyaltyTest" classname="Tests.Unit.Game.Skills.Handlers.UpdateCraftingTasksForFactionLoyaltyTest" assertions="2" time="0.254597"/>
        <testcase name="testDoesNotUpdateLoyaltyTasksWhenNoCraftingTaskFound" file="/home/adam/Documents/flare/tests/Unit/Game/Skills/Handlers/UpdateCraftingTasksForFactionLoyaltyTest.php" line="96" class="Tests\Unit\Game\Skills\Handlers\UpdateCraftingTasksForFactionLoyaltyTest" classname="Tests.Unit.Game.Skills.Handlers.UpdateCraftingTasksForFactionLoyaltyTest" assertions="2" time="0.217589"/>
        <testcase name="testNothingHappensWhenThePlayerIsNotPledgedToAFaction" file="/home/adam/Documents/flare/tests/Unit/Game/Skills/Handlers/UpdateCraftingTasksForFactionLoyaltyTest.php" line="40" class="Tests\Unit\Game\Skills\Handlers\UpdateCraftingTasksForFactionLoyaltyTest" classname="Tests.Unit.Game.Skills.Handlers.UpdateCraftingTasksForFactionLoyaltyTest" assertions="2" time="0.200979"/>
        <testcase name="testDoesNotHandleCraftingFameWhenItemIsNotApartOfTheCraftingList" file="/home/adam/Documents/flare/tests/Unit/Game/Skills/Handlers/UpdateCraftingTasksForFactionLoyaltyTest.php" line="137" class="Tests\Unit\Game\Skills\Handlers\UpdateCraftingTasksForFactionLoyaltyTest" classname="Tests.Unit.Game.Skills.Handlers.UpdateCraftingTasksForFactionLoyaltyTest" assertions="3" time="0.225882"/>
        <testcase name="testCannotLevelFameAnyMore" file="/home/adam/Documents/flare/tests/Unit/Game/Skills/Handlers/UpdateCraftingTasksForFactionLoyaltyTest.php" line="697" class="Tests\Unit\Game\Skills\Handlers\UpdateCraftingTasksForFactionLoyaltyTest" classname="Tests.Unit.Game.Skills.Handlers.UpdateCraftingTasksForFactionLoyaltyTest" assertions="6" time="0.263626"/>
        <testcase name="testUpdatesTheCurrentAmountOnACraftingTaskButDoesNotLevelUpTheFameWhenTheWeeklyEventIsRunning" file="/home/adam/Documents/flare/tests/Unit/Game/Skills/Handlers/UpdateCraftingTasksForFactionLoyaltyTest.php" line="242" class="Tests\Unit\Game\Skills\Handlers\UpdateCraftingTasksForFactionLoyaltyTest" classname="Tests.Unit.Game.Skills.Handlers.UpdateCraftingTasksForFactionLoyaltyTest" assertions="3" time="0.227539"/>
        <testcase name="testUpdatesTheCurrentAmountOnACraftingTaskButDoesNotLevelUpTheFame" file="/home/adam/Documents/flare/tests/Unit/Game/Skills/Handlers/UpdateCraftingTasksForFactionLoyaltyTest.php" line="186" class="Tests\Unit\Game\Skills\Handlers\UpdateCraftingTasksForFactionLoyaltyTest" classname="Tests.Unit.Game.Skills.Handlers.UpdateCraftingTasksForFactionLoyaltyTest" assertions="3" time="0.243393"/>
        <testcase name="testDoNotGiveMoreCurrenciesThenMaxAllowedForCraftingTasks" file="/home/adam/Documents/flare/tests/Unit/Game/Skills/Handlers/UpdateCraftingTasksForFactionLoyaltyTest.php" line="508" class="Tests\Unit\Game\Skills\Handlers\UpdateCraftingTasksForFactionLoyaltyTest" classname="Tests.Unit.Game.Skills.Handlers.UpdateCraftingTasksForFactionLoyaltyTest" assertions="6" time="0.424144"/>
        <testcase name="testLevelUpFameFromCrafting" file="/home/adam/Documents/flare/tests/Unit/Game/Skills/Handlers/UpdateCraftingTasksForFactionLoyaltyTest.php" line="302" class="Tests\Unit\Game\Skills\Handlers\UpdateCraftingTasksForFactionLoyaltyTest" classname="Tests.Unit.Game.Skills.Handlers.UpdateCraftingTasksForFactionLoyaltyTest" assertions="6" time="0.363848"/>
        <testcase name="testLevelUpFameFromCraftingWhenTheEventIsRunning" file="/home/adam/Documents/flare/tests/Unit/Game/Skills/Handlers/UpdateCraftingTasksForFactionLoyaltyTest.php" line="403" class="Tests\Unit\Game\Skills\Handlers\UpdateCraftingTasksForFactionLoyaltyTest" classname="Tests.Unit.Game.Skills.Handlers.UpdateCraftingTasksForFactionLoyaltyTest" assertions="6" time="0.431167"/>
        <testcase name="testDoNotAssignTasksForMaxLevelFame" file="/home/adam/Documents/flare/tests/Unit/Game/Skills/Handlers/UpdateCraftingTasksForFactionLoyaltyTest.php" line="611" class="Tests\Unit\Game\Skills\Handlers\UpdateCraftingTasksForFactionLoyaltyTest" classname="Tests.Unit.Game.Skills.Handlers.UpdateCraftingTasksForFactionLoyaltyTest" assertions="7" time="21.061238"/>
      </testsuite>
      <testsuite name="Tests\Unit\Game\Skills\Handlers\UpdateItemSkillTest" file="/home/adam/Documents/flare/tests/Unit/Game/Skills/Handlers/UpdateItemSkillTest.php" tests="4" assertions="7" errors="0" failures="0" skipped="0" time="0.997200">
        <testcase name="testDoesNotUpdateItemSkillWhenItIsMaxedLevel" file="/home/adam/Documents/flare/tests/Unit/Game/Skills/Handlers/UpdateItemSkillTest.php" line="58" class="Tests\Unit\Game\Skills\Handlers\UpdateItemSkillTest" classname="Tests.Unit.Game.Skills.Handlers.UpdateItemSkillTest" assertions="1" time="0.361359"/>
        <testcase name="testDoesNotUpdateItemSkillWhenItDoesNotExist" file="/home/adam/Documents/flare/tests/Unit/Game/Skills/Handlers/UpdateItemSkillTest.php" line="47" class="Tests\Unit\Game\Skills\Handlers\UpdateItemSkillTest" classname="Tests.Unit.Game.Skills.Handlers.UpdateItemSkillTest" assertions="1" time="0.195057"/>
        <testcase name="testDoesLevelItemSkill" file="/home/adam/Documents/flare/tests/Unit/Game/Skills/Handlers/UpdateItemSkillTest.php" line="120" class="Tests\Unit\Game\Skills\Handlers\UpdateItemSkillTest" classname="Tests.Unit.Game.Skills.Handlers.UpdateItemSkillTest" assertions="3" time="0.222414"/>
        <testcase name="testDoesUpdateItemSkill" file="/home/adam/Documents/flare/tests/Unit/Game/Skills/Handlers/UpdateItemSkillTest.php" line="87" class="Tests\Unit\Game\Skills\Handlers\UpdateItemSkillTest" classname="Tests.Unit.Game.Skills.Handlers.UpdateItemSkillTest" assertions="2" time="0.218371"/>
      </testsuite>
      <testsuite name="Tests\Unit\Game\Skills\Services\AlchemyServiceTest" file="/home/adam/Documents/flare/tests/Unit/Game/Skills/Services/AlchemyServiceTest.php" tests="15" assertions="38" errors="0" failures="0" skipped="0" time="3.939979">
        <testcase name="testCannotTransmuteItemThatDoesntExist" file="/home/adam/Documents/flare/tests/Unit/Game/Skills/Services/AlchemyServiceTest.php" line="111" class="Tests\Unit\Game\Skills\Services\AlchemyServiceTest" classname="Tests.Unit.Game.Skills.Services.AlchemyServiceTest" assertions="1" time="0.242467"/>
        <testcase name="testCannotTransmuteItemNotEnoughShards" file="/home/adam/Documents/flare/tests/Unit/Game/Skills/Services/AlchemyServiceTest.php" line="135" class="Tests\Unit\Game\Skills\Services\AlchemyServiceTest" classname="Tests.Unit.Game.Skills.Services.AlchemyServiceTest" assertions="1" time="0.211433"/>
        <testcase name="testGetAlchemyItemsForCrafting" file="/home/adam/Documents/flare/tests/Unit/Game/Skills/Services/AlchemyServiceTest.php" line="64" class="Tests\Unit\Game\Skills\Services\AlchemyServiceTest" classname="Tests.Unit.Game.Skills.Services.AlchemyServiceTest" assertions="1" time="0.207757"/>
        <testcase name="testCannotTransmuteItemNotEnoughGoldDust" file="/home/adam/Documents/flare/tests/Unit/Game/Skills/Services/AlchemyServiceTest.php" line="122" class="Tests\Unit\Game\Skills\Services\AlchemyServiceTest" classname="Tests.Unit.Game.Skills.Services.AlchemyServiceTest" assertions="1" time="0.264116"/>
        <testcase name="testCannotTransmuteItemLevelToHigh" file="/home/adam/Documents/flare/tests/Unit/Game/Skills/Services/AlchemyServiceTest.php" line="154" class="Tests\Unit\Game\Skills\Services\AlchemyServiceTest" classname="Tests.Unit.Game.Skills.Services.AlchemyServiceTest" assertions="1" time="0.212948"/>
        <testcase name="testFetchCharacterAlchemyCraftingXP" file="/home/adam/Documents/flare/tests/Unit/Game/Skills/Services/AlchemyServiceTest.php" line="384" class="Tests\Unit\Game\Skills\Services\AlchemyServiceTest" classname="Tests.Unit.Game.Skills.Services.AlchemyServiceTest" assertions="1" time="0.207857"/>
        <testcase name="testTransmuteAndFail" file="/home/adam/Documents/flare/tests/Unit/Game/Skills/Services/AlchemyServiceTest.php" line="225" class="Tests\Unit\Game\Skills\Services\AlchemyServiceTest" classname="Tests.Unit.Game.Skills.Services.AlchemyServiceTest" assertions="3" time="0.232009"/>
        <testcase name="testTransmuteAndSucceedButInventoryIsFull" file="/home/adam/Documents/flare/tests/Unit/Game/Skills/Services/AlchemyServiceTest.php" line="281" class="Tests\Unit\Game\Skills\Services\AlchemyServiceTest" classname="Tests.Unit.Game.Skills.Services.AlchemyServiceTest" assertions="4" time="0.262256"/>
        <testcase name="testTransmuteWhenLevelTrivialTooLow" file="/home/adam/Documents/flare/tests/Unit/Game/Skills/Services/AlchemyServiceTest.php" line="178" class="Tests\Unit\Game\Skills\Services\AlchemyServiceTest" classname="Tests.Unit.Game.Skills.Services.AlchemyServiceTest" assertions="2" time="0.230519"/>
        <testcase name="testTransmute" file="/home/adam/Documents/flare/tests/Unit/Game/Skills/Services/AlchemyServiceTest.php" line="206" class="Tests\Unit\Game\Skills\Services\AlchemyServiceTest" classname="Tests.Unit.Game.Skills.Services.AlchemyServiceTest" assertions="2" time="0.250403"/>
        <testcase name="testGetAlchemyItemsAsMerchantForTheCostReduction" file="/home/adam/Documents/flare/tests/Unit/Game/Skills/Services/AlchemyServiceTest.php" line="92" class="Tests\Unit\Game\Skills\Services\AlchemyServiceTest" classname="Tests.Unit.Game.Skills.Services.AlchemyServiceTest" assertions="4" time="0.319772"/>
        <testcase name="testTransmuteAndSucceed" file="/home/adam/Documents/flare/tests/Unit/Game/Skills/Services/AlchemyServiceTest.php" line="255" class="Tests\Unit\Game\Skills\Services\AlchemyServiceTest" classname="Tests.Unit.Game.Skills.Services.AlchemyServiceTest" assertions="3" time="0.286357"/>
        <testcase name="testGetAlchemyItemsAsAlchemistForTheCostReduction" file="/home/adam/Documents/flare/tests/Unit/Game/Skills/Services/AlchemyServiceTest.php" line="73" class="Tests\Unit\Game\Skills\Services\AlchemyServiceTest" classname="Tests.Unit.Game.Skills.Services.AlchemyServiceTest" assertions="4" time="0.263221"/>
        <testcase name="testTransmuteAsAlchemist" file="/home/adam/Documents/flare/tests/Unit/Game/Skills/Services/AlchemyServiceTest.php" line="314" class="Tests\Unit\Game\Skills\Services\AlchemyServiceTest" classname="Tests.Unit.Game.Skills.Services.AlchemyServiceTest" assertions="5" time="0.403859"/>
        <testcase name="testTransmuteAsMerchant" file="/home/adam/Documents/flare/tests/Unit/Game/Skills/Services/AlchemyServiceTest.php" line="349" class="Tests\Unit\Game\Skills\Services\AlchemyServiceTest" classname="Tests.Unit.Game.Skills.Services.AlchemyServiceTest" assertions="5" time="0.345006"/>
      </testsuite>
      <testsuite name="Tests\Unit\Game\Skills\Services\CraftingServiceTest" file="/home/adam/Documents/flare/tests/Unit/Game/Skills/Services/CraftingServiceTest.php" tests="27" assertions="74" errors="0" failures="0" skipped="0" time="7.561522">
        <testcase name="testFetchCraftableItems" file="/home/adam/Documents/flare/tests/Unit/Game/Skills/Services/CraftingServiceTest.php" line="86" class="Tests\Unit\Game\Skills\Services\CraftingServiceTest" classname="Tests.Unit.Game.Skills.Services.CraftingServiceTest" assertions="1" time="0.213503"/>
        <testcase name="testCannotAffordToCraftItem" file="/home/adam/Documents/flare/tests/Unit/Game/Skills/Services/CraftingServiceTest.php" line="273" class="Tests\Unit\Game\Skills\Services\CraftingServiceTest" classname="Tests.Unit.Game.Skills.Services.CraftingServiceTest" assertions="2" time="0.257919"/>
        <testcase name="testFetchCharacterWeaponCraftingXP" file="/home/adam/Documents/flare/tests/Unit/Game/Skills/Services/CraftingServiceTest.php" line="668" class="Tests\Unit\Game\Skills\Services\CraftingServiceTest" classname="Tests.Unit.Game.Skills.Services.CraftingServiceTest" assertions="1" time="0.212816"/>
        <testcase name="testFetchCraftableItemsForRegularWeapon" file="/home/adam/Documents/flare/tests/Unit/Game/Skills/Services/CraftingServiceTest.php" line="119" class="Tests\Unit\Game\Skills\Services\CraftingServiceTest" classname="Tests.Unit.Game.Skills.Services.CraftingServiceTest" assertions="1" time="0.217166"/>
        <testcase name="testGeneralCraftInventoryIsFull" file="/home/adam/Documents/flare/tests/Unit/Game/Skills/Services/CraftingServiceTest.php" line="375" class="Tests\Unit\Game\Skills\Services\CraftingServiceTest" classname="Tests.Unit.Game.Skills.Services.CraftingServiceTest" assertions="3" time="0.214590"/>
        <testcase name="testItemToHardToCraft" file="/home/adam/Documents/flare/tests/Unit/Game/Skills/Services/CraftingServiceTest.php" line="293" class="Tests\Unit\Game\Skills\Services\CraftingServiceTest" classname="Tests.Unit.Game.Skills.Services.CraftingServiceTest" assertions="2" time="0.256662"/>
        <testcase name="testFailToCraft" file="/home/adam/Documents/flare/tests/Unit/Game/Skills/Services/CraftingServiceTest.php" line="410" class="Tests\Unit\Game\Skills\Services\CraftingServiceTest" classname="Tests.Unit.Game.Skills.Services.CraftingServiceTest" assertions="3" time="0.229753"/>
        <testcase name="testFetchCraftableItemsForRegularSpells" file="/home/adam/Documents/flare/tests/Unit/Game/Skills/Services/CraftingServiceTest.php" line="138" class="Tests\Unit\Game\Skills\Services\CraftingServiceTest" classname="Tests.Unit.Game.Skills.Services.CraftingServiceTest" assertions="1" time="0.210368"/>
        <testcase name="testFailToCraftForItemThatDoesNotExist" file="/home/adam/Documents/flare/tests/Unit/Game/Skills/Services/CraftingServiceTest.php" line="255" class="Tests\Unit\Game\Skills\Services\CraftingServiceTest" classname="Tests.Unit.Game.Skills.Services.CraftingServiceTest" assertions="2" time="0.273958"/>
        <testcase name="testFetchCharacterInventoryCount" file="/home/adam/Documents/flare/tests/Unit/Game/Skills/Services/CraftingServiceTest.php" line="686" class="Tests\Unit\Game\Skills\Services\CraftingServiceTest" classname="Tests.Unit.Game.Skills.Services.CraftingServiceTest" assertions="1" time="0.215774"/>
        <testcase name="testFetchCraftableItemsForArmour" file="/home/adam/Documents/flare/tests/Unit/Game/Skills/Services/CraftingServiceTest.php" line="97" class="Tests\Unit\Game\Skills\Services\CraftingServiceTest" classname="Tests.Unit.Game.Skills.Services.CraftingServiceTest" assertions="1" time="0.231044"/>
        <testcase name="testItemToEasyToCraft" file="/home/adam/Documents/flare/tests/Unit/Game/Skills/Services/CraftingServiceTest.php" line="323" class="Tests\Unit\Game\Skills\Services\CraftingServiceTest" classname="Tests.Unit.Game.Skills.Services.CraftingServiceTest" assertions="2" time="0.225492"/>
        <testcase name="testFetchCraftableItemsAsMerhant" file="/home/adam/Documents/flare/tests/Unit/Game/Skills/Services/CraftingServiceTest.php" line="180" class="Tests\Unit\Game\Skills\Services\CraftingServiceTest" classname="Tests.Unit.Game.Skills.Services.CraftingServiceTest" assertions="3" time="0.334284"/>
        <testcase name="testGeneralCraft" file="/home/adam/Documents/flare/tests/Unit/Game/Skills/Services/CraftingServiceTest.php" line="353" class="Tests\Unit\Game\Skills\Services\CraftingServiceTest" classname="Tests.Unit.Game.Skills.Services.CraftingServiceTest" assertions="1" time="0.274852"/>
        <testcase name="testSucceedInCrafting" file="/home/adam/Documents/flare/tests/Unit/Game/Skills/Services/CraftingServiceTest.php" line="444" class="Tests\Unit\Game\Skills\Services\CraftingServiceTest" classname="Tests.Unit.Game.Skills.Services.CraftingServiceTest" assertions="3" time="0.286221"/>
        <testcase name="testFetchCraftableItemsAsBlackSmith" file="/home/adam/Documents/flare/tests/Unit/Game/Skills/Services/CraftingServiceTest.php" line="160" class="Tests\Unit\Game\Skills\Services\CraftingServiceTest" classname="Tests.Unit.Game.Skills.Services.CraftingServiceTest" assertions="3" time="0.339226"/>
        <testcase name="testCraftWhileParticipatingInEventGoal" file="/home/adam/Documents/flare/tests/Unit/Game/Skills/Services/CraftingServiceTest.php" line="858" class="Tests\Unit\Game\Skills\Services\CraftingServiceTest" classname="Tests.Unit.Game.Skills.Services.CraftingServiceTest" assertions="6" time="0.284860"/>
        <testcase name="testCraftWhileParticipatingInEventGoalWhenCurrentEventGoalIsNotCraft" file="/home/adam/Documents/flare/tests/Unit/Game/Skills/Services/CraftingServiceTest.php" line="923" class="Tests\Unit\Game\Skills\Services\CraftingServiceTest" classname="Tests.Unit.Game.Skills.Services.CraftingServiceTest" assertions="4" time="0.283584"/>
        <testcase name="testCraftSpellAsBlackSmith" file="/home/adam/Documents/flare/tests/Unit/Game/Skills/Services/CraftingServiceTest.php" line="508" class="Tests\Unit\Game\Skills\Services\CraftingServiceTest" classname="Tests.Unit.Game.Skills.Services.CraftingServiceTest" assertions="4" time="0.367970"/>
        <testcase name="testCraftSpellAsArcaneAlchemist" file="/home/adam/Documents/flare/tests/Unit/Game/Skills/Services/CraftingServiceTest.php" line="587" class="Tests\Unit\Game\Skills\Services\CraftingServiceTest" classname="Tests.Unit.Game.Skills.Services.CraftingServiceTest" assertions="4" time="0.292009"/>
        <testcase name="testCraftAsBlackSmith" file="/home/adam/Documents/flare/tests/Unit/Game/Skills/Services/CraftingServiceTest.php" line="474" class="Tests\Unit\Game\Skills\Services\CraftingServiceTest" classname="Tests.Unit.Game.Skills.Services.CraftingServiceTest" assertions="4" time="0.355594"/>
        <testcase name="testFetchCraftableItemsAsArcaneAlchemist" file="/home/adam/Documents/flare/tests/Unit/Game/Skills/Services/CraftingServiceTest.php" line="200" class="Tests\Unit\Game\Skills\Services\CraftingServiceTest" classname="Tests.Unit.Game.Skills.Services.CraftingServiceTest" assertions="3" time="0.275345"/>
        <testcase name="testCraftAsMerchant" file="/home/adam/Documents/flare/tests/Unit/Game/Skills/Services/CraftingServiceTest.php" line="553" class="Tests\Unit\Game\Skills\Services\CraftingServiceTest" classname="Tests.Unit.Game.Skills.Services.CraftingServiceTest" assertions="4" time="0.294117"/>
        <testcase name="testCraftSpellAsArcaneAlchemsit" file="/home/adam/Documents/flare/tests/Unit/Game/Skills/Services/CraftingServiceTest.php" line="623" class="Tests\Unit\Game\Skills\Services\CraftingServiceTest" classname="Tests.Unit.Game.Skills.Services.CraftingServiceTest" assertions="4" time="0.347270"/>
        <testcase name="testFetchCraftableItemsAsArcaneAlchemistWhenCraftingSpells" file="/home/adam/Documents/flare/tests/Unit/Game/Skills/Services/CraftingServiceTest.php" line="220" class="Tests\Unit\Game\Skills\Services\CraftingServiceTest" classname="Tests.Unit.Game.Skills.Services.CraftingServiceTest" assertions="3" time="0.305245"/>
        <testcase name="testItemIsNotGivenToNpcWhenDoingFactionLoyaltyCrafting" file="/home/adam/Documents/flare/tests/Unit/Game/Skills/Services/CraftingServiceTest.php" line="779" class="Tests\Unit\Game\Skills\Services\CraftingServiceTest" classname="Tests.Unit.Game.Skills.Services.CraftingServiceTest" assertions="4" time="0.335173"/>
        <testcase name="testItemIsGivenToNpcWhenDoingFactionLoyaltyCrafting" file="/home/adam/Documents/flare/tests/Unit/Game/Skills/Services/CraftingServiceTest.php" line="700" class="Tests\Unit\Game\Skills\Services\CraftingServiceTest" classname="Tests.Unit.Game.Skills.Services.CraftingServiceTest" assertions="4" time="0.426730"/>
      </testsuite>
      <testsuite name="Tests\Unit\Game\Skills\Services\DisenchantManyServiceTest" file="/home/adam/Documents/flare/tests/Unit/Game/Skills/Services/DisenchantManyServiceTest.php" tests="8" assertions="51" errors="0" failures="0" skipped="0" time="2.025346">
        <testcase name="testReturnsNoEligibleItemsToDisenchant" file="/home/adam/Documents/flare/tests/Unit/Game/Skills/Services/DisenchantManyServiceTest.php" line="68" class="Tests\Unit\Game\Skills\Services\DisenchantManyServiceTest" classname="Tests.Unit.Game.Skills.Services.DisenchantManyServiceTest" assertions="3" time="0.223116"/>
        <testcase name="testAppliesInterestBranchWhenPassing" file="/home/adam/Documents/flare/tests/Unit/Game/Skills/Services/DisenchantManyServiceTest.php" line="247" class="Tests\Unit\Game\Skills\Services\DisenchantManyServiceTest" classname="Tests.Unit.Game.Skills.Services.DisenchantManyServiceTest" assertions="10" time="0.234385"/>
        <testcase name="testProcessesOnlyIncludedIdsAndDispatchesSkillEventOnPass" file="/home/adam/Documents/flare/tests/Unit/Game/Skills/Services/DisenchantManyServiceTest.php" line="79" class="Tests\Unit\Game\Skills\Services\DisenchantManyServiceTest" classname="Tests.Unit.Game.Skills.Services.DisenchantManyServiceTest" assertions="9" time="0.283967"/>
        <testcase name="testGoldDustCappedPreventsAwardButStillDispatchesSkillOnPass" file="/home/adam/Documents/flare/tests/Unit/Game/Skills/Services/DisenchantManyServiceTest.php" line="186" class="Tests\Unit\Game\Skills\Services\DisenchantManyServiceTest" classname="Tests.Unit.Game.Skills.Services.DisenchantManyServiceTest" assertions="5" time="0.248476"/>
        <testcase name="testSkipsInterestBranchWhenPassing" file="/home/adam/Documents/flare/tests/Unit/Game/Skills/Services/DisenchantManyServiceTest.php" line="283" class="Tests\Unit\Game\Skills\Services\DisenchantManyServiceTest" classname="Tests.Unit.Game.Skills.Services.DisenchantManyServiceTest" assertions="6" time="0.225698"/>
        <testcase name="testProcessesExcludeIdsAndHandlesFailureAwardOfOne" file="/home/adam/Documents/flare/tests/Unit/Game/Skills/Services/DisenchantManyServiceTest.php" line="116" class="Tests\Unit\Game\Skills\Services\DisenchantManyServiceTest" classname="Tests.Unit.Game.Skills.Services.DisenchantManyServiceTest" assertions="8" time="0.284564"/>
        <testcase name="testFallbackWhenNoDisenchantingSkillPresent" file="/home/adam/Documents/flare/tests/Unit/Game/Skills/Services/DisenchantManyServiceTest.php" line="219" class="Tests\Unit\Game\Skills\Services\DisenchantManyServiceTest" classname="Tests.Unit.Game.Skills.Services.DisenchantManyServiceTest" assertions="5" time="0.291551"/>
        <testcase name="testExcludeEmptyArrayProcessesAllItems" file="/home/adam/Documents/flare/tests/Unit/Game/Skills/Services/DisenchantManyServiceTest.php" line="153" class="Tests\Unit\Game\Skills\Services\DisenchantManyServiceTest" classname="Tests.Unit.Game.Skills.Services.DisenchantManyServiceTest" assertions="5" time="0.233589"/>
      </testsuite>
      <testsuite name="Tests\Unit\Game\Skills\Services\DisenchantServiceTest" file="/home/adam/Documents/flare/tests/Unit/Game/Skills/Services/DisenchantServiceTest.php" tests="16" assertions="62" errors="0" failures="0" skipped="0" time="4.371200">
        <testcase name="testCannotDisentchantItemThatDoesNotExist" file="/home/adam/Documents/flare/tests/Unit/Game/Skills/Services/DisenchantServiceTest.php" line="439" class="Tests\Unit\Game\Skills\Services\DisenchantServiceTest" classname="Tests.Unit.Game.Skills.Services.DisenchantServiceTest" assertions="2" time="0.232319"/>
        <testcase name="testCannotDisentchantItemThatIsNotEnchanted" file="/home/adam/Documents/flare/tests/Unit/Game/Skills/Services/DisenchantServiceTest.php" line="453" class="Tests\Unit\Game\Skills\Services\DisenchantServiceTest" classname="Tests.Unit.Game.Skills.Services.DisenchantServiceTest" assertions="2" time="0.280948"/>
        <testcase name="testCallDisenchantItemAndFail" file="/home/adam/Documents/flare/tests/Unit/Game/Skills/Services/DisenchantServiceTest.php" line="411" class="Tests\Unit\Game\Skills\Services\DisenchantServiceTest" classname="Tests.Unit.Game.Skills.Services.DisenchantServiceTest" assertions="5" time="0.224969"/>
        <testcase name="testCannotDisentchantItemIsAQuestItem" file="/home/adam/Documents/flare/tests/Unit/Game/Skills/Services/DisenchantServiceTest.php" line="467" class="Tests\Unit\Game\Skills\Services\DisenchantServiceTest" classname="Tests.Unit.Game.Skills.Services.DisenchantServiceTest" assertions="2" time="0.221121"/>
        <testcase name="testDisenchantItemSuccessfully" file="/home/adam/Documents/flare/tests/Unit/Game/Skills/Services/DisenchantServiceTest.php" line="140" class="Tests\Unit\Game\Skills\Services\DisenchantServiceTest" classname="Tests.Unit.Game.Skills.Services.DisenchantServiceTest" assertions="5" time="0.318334"/>
        <testcase name="testCallDisenchantItemAndSucceed" file="/home/adam/Documents/flare/tests/Unit/Game/Skills/Services/DisenchantServiceTest.php" line="361" class="Tests\Unit\Game\Skills\Services\DisenchantServiceTest" classname="Tests.Unit.Game.Skills.Services.DisenchantServiceTest" assertions="3" time="0.231477"/>
        <testcase name="testDisenchantItemSuccessfullyAndDoNotGetAGoldRushButDoMaxGoldDust" file="/home/adam/Documents/flare/tests/Unit/Game/Skills/Services/DisenchantServiceTest.php" line="210" class="Tests\Unit\Game\Skills\Services\DisenchantServiceTest" classname="Tests.Unit.Game.Skills.Services.DisenchantServiceTest" assertions="6" time="0.240865"/>
        <testcase name="testDisenchantFailToItem" file="/home/adam/Documents/flare/tests/Unit/Game/Skills/Services/DisenchantServiceTest.php" line="252" class="Tests\Unit\Game\Skills\Services\DisenchantServiceTest" classname="Tests.Unit.Game.Skills.Services.DisenchantServiceTest" assertions="6" time="0.291986"/>
        <testcase name="testCallDisenchantItemAndSucceedButGetNoGoldDustWhenMaxed" file="/home/adam/Documents/flare/tests/Unit/Game/Skills/Services/DisenchantServiceTest.php" line="384" class="Tests\Unit\Game\Skills\Services\DisenchantServiceTest" classname="Tests.Unit.Game.Skills.Services.DisenchantServiceTest" assertions="3" time="0.244695"/>
        <testcase name="testDisenchantTheItemAndRemoveTheItemFromTheInventoryWithQuestItemForGoldDustRush" file="/home/adam/Documents/flare/tests/Unit/Game/Skills/Services/DisenchantServiceTest.php" line="108" class="Tests\Unit\Game\Skills\Services\DisenchantServiceTest" classname="Tests.Unit.Game.Skills.Services.DisenchantServiceTest" assertions="4" time="0.258037"/>
        <testcase name="testGivePlayerGoldDustRush" file="/home/adam/Documents/flare/tests/Unit/Game/Skills/Services/DisenchantServiceTest.php" line="284" class="Tests\Unit\Game\Skills\Services\DisenchantServiceTest" classname="Tests.Unit.Game.Skills.Services.DisenchantServiceTest" assertions="6" time="0.305607"/>
        <testcase name="testDisenchantTheItemAndRemoveTheItemFromTheInventory" file="/home/adam/Documents/flare/tests/Unit/Game/Skills/Services/DisenchantServiceTest.php" line="91" class="Tests\Unit\Game\Skills\Services\DisenchantServiceTest" classname="Tests.Unit.Game.Skills.Services.DisenchantServiceTest" assertions="2" time="0.257547"/>
        <testcase name="testDisenchantItemSuccessfullyAndGetMaxGoldDustFromARush" file="/home/adam/Documents/flare/tests/Unit/Game/Skills/Services/DisenchantServiceTest.php" line="168" class="Tests\Unit\Game\Skills\Services\DisenchantServiceTest" classname="Tests.Unit.Game.Skills.Services.DisenchantServiceTest" assertions="6" time="0.247685"/>
        <testcase name="testDoNotGivePlayerGoldDustRushWhenGoldDustCapped" file="/home/adam/Documents/flare/tests/Unit/Game/Skills/Services/DisenchantServiceTest.php" line="323" class="Tests\Unit\Game\Skills\Services\DisenchantServiceTest" classname="Tests.Unit.Game.Skills.Services.DisenchantServiceTest" assertions="6" time="0.321453"/>
        <testcase name="testDisenchantItemAndDoNotReturnResponse" file="/home/adam/Documents/flare/tests/Unit/Game/Skills/Services/DisenchantServiceTest.php" line="489" class="Tests\Unit\Game\Skills\Services\DisenchantServiceTest" classname="Tests.Unit.Game.Skills.Services.DisenchantServiceTest" assertions="1" time="0.371271"/>
        <testcase name="testDisenchantItemAndReturnResponse" file="/home/adam/Documents/flare/tests/Unit/Game/Skills/Services/DisenchantServiceTest.php" line="499" class="Tests\Unit\Game\Skills\Services\DisenchantServiceTest" classname="Tests.Unit.Game.Skills.Services.DisenchantServiceTest" assertions="3" time="0.322885"/>
      </testsuite>
      <testsuite name="Tests\Unit\Game\Skills\Services\EnchantItemServiceTest" file="/home/adam/Documents/flare/tests/Unit/Game/Skills/Services/EnchantItemServiceTest.php" tests="14" assertions="29" errors="0" failures="0" skipped="0" time="3.358165">
        <testcase name="testFailToEnchantTheItemWithDcCheck" file="/home/adam/Documents/flare/tests/Unit/Game/Skills/Services/EnchantItemServiceTest.php" line="241" class="Tests\Unit\Game\Skills\Services\EnchantItemServiceTest" classname="Tests.Unit.Game.Skills.Services.EnchantItemServiceTest" assertions="4" time="0.263314"/>
        <testcase name="testUpdateTheCharactersInventorySlotWhenThereAreAttachedHolyStacks" file="/home/adam/Documents/flare/tests/Unit/Game/Skills/Services/EnchantItemServiceTest.php" line="283" class="Tests\Unit\Game\Skills\Services\EnchantItemServiceTest" classname="Tests.Unit.Game.Skills.Services.EnchantItemServiceTest" assertions="3" time="0.230265"/>
        <testcase name="testEnchantTheItemWithAPrefixThatIsMythicAndExpectThePrefixToNotBeAttachedWhenTooEasy" file="/home/adam/Documents/flare/tests/Unit/Game/Skills/Services/EnchantItemServiceTest.php" line="110" class="Tests\Unit\Game\Skills\Services\EnchantItemServiceTest" classname="Tests.Unit.Game.Skills.Services.EnchantItemServiceTest" assertions="1" time="0.230182"/>
        <testcase name="testEnchantTheItemWhenTooEasy" file="/home/adam/Documents/flare/tests/Unit/Game/Skills/Services/EnchantItemServiceTest.php" line="78" class="Tests\Unit\Game\Skills\Services\EnchantItemServiceTest" classname="Tests.Unit.Game.Skills.Services.EnchantItemServiceTest" assertions="1" time="0.257476"/>
        <testcase name="testUpdateTheCharactersInventorySlotWithMatchingItemWhenThereAreDuplicateItems" file="/home/adam/Documents/flare/tests/Unit/Game/Skills/Services/EnchantItemServiceTest.php" line="340" class="Tests\Unit\Game\Skills\Services\EnchantItemServiceTest" classname="Tests.Unit.Game.Skills.Services.EnchantItemServiceTest" assertions="2" time="0.236702"/>
        <testcase name="testEnchantTheItemWithAPrefixThatIsCosmicAndExpectThePrefixToNotBeAttachedWhenTooEasy" file="/home/adam/Documents/flare/tests/Unit/Game/Skills/Services/EnchantItemServiceTest.php" line="137" class="Tests\Unit\Game\Skills\Services\EnchantItemServiceTest" classname="Tests.Unit.Game.Skills.Services.EnchantItemServiceTest" assertions="1" time="0.224293"/>
        <testcase name="testEnchantTheItemWithASuffixThatIsMythicAndExpectThePrefixToNotBeAttachedWhenTooEasy" file="/home/adam/Documents/flare/tests/Unit/Game/Skills/Services/EnchantItemServiceTest.php" line="164" class="Tests\Unit\Game\Skills\Services\EnchantItemServiceTest" classname="Tests.Unit.Game.Skills.Services.EnchantItemServiceTest" assertions="1" time="0.229224"/>
        <testcase name="testDeleteTheSlot" file="/home/adam/Documents/flare/tests/Unit/Game/Skills/Services/EnchantItemServiceTest.php" line="404" class="Tests\Unit\Game\Skills\Services\EnchantItemServiceTest" classname="Tests.Unit.Game.Skills.Services.EnchantItemServiceTest" assertions="2" time="0.284996"/>
        <testcase name="testUpdateTheCharactersInventorySlotWhenThereAreSocketsAttached" file="/home/adam/Documents/flare/tests/Unit/Game/Skills/Services/EnchantItemServiceTest.php" line="310" class="Tests\Unit\Game\Skills\Services\EnchantItemServiceTest" classname="Tests.Unit.Game.Skills.Services.EnchantItemServiceTest" assertions="3" time="0.227606"/>
        <testcase name="testEnchantTheItemWithASuffixThatIsCosmicAndExpectThePrefixToNotBeAttachedWhenTooEasy" file="/home/adam/Documents/flare/tests/Unit/Game/Skills/Services/EnchantItemServiceTest.php" line="191" class="Tests\Unit\Game\Skills\Services\EnchantItemServiceTest" classname="Tests.Unit.Game.Skills.Services.EnchantItemServiceTest" assertions="1" time="0.222575"/>
        <testcase name="testUpdateTheCharactersInventorySlot" file="/home/adam/Documents/flare/tests/Unit/Game/Skills/Services/EnchantItemServiceTest.php" line="265" class="Tests\Unit\Game\Skills\Services\EnchantItemServiceTest" classname="Tests.Unit.Game.Skills.Services.EnchantItemServiceTest" assertions="2" time="0.261036"/>
        <testcase name="testEnchantTheItemWithAPrefixWhenTooEasy" file="/home/adam/Documents/flare/tests/Unit/Game/Skills/Services/EnchantItemServiceTest.php" line="92" class="Tests\Unit\Game\Skills\Services\EnchantItemServiceTest" classname="Tests.Unit.Game.Skills.Services.EnchantItemServiceTest" assertions="2" time="0.223341"/>
        <testcase name="testEnchantTheItemWithDcCheck" file="/home/adam/Documents/flare/tests/Unit/Game/Skills/Services/EnchantItemServiceTest.php" line="218" class="Tests\Unit\Game\Skills\Services\EnchantItemServiceTest" classname="Tests.Unit.Game.Skills.Services.EnchantItemServiceTest" assertions="3" time="0.234860"/>
        <testcase name="testUpdateCharacterSlotWithNonDuplicateWhenItemToEnchantHasHolyStacks" file="/home/adam/Documents/flare/tests/Unit/Game/Skills/Services/EnchantItemServiceTest.php" line="366" class="Tests\Unit\Game\Skills\Services\EnchantItemServiceTest" classname="Tests.Unit.Game.Skills.Services.EnchantItemServiceTest" assertions="3" time="0.232295"/>
      </testsuite>
      <testsuite name="Tests\Unit\Game\Skills\Services\EnchantingServiceTest" file="/home/adam/Documents/flare/tests/Unit/Game/Skills/Services/EnchantingServiceTest.php" tests="23" assertions="42" errors="0" failures="0" skipped="0" time="5.716816">
        <testcase name="testGetCostOfItemAffixesAsZeroWhenAffixesDoNotExist" file="/home/adam/Documents/flare/tests/Unit/Game/Skills/Services/EnchantingServiceTest.php" line="218" class="Tests\Unit\Game\Skills\Services\EnchantingServiceTest" classname="Tests.Unit.Game.Skills.Services.EnchantingServiceTest" assertions="1" time="0.263533"/>
        <testcase name="testGetTimeAdditionForEnchantingShouldBeNull" file="/home/adam/Documents/flare/tests/Unit/Game/Skills/Services/EnchantingServiceTest.php" line="564" class="Tests\Unit\Game\Skills\Services\EnchantingServiceTest" classname="Tests.Unit.Game.Skills.Services.EnchantingServiceTest" assertions="1" time="0.215059"/>
        <testcase name="testGetInventorySlotFromSlotId" file="/home/adam/Documents/flare/tests/Unit/Game/Skills/Services/EnchantingServiceTest.php" line="571" class="Tests\Unit\Game\Skills\Services\EnchantingServiceTest" classname="Tests.Unit.Game.Skills.Services.EnchantingServiceTest" assertions="2" time="0.211680"/>
        <testcase name="testFetchCharacterEnchantingXP" file="/home/adam/Documents/flare/tests/Unit/Game/Skills/Services/EnchantingServiceTest.php" line="583" class="Tests\Unit\Game\Skills\Services\EnchantingServiceTest" classname="Tests.Unit.Game.Skills.Services.EnchantingServiceTest" assertions="1" time="0.260922"/>
        <testcase name="testGetCostOfAffixesToAttach" file="/home/adam/Documents/flare/tests/Unit/Game/Skills/Services/EnchantingServiceTest.php" line="239" class="Tests\Unit\Game\Skills\Services\EnchantingServiceTest" classname="Tests.Unit.Game.Skills.Services.EnchantingServiceTest" assertions="1" time="0.209520"/>
        <testcase name="testGetCostOfItemAffixesAsZeroWhenItemsDoNotExist" file="/home/adam/Documents/flare/tests/Unit/Game/Skills/Services/EnchantingServiceTest.php" line="227" class="Tests\Unit\Game\Skills\Services\EnchantingServiceTest" classname="Tests.Unit.Game.Skills.Services.EnchantingServiceTest" assertions="1" time="0.226629"/>
        <testcase name="testGetTimeAdditionForEnchantingShouldBeDouble" file="/home/adam/Documents/flare/tests/Unit/Game/Skills/Services/EnchantingServiceTest.php" line="553" class="Tests\Unit\Game\Skills\Services\EnchantingServiceTest" classname="Tests.Unit.Game.Skills.Services.EnchantingServiceTest" assertions="1" time="0.216013"/>
        <testcase name="testGetItemForGlobalEvent" file="/home/adam/Documents/flare/tests/Unit/Game/Skills/Services/EnchantingServiceTest.php" line="594" class="Tests\Unit\Game\Skills\Services\EnchantingServiceTest" classname="Tests.Unit.Game.Skills.Services.EnchantingServiceTest" assertions="1" time="0.255979"/>
        <testcase name="testGetTimeAdditionForEnchantingShouldBeTriple" file="/home/adam/Documents/flare/tests/Unit/Game/Skills/Services/EnchantingServiceTest.php" line="541" class="Tests\Unit\Game\Skills\Services\EnchantingServiceTest" classname="Tests.Unit.Game.Skills.Services.EnchantingServiceTest" assertions="1" time="0.202639"/>
        <testcase name="testGetCostWhenItemHasAffixesAttached" file="/home/adam/Documents/flare/tests/Unit/Game/Skills/Services/EnchantingServiceTest.php" line="271" class="Tests\Unit\Game\Skills\Services\EnchantingServiceTest" classname="Tests.Unit.Game.Skills.Services.EnchantingServiceTest" assertions="1" time="0.205771"/>
        <testcase name="testFetchAffixesAndItemsThatCanBeEnchantedWithAlreadyEnchantedItemAtTheBottom" file="/home/adam/Documents/flare/tests/Unit/Game/Skills/Services/EnchantingServiceTest.php" line="193" class="Tests\Unit\Game\Skills\Services\EnchantingServiceTest" classname="Tests.Unit.Game.Skills.Services.EnchantingServiceTest" assertions="3" time="0.270833"/>
        <testcase name="testEnchantNotEnoughInt" file="/home/adam/Documents/flare/tests/Unit/Game/Skills/Services/EnchantingServiceTest.php" line="351" class="Tests\Unit\Game\Skills\Services\EnchantingServiceTest" classname="Tests.Unit.Game.Skills.Services.EnchantingServiceTest" assertions="2" time="0.227052"/>
        <testcase name="testEnchantItemAndTheCostIsDeducted" file="/home/adam/Documents/flare/tests/Unit/Game/Skills/Services/EnchantingServiceTest.php" line="286" class="Tests\Unit\Game\Skills\Services\EnchantingServiceTest" classname="Tests.Unit.Game.Skills.Services.EnchantingServiceTest" assertions="1" time="0.293237"/>
        <testcase name="testEnchantItemWithNonExistantAffixesButStillReduceTheCharactersGoldAsPunishment" file="/home/adam/Documents/flare/tests/Unit/Game/Skills/Services/EnchantingServiceTest.php" line="304" class="Tests\Unit\Game\Skills\Services\EnchantingServiceTest" classname="Tests.Unit.Game.Skills.Services.EnchantingServiceTest" assertions="1" time="0.229945"/>
        <testcase name="testEnchantingSucceedsWhileEnchantingGlobalEventIsRunning" file="/home/adam/Documents/flare/tests/Unit/Game/Skills/Services/EnchantingServiceTest.php" line="447" class="Tests\Unit\Game\Skills\Services\EnchantingServiceTest" classname="Tests.Unit.Game.Skills.Services.EnchantingServiceTest" assertions="6" time="0.317584"/>
        <testcase name="testFetchAffixesAndItemsThatCanBeEnchanted" file="/home/adam/Documents/flare/tests/Unit/Game/Skills/Services/EnchantingServiceTest.php" line="114" class="Tests\Unit\Game\Skills\Services\EnchantingServiceTest" classname="Tests.Unit.Game.Skills.Services.EnchantingServiceTest" assertions="2" time="0.250950"/>
        <testcase name="testEnchantWhenToEasy" file="/home/adam/Documents/flare/tests/Unit/Game/Skills/Services/EnchantingServiceTest.php" line="381" class="Tests\Unit\Game\Skills\Services\EnchantingServiceTest" classname="Tests.Unit.Game.Skills.Services.EnchantingServiceTest" assertions="2" time="0.298726"/>
        <testcase name="testGetCostOfAffixesToAttachAsAMerchant" file="/home/adam/Documents/flare/tests/Unit/Game/Skills/Services/EnchantingServiceTest.php" line="251" class="Tests\Unit\Game\Skills\Services\EnchantingServiceTest" classname="Tests.Unit.Game.Skills.Services.EnchantingServiceTest" assertions="2" time="0.280187"/>
        <testcase name="testCannotEnchantItemWhenSkillLevelRequiredIsToHigh" file="/home/adam/Documents/flare/tests/Unit/Game/Skills/Services/EnchantingServiceTest.php" line="322" class="Tests\Unit\Game\Skills\Services\EnchantingServiceTest" classname="Tests.Unit.Game.Skills.Services.EnchantingServiceTest" assertions="2" time="0.219869"/>
        <testcase name="testEnchantingSucceeds" file="/home/adam/Documents/flare/tests/Unit/Game/Skills/Services/EnchantingServiceTest.php" line="411" class="Tests\Unit\Game\Skills\Services\EnchantingServiceTest" classname="Tests.Unit.Game.Skills.Services.EnchantingServiceTest" assertions="3" time="0.290382"/>
        <testcase name="testEnchantingFails" file="/home/adam/Documents/flare/tests/Unit/Game/Skills/Services/EnchantingServiceTest.php" line="503" class="Tests\Unit\Game\Skills\Services\EnchantingServiceTest" classname="Tests.Unit.Game.Skills.Services.EnchantingServiceTest" assertions="3" time="0.240379"/>
        <testcase name="testFetchAffixesAsMerhcant" file="/home/adam/Documents/flare/tests/Unit/Game/Skills/Services/EnchantingServiceTest.php" line="170" class="Tests\Unit\Game\Skills\Services\EnchantingServiceTest" classname="Tests.Unit.Game.Skills.Services.EnchantingServiceTest" assertions="3" time="0.297727"/>
        <testcase name="testFetchAffixesAndItemsThatCanBeEnchantedForGlobalEvent" file="/home/adam/Documents/flare/tests/Unit/Game/Skills/Services/EnchantingServiceTest.php" line="124" class="Tests\Unit\Game\Skills\Services\EnchantingServiceTest" classname="Tests.Unit.Game.Skills.Services.EnchantingServiceTest" assertions="1" time="0.232201"/>
      </testsuite>
      <testsuite name="Tests\Unit\Game\Skills\Services\GemServiceTest" file="/home/adam/Documents/flare/tests/Unit/Game/Skills/Services/GemServiceTest.php" tests="11" assertions="30" errors="0" failures="0" skipped="0" time="2.699702">
        <testcase name="testFetchCharacterGemCraftingXP" file="/home/adam/Documents/flare/tests/Unit/Game/Skills/Services/GemServiceTest.php" line="288" class="Tests\Unit\Game\Skills\Services\GemServiceTest" classname="Tests.Unit.Game.Skills.Services.GemServiceTest" assertions="1" time="0.277535"/>
        <testcase name="testCannotCraftWhenInventoryIsFull" file="/home/adam/Documents/flare/tests/Unit/Game/Skills/Services/GemServiceTest.php" line="71" class="Tests\Unit\Game\Skills\Services\GemServiceTest" classname="Tests.Unit.Game.Skills.Services.GemServiceTest" assertions="2" time="0.210451"/>
        <testcase name="testGetCraftableGemsList" file="/home/adam/Documents/flare/tests/Unit/Game/Skills/Services/GemServiceTest.php" line="270" class="Tests\Unit\Game\Skills\Services\GemServiceTest" classname="Tests.Unit.Game.Skills.Services.GemServiceTest" assertions="1" time="0.211414"/>
        <testcase name="testFailToCraftTheGem" file="/home/adam/Documents/flare/tests/Unit/Game/Skills/Services/GemServiceTest.php" line="104" class="Tests\Unit\Game\Skills\Services\GemServiceTest" classname="Tests.Unit.Game.Skills.Services.GemServiceTest" assertions="3" time="0.258564"/>
        <testcase name="testCraftTheGem" file="/home/adam/Documents/flare/tests/Unit/Game/Skills/Services/GemServiceTest.php" line="155" class="Tests\Unit\Game\Skills\Services\GemServiceTest" classname="Tests.Unit.Game.Skills.Services.GemServiceTest" assertions="5" time="0.210428"/>
        <testcase name="testAttemptToCraftTheGem" file="/home/adam/Documents/flare/tests/Unit/Game/Skills/Services/GemServiceTest.php" line="132" class="Tests\Unit\Game\Skills\Services\GemServiceTest" classname="Tests.Unit.Game.Skills.Services.GemServiceTest" assertions="4" time="0.220153"/>
        <testcase name="testCraftTheGemWhenSkillLevelIsMaxed" file="/home/adam/Documents/flare/tests/Unit/Game/Skills/Services/GemServiceTest.php" line="190" class="Tests\Unit\Game\Skills\Services\GemServiceTest" classname="Tests.Unit.Game.Skills.Services.GemServiceTest" assertions="4" time="0.276622"/>
        <testcase name="testCannotAffordTier" file="/home/adam/Documents/flare/tests/Unit/Game/Skills/Services/GemServiceTest.php" line="61" class="Tests\Unit\Game\Skills\Services\GemServiceTest" classname="Tests.Unit.Game.Skills.Services.GemServiceTest" assertions="2" time="0.199507"/>
        <testcase name="testCraftTheGemButIncreaseTheAmount" file="/home/adam/Documents/flare/tests/Unit/Game/Skills/Services/GemServiceTest.php" line="219" class="Tests\Unit\Game\Skills\Services\GemServiceTest" classname="Tests.Unit.Game.Skills.Services.GemServiceTest" assertions="6" time="0.225411"/>
        <testcase name="testThrowExceptionWhenThePlayerDoesNotHaveTheSkill" file="/home/adam/Documents/flare/tests/Unit/Game/Skills/Services/GemServiceTest.php" line="279" class="Tests\Unit\Game\Skills\Services\GemServiceTest" classname="Tests.Unit.Game.Skills.Services.GemServiceTest" assertions="1" time="0.267320"/>
        <testcase name="testCannotCraftWhenSkillLevelRequiredToHigh" file="/home/adam/Documents/flare/tests/Unit/Game/Skills/Services/GemServiceTest.php" line="88" class="Tests\Unit\Game\Skills\Services\GemServiceTest" classname="Tests.Unit.Game.Skills.Services.GemServiceTest" assertions="1" time="0.342299"/>
      </testsuite>
      <testsuite name="Tests\Unit\Game\Skills\Services\ItemSkillServiceTest" file="/home/adam/Documents/flare/tests/Unit/Game/Skills/Services/ItemSkillServiceTest.php" tests="11" assertions="25" errors="0" failures="0" skipped="0" time="2.521488">
        <testcase name="testCannotFindItemForItemSkillToTrain" file="/home/adam/Documents/flare/tests/Unit/Game/Skills/Services/ItemSkillServiceTest.php" line="38" class="Tests\Unit\Game\Skills\Services\ItemSkillServiceTest" classname="Tests.Unit.Game.Skills.Services.ItemSkillServiceTest" assertions="2" time="0.190920"/>
        <testcase name="testCannotStopTrainingSkillWhenThereIsNoProgressionData" file="/home/adam/Documents/flare/tests/Unit/Game/Skills/Services/ItemSkillServiceTest.php" line="99" class="Tests\Unit\Game\Skills\Services\ItemSkillServiceTest" classname="Tests.Unit.Game.Skills.Services.ItemSkillServiceTest" assertions="2" time="0.209803"/>
        <testcase name="testCannotFindItemForItemSkillToTrainWhenYouHaveEquippedItems" file="/home/adam/Documents/flare/tests/Unit/Game/Skills/Services/ItemSkillServiceTest.php" line="49" class="Tests\Unit\Game\Skills\Services\ItemSkillServiceTest" classname="Tests.Unit.Game.Skills.Services.ItemSkillServiceTest" assertions="2" time="0.249296"/>
        <testcase name="testCannotFindItemSkillProgressionWhenYouHaveAnItemThatHasSkillsButNoProgression" file="/home/adam/Documents/flare/tests/Unit/Game/Skills/Services/ItemSkillServiceTest.php" line="120" class="Tests\Unit\Game\Skills\Services\ItemSkillServiceTest" classname="Tests.Unit.Game.Skills.Services.ItemSkillServiceTest" assertions="2" time="0.210230"/>
        <testcase name="testCannotTrainSkillWhenParentIsNotTrained" file="/home/adam/Documents/flare/tests/Unit/Game/Skills/Services/ItemSkillServiceTest.php" line="140" class="Tests\Unit\Game\Skills\Services\ItemSkillServiceTest" classname="Tests.Unit.Game.Skills.Services.ItemSkillServiceTest" assertions="2" time="0.206153"/>
        <testcase name="testCanTrainChildSkill" file="/home/adam/Documents/flare/tests/Unit/Game/Skills/Services/ItemSkillServiceTest.php" line="191" class="Tests\Unit\Game\Skills\Services\ItemSkillServiceTest" classname="Tests.Unit.Game.Skills.Services.ItemSkillServiceTest" assertions="2" time="0.289393"/>
        <testcase name="testCannotFindItemForItemSkillToStopTrainingWhenYouHaveNoItemEquipped" file="/home/adam/Documents/flare/tests/Unit/Game/Skills/Services/ItemSkillServiceTest.php" line="60" class="Tests\Unit\Game\Skills\Services\ItemSkillServiceTest" classname="Tests.Unit.Game.Skills.Services.ItemSkillServiceTest" assertions="2" time="0.207188"/>
        <testcase name="testStartTrainingTheSkillOnTheItem" file="/home/adam/Documents/flare/tests/Unit/Game/Skills/Services/ItemSkillServiceTest.php" line="240" class="Tests\Unit\Game\Skills\Services\ItemSkillServiceTest" classname="Tests.Unit.Game.Skills.Services.ItemSkillServiceTest" assertions="3" time="0.231129"/>
        <testcase name="testCannotFindItemSkillProgressionWhenYouHaveAnItemThatHasSkills" file="/home/adam/Documents/flare/tests/Unit/Game/Skills/Services/ItemSkillServiceTest.php" line="71" class="Tests\Unit\Game\Skills\Services\ItemSkillServiceTest" classname="Tests.Unit.Game.Skills.Services.ItemSkillServiceTest" assertions="2" time="0.220670"/>
        <testcase name="testStartTrainingOfParentSkillWhenTrainingParentSkill" file="/home/adam/Documents/flare/tests/Unit/Game/Skills/Services/ItemSkillServiceTest.php" line="312" class="Tests\Unit\Game\Skills\Services\ItemSkillServiceTest" classname="Tests.Unit.Game.Skills.Services.ItemSkillServiceTest" assertions="3" time="0.281507"/>
        <testcase name="testStopTrainingTheSkillOnTheItem" file="/home/adam/Documents/flare/tests/Unit/Game/Skills/Services/ItemSkillServiceTest.php" line="276" class="Tests\Unit\Game\Skills\Services\ItemSkillServiceTest" classname="Tests.Unit.Game.Skills.Services.ItemSkillServiceTest" assertions="3" time="0.225200"/>
      </testsuite>
      <testsuite name="Tests\Unit\Game\Skills\Services\MassDisenchantServiceTest" file="/home/adam/Documents/flare/tests/Unit/Game/Skills/Services/MassDisenchantServiceTest.php" tests="8" assertions="25" errors="0" failures="0" skipped="0" time="3.603035">
        <testcase name="testDisenchantAllItems" file="/home/adam/Documents/flare/tests/Unit/Game/Skills/Services/MassDisenchantServiceTest.php" line="77" class="Tests\Unit\Game\Skills\Services\MassDisenchantServiceTest" classname="Tests.Unit.Game.Skills.Services.MassDisenchantServiceTest" assertions="1" time="0.367026"/>
        <testcase name="testGetSkillXpForDisenchantingItems" file="/home/adam/Documents/flare/tests/Unit/Game/Skills/Services/MassDisenchantServiceTest.php" line="121" class="Tests\Unit\Game\Skills\Services\MassDisenchantServiceTest" classname="Tests.Unit.Game.Skills.Services.MassDisenchantServiceTest" assertions="2" time="0.426017"/>
        <testcase name="testGetGoldDustRushDisenchantingItems" file="/home/adam/Documents/flare/tests/Unit/Game/Skills/Services/MassDisenchantServiceTest.php" line="154" class="Tests\Unit\Game\Skills\Services\MassDisenchantServiceTest" classname="Tests.Unit.Game.Skills.Services.MassDisenchantServiceTest" assertions="2" time="0.401646"/>
        <testcase name="testGetGoldDustRushDisenchantingItemsDoesNotGoAbovemax" file="/home/adam/Documents/flare/tests/Unit/Game/Skills/Services/MassDisenchantServiceTest.php" line="197" class="Tests\Unit\Game\Skills\Services\MassDisenchantServiceTest" classname="Tests.Unit.Game.Skills.Services.MassDisenchantServiceTest" assertions="3" time="0.439371"/>
        <testcase name="testAttemptGoldDustRush" file="/home/adam/Documents/flare/tests/Unit/Game/Skills/Services/MassDisenchantServiceTest.php" line="332" class="Tests\Unit\Game\Skills\Services\MassDisenchantServiceTest" classname="Tests.Unit.Game.Skills.Services.MassDisenchantServiceTest" assertions="6" time="0.454364"/>
        <testcase name="testDoNotGoAboveMaxGoldDust" file="/home/adam/Documents/flare/tests/Unit/Game/Skills/Services/MassDisenchantServiceTest.php" line="278" class="Tests\Unit\Game\Skills\Services\MassDisenchantServiceTest" classname="Tests.Unit.Game.Skills.Services.MassDisenchantServiceTest" assertions="6" time="0.460131"/>
        <testcase name="testDisenchantAllItemsWithOverFlowOfXp" file="/home/adam/Documents/flare/tests/Unit/Game/Skills/Services/MassDisenchantServiceTest.php" line="88" class="Tests\Unit\Game\Skills\Services\MassDisenchantServiceTest" classname="Tests.Unit.Game.Skills.Services.MassDisenchantServiceTest" assertions="3" time="0.485164"/>
        <testcase name="testGetSkillXpForDisenchantingItemsWhenMapBonusApplied" file="/home/adam/Documents/flare/tests/Unit/Game/Skills/Services/MassDisenchantServiceTest.php" line="245" class="Tests\Unit\Game\Skills\Services\MassDisenchantServiceTest" classname="Tests.Unit.Game.Skills.Services.MassDisenchantServiceTest" assertions="2" time="0.569317"/>
      </testsuite>
      <testsuite name="Tests\Unit\Game\Skills\Services\SkillCheckServiceTest" file="/home/adam/Documents/flare/tests/Unit/Game/Skills/Services/SkillCheckServiceTest.php" tests="1" assertions="1" errors="0" failures="0" skipped="0" time="0.269608">
        <testcase name="testReturnMaxRollForCharacterRollWhenSkillIsMaxed" file="/home/adam/Documents/flare/tests/Unit/Game/Skills/Services/SkillCheckServiceTest.php" line="49" class="Tests\Unit\Game\Skills\Services\SkillCheckServiceTest" classname="Tests.Unit.Game.Skills.Services.SkillCheckServiceTest" assertions="1" time="0.269608"/>
      </testsuite>
      <testsuite name="Tests\Unit\Game\Skills\Services\SkillServiceTest" file="/home/adam/Documents/flare/tests/Unit/Game/Skills/Services/SkillServiceTest.php" tests="17" assertions="31" errors="0" failures="1" skipped="0" time="5.908563">
        <testcase name="testFailToTrainSkillThatDoesntExist" file="/home/adam/Documents/flare/tests/Unit/Game/Skills/Services/SkillServiceTest.php" line="67" class="Tests\Unit\Game\Skills\Services\SkillServiceTest" classname="Tests.Unit.Game.Skills.Services.SkillServiceTest" assertions="2" time="0.223799"/>
        <testcase name="testDoNotAssignXpToASkillThatDoesntExist" file="/home/adam/Documents/flare/tests/Unit/Game/Skills/Services/SkillServiceTest.php" line="124" class="Tests\Unit\Game\Skills\Services\SkillServiceTest" classname="Tests.Unit.Game.Skills.Services.SkillServiceTest" assertions="1" time="0.215844"/>
        <testcase name="testGetSkills" file="/home/adam/Documents/flare/tests/Unit/Game/Skills/Services/SkillServiceTest.php" line="55" class="Tests\Unit\Game\Skills\Services\SkillServiceTest" classname="Tests.Unit.Game.Skills.Services.SkillServiceTest" assertions="1" time="0.251217"/>
        <testcase name="testTrainSkill" file="/home/adam/Documents/flare/tests/Unit/Game/Skills/Services/SkillServiceTest.php" line="77" class="Tests\Unit\Game\Skills\Services\SkillServiceTest" classname="Tests.Unit.Game.Skills.Services.SkillServiceTest" assertions="4" time="0.221882"/>
        <testcase name="testSwitchTrainingSkills" file="/home/adam/Documents/flare/tests/Unit/Game/Skills/Services/SkillServiceTest.php" line="93" class="Tests\Unit\Game\Skills\Services\SkillServiceTest" classname="Tests.Unit.Game.Skills.Services.SkillServiceTest" assertions="6" time="0.232616"/>
        <testcase name="testCraftSkillDoesNotGetXpBecauseItsMaxLevel" file="/home/adam/Documents/flare/tests/Unit/Game/Skills/Services/SkillServiceTest.php" line="248" class="Tests\Unit\Game\Skills\Services\SkillServiceTest" classname="Tests.Unit.Game.Skills.Services.SkillServiceTest" assertions="1" time="0.257951"/>
        <testcase name="testDoNotAssignXpToMaxLevelSkill" file="/home/adam/Documents/flare/tests/Unit/Game/Skills/Services/SkillServiceTest.php" line="135" class="Tests\Unit\Game\Skills\Services\SkillServiceTest" classname="Tests.Unit.Game.Skills.Services.SkillServiceTest" assertions="1" time="0.250988"/>
        <testcase name="testAssignXpToSkillWhenEventIsRunning" file="/home/adam/Documents/flare/tests/Unit/Game/Skills/Services/SkillServiceTest.php" line="173" class="Tests\Unit\Game\Skills\Services\SkillServiceTest" classname="Tests.Unit.Game.Skills.Services.SkillServiceTest" assertions="1" time="0.377554">
          <failure type="PHPUnit\Framework\ExpectationFailedException">Tests\Unit\Game\Skills\Services\SkillServiceTest::testAssignXpToSkillWhenEventIsRunning
Failed asserting that 10 is greater than 10.

/home/adam/Documents/flare/tests/Unit/Game/Skills/Services/SkillServiceTest.php:196</failure>
        </testcase>
        <testcase name="testAssignXpToRegularSkillAndDoNotLevelItUpWhenMaxed" file="/home/adam/Documents/flare/tests/Unit/Game/Skills/Services/SkillServiceTest.php" line="322" class="Tests\Unit\Game\Skills\Services\SkillServiceTest" classname="Tests.Unit.Game.Skills.Services.SkillServiceTest" assertions="2" time="0.277272"/>
        <testcase name="testGetSpecificSkill" file="/home/adam/Documents/flare/tests/Unit/Game/Skills/Services/SkillServiceTest.php" line="62" class="Tests\Unit\Game\Skills\Services\SkillServiceTest" classname="Tests.Unit.Game.Skills.Services.SkillServiceTest" assertions="1" time="0.238309"/>
        <testcase name="testAssignXpToSkill" file="/home/adam/Documents/flare/tests/Unit/Game/Skills/Services/SkillServiceTest.php" line="153" class="Tests\Unit\Game\Skills\Services\SkillServiceTest" classname="Tests.Unit.Game.Skills.Services.SkillServiceTest" assertions="1" time="0.238702"/>
        <testcase name="testLevelSkillWhereSkillBonusWillNotGoAboveOne" file="/home/adam/Documents/flare/tests/Unit/Game/Skills/Services/SkillServiceTest.php" line="223" class="Tests\Unit\Game\Skills\Services\SkillServiceTest" classname="Tests.Unit.Game.Skills.Services.SkillServiceTest" assertions="3" time="0.276922"/>
        <testcase name="testAssignXpToRegularSkillAndDoNotLevelItBeyondLevel400" file="/home/adam/Documents/flare/tests/Unit/Game/Skills/Services/SkillServiceTest.php" line="340" class="Tests\Unit\Game\Skills\Services\SkillServiceTest" classname="Tests.Unit.Game.Skills.Services.SkillServiceTest" assertions="2" time="0.304767"/>
        <testcase name="testLevelSkill" file="/home/adam/Documents/flare/tests/Unit/Game/Skills/Services/SkillServiceTest.php" line="199" class="Tests\Unit\Game\Skills\Services\SkillServiceTest" classname="Tests.Unit.Game.Skills.Services.SkillServiceTest" assertions="2" time="0.284003"/>
        <testcase name="testAssignXpToCraftingSkillWhenFeedBackEventIsRunning" file="/home/adam/Documents/flare/tests/Unit/Game/Skills/Services/SkillServiceTest.php" line="263" class="Tests\Unit\Game\Skills\Services\SkillServiceTest" classname="Tests.Unit.Game.Skills.Services.SkillServiceTest" assertions="1" time="0.556487"/>
        <testcase name="testAssignXpToRegularSkillWhenFeedBackEventIsRunning" file="/home/adam/Documents/flare/tests/Unit/Game/Skills/Services/SkillServiceTest.php" line="284" class="Tests\Unit\Game\Skills\Services\SkillServiceTest" classname="Tests.Unit.Game.Skills.Services.SkillServiceTest" assertions="1" time="0.479418"/>
        <testcase name="testAssignXpToRegularSkillAndLevelItUp" file="/home/adam/Documents/flare/tests/Unit/Game/Skills/Services/SkillServiceTest.php" line="305" class="Tests\Unit\Game\Skills\Services\SkillServiceTest" classname="Tests.Unit.Game.Skills.Services.SkillServiceTest" assertions="1" time="1.220831"/>
      </testsuite>
      <testsuite name="Tests\Unit\Game\Skills\Services\TrinketCraftingServiceTest" file="/home/adam/Documents/flare/tests/Unit/Game/Skills/Services/TrinketCraftingServiceTest.php" tests="12" assertions="30" errors="0" failures="0" skipped="0" time="3.106154">
        <testcase name="testCannotAffordToCraftTrinket" file="/home/adam/Documents/flare/tests/Unit/Game/Skills/Services/TrinketCraftingServiceTest.php" line="102" class="Tests\Unit\Game\Skills\Services\TrinketCraftingServiceTest" classname="Tests.Unit.Game.Skills.Services.TrinketCraftingServiceTest" assertions="1" time="0.263490"/>
        <testcase name="testCannotCraftTrinketWhenTooHard" file="/home/adam/Documents/flare/tests/Unit/Game/Skills/Services/TrinketCraftingServiceTest.php" line="132" class="Tests\Unit\Game\Skills\Services\TrinketCraftingServiceTest" classname="Tests.Unit.Game.Skills.Services.TrinketCraftingServiceTest" assertions="1" time="0.220091"/>
        <testcase name="testFetchCharacterTrinketCraftingXP" file="/home/adam/Documents/flare/tests/Unit/Game/Skills/Services/TrinketCraftingServiceTest.php" line="340" class="Tests\Unit\Game\Skills\Services\TrinketCraftingServiceTest" classname="Tests.Unit.Game.Skills.Services.TrinketCraftingServiceTest" assertions="1" time="0.212929"/>
        <testcase name="testGetTrinketsToCraft" file="/home/adam/Documents/flare/tests/Unit/Game/Skills/Services/TrinketCraftingServiceTest.php" line="74" class="Tests\Unit\Game\Skills\Services\TrinketCraftingServiceTest" classname="Tests.Unit.Game.Skills.Services.TrinketCraftingServiceTest" assertions="1" time="0.226014"/>
        <testcase name="testCannotAffordToCraftTrinketNotEnoughnCopperCoins" file="/home/adam/Documents/flare/tests/Unit/Game/Skills/Services/TrinketCraftingServiceTest.php" line="115" class="Tests\Unit\Game\Skills\Services\TrinketCraftingServiceTest" classname="Tests.Unit.Game.Skills.Services.TrinketCraftingServiceTest" assertions="1" time="0.253607"/>
        <testcase name="testFailToCraftTheTrinket" file="/home/adam/Documents/flare/tests/Unit/Game/Skills/Services/TrinketCraftingServiceTest.php" line="184" class="Tests\Unit\Game\Skills\Services\TrinketCraftingServiceTest" classname="Tests.Unit.Game.Skills.Services.TrinketCraftingServiceTest" assertions="4" time="0.250187"/>
        <testcase name="testCraftTheItemButInventoryIsFull" file="/home/adam/Documents/flare/tests/Unit/Game/Skills/Services/TrinketCraftingServiceTest.php" line="303" class="Tests\Unit\Game\Skills\Services\TrinketCraftingServiceTest" classname="Tests.Unit.Game.Skills.Services.TrinketCraftingServiceTest" assertions="5" time="0.225551"/>
        <testcase name="testCraftTheItem" file="/home/adam/Documents/flare/tests/Unit/Game/Skills/Services/TrinketCraftingServiceTest.php" line="219" class="Tests\Unit\Game\Skills\Services\TrinketCraftingServiceTest" classname="Tests.Unit.Game.Skills.Services.TrinketCraftingServiceTest" assertions="2" time="0.304156"/>
        <testcase name="testCraftTheItemAndGiveitem" file="/home/adam/Documents/flare/tests/Unit/Game/Skills/Services/TrinketCraftingServiceTest.php" line="238" class="Tests\Unit\Game\Skills\Services\TrinketCraftingServiceTest" classname="Tests.Unit.Game.Skills.Services.TrinketCraftingServiceTest" assertions="4" time="0.253252"/>
        <testcase name="testCraftTrinketWhenTooEasy" file="/home/adam/Documents/flare/tests/Unit/Game/Skills/Services/TrinketCraftingServiceTest.php" line="156" class="Tests\Unit\Game\Skills\Services\TrinketCraftingServiceTest" classname="Tests.Unit.Game.Skills.Services.TrinketCraftingServiceTest" assertions="2" time="0.232594"/>
        <testcase name="testGetTrinketsToCraftAsMerchant" file="/home/adam/Documents/flare/tests/Unit/Game/Skills/Services/TrinketCraftingServiceTest.php" line="83" class="Tests\Unit\Game\Skills\Services\TrinketCraftingServiceTest" classname="Tests.Unit.Game.Skills.Services.TrinketCraftingServiceTest" assertions="4" time="0.347919"/>
        <testcase name="testCraftTheItemAsMerchant" file="/home/adam/Documents/flare/tests/Unit/Game/Skills/Services/TrinketCraftingServiceTest.php" line="268" class="Tests\Unit\Game\Skills\Services\TrinketCraftingServiceTest" classname="Tests.Unit.Game.Skills.Services.TrinketCraftingServiceTest" assertions="4" time="0.316365"/>
      </testsuite>
      <testsuite name="Tests\Unit\Game\Skills\Services\UpdateCharacterSkillsServiceTest" file="/home/adam/Documents/flare/tests/Unit/Game/Skills/Services/UpdateCharacterSkillsServiceTest.php" tests="2" assertions="2" errors="0" failures="0" skipped="0" time="0.506952">
        <testcase name="testUpdateCharactercraftingSkills" file="/home/adam/Documents/flare/tests/Unit/Game/Skills/Services/UpdateCharacterSkillsServiceTest.php" line="62" class="Tests\Unit\Game\Skills\Services\UpdateCharacterSkillsServiceTest" classname="Tests.Unit.Game.Skills.Services.UpdateCharacterSkillsServiceTest" assertions="1" time="0.229936"/>
        <testcase name="testUpdateCharacterTrainingSkills" file="/home/adam/Documents/flare/tests/Unit/Game/Skills/Services/UpdateCharacterSkillsServiceTest.php" line="51" class="Tests\Unit\Game\Skills\Services\UpdateCharacterSkillsServiceTest" classname="Tests.Unit.Game.Skills.Services.UpdateCharacterSkillsServiceTest" assertions="1" time="0.277017"/>
      </testsuite>
      <testsuite name="Tests\Unit\Game\Skills\Values\SkillTypeValueTest" file="/home/adam/Documents/flare/tests/Unit/Game/Skills/Values/SkillTypeValueTest.php" tests="16" assertions="16" errors="0" failures="0" skipped="0" time="1.763014">
        <testcase name="testIsCrafting" file="/home/adam/Documents/flare/tests/Unit/Game/Skills/Values/SkillTypeValueTest.php" line="15" class="Tests\Unit\Game\Skills\Values\SkillTypeValueTest" classname="Tests.Unit.Game.Skills.Values.SkillTypeValueTest" assertions="1" time="0.096945"/>
        <testcase name="testIsAlchemy" file="/home/adam/Documents/flare/tests/Unit/Game/Skills/Values/SkillTypeValueTest.php" line="30" class="Tests\Unit\Game\Skills\Values\SkillTypeValueTest" classname="Tests.Unit.Game.Skills.Values.SkillTypeValueTest" assertions="1" time="0.097428"/>
        <testcase name="testIsKingdom" file="/home/adam/Documents/flare/tests/Unit/Game/Skills/Values/SkillTypeValueTest.php" line="70" class="Tests\Unit\Game\Skills\Values\SkillTypeValueTest" classname="Tests.Unit.Game.Skills.Values.SkillTypeValueTest" assertions="1" time="0.098909"/>
        <testcase name="testIsBattleTimer" file="/home/adam/Documents/flare/tests/Unit/Game/Skills/Values/SkillTypeValueTest.php" line="35" class="Tests\Unit\Game\Skills\Values\SkillTypeValueTest" classname="Tests.Unit.Game.Skills.Values.SkillTypeValueTest" assertions="1" time="0.149760"/>
        <testcase name="testIsKingdomBuildingTimer" file="/home/adam/Documents/flare/tests/Unit/Game/Skills/Values/SkillTypeValueTest.php" line="50" class="Tests\Unit\Game\Skills\Values\SkillTypeValueTest" classname="Tests.Unit.Game.Skills.Values.SkillTypeValueTest" assertions="1" time="0.096331"/>
        <testcase name="testIsUnitRecruitmentTimer" file="/home/adam/Documents/flare/tests/Unit/Game/Skills/Values/SkillTypeValueTest.php" line="55" class="Tests\Unit\Game\Skills\Values\SkillTypeValueTest" classname="Tests.Unit.Game.Skills.Values.SkillTypeValueTest" assertions="1" time="0.097261"/>
        <testcase name="testIsTraining" file="/home/adam/Documents/flare/tests/Unit/Game/Skills/Values/SkillTypeValueTest.php" line="10" class="Tests\Unit\Game\Skills\Values\SkillTypeValueTest" classname="Tests.Unit.Game.Skills.Values.SkillTypeValueTest" assertions="1" time="0.100485"/>
        <testcase name="testIsDirectionalTimer" file="/home/adam/Documents/flare/tests/Unit/Game/Skills/Values/SkillTypeValueTest.php" line="45" class="Tests\Unit\Game\Skills\Values\SkillTypeValueTest" classname="Tests.Unit.Game.Skills.Values.SkillTypeValueTest" assertions="1" time="0.148438"/>
        <testcase name="testEffectsClass" file="/home/adam/Documents/flare/tests/Unit/Game/Skills/Values/SkillTypeValueTest.php" line="75" class="Tests\Unit\Game\Skills\Values\SkillTypeValueTest" classname="Tests.Unit.Game.Skills.Values.SkillTypeValueTest" assertions="1" time="0.097246"/>
        <testcase name="testIsDisenchanting" file="/home/adam/Documents/flare/tests/Unit/Game/Skills/Values/SkillTypeValueTest.php" line="25" class="Tests\Unit\Game\Skills\Values\SkillTypeValueTest" classname="Tests.Unit.Game.Skills.Values.SkillTypeValueTest" assertions="1" time="0.097442"/>
        <testcase name="testIsMovementTimer" file="/home/adam/Documents/flare/tests/Unit/Game/Skills/Values/SkillTypeValueTest.php" line="40" class="Tests\Unit\Game\Skills\Values\SkillTypeValueTest" classname="Tests.Unit.Game.Skills.Values.SkillTypeValueTest" assertions="1" time="0.097796"/>
        <testcase name="testIsGemCrafting" file="/home/adam/Documents/flare/tests/Unit/Game/Skills/Values/SkillTypeValueTest.php" line="80" class="Tests\Unit\Game\Skills\Values\SkillTypeValueTest" classname="Tests.Unit.Game.Skills.Values.SkillTypeValueTest" assertions="1" time="0.150765"/>
        <testcase name="testIsEnchanting" file="/home/adam/Documents/flare/tests/Unit/Game/Skills/Values/SkillTypeValueTest.php" line="20" class="Tests\Unit\Game\Skills\Values\SkillTypeValueTest" classname="Tests.Unit.Game.Skills.Values.SkillTypeValueTest" assertions="1" time="0.096810"/>
        <testcase name="testGetNamedValue" file="/home/adam/Documents/flare/tests/Unit/Game/Skills/Values/SkillTypeValueTest.php" line="85" class="Tests\Unit\Game\Skills\Values\SkillTypeValueTest" classname="Tests.Unit.Game.Skills.Values.SkillTypeValueTest" assertions="1" time="0.096728"/>
        <testcase name="testIsSpellEvasion" file="/home/adam/Documents/flare/tests/Unit/Game/Skills/Values/SkillTypeValueTest.php" line="65" class="Tests\Unit\Game\Skills\Values\SkillTypeValueTest" classname="Tests.Unit.Game.Skills.Values.SkillTypeValueTest" assertions="1" time="0.095172"/>
        <testcase name="testIsUnitMovementTimer" file="/home/adam/Documents/flare/tests/Unit/Game/Skills/Values/SkillTypeValueTest.php" line="60" class="Tests\Unit\Game\Skills\Values\SkillTypeValueTest" classname="Tests.Unit.Game.Skills.Values.SkillTypeValueTest" assertions="1" time="0.145498"/>
      </testsuite>
      <testsuite name="Tests\Unit\Game\SpecialtyShops\Services\SpecialtyShopTest" file="/home/adam/Documents/flare/tests/Unit/Game/SpecialtyShops/Services/SpecialtyShopTest.php" tests="8" assertions="26" errors="0" failures="0" skipped="0" time="1.925018">
        <testcase name="testCannotFindItemToPurchase" file="/home/adam/Documents/flare/tests/Unit/Game/SpecialtyShops/Services/SpecialtyShopTest.php" line="40" class="Tests\Unit\Game\SpecialtyShops\Services\SpecialtyShopTest" classname="Tests.Unit.Game.SpecialtyShops.Services.SpecialtyShopTest" assertions="2" time="0.210676"/>
        <testcase name="testDoesNotHaveTheCurrencyRequired" file="/home/adam/Documents/flare/tests/Unit/Game/SpecialtyShops/Services/SpecialtyShopTest.php" line="50" class="Tests\Unit\Game\SpecialtyShops\Services\SpecialtyShopTest" classname="Tests.Unit.Game.SpecialtyShops.Services.SpecialtyShopTest" assertions="2" time="0.216533"/>
        <testcase name="testDoesNotHaveTheBaseItemRequiredForUpgrade" file="/home/adam/Documents/flare/tests/Unit/Game/SpecialtyShops/Services/SpecialtyShopTest.php" line="68" class="Tests\Unit\Game\SpecialtyShops\Services\SpecialtyShopTest" classname="Tests.Unit.Game.SpecialtyShops.Services.SpecialtyShopTest" assertions="2" time="0.272689"/>
        <testcase name="testMissingPurgatoryChainGearToUpgrade" file="/home/adam/Documents/flare/tests/Unit/Game/SpecialtyShops/Services/SpecialtyShopTest.php" line="89" class="Tests\Unit\Game\SpecialtyShops\Services\SpecialtyShopTest" classname="Tests.Unit.Game.SpecialtyShops.Services.SpecialtyShopTest" assertions="2" time="0.212831"/>
        <testcase name="testPurchaseHellForgedItem" file="/home/adam/Documents/flare/tests/Unit/Game/SpecialtyShops/Services/SpecialtyShopTest.php" line="110" class="Tests\Unit\Game\SpecialtyShops\Services\SpecialtyShopTest" classname="Tests.Unit.Game.SpecialtyShops.Services.SpecialtyShopTest" assertions="4" time="0.223892"/>
        <testcase name="testPurchasePurgatoryChainItem" file="/home/adam/Documents/flare/tests/Unit/Game/SpecialtyShops/Services/SpecialtyShopTest.php" line="178" class="Tests\Unit\Game\SpecialtyShops\Services\SpecialtyShopTest" classname="Tests.Unit.Game.SpecialtyShops.Services.SpecialtyShopTest" assertions="4" time="0.238295"/>
        <testcase name="testMovesAffixesAndHolyOver" file="/home/adam/Documents/flare/tests/Unit/Game/SpecialtyShops/Services/SpecialtyShopTest.php" line="210" class="Tests\Unit\Game\SpecialtyShops\Services\SpecialtyShopTest" classname="Tests.Unit.Game.SpecialtyShops.Services.SpecialtyShopTest" assertions="6" time="0.301290"/>
        <testcase name="testPurchaseHellForgedItemAsMerchant" file="/home/adam/Documents/flare/tests/Unit/Game/SpecialtyShops/Services/SpecialtyShopTest.php" line="141" class="Tests\Unit\Game\SpecialtyShops\Services\SpecialtyShopTest" classname="Tests.Unit.Game.SpecialtyShops.Services.SpecialtyShopTest" assertions="4" time="0.248810"/>
      </testsuite>
      <testsuite name="Tests\Unit\Game\Survey\Services\SurveyServiceTest" file="/home/adam/Documents/flare/tests/Unit/Game/Survey/Services/SurveyServiceTest.php" tests="2" assertions="5" errors="0" failures="0" skipped="0" time="0.476048">
        <testcase name="testSurveyIsMissingFields" file="/home/adam/Documents/flare/tests/Unit/Game/Survey/Services/SurveyServiceTest.php" line="28" class="Tests\Unit\Game\Survey\Services\SurveyServiceTest" classname="Tests.Unit.Game.Survey.Services.SurveyServiceTest" assertions="2" time="0.210184"/>
        <testcase name="testSurveyIsSubmitted" file="/home/adam/Documents/flare/tests/Unit/Game/Survey/Services/SurveyServiceTest.php" line="39" class="Tests\Unit\Game\Survey\Services\SurveyServiceTest" classname="Tests.Unit.Game.Survey.Services.SurveyServiceTest" assertions="3" time="0.265864"/>
      </testsuite>
      <testsuite name="Tests\Unit\Game\Survey\Validator\SurveyValidatorTest" file="/home/adam/Documents/flare/tests/Unit/Game/Survey/Validator/SurveyValidatorTest.php" tests="4" assertions="4" errors="0" failures="0" skipped="0" time="0.500476">
        <testcase name="testSectionLabelDoesNotHaveAValue" file="/home/adam/Documents/flare/tests/Unit/Game/Survey/Validator/SurveyValidatorTest.php" line="37" class="Tests\Unit\Game\Survey\Validator\SurveyValidatorTest" classname="Tests.Unit.Game.Survey.Validator.SurveyValidatorTest" assertions="1" time="0.107054"/>
        <testcase name="testSectionIsInvalidWhenUsingInvalidType" file="/home/adam/Documents/flare/tests/Unit/Game/Survey/Validator/SurveyValidatorTest.php" line="48" class="Tests\Unit\Game\Survey\Validator\SurveyValidatorTest" classname="Tests.Unit.Game.Survey.Validator.SurveyValidatorTest" assertions="1" time="0.120114"/>
        <testcase name="testSectionsAreValid" file="/home/adam/Documents/flare/tests/Unit/Game/Survey/Validator/SurveyValidatorTest.php" line="103" class="Tests\Unit\Game\Survey\Validator\SurveyValidatorTest" classname="Tests.Unit.Game.Survey.Validator.SurveyValidatorTest" assertions="1" time="0.108950"/>
        <testcase name="testSectionIsInvalidWhenCheckBoxOptionIsNotAValidSelection" file="/home/adam/Documents/flare/tests/Unit/Game/Survey/Validator/SurveyValidatorTest.php" line="76" class="Tests\Unit\Game\Survey\Validator\SurveyValidatorTest" classname="Tests.Unit.Game.Survey.Validator.SurveyValidatorTest" assertions="1" time="0.164357"/>
      </testsuite>
    </testsuite>
  </testsuite>
</testsuites>
