<?xml version="1.0" encoding="UTF-8"?>
<testsuites>
  <testsuite name="/home/adam/Documents/flare/phpunit.xml" tests="1364" assertions="3032" errors="0" failures="0" skipped="0" time="1279.700416">
    <testsuite name="Console" tests="61" assertions="147" errors="0" failures="0" skipped="0" time="297.372766">
      <testsuite name="Tests\Console\AddHolyStacksToItemsTest" file="/home/adam/Documents/flare/tests/Console/AddHolyStacksToItemsTest.php" tests="1" assertions="4" errors="0" failures="0" skipped="0" time="22.314816">
        <testcase name="testAddHolyStacks" file="/home/adam/Documents/flare/tests/Console/AddHolyStacksToItemsTest.php" line="14" class="Tests\Console\AddHolyStacksToItemsTest" classname="Tests.Console.AddHolyStacksToItemsTest" assertions="4" time="22.314816"/>
      </testsuite>
      <testsuite name="Tests\Console\Admin\CreateAdminAccountTest" file="/home/adam/Documents/flare/tests/Console/Admin/CreateAdminAccountTest.php" tests="3" assertions="8" errors="0" failures="0" skipped="0" time="0.425296">
        <testcase name="testFailToCreateAdmin" file="/home/adam/Documents/flare/tests/Console/Admin/CreateAdminAccountTest.php" line="33" class="Tests\Console\Admin\CreateAdminAccountTest" classname="Tests.Console.Admin.CreateAdminAccountTest" assertions="1" time="0.150101"/>
        <testcase name="testFailToCreateDuplicateAdmin" file="/home/adam/Documents/flare/tests/Console/Admin/CreateAdminAccountTest.php" line="49" class="Tests\Console\Admin\CreateAdminAccountTest" classname="Tests.Console.Admin.CreateAdminAccountTest" assertions="3" time="0.137102"/>
        <testcase name="testCreateAdmin" file="/home/adam/Documents/flare/tests/Console/Admin/CreateAdminAccountTest.php" line="18" class="Tests\Console\Admin\CreateAdminAccountTest" classname="Tests.Console.Admin.CreateAdminAccountTest" assertions="4" time="0.138092"/>
      </testsuite>
      <testsuite name="Tests\Console\Admin\GiveKingdomsToNpcsTest" file="/home/adam/Documents/flare/tests/Console/Admin/GiveKingdomsToNpcsTest.php" tests="1" assertions="2" errors="0" failures="0" skipped="0" time="0.287747">
        <testcase name="testGiveBannedPlayerKingdomsToNPC" file="/home/adam/Documents/flare/tests/Console/Admin/GiveKingdomsToNpcsTest.php" line="38" class="Tests\Console\Admin\GiveKingdomsToNpcsTest" classname="Tests.Console.Admin.GiveKingdomsToNpcsTest" assertions="2" time="0.287747"/>
      </testsuite>
      <testsuite name="Tests\Console\Battle\ClearCelestialsTest" file="/home/adam/Documents/flare/tests/Console/Battle/ClearCelestialsTest.php" tests="1" assertions="3" errors="0" failures="0" skipped="0" time="0.267118">
        <testcase name="testClearCelestials" file="/home/adam/Documents/flare/tests/Console/Battle/ClearCelestialsTest.php" line="32" class="Tests\Console\Battle\ClearCelestialsTest" classname="Tests.Console.Battle.ClearCelestialsTest" assertions="3" time="0.267118"/>
      </testsuite>
      <testsuite name="Tests\Console\Character\Console\Commands\AssignNewFactionsToCharactersTest" file="/home/adam/Documents/flare/tests/Console/Character/Console/Commands/AssignNewFactionsToCharactersTest.php" tests="2" assertions="2" errors="0" failures="0" skipped="0" time="0.486279">
        <testcase name="testDoNotAssignNewFaction" file="/home/adam/Documents/flare/tests/Console/Character/Console/Commands/AssignNewFactionsToCharactersTest.php" line="42" class="Tests\Console\Character\Console\Commands\AssignNewFactionsToCharactersTest" classname="Tests.Console.Character.Console.Commands.AssignNewFactionsToCharactersTest" assertions="1" time="0.234470"/>
        <testcase name="testAssignNewFaction" file="/home/adam/Documents/flare/tests/Console/Character/Console/Commands/AssignNewFactionsToCharactersTest.php" line="31" class="Tests\Console\Character\Console\Commands\AssignNewFactionsToCharactersTest" classname="Tests.Console.Character.Console.Commands.AssignNewFactionsToCharactersTest" assertions="1" time="0.251809"/>
      </testsuite>
      <testsuite name="Tests\Console\Character\Console\Commands\AssignNewSkillsToPlayersTest" file="/home/adam/Documents/flare/tests/Console/Character/Console/Commands/AssignNewSkillsToPlayersTest.php" tests="1" assertions="1" errors="0" failures="0" skipped="0" time="0.403723">
        <testcase name="testAssignNewSkillToPlayer" file="/home/adam/Documents/flare/tests/Console/Character/Console/Commands/AssignNewSkillsToPlayersTest.php" line="31" class="Tests\Console\Character\Console\Commands\AssignNewSkillsToPlayersTest" classname="Tests.Console.Character.Console.Commands.AssignNewSkillsToPlayersTest" assertions="1" time="0.403723"/>
      </testsuite>
      <testsuite name="Tests\Console\CleanMarketHistoryTest" file="/home/adam/Documents/flare/tests/Console/CleanMarketHistoryTest.php" tests="1" assertions="2" errors="0" failures="0" skipped="0" time="0.134257">
        <testcase name="testCleanMarketHistory" file="/home/adam/Documents/flare/tests/Console/CleanMarketHistoryTest.php" line="15" class="Tests\Console\CleanMarketHistoryTest" classname="Tests.Console.CleanMarketHistoryTest" assertions="2" time="0.134257"/>
      </testsuite>
      <testsuite name="Tests\Console\CreateCharacterAttackDataCacheTest" file="/home/adam/Documents/flare/tests/Console/CreateCharacterAttackDataCacheTest.php" tests="1" assertions="2" errors="0" failures="0" skipped="0" time="0.203135">
        <testcase name="testCreateAttackData" file="/home/adam/Documents/flare/tests/Console/CreateCharacterAttackDataCacheTest.php" line="15" class="Tests\Console\CreateCharacterAttackDataCacheTest" classname="Tests.Console.CreateCharacterAttackDataCacheTest" assertions="2" time="0.203135"/>
      </testsuite>
      <testsuite name="Tests\Console\DeleteFlaggedUsersTest" file="/home/adam/Documents/flare/tests/Console/DeleteFlaggedUsersTest.php" tests="2" assertions="4" errors="0" failures="0" skipped="0" time="23.111066">
        <testcase name="testDeleteInactiveFlaggedUsers" file="/home/adam/Documents/flare/tests/Console/DeleteFlaggedUsersTest.php" line="60" class="Tests\Console\DeleteFlaggedUsersTest" classname="Tests.Console.DeleteFlaggedUsersTest" assertions="2" time="0.408796"/>
        <testcase name="testDoNotDeletedNonFlaggedUsers" file="/home/adam/Documents/flare/tests/Console/DeleteFlaggedUsersTest.php" line="71" class="Tests\Console\DeleteFlaggedUsersTest" classname="Tests.Console.DeleteFlaggedUsersTest" assertions="2" time="22.702270"/>
      </testsuite>
      <testsuite name="Tests\Console\Events\EndScheduledEventTest" file="/home/adam/Documents/flare/tests/Console/Events/EndScheduledEventTest.php" tests="11" assertions="48" errors="0" failures="0" skipped="0" time="124.672690">
        <testcase name="testEndWeeklyCurrencyEvent" file="/home/adam/Documents/flare/tests/Console/Events/EndScheduledEventTest.php" line="154" class="Tests\Console\Events\EndScheduledEventTest" classname="Tests.Console.Events.EndScheduledEventTest" assertions="3" time="23.030076"/>
        <testcase name="testEndsEventsRunningWhenNoScheduledEventsAreRunning" file="/home/adam/Documents/flare/tests/Console/Events/EndScheduledEventTest.php" line="275" class="Tests\Console\Events\EndScheduledEventTest" classname="Tests.Console.Events.EndScheduledEventTest" assertions="2" time="0.147884"/>
        <testcase name="testEndWeeklyCelestialEvent" file="/home/adam/Documents/flare/tests/Console/Events/EndScheduledEventTest.php" line="181" class="Tests\Console\Events\EndScheduledEventTest" classname="Tests.Console.Events.EndScheduledEventTest" assertions="3" time="0.134805"/>
        <testcase name="testSetScheduledEventCurrentlyRunningAsFalseWhenNoEventExistsForIt" file="/home/adam/Documents/flare/tests/Console/Events/EndScheduledEventTest.php" line="59" class="Tests\Console\Events\EndScheduledEventTest" classname="Tests.Console.Events.EndScheduledEventTest" assertions="3" time="0.223220"/>
        <testcase name="testEndRaidEvent" file="/home/adam/Documents/flare/tests/Console/Events/EndScheduledEventTest.php" line="101" class="Tests\Console\Events\EndScheduledEventTest" classname="Tests.Console.Events.EndScheduledEventTest" assertions="3" time="0.270201"/>
        <testcase name="testEndWeeklyFactionLoyaltyEvent" file="/home/adam/Documents/flare/tests/Console/Events/EndScheduledEventTest.php" line="208" class="Tests\Console\Events\EndScheduledEventTest" classname="Tests.Console.Events.EndScheduledEventTest" assertions="3" time="0.139759"/>
        <testcase name="testEndFeedbackEventWithSubmittedSurveys" file="/home/adam/Documents/flare/tests/Console/Events/EndScheduledEventTest.php" line="235" class="Tests\Console\Events\EndScheduledEventTest" classname="Tests.Console.Events.EndScheduledEventTest" assertions="4" time="1.219101"/>
        <testcase name="testEndWinterEventWhilePledgedToFactionAndHelpingNPc" file="/home/adam/Documents/flare/tests/Console/Events/EndScheduledEventTest.php" line="434" class="Tests\Console\Events\EndScheduledEventTest" classname="Tests.Console.Events.EndScheduledEventTest" assertions="8" time="24.837194"/>
        <testcase name="testEndDelusionalMemoriesEvent" file="/home/adam/Documents/flare/tests/Console/Events/EndScheduledEventTest.php" line="368" class="Tests\Console\Events\EndScheduledEventTest" classname="Tests.Console.Events.EndScheduledEventTest" assertions="6" time="25.321576"/>
        <testcase name="testEndWinterEvent" file="/home/adam/Documents/flare/tests/Console/Events/EndScheduledEventTest.php" line="302" class="Tests\Console\Events\EndScheduledEventTest" classname="Tests.Console.Events.EndScheduledEventTest" assertions="6" time="24.646308"/>
        <testcase name="testEndWinterEventWhileNFactionLoayltyExists" file="/home/adam/Documents/flare/tests/Console/Events/EndScheduledEventTest.php" line="540" class="Tests\Console\Events\EndScheduledEventTest" classname="Tests.Console.Events.EndScheduledEventTest" assertions="7" time="24.702566"/>
      </testsuite>
      <testsuite name="Tests\Console\Events\ProcessScheduledEventsTest" file="/home/adam/Documents/flare/tests/Console/Events/ProcessScheduledEventsTest.php" tests="7" assertions="16" errors="0" failures="0" skipped="0" time="23.851721">
        <testcase name="testWeeklyFactionEvent" file="/home/adam/Documents/flare/tests/Console/Events/ProcessScheduledEventsTest.php" line="129" class="Tests\Console\Events\ProcessScheduledEventsTest" classname="Tests.Console.Events.ProcessScheduledEventsTest" assertions="2" time="22.981488"/>
        <testcase name="testWeeklyFeedBackEventEvent" file="/home/adam/Documents/flare/tests/Console/Events/ProcessScheduledEventsTest.php" line="143" class="Tests\Console\Events\ProcessScheduledEventsTest" classname="Tests.Console.Events.ProcessScheduledEventsTest" assertions="2" time="0.129125"/>
        <testcase name="testWeeklyCurrencyEventTriggers" file="/home/adam/Documents/flare/tests/Console/Events/ProcessScheduledEventsTest.php" line="67" class="Tests\Console\Events\ProcessScheduledEventsTest" classname="Tests.Console.Events.ProcessScheduledEventsTest" assertions="2" time="0.148520"/>
        <testcase name="testWinterEvent" file="/home/adam/Documents/flare/tests/Console/Events/ProcessScheduledEventsTest.php" line="93" class="Tests\Console\Events\ProcessScheduledEventsTest" classname="Tests.Console.Events.ProcessScheduledEventsTest" assertions="3" time="0.148599"/>
        <testcase name="testDelusionalMemoriesEvent" file="/home/adam/Documents/flare/tests/Console/Events/ProcessScheduledEventsTest.php" line="111" class="Tests\Console\Events\ProcessScheduledEventsTest" classname="Tests.Console.Events.ProcessScheduledEventsTest" assertions="3" time="0.140713"/>
        <testcase name="testRaidEventTriggers" file="/home/adam/Documents/flare/tests/Console/Events/ProcessScheduledEventsTest.php" line="33" class="Tests\Console\Events\ProcessScheduledEventsTest" classname="Tests.Console.Events.ProcessScheduledEventsTest" assertions="2" time="0.178961"/>
        <testcase name="testWeeklyCelestialEventTriggers" file="/home/adam/Documents/flare/tests/Console/Events/ProcessScheduledEventsTest.php" line="80" class="Tests\Console\Events\ProcessScheduledEventsTest" classname="Tests.Console.Events.ProcessScheduledEventsTest" assertions="2" time="0.124315"/>
      </testsuite>
      <testsuite name="Tests\Console\Events\RestartGlobalEventGoalTest" file="/home/adam/Documents/flare/tests/Console/Events/RestartGlobalEventGoalTest.php" tests="11" assertions="28" errors="0" failures="0" skipped="0" time="75.450918">
        <testcase name="testDoNotResetCraftingGoal" file="/home/adam/Documents/flare/tests/Console/Events/RestartGlobalEventGoalTest.php" line="184" class="Tests\Console\Events\RestartGlobalEventGoalTest" classname="Tests.Console.Events.RestartGlobalEventGoalTest" assertions="2" time="0.234295"/>
        <testcase name="testDoNotRestEventGoalWhenNoGlobalEventGoalExists" file="/home/adam/Documents/flare/tests/Console/Events/RestartGlobalEventGoalTest.php" line="134" class="Tests\Console\Events\RestartGlobalEventGoalTest" classname="Tests.Console.Events.RestartGlobalEventGoalTest" assertions="1" time="0.203414"/>
        <testcase name="testDoNotRestEventGoal" file="/home/adam/Documents/flare/tests/Console/Events/RestartGlobalEventGoalTest.php" line="146" class="Tests\Console\Events\RestartGlobalEventGoalTest" classname="Tests.Console.Events.RestartGlobalEventGoalTest" assertions="2" time="0.218901"/>
        <testcase name="testFailToMoveToNextStepWhenEventDoesNotExist" file="/home/adam/Documents/flare/tests/Console/Events/RestartGlobalEventGoalTest.php" line="260" class="Tests\Console\Events\RestartGlobalEventGoalTest" classname="Tests.Console.Events.RestartGlobalEventGoalTest" assertions="3" time="0.256957"/>
        <testcase name="testDoNotResetEnchantingGoal" file="/home/adam/Documents/flare/tests/Console/Events/RestartGlobalEventGoalTest.php" line="222" class="Tests\Console\Events\RestartGlobalEventGoalTest" classname="Tests.Console.Events.RestartGlobalEventGoalTest" assertions="2" time="0.230210"/>
        <testcase name="testCannotMoveToNextStepWhenNextStepIsNotAValidStep" file="/home/adam/Documents/flare/tests/Console/Events/RestartGlobalEventGoalTest.php" line="309" class="Tests\Console\Events\RestartGlobalEventGoalTest" classname="Tests.Console.Events.RestartGlobalEventGoalTest" assertions="4" time="0.218763"/>
        <testcase name="testDoNotResetEventGoalWhenMaxKillsDoMatchCurrentKills" file="/home/adam/Documents/flare/tests/Console/Events/RestartGlobalEventGoalTest.php" line="89" class="Tests\Console\Events\RestartGlobalEventGoalTest" classname="Tests.Console.Events.RestartGlobalEventGoalTest" assertions="2" time="0.357855"/>
        <testcase name="testHandleMovingFromCraftEventStepToEnchantingStep" file="/home/adam/Documents/flare/tests/Console/Events/RestartGlobalEventGoalTest.php" line="431" class="Tests\Console\Events\RestartGlobalEventGoalTest" classname="Tests.Console.Events.RestartGlobalEventGoalTest" assertions="4" time="1.750071"/>
        <testcase name="testHandleMovingToCraftingStepOfEventGoal" file="/home/adam/Documents/flare/tests/Console/Events/RestartGlobalEventGoalTest.php" line="493" class="Tests\Console\Events\RestartGlobalEventGoalTest" classname="Tests.Console.Events.RestartGlobalEventGoalTest" assertions="2" time="23.837783"/>
        <testcase name="testHandleMovingToTheNextStepFromEnchantingToBattling" file="/home/adam/Documents/flare/tests/Console/Events/RestartGlobalEventGoalTest.php" line="368" class="Tests\Console\Events\RestartGlobalEventGoalTest" classname="Tests.Console.Events.RestartGlobalEventGoalTest" assertions="4" time="24.276280"/>
        <testcase name="testResetEventGoal" file="/home/adam/Documents/flare/tests/Console/Events/RestartGlobalEventGoalTest.php" line="44" class="Tests\Console\Events\RestartGlobalEventGoalTest" classname="Tests.Console.Events.RestartGlobalEventGoalTest" assertions="2" time="23.866388"/>
      </testsuite>
      <testsuite name="Tests\Console\FlagUsersForDeletionTest" file="/home/adam/Documents/flare/tests/Console/FlagUsersForDeletionTest.php" tests="2" assertions="4" errors="0" failures="0" skipped="0" time="22.406398">
        <testcase name="testDoesNotFlagValidUsers" file="/home/adam/Documents/flare/tests/Console/FlagUsersForDeletionTest.php" line="31" class="Tests\Console\FlagUsersForDeletionTest" classname="Tests.Console.FlagUsersForDeletionTest" assertions="2" time="22.270074"/>
        <testcase name="testFlagsUsersForDeletion" file="/home/adam/Documents/flare/tests/Console/FlagUsersForDeletionTest.php" line="14" class="Tests\Console\FlagUsersForDeletionTest" classname="Tests.Console.FlagUsersForDeletionTest" assertions="2" time="0.136324"/>
      </testsuite>
      <testsuite name="Tests\Console\Flare\CreateAdminTest" file="/home/adam/Documents/flare/tests/Console/Flare/CreateAdminTest.php" tests="2" assertions="2" errors="0" failures="0" skipped="0" time="0.284405">
        <testcase name="testCreateAdminUserExists" file="/home/adam/Documents/flare/tests/Console/Flare/CreateAdminTest.php" line="23" class="Tests\Console\Flare\CreateAdminTest" classname="Tests.Console.Flare.CreateAdminTest" assertions="1" time="0.141879"/>
        <testcase name="testCreateAdmin" file="/home/adam/Documents/flare/tests/Console/Flare/CreateAdminTest.php" line="16" class="Tests\Console\Flare\CreateAdminTest" classname="Tests.Console.Flare.CreateAdminTest" assertions="1" time="0.142526"/>
      </testsuite>
      <testsuite name="Tests\Console\Kingdoms\DeleteKingdomLogsTest" file="/home/adam/Documents/flare/tests/Console/Kingdoms/DeleteKingdomLogsTest.php" tests="1" assertions="2" errors="0" failures="0" skipped="0" time="0.241972">
        <testcase name="testDeleteKingdomLogs" file="/home/adam/Documents/flare/tests/Console/Kingdoms/DeleteKingdomLogsTest.php" line="16" class="Tests\Console\Kingdoms\DeleteKingdomLogsTest" classname="Tests.Console.Kingdoms.DeleteKingdomLogsTest" assertions="2" time="0.241972"/>
      </testsuite>
      <testsuite name="Tests\Console\LevelCharacterTest" file="/home/adam/Documents/flare/tests/Console/LevelCharacterTest.php" tests="2" assertions="4" errors="0" failures="0" skipped="0" time="0.464740">
        <testcase name="testCannotLevelCharacter" file="/home/adam/Documents/flare/tests/Console/LevelCharacterTest.php" line="27" class="Tests\Console\LevelCharacterTest" classname="Tests.Console.LevelCharacterTest" assertions="2" time="0.234903"/>
        <testcase name="testLevelCharacter" file="/home/adam/Documents/flare/tests/Console/LevelCharacterTest.php" line="13" class="Tests\Console\LevelCharacterTest" classname="Tests.Console.LevelCharacterTest" assertions="2" time="0.229837"/>
      </testsuite>
      <testsuite name="Tests\Console\Maps\UpdateMapCountTest" file="/home/adam/Documents/flare/tests/Console/Maps/UpdateMapCountTest.php" tests="1" assertions="2" errors="0" failures="0" skipped="0" time="0.133458">
        <testcase name="testUpdateMapCount" file="/home/adam/Documents/flare/tests/Console/Maps/UpdateMapCountTest.php" line="15" class="Tests\Console\Maps\UpdateMapCountTest" classname="Tests.Console.Maps.UpdateMapCountTest" assertions="2" time="0.133458"/>
      </testsuite>
      <testsuite name="Tests\Console\Messages\CleanChatTest" file="/home/adam/Documents/flare/tests/Console/Messages/CleanChatTest.php" tests="1" assertions="2" errors="0" failures="0" skipped="0" time="0.124146">
        <testcase name="testClearChat" file="/home/adam/Documents/flare/tests/Console/Messages/CleanChatTest.php" line="16" class="Tests\Console\Messages\CleanChatTest" classname="Tests.Console.Messages.CleanChatTest" assertions="2" time="0.124146"/>
      </testsuite>
      <testsuite name="Tests\Console\Raids\ResetDailyRaidAttackLimitsTest" file="/home/adam/Documents/flare/tests/Console/Raids/ResetDailyRaidAttackLimitsTest.php" tests="3" assertions="3" errors="0" failures="0" skipped="0" time="0.575803">
        <testcase name="testDoNotResetRaidFightWhenNoEvent" file="/home/adam/Documents/flare/tests/Console/Raids/ResetDailyRaidAttackLimitsTest.php" line="63" class="Tests\Console\Raids\ResetDailyRaidAttackLimitsTest" classname="Tests.Console.Raids.ResetDailyRaidAttackLimitsTest" assertions="1" time="0.106682"/>
        <testcase name="testDoNotresetRaidFightWhenRaidBossIsDead" file="/home/adam/Documents/flare/tests/Console/Raids/ResetDailyRaidAttackLimitsTest.php" line="72" class="Tests\Console\Raids\ResetDailyRaidAttackLimitsTest" classname="Tests.Console.Raids.ResetDailyRaidAttackLimitsTest" assertions="1" time="0.250258"/>
        <testcase name="testResetRaidFight" file="/home/adam/Documents/flare/tests/Console/Raids/ResetDailyRaidAttackLimitsTest.php" line="24" class="Tests\Console\Raids\ResetDailyRaidAttackLimitsTest" classname="Tests.Console.Raids.ResetDailyRaidAttackLimitsTest" assertions="1" time="0.218863"/>
      </testsuite>
      <testsuite name="Tests\Console\Survey\StartSurveyTest" file="/home/adam/Documents/flare/tests/Console/Survey/StartSurveyTest.php" tests="6" assertions="6" errors="0" failures="0" skipped="0" time="1.325096">
        <testcase name="testCannotStartSurveyWhenNoScheduledEventIsRunning" file="/home/adam/Documents/flare/tests/Console/Survey/StartSurveyTest.php" line="40" class="Tests\Console\Survey\StartSurveyTest" classname="Tests.Console.Survey.StartSurveyTest" assertions="1" time="0.233028"/>
        <testcase name="testCannotStartSurveyWhenFlagIsAlreadyFlippedToShowTheSurvey" file="/home/adam/Documents/flare/tests/Console/Survey/StartSurveyTest.php" line="50" class="Tests\Console\Survey\StartSurveyTest" classname="Tests.Console.Survey.StartSurveyTest" assertions="1" time="0.219123"/>
        <testcase name="testCannotStartSurveyWhenUserLoginDurationIsBelowOneHour" file="/home/adam/Documents/flare/tests/Console/Survey/StartSurveyTest.php" line="83" class="Tests\Console\Survey\StartSurveyTest" classname="Tests.Console.Survey.StartSurveyTest" assertions="1" time="0.226777"/>
        <testcase name="testCanDoSurvey" file="/home/adam/Documents/flare/tests/Console/Survey/StartSurveyTest.php" line="142" class="Tests\Console\Survey\StartSurveyTest" classname="Tests.Console.Survey.StartSurveyTest" assertions="1" time="0.208661"/>
        <testcase name="testCannotStartSurveyWhenThereIsNoLoggedInDurationRecord" file="/home/adam/Documents/flare/tests/Console/Survey/StartSurveyTest.php" line="68" class="Tests\Console\Survey\StartSurveyTest" classname="Tests.Console.Survey.StartSurveyTest" assertions="1" time="0.205610"/>
        <testcase name="testCannotStartSurveyWhenYouSubmittedASurvey" file="/home/adam/Documents/flare/tests/Console/Survey/StartSurveyTest.php" line="110" class="Tests\Console\Survey\StartSurveyTest" classname="Tests.Console.Survey.StartSurveyTest" assertions="1" time="0.231898"/>
      </testsuite>
      <testsuite name="Tests\Console\UpdateKingdomTest" file="/home/adam/Documents/flare/tests/Console/UpdateKingdomTest.php" tests="1" assertions="2" errors="0" failures="0" skipped="0" time="0.207984">
        <testcase name="testIncreaseKingdomTreasury" file="/home/adam/Documents/flare/tests/Console/UpdateKingdomTest.php" line="15" class="Tests\Console\UpdateKingdomTest" classname="Tests.Console.UpdateKingdomTest" assertions="2" time="0.207984"/>
      </testsuite>
    </testsuite>
    <testsuite name="Feature" tests="129" assertions="305" errors="0" failures="0" skipped="0" time="102.115460">
      <testsuite name="Tests\Feature\AccountDeletionControllerTest" file="/home/adam/Documents/flare/tests/Feature/AccountDeletionControllerTest.php" tests="2" assertions="2" errors="0" failures="0" skipped="0" time="23.001525">
        <testcase name="testCanDeleteCharacter" file="/home/adam/Documents/flare/tests/Feature/AccountDeletionControllerTest.php" line="71" class="Tests\Feature\AccountDeletionControllerTest" classname="Tests.Feature.AccountDeletionControllerTest" assertions="1" time="0.394778"/>
        <testcase name="testCannotDeleteCharacter" file="/home/adam/Documents/flare/tests/Feature/AccountDeletionControllerTest.php" line="82" class="Tests\Feature\AccountDeletionControllerTest" classname="Tests.Feature.AccountDeletionControllerTest" assertions="1" time="22.606746"/>
      </testsuite>
      <testsuite name="Tests\Feature\Admin\LocationsControllerTest" file="/home/adam/Documents/flare/tests/Feature/Admin/LocationsControllerTest.php" tests="7" assertions="24" errors="0" failures="0" skipped="0" time="23.526835">
        <testcase name="testStoreUpdatesExistingLocation" file="/home/adam/Documents/flare/tests/Feature/Admin/LocationsControllerTest.php" line="99" class="Tests\Feature\Admin\LocationsControllerTest" classname="Tests.Feature.Admin.LocationsControllerTest" assertions="3" time="22.440685"/>
        <testcase name="testEditDisplaysManageViewWithLocation" file="/home/adam/Documents/flare/tests/Feature/Admin/LocationsControllerTest.php" line="59" class="Tests\Feature\Admin\LocationsControllerTest" classname="Tests.Feature.Admin.LocationsControllerTest" assertions="4" time="0.160024"/>
        <testcase name="testCreateDisplaysManageView" file="/home/adam/Documents/flare/tests/Feature/Admin/LocationsControllerTest.php" line="48" class="Tests\Feature\Admin\LocationsControllerTest" classname="Tests.Feature.Admin.LocationsControllerTest" assertions="3" time="0.172755"/>
        <testcase name="testShowWithQuestRewardItemUsesPrimaryQuest" file="/home/adam/Documents/flare/tests/Feature/Admin/LocationsControllerTest.php" line="143" class="Tests\Feature\Admin\LocationsControllerTest" classname="Tests.Feature.Admin.LocationsControllerTest" assertions="3" time="0.151426"/>
        <testcase name="testStoreCreatesNewLocationAndRedirects" file="/home/adam/Documents/flare/tests/Feature/Admin/LocationsControllerTest.php" line="73" class="Tests\Feature\Admin\LocationsControllerTest" classname="Tests.Feature.Admin.LocationsControllerTest" assertions="3" time="0.154695"/>
        <testcase name="testShowDefaultViewData" file="/home/adam/Documents/flare/tests/Feature/Admin/LocationsControllerTest.php" line="121" class="Tests\Feature\Admin\LocationsControllerTest" classname="Tests.Feature.Admin.LocationsControllerTest" assertions="5" time="0.143019"/>
        <testcase name="testIndexDisplaysAllLocations" file="/home/adam/Documents/flare/tests/Feature/Admin/LocationsControllerTest.php" line="35" class="Tests\Feature\Admin\LocationsControllerTest" classname="Tests.Feature.Admin.LocationsControllerTest" assertions="3" time="0.304230"/>
      </testsuite>
      <testsuite name="Tests\Feature\Auth\RegistrationControllerTest" file="/home/adam/Documents/flare/tests/Feature/Auth/RegistrationControllerTest.php" tests="6" assertions="40" errors="0" failures="0" skipped="0" time="23.632238">
        <testcase name="testCannotRegisterWhenNoMap" file="/home/adam/Documents/flare/tests/Feature/Auth/RegistrationControllerTest.php" line="135" class="Tests\Feature\Auth\RegistrationControllerTest" classname="Tests.Feature.Auth.RegistrationControllerTest" assertions="5" time="0.231397"/>
        <testcase name="testCannotRegisterWhenBanned" file="/home/adam/Documents/flare/tests/Feature/Auth/RegistrationControllerTest.php" line="103" class="Tests\Feature\Auth\RegistrationControllerTest" classname="Tests.Feature.Auth.RegistrationControllerTest" assertions="5" time="0.240562"/>
        <testcase name="testCanSeeRegistration" file="/home/adam/Documents/flare/tests/Feature/Auth/RegistrationControllerTest.php" line="52" class="Tests\Feature\Auth\RegistrationControllerTest" classname="Tests.Feature.Auth.RegistrationControllerTest" assertions="11" time="0.210193"/>
        <testcase name="testCannotRegisterWhenCharacterExists" file="/home/adam/Documents/flare/tests/Feature/Auth/RegistrationControllerTest.php" line="159" class="Tests\Feature\Auth\RegistrationControllerTest" classname="Tests.Feature.Auth.RegistrationControllerTest" assertions="5" time="0.337373"/>
        <testcase name="testCanRegister" file="/home/adam/Documents/flare/tests/Feature/Auth/RegistrationControllerTest.php" line="67" class="Tests\Feature\Auth\RegistrationControllerTest" classname="Tests.Feature.Auth.RegistrationControllerTest" assertions="9" time="0.455321"/>
        <testcase name="testCannotRegisterAnyMore" file="/home/adam/Documents/flare/tests/Feature/Auth/RegistrationControllerTest.php" line="191" class="Tests\Feature\Auth\RegistrationControllerTest" classname="Tests.Feature.Auth.RegistrationControllerTest" assertions="5" time="22.157392"/>
      </testsuite>
      <testsuite name="Tests\Feature\Auth\ResetPasswordControllerTest" file="/home/adam/Documents/flare/tests/Feature/Auth/ResetPasswordControllerTest.php" tests="1" assertions="2" errors="0" failures="0" skipped="0" time="0.512326">
        <testcase name="testCanSeeResetPasswordPage" file="/home/adam/Documents/flare/tests/Feature/Auth/ResetPasswordControllerTest.php" line="16" class="Tests\Feature\Auth\ResetPasswordControllerTest" classname="Tests.Feature.Auth.ResetPasswordControllerTest" assertions="2" time="0.512326"/>
      </testsuite>
      <testsuite name="Tests\Feature\ForgotPasswordControllerTest" file="/home/adam/Documents/flare/tests/Feature/ForgotPasswordControllerTest.php" tests="4" assertions="21" errors="0" failures="0" skipped="0" time="1.187439">
        <testcase name="testCanSeeResetPasswordPage" file="/home/adam/Documents/flare/tests/Feature/ForgotPasswordControllerTest.php" line="18" class="Tests\Feature\ForgotPasswordControllerTest" classname="Tests.Feature.ForgotPasswordControllerTest" assertions="3" time="0.155515"/>
        <testcase name="testFailWithUnknownEmail" file="/home/adam/Documents/flare/tests/Feature/ForgotPasswordControllerTest.php" line="57" class="Tests\Feature\ForgotPasswordControllerTest" classname="Tests.Feature.ForgotPasswordControllerTest" assertions="6" time="0.181621"/>
        <testcase name="testUserGoesThroughSecurityQuestions" file="/home/adam/Documents/flare/tests/Feature/ForgotPasswordControllerTest.php" line="44" class="Tests\Feature\ForgotPasswordControllerTest" classname="Tests.Feature.ForgotPasswordControllerTest" assertions="6" time="0.327179"/>
        <testcase name="testAdminCanResetNoSecurityQuestions" file="/home/adam/Documents/flare/tests/Feature/ForgotPasswordControllerTest.php" line="26" class="Tests\Feature\ForgotPasswordControllerTest" classname="Tests.Feature.ForgotPasswordControllerTest" assertions="6" time="0.523124"/>
      </testsuite>
      <testsuite name="Tests\Feature\Game\Character\CharacterInventory\Controllers\Api\CharacterGemBagControllerTest" file="/home/adam/Documents/flare/tests/Feature/Game/Character/CharacterInventory/Controllers/Api/CharacterGemBagControllerTest.php" tests="2" assertions="2" errors="0" failures="0" skipped="0" time="0.479612">
        <testcase name="testGetGemSlot" file="/home/adam/Documents/flare/tests/Feature/Game/Character/CharacterInventory/Controllers/Api/CharacterGemBagControllerTest.php" line="30" class="Tests\Feature\Game\Character\CharacterInventory\Controllers\Api\CharacterGemBagControllerTest" classname="Tests.Feature.Game.Character.CharacterInventory.Controllers.Api.CharacterGemBagControllerTest" assertions="1" time="0.249223"/>
        <testcase name="testGetGem" file="/home/adam/Documents/flare/tests/Feature/Game/Character/CharacterInventory/Controllers/Api/CharacterGemBagControllerTest.php" line="47" class="Tests\Feature\Game\Character\CharacterInventory\Controllers\Api\CharacterGemBagControllerTest" classname="Tests.Feature.Game.Character.CharacterInventory.Controllers.Api.CharacterGemBagControllerTest" assertions="1" time="0.230389"/>
      </testsuite>
      <testsuite name="Tests\Feature\Game\Character\CharacterInventory\Controllers\Api\CharacterInventoryControllerTest" file="/home/adam/Documents/flare/tests/Feature/Game/Character/CharacterInventory/Controllers/Api/CharacterInventoryControllerTest.php" tests="22" assertions="24" errors="0" failures="0" skipped="0" time="7.097714">
        <testcase name="testGetItemDetails" file="/home/adam/Documents/flare/tests/Feature/Game/Character/CharacterInventory/Controllers/Api/CharacterInventoryControllerTest.php" line="66" class="Tests\Feature\Game\Character\CharacterInventory\Controllers\Api\CharacterInventoryControllerTest" classname="Tests.Feature.Game.Character.CharacterInventory.Controllers.Api.CharacterInventoryControllerTest" assertions="1" time="0.292120"/>
        <testcase name="testRenameSet" file="/home/adam/Documents/flare/tests/Feature/Game/Character/CharacterInventory/Controllers/Api/CharacterInventoryControllerTest.php" line="154" class="Tests\Feature\Game\Character\CharacterInventory\Controllers\Api\CharacterInventoryControllerTest" classname="Tests.Feature.Game.Character.CharacterInventory.Controllers.Api.CharacterInventoryControllerTest" assertions="1" time="0.232940"/>
        <testcase name="testCannotEquipItem" file="/home/adam/Documents/flare/tests/Feature/Game/Character/CharacterInventory/Controllers/Api/CharacterInventoryControllerTest.php" line="241" class="Tests\Feature\Game\Character\CharacterInventory\Controllers\Api\CharacterInventoryControllerTest" classname="Tests.Feature.Game.Character.CharacterInventory.Controllers.Api.CharacterInventoryControllerTest" assertions="1" time="0.240776"/>
        <testcase name="testDestroyAllItems" file="/home/adam/Documents/flare/tests/Feature/Game/Character/CharacterInventory/Controllers/Api/CharacterInventoryControllerTest.php" line="98" class="Tests\Feature\Game\Character\CharacterInventory\Controllers\Api\CharacterInventoryControllerTest" classname="Tests.Feature.Game.Character.CharacterInventory.Controllers.Api.CharacterInventoryControllerTest" assertions="1" time="0.257508"/>
        <testcase name="testDestroyItem" file="/home/adam/Documents/flare/tests/Feature/Game/Character/CharacterInventory/Controllers/Api/CharacterInventoryControllerTest.php" line="82" class="Tests\Feature\Game\Character\CharacterInventory\Controllers\Api\CharacterInventoryControllerTest" classname="Tests.Feature.Game.Character.CharacterInventory.Controllers.Api.CharacterInventoryControllerTest" assertions="1" time="0.212552"/>
        <testcase name="testFailToGetApiItemDetails" file="/home/adam/Documents/flare/tests/Feature/Game/Character/CharacterInventory/Controllers/Api/CharacterInventoryControllerTest.php" line="52" class="Tests\Feature\Game\Character\CharacterInventory\Controllers\Api\CharacterInventoryControllerTest" classname="Tests.Feature.Game.Character.CharacterInventory.Controllers.Api.CharacterInventoryControllerTest" assertions="1" time="0.249606"/>
        <testcase name="testGetCharacterInventoryApiRequest" file="/home/adam/Documents/flare/tests/Feature/Game/Character/CharacterInventory/Controllers/Api/CharacterInventoryControllerTest.php" line="35" class="Tests\Feature\Game\Character\CharacterInventory\Controllers\Api\CharacterInventoryControllerTest" classname="Tests.Feature.Game.Character.CharacterInventory.Controllers.Api.CharacterInventoryControllerTest" assertions="1" time="0.240233"/>
        <testcase name="testUnequipAllNonSetItems" file="/home/adam/Documents/flare/tests/Feature/Game/Character/CharacterInventory/Controllers/Api/CharacterInventoryControllerTest.php" line="354" class="Tests\Feature\Game\Character\CharacterInventory\Controllers\Api\CharacterInventoryControllerTest" classname="Tests.Feature.Game.Character.CharacterInventory.Controllers.Api.CharacterInventoryControllerTest" assertions="1" time="0.336271"/>
        <testcase name="testRemoveItemFromSet" file="/home/adam/Documents/flare/tests/Feature/Game/Character/CharacterInventory/Controllers/Api/CharacterInventoryControllerTest.php" line="191" class="Tests\Feature\Game\Character\CharacterInventory\Controllers\Api\CharacterInventoryControllerTest" classname="Tests.Feature.Game.Character.CharacterInventory.Controllers.Api.CharacterInventoryControllerTest" assertions="1" time="0.299784"/>
        <testcase name="testUnequipSet" file="/home/adam/Documents/flare/tests/Feature/Game/Character/CharacterInventory/Controllers/Api/CharacterInventoryControllerTest.php" line="299" class="Tests\Feature\Game\Character\CharacterInventory\Controllers\Api\CharacterInventoryControllerTest" classname="Tests.Feature.Game.Character.CharacterInventory.Controllers.Api.CharacterInventoryControllerTest" assertions="1" time="0.311864"/>
        <testcase name="testMoveItemToSet" file="/home/adam/Documents/flare/tests/Feature/Game/Character/CharacterInventory/Controllers/Api/CharacterInventoryControllerTest.php" line="134" class="Tests\Feature\Game\Character\CharacterInventory\Controllers\Api\CharacterInventoryControllerTest" classname="Tests.Feature.Game.Character.CharacterInventory.Controllers.Api.CharacterInventoryControllerTest" assertions="2" time="0.317235"/>
        <testcase name="testEmptySet" file="/home/adam/Documents/flare/tests/Feature/Game/Character/CharacterInventory/Controllers/Api/CharacterInventoryControllerTest.php" line="217" class="Tests\Feature\Game\Character\CharacterInventory\Controllers\Api\CharacterInventoryControllerTest" classname="Tests.Feature.Game.Character.CharacterInventory.Controllers.Api.CharacterInventoryControllerTest" assertions="1" time="0.297106"/>
        <testcase name="testWhenUnequipAllUnequipTheSet" file="/home/adam/Documents/flare/tests/Feature/Game/Character/CharacterInventory/Controllers/Api/CharacterInventoryControllerTest.php" line="337" class="Tests\Feature\Game\Character\CharacterInventory\Controllers\Api\CharacterInventoryControllerTest" classname="Tests.Feature.Game.Character.CharacterInventory.Controllers.Api.CharacterInventoryControllerTest" assertions="1" time="0.326196"/>
        <testcase name="testDisenchantAllItems" file="/home/adam/Documents/flare/tests/Feature/Game/Character/CharacterInventory/Controllers/Api/CharacterInventoryControllerTest.php" line="112" class="Tests\Feature\Game\Character\CharacterInventory\Controllers\Api\CharacterInventoryControllerTest" classname="Tests.Feature.Game.Character.CharacterInventory.Controllers.Api.CharacterInventoryControllerTest" assertions="2" time="0.324599"/>
        <testcase name="testSaveEquippedAsSet" file="/home/adam/Documents/flare/tests/Feature/Game/Character/CharacterInventory/Controllers/Api/CharacterInventoryControllerTest.php" line="175" class="Tests\Feature\Game\Character\CharacterInventory\Controllers\Api\CharacterInventoryControllerTest" classname="Tests.Feature.Game.Character.CharacterInventory.Controllers.Api.CharacterInventoryControllerTest" assertions="1" time="0.334865"/>
        <testcase name="testDestroyAlchemyItem" file="/home/adam/Documents/flare/tests/Feature/Game/Character/CharacterInventory/Controllers/Api/CharacterInventoryControllerTest.php" line="441" class="Tests\Feature\Game\Character\CharacterInventory\Controllers\Api\CharacterInventoryControllerTest" classname="Tests.Feature.Game.Character.CharacterInventory.Controllers.Api.CharacterInventoryControllerTest" assertions="1" time="0.346992"/>
        <testcase name="testUnequipItem" file="/home/adam/Documents/flare/tests/Feature/Game/Character/CharacterInventory/Controllers/Api/CharacterInventoryControllerTest.php" line="318" class="Tests\Feature\Game\Character\CharacterInventory\Controllers\Api\CharacterInventoryControllerTest" classname="Tests.Feature.Game.Character.CharacterInventory.Controllers.Api.CharacterInventoryControllerTest" assertions="1" time="0.326841"/>
        <testcase name="testDestroyAllAlchemyItems" file="/home/adam/Documents/flare/tests/Feature/Game/Character/CharacterInventory/Controllers/Api/CharacterInventoryControllerTest.php" line="466" class="Tests\Feature\Game\Character\CharacterInventory\Controllers\Api\CharacterInventoryControllerTest" classname="Tests.Feature.Game.Character.CharacterInventory.Controllers.Api.CharacterInventoryControllerTest" assertions="1" time="0.376441"/>
        <testcase name="testUseManyItems" file="/home/adam/Documents/flare/tests/Feature/Game/Character/CharacterInventory/Controllers/Api/CharacterInventoryControllerTest.php" line="386" class="Tests\Feature\Game\Character\CharacterInventory\Controllers\Api\CharacterInventoryControllerTest" classname="Tests.Feature.Game.Character.CharacterInventory.Controllers.Api.CharacterInventoryControllerTest" assertions="1" time="0.394438"/>
        <testcase name="testUseSingleAlchemyItem" file="/home/adam/Documents/flare/tests/Feature/Game/Character/CharacterInventory/Controllers/Api/CharacterInventoryControllerTest.php" line="416" class="Tests\Feature\Game\Character\CharacterInventory\Controllers\Api\CharacterInventoryControllerTest" classname="Tests.Feature.Game.Character.CharacterInventory.Controllers.Api.CharacterInventoryControllerTest" assertions="1" time="0.485138"/>
        <testcase name="testEquipAndItemSet" file="/home/adam/Documents/flare/tests/Feature/Game/Character/CharacterInventory/Controllers/Api/CharacterInventoryControllerTest.php" line="369" class="Tests\Feature\Game\Character\CharacterInventory\Controllers\Api\CharacterInventoryControllerTest" classname="Tests.Feature.Game.Character.CharacterInventory.Controllers.Api.CharacterInventoryControllerTest" assertions="1" time="0.432370"/>
        <testcase name="testEquipItem" file="/home/adam/Documents/flare/tests/Feature/Game/Character/CharacterInventory/Controllers/Api/CharacterInventoryControllerTest.php" line="270" class="Tests\Feature\Game\Character\CharacterInventory\Controllers\Api\CharacterInventoryControllerTest" classname="Tests.Feature.Game.Character.CharacterInventory.Controllers.Api.CharacterInventoryControllerTest" assertions="1" time="0.461838"/>
      </testsuite>
      <testsuite name="Tests\Feature\Game\Character\CharacterInventory\Controllers\Api\ItemComparisonControllerTest" file="/home/adam/Documents/flare/tests/Feature/Game/Character/CharacterInventory/Controllers/Api/ItemComparisonControllerTest.php" tests="6" assertions="7" errors="0" failures="0" skipped="0" time="1.592718">
        <testcase name="testFailToCompareItemFromChatWhenDoesNotExist" file="/home/adam/Documents/flare/tests/Feature/Game/Character/CharacterInventory/Controllers/Api/ItemComparisonControllerTest.php" line="111" class="Tests\Feature\Game\Character\CharacterInventory\Controllers\Api\ItemComparisonControllerTest" classname="Tests.Feature.Game.Character.CharacterInventory.Controllers.Api.ItemComparisonControllerTest" assertions="1" time="0.231496"/>
        <testcase name="testFailToCompareItemFromChatWhenEquipped" file="/home/adam/Documents/flare/tests/Feature/Game/Character/CharacterInventory/Controllers/Api/ItemComparisonControllerTest.php" line="79" class="Tests\Feature\Game\Character\CharacterInventory\Controllers\Api\ItemComparisonControllerTest" classname="Tests.Feature.Game.Character.CharacterInventory.Controllers.Api.ItemComparisonControllerTest" assertions="1" time="0.262158"/>
        <testcase name="testCompareTwoGems" file="/home/adam/Documents/flare/tests/Feature/Game/Character/CharacterInventory/Controllers/Api/ItemComparisonControllerTest.php" line="175" class="Tests\Feature\Game\Character\CharacterInventory\Controllers\Api\ItemComparisonControllerTest" classname="Tests.Feature.Game.Character.CharacterInventory.Controllers.Api.ItemComparisonControllerTest" assertions="2" time="0.231604"/>
        <testcase name="testGetChatComparisonDataForItemInInventory" file="/home/adam/Documents/flare/tests/Feature/Game/Character/CharacterInventory/Controllers/Api/ItemComparisonControllerTest.php" line="143" class="Tests\Feature\Game\Character\CharacterInventory\Controllers\Api\ItemComparisonControllerTest" classname="Tests.Feature.Game.Character.CharacterInventory.Controllers.Api.ItemComparisonControllerTest" assertions="1" time="0.344160"/>
        <testcase name="testGetComparisonForSpellDamageForSetEquippedItem" file="/home/adam/Documents/flare/tests/Feature/Game/Character/CharacterInventory/Controllers/Api/ItemComparisonControllerTest.php" line="46" class="Tests\Feature\Game\Character\CharacterInventory\Controllers\Api\ItemComparisonControllerTest" classname="Tests.Feature.Game.Character.CharacterInventory.Controllers.Api.ItemComparisonControllerTest" assertions="1" time="0.280238"/>
        <testcase name="testGetErrorForTryingToCompareItemYouDoNotHave" file="/home/adam/Documents/flare/tests/Feature/Game/Character/CharacterInventory/Controllers/Api/ItemComparisonControllerTest.php" line="31" class="Tests\Feature\Game\Character\CharacterInventory\Controllers\Api\ItemComparisonControllerTest" classname="Tests.Feature.Game.Character.CharacterInventory.Controllers.Api.ItemComparisonControllerTest" assertions="1" time="0.243062"/>
      </testsuite>
      <testsuite name="Tests\Feature\Game\ClassRanks\Controllers\Api\ClassRanksControllerTest" file="/home/adam/Documents/flare/tests/Feature/Game/ClassRanks/Controllers/Api/ClassRanksControllerTest.php" tests="4" assertions="7" errors="0" failures="0" skipped="0" time="1.108467">
        <testcase name="testGetCharacterClassSpecials" file="/home/adam/Documents/flare/tests/Feature/Game/ClassRanks/Controllers/Api/ClassRanksControllerTest.php" line="43" class="Tests\Feature\Game\ClassRanks\Controllers\Api\ClassRanksControllerTest" classname="Tests.Feature.Game.ClassRanks.Controllers.Api.ClassRanksControllerTest" assertions="4" time="0.215725"/>
        <testcase name="testGetCharacterClassRanks" file="/home/adam/Documents/flare/tests/Feature/Game/ClassRanks/Controllers/Api/ClassRanksControllerTest.php" line="30" class="Tests\Feature\Game\ClassRanks\Controllers\Api\ClassRanksControllerTest" classname="Tests.Feature.Game.ClassRanks.Controllers.Api.ClassRanksControllerTest" assertions="1" time="0.272218"/>
        <testcase name="testUnequipSpecial" file="/home/adam/Documents/flare/tests/Feature/Game/ClassRanks/Controllers/Api/ClassRanksControllerTest.php" line="82" class="Tests\Feature\Game\ClassRanks\Controllers\Api\ClassRanksControllerTest" classname="Tests.Feature.Game.ClassRanks.Controllers.Api.ClassRanksControllerTest" assertions="1" time="0.273946"/>
        <testcase name="testEquipSpecial" file="/home/adam/Documents/flare/tests/Feature/Game/ClassRanks/Controllers/Api/ClassRanksControllerTest.php" line="63" class="Tests\Feature\Game\ClassRanks\Controllers\Api\ClassRanksControllerTest" classname="Tests.Feature.Game.ClassRanks.Controllers.Api.ClassRanksControllerTest" assertions="1" time="0.346578"/>
      </testsuite>
      <testsuite name="Tests\Feature\Game\ClassRanks\Controllers\Api\ManageClassControllerTest" file="/home/adam/Documents/flare/tests/Feature/Game/ClassRanks/Controllers/Api/ManageClassControllerTest.php" tests="1" assertions="2" errors="0" failures="0" skipped="0" time="0.343871">
        <testcase name="testSwitchClass" file="/home/adam/Documents/flare/tests/Feature/Game/ClassRanks/Controllers/Api/ManageClassControllerTest.php" line="36" class="Tests\Feature\Game\ClassRanks\Controllers\Api\ManageClassControllerTest" classname="Tests.Feature.Game.ClassRanks.Controllers.Api.ManageClassControllerTest" assertions="2" time="0.343871"/>
      </testsuite>
      <testsuite name="Tests\Feature\Game\Core\Controllers\Api\UpdateCharacterFlagsControllerTest" file="/home/adam/Documents/flare/tests/Feature/Game/Core/Controllers/Api/UpdateCharacterFlagsControllerTest.php" tests="3" assertions="5" errors="0" failures="0" skipped="0" time="0.715928">
        <testcase name="testTurnOffIntroSlides" file="/home/adam/Documents/flare/tests/Feature/Game/Core/Controllers/Api/UpdateCharacterFlagsControllerTest.php" line="33" class="Tests\Feature\Game\Core\Controllers\Api\UpdateCharacterFlagsControllerTest" classname="Tests.Feature.Game.Core.Controllers.Api.UpdateCharacterFlagsControllerTest" assertions="2" time="0.233211"/>
        <testcase name="testTurnOffIntroSlidesWhenWeHaveAGuideQuestAndDoNotFakeEvent" file="/home/adam/Documents/flare/tests/Feature/Game/Core/Controllers/Api/UpdateCharacterFlagsControllerTest.php" line="77" class="Tests\Feature\Game\Core\Controllers\Api\UpdateCharacterFlagsControllerTest" classname="Tests.Feature.Game.Core.Controllers.Api.UpdateCharacterFlagsControllerTest" assertions="1" time="0.237369"/>
        <testcase name="testTurnOffIntroSlidesWhenWeHaveAGuideQuest" file="/home/adam/Documents/flare/tests/Feature/Game/Core/Controllers/Api/UpdateCharacterFlagsControllerTest.php" line="53" class="Tests\Feature\Game\Core\Controllers\Api\UpdateCharacterFlagsControllerTest" classname="Tests.Feature.Game.Core.Controllers.Api.UpdateCharacterFlagsControllerTest" assertions="2" time="0.245348"/>
      </testsuite>
      <testsuite name="Tests\Feature\Game\Events\Controllers\Api\EventGoalsControllerTest" file="/home/adam/Documents/flare/tests/Feature/Game/Events/Controllers/Api/EventGoalsControllerTest.php" tests="1" assertions="1" errors="0" failures="0" skipped="0" time="0.227020">
        <testcase name="testGetGlobalEventGoal" file="/home/adam/Documents/flare/tests/Feature/Game/Events/Controllers/Api/EventGoalsControllerTest.php" line="62" class="Tests\Feature\Game\Events\Controllers\Api\EventGoalsControllerTest" classname="Tests.Feature.Game.Events.Controllers.Api.EventGoalsControllerTest" assertions="1" time="0.227020"/>
      </testsuite>
      <testsuite name="Tests\Feature\Game\Factions\FactionLoyalty\Controllers\Api\FactionLoyaltyControllerTest" file="/home/adam/Documents/flare/tests/Feature/Game/Factions/FactionLoyalty/Controllers/Api/FactionLoyaltyControllerTest.php" tests="5" assertions="7" errors="0" failures="0" skipped="0" time="1.276758">
        <testcase name="testRemovePledgedLoyalty" file="/home/adam/Documents/flare/tests/Feature/Game/Factions/FactionLoyalty/Controllers/Api/FactionLoyaltyControllerTest.php" line="157" class="Tests\Feature\Game\Factions\FactionLoyalty\Controllers\Api\FactionLoyaltyControllerTest" classname="Tests.Feature.Game.Factions.FactionLoyalty.Controllers.Api.FactionLoyaltyControllerTest" assertions="1" time="0.248066"/>
        <testcase name="testStopAssistingNpc" file="/home/adam/Documents/flare/tests/Feature/Game/Factions/FactionLoyalty/Controllers/Api/FactionLoyaltyControllerTest.php" line="253" class="Tests\Feature\Game\Factions\FactionLoyalty\Controllers\Api\FactionLoyaltyControllerTest" classname="Tests.Feature.Game.Factions.FactionLoyalty.Controllers.Api.FactionLoyaltyControllerTest" assertions="1" time="0.223885"/>
        <testcase name="testAssistNpcWithTasks" file="/home/adam/Documents/flare/tests/Feature/Game/Factions/FactionLoyalty/Controllers/Api/FactionLoyaltyControllerTest.php" line="215" class="Tests\Feature\Game\Factions\FactionLoyalty\Controllers\Api\FactionLoyaltyControllerTest" classname="Tests.Feature.Game.Factions.FactionLoyalty.Controllers.Api.FactionLoyaltyControllerTest" assertions="1" time="0.251266"/>
        <testcase name="testGetFactionLoyalties" file="/home/adam/Documents/flare/tests/Feature/Game/Factions/FactionLoyalty/Controllers/Api/FactionLoyaltyControllerTest.php" line="34" class="Tests\Feature\Game\Factions\FactionLoyalty\Controllers\Api\FactionLoyaltyControllerTest" classname="Tests.Feature.Game.Factions.FactionLoyalty.Controllers.Api.FactionLoyaltyControllerTest" assertions="3" time="0.260155"/>
        <testcase name="testPledgeLoyaltyControllerAction" file="/home/adam/Documents/flare/tests/Feature/Game/Factions/FactionLoyalty/Controllers/Api/FactionLoyaltyControllerTest.php" line="99" class="Tests\Feature\Game\Factions\FactionLoyalty\Controllers\Api\FactionLoyaltyControllerTest" classname="Tests.Feature.Game.Factions.FactionLoyalty.Controllers.Api.FactionLoyaltyControllerTest" assertions="1" time="0.293386"/>
      </testsuite>
      <testsuite name="Tests\Feature\Game\Gambler\Controllers\Api\GamblerControllerTest" file="/home/adam/Documents/flare/tests/Feature/Game/Gambler/Controllers/Api/GamblerControllerTest.php" tests="2" assertions="3" errors="0" failures="0" skipped="0" time="0.481969">
        <testcase name="testGetSlots" file="/home/adam/Documents/flare/tests/Feature/Game/Gambler/Controllers/Api/GamblerControllerTest.php" line="32" class="Tests\Feature\Game\Gambler\Controllers\Api\GamblerControllerTest" classname="Tests.Feature.Game.Gambler.Controllers.Api.GamblerControllerTest" assertions="1" time="0.218055"/>
        <testcase name="testRollSlots" file="/home/adam/Documents/flare/tests/Feature/Game/Gambler/Controllers/Api/GamblerControllerTest.php" line="44" class="Tests\Feature\Game\Gambler\Controllers\Api\GamblerControllerTest" classname="Tests.Feature.Game.Gambler.Controllers.Api.GamblerControllerTest" assertions="2" time="0.263914"/>
      </testsuite>
      <testsuite name="Tests\Feature\Game\Gems\Controllers\Api\AttachedGemsControllerTest" file="/home/adam/Documents/flare/tests/Feature/Game/Gems/Controllers/Api/AttachedGemsControllerTest.php" tests="1" assertions="2" errors="0" failures="0" skipped="0" time="0.271686">
        <testcase name="testGetGemsFromItem" file="/home/adam/Documents/flare/tests/Feature/Game/Gems/Controllers/Api/AttachedGemsControllerTest.php" line="60" class="Tests\Feature\Game\Gems\Controllers\Api\AttachedGemsControllerTest" classname="Tests.Feature.Game.Gems.Controllers.Api.AttachedGemsControllerTest" assertions="2" time="0.271686"/>
      </testsuite>
      <testsuite name="Tests\Feature\Game\Gems\Controllers\Api\GemComparisonControllerTest" file="/home/adam/Documents/flare/tests/Feature/Game/Gems/Controllers/Api/GemComparisonControllerTest.php" tests="1" assertions="3" errors="0" failures="0" skipped="0" time="0.269302">
        <testcase name="testCompareGems" file="/home/adam/Documents/flare/tests/Feature/Game/Gems/Controllers/Api/GemComparisonControllerTest.php" line="61" class="Tests\Feature\Game\Gems\Controllers\Api\GemComparisonControllerTest" classname="Tests.Feature.Game.Gems.Controllers.Api.GemComparisonControllerTest" assertions="3" time="0.269302"/>
      </testsuite>
      <testsuite name="Tests\Feature\Game\GuideQuest\Controllers\Api\GuideQuestControllerApiTest" file="/home/adam/Documents/flare/tests/Feature/Game/GuideQuest/Controllers/Api/GuideQuestControllerApiTest.php" tests="3" assertions="7" errors="0" failures="0" skipped="0" time="0.781344">
        <testcase name="testGetCurrentQuest" file="/home/adam/Documents/flare/tests/Feature/Game/GuideQuest/Controllers/Api/GuideQuestControllerApiTest.php" line="70" class="Tests\Feature\Game\GuideQuest\Controllers\Api\GuideQuestControllerApiTest" classname="Tests.Feature.Game.GuideQuest.Controllers.Api.GuideQuestControllerApiTest" assertions="3" time="0.234660"/>
        <testcase name="testFailToHandInGuideQuest" file="/home/adam/Documents/flare/tests/Feature/Game/GuideQuest/Controllers/Api/GuideQuestControllerApiTest.php" line="94" class="Tests\Feature\Game\GuideQuest\Controllers\Api\GuideQuestControllerApiTest" classname="Tests.Feature.Game.GuideQuest.Controllers.Api.GuideQuestControllerApiTest" assertions="1" time="0.252997"/>
        <testcase name="testNextGuideQuestHasOneOfTheRequirementsWhenCompletingThePreviousQuest" file="/home/adam/Documents/flare/tests/Feature/Game/GuideQuest/Controllers/Api/GuideQuestControllerApiTest.php" line="37" class="Tests\Feature\Game\GuideQuest\Controllers\Api\GuideQuestControllerApiTest" classname="Tests.Feature.Game.GuideQuest.Controllers.Api.GuideQuestControllerApiTest" assertions="3" time="0.293687"/>
      </testsuite>
      <testsuite name="Tests\Feature\Game\GuideQuest\Controllers\GuideQuestsControllerTest" file="/home/adam/Documents/flare/tests/Feature/Game/GuideQuest/Controllers/GuideQuestsControllerTest.php" tests="2" assertions="4" errors="0" failures="0" skipped="0" time="0.729585">
        <testcase name="testShouldBeableToSeeSingleGuidequest" file="/home/adam/Documents/flare/tests/Feature/Game/GuideQuest/Controllers/GuideQuestsControllerTest.php" line="51" class="Tests\Feature\Game\GuideQuest\Controllers\GuideQuestsControllerTest" classname="Tests.Feature.Game.GuideQuest.Controllers.GuideQuestsControllerTest" assertions="2" time="0.333005"/>
        <testcase name="testShouldSeeCompletedGuideQuest" file="/home/adam/Documents/flare/tests/Feature/Game/GuideQuest/Controllers/GuideQuestsControllerTest.php" line="35" class="Tests\Feature\Game\GuideQuest\Controllers\GuideQuestsControllerTest" classname="Tests.Feature.Game.GuideQuest.Controllers.GuideQuestsControllerTest" assertions="2" time="0.396580"/>
      </testsuite>
      <testsuite name="Tests\Feature\Game\Messages\Controllers\Api\CommandsControllerTest" file="/home/adam/Documents/flare/tests/Feature/Game/Messages/Controllers/Api/CommandsControllerTest.php" tests="3" assertions="6" errors="0" failures="0" skipped="0" time="0.699036">
        <testcase name="testUsePcCommand" file="/home/adam/Documents/flare/tests/Feature/Game/Messages/Controllers/Api/CommandsControllerTest.php" line="37" class="Tests\Feature\Game\Messages\Controllers\Api\CommandsControllerTest" classname="Tests.Feature.Game.Messages.Controllers.Api.CommandsControllerTest" assertions="2" time="0.239868"/>
        <testcase name="testUsePctCommand" file="/home/adam/Documents/flare/tests/Feature/Game/Messages/Controllers/Api/CommandsControllerTest.php" line="70" class="Tests\Feature\Game\Messages\Controllers\Api\CommandsControllerTest" classname="Tests.Feature.Game.Messages.Controllers.Api.CommandsControllerTest" assertions="2" time="0.215371"/>
        <testcase name="testUsePctCommandWhenDead" file="/home/adam/Documents/flare/tests/Feature/Game/Messages/Controllers/Api/CommandsControllerTest.php" line="104" class="Tests\Feature\Game\Messages\Controllers\Api\CommandsControllerTest" classname="Tests.Feature.Game.Messages.Controllers.Api.CommandsControllerTest" assertions="2" time="0.243797"/>
      </testsuite>
      <testsuite name="Tests\Feature\Game\Messages\Controllers\Api\FetchMessagesControllerTest" file="/home/adam/Documents/flare/tests/Feature/Game/Messages/Controllers/Api/FetchMessagesControllerTest.php" tests="1" assertions="3" errors="0" failures="0" skipped="0" time="0.214064">
        <testcase name="testGetLastMessages" file="/home/adam/Documents/flare/tests/Feature/Game/Messages/Controllers/Api/FetchMessagesControllerTest.php" line="31" class="Tests\Feature\Game\Messages\Controllers\Api\FetchMessagesControllerTest" classname="Tests.Feature.Game.Messages.Controllers.Api.FetchMessagesControllerTest" assertions="3" time="0.214064"/>
      </testsuite>
      <testsuite name="Tests\Feature\Game\Messages\Controllers\Api\PostMessagesControllerTest" file="/home/adam/Documents/flare/tests/Feature/Game/Messages/Controllers/Api/PostMessagesControllerTest.php" tests="2" assertions="6" errors="0" failures="0" skipped="0" time="0.537598">
        <testcase name="testPostPublicMessage" file="/home/adam/Documents/flare/tests/Feature/Game/Messages/Controllers/Api/PostMessagesControllerTest.php" line="32" class="Tests\Feature\Game\Messages\Controllers\Api\PostMessagesControllerTest" classname="Tests.Feature.Game.Messages.Controllers.Api.PostMessagesControllerTest" assertions="2" time="0.237387"/>
        <testcase name="testPostPrivateMessage" file="/home/adam/Documents/flare/tests/Feature/Game/Messages/Controllers/Api/PostMessagesControllerTest.php" line="51" class="Tests\Feature\Game\Messages\Controllers\Api\PostMessagesControllerTest" classname="Tests.Feature.Game.Messages.Controllers.Api.PostMessagesControllerTest" assertions="4" time="0.300211"/>
      </testsuite>
      <testsuite name="Tests\Feature\Game\Messages\Controllers\Api\ServerMessageControllerTest" file="/home/adam/Documents/flare/tests/Feature/Game/Messages/Controllers/Api/ServerMessageControllerTest.php" tests="4" assertions="10" errors="0" failures="0" skipped="0" time="0.916515">
        <testcase name="testGenerateServerMessageWithCustomMessage" file="/home/adam/Documents/flare/tests/Feature/Game/Messages/Controllers/Api/ServerMessageControllerTest.php" line="32" class="Tests\Feature\Game\Messages\Controllers\Api\ServerMessageControllerTest" classname="Tests.Feature.Game.Messages.Controllers.Api.ServerMessageControllerTest" assertions="2" time="0.249171"/>
        <testcase name="testGenerateServerMessageWithType" file="/home/adam/Documents/flare/tests/Feature/Game/Messages/Controllers/Api/ServerMessageControllerTest.php" line="75" class="Tests\Feature\Game\Messages\Controllers\Api\ServerMessageControllerTest" classname="Tests.Feature.Game.Messages.Controllers.Api.ServerMessageControllerTest" assertions="2" time="0.220262"/>
        <testcase name="testFailToGenerateServerMessage" file="/home/adam/Documents/flare/tests/Feature/Game/Messages/Controllers/Api/ServerMessageControllerTest.php" line="55" class="Tests\Feature\Game\Messages\Controllers\Api\ServerMessageControllerTest" classname="Tests.Feature.Game.Messages.Controllers.Api.ServerMessageControllerTest" assertions="3" time="0.235337"/>
        <testcase name="testFailToGenerateServerMessageForInvalidType" file="/home/adam/Documents/flare/tests/Feature/Game/Messages/Controllers/Api/ServerMessageControllerTest.php" line="92" class="Tests\Feature\Game\Messages\Controllers\Api\ServerMessageControllerTest" classname="Tests.Feature.Game.Messages.Controllers.Api.ServerMessageControllerTest" assertions="3" time="0.211744"/>
      </testsuite>
      <testsuite name="Tests\Feature\Game\NpcActions\LabyrinthOracle\Controllers\Api\LabyrinthOracleControllerTest" file="/home/adam/Documents/flare/tests/Feature/Game/NpcActions/LabyrinthOracle/Controllers/Api/LabyrinthOracleControllerTest.php" tests="3" assertions="4" errors="0" failures="0" skipped="0" time="0.805075">
        <testcase name="testInventoryItems" file="/home/adam/Documents/flare/tests/Feature/Game/NpcActions/LabyrinthOracle/Controllers/Api/LabyrinthOracleControllerTest.php" line="35" class="Tests\Feature\Game\NpcActions\LabyrinthOracle\Controllers\Api\LabyrinthOracleControllerTest" classname="Tests.Feature.Game.NpcActions.LabyrinthOracle.Controllers.Api.LabyrinthOracleControllerTest" assertions="1" time="0.245430"/>
        <testcase name="testInventoryItemsWithOneOfEach" file="/home/adam/Documents/flare/tests/Feature/Game/NpcActions/LabyrinthOracle/Controllers/Api/LabyrinthOracleControllerTest.php" line="71" class="Tests\Feature\Game\NpcActions\LabyrinthOracle\Controllers\Api\LabyrinthOracleControllerTest" classname="Tests.Feature.Game.NpcActions.LabyrinthOracle.Controllers.Api.LabyrinthOracleControllerTest" assertions="1" time="0.255405"/>
        <testcase name="testUseLabyrinthOracleToTransferItem" file="/home/adam/Documents/flare/tests/Feature/Game/NpcActions/LabyrinthOracle/Controllers/Api/LabyrinthOracleControllerTest.php" line="133" class="Tests\Feature\Game\NpcActions\LabyrinthOracle\Controllers\Api\LabyrinthOracleControllerTest" classname="Tests.Feature.Game.NpcActions.LabyrinthOracle.Controllers.Api.LabyrinthOracleControllerTest" assertions="2" time="0.304240"/>
      </testsuite>
      <testsuite name="Tests\Feature\Game\NpcActions\QueenOfHearts\Controllers\Api\QueenOfHeartsControllerTest" file="/home/adam/Documents/flare/tests/Feature/Game/NpcActions/QueenOfHearts/Controllers/Api/QueenOfHeartsControllerTest.php" tests="3" assertions="5" errors="0" failures="0" skipped="0" time="0.959430">
        <testcase name="testReRoll" file="/home/adam/Documents/flare/tests/Feature/Game/NpcActions/QueenOfHearts/Controllers/Api/QueenOfHeartsControllerTest.php" line="58" class="Tests\Feature\Game\NpcActions\QueenOfHearts\Controllers\Api\QueenOfHeartsControllerTest" classname="Tests.Feature.Game.NpcActions.QueenOfHearts.Controllers.Api.QueenOfHeartsControllerTest" assertions="2" time="0.325475"/>
        <testcase name="testUniquesOnly" file="/home/adam/Documents/flare/tests/Feature/Game/NpcActions/QueenOfHearts/Controllers/Api/QueenOfHeartsControllerTest.php" line="37" class="Tests\Feature\Game\NpcActions\QueenOfHearts\Controllers\Api\QueenOfHeartsControllerTest" classname="Tests.Feature.Game.NpcActions.QueenOfHearts.Controllers.Api.QueenOfHeartsControllerTest" assertions="2" time="0.269005"/>
        <testcase name="testMoveAffixes" file="/home/adam/Documents/flare/tests/Feature/Game/NpcActions/QueenOfHearts/Controllers/Api/QueenOfHeartsControllerTest.php" line="95" class="Tests\Feature\Game\NpcActions\QueenOfHearts\Controllers\Api\QueenOfHeartsControllerTest" classname="Tests.Feature.Game.NpcActions.QueenOfHearts.Controllers.Api.QueenOfHeartsControllerTest" assertions="1" time="0.364949"/>
      </testsuite>
      <testsuite name="Tests\Feature\Game\NpcActions\SeerActions\Controllers\Api\SeerCampControllerTest" file="/home/adam/Documents/flare/tests/Feature/Game/NpcActions/SeerActions/Controllers/Api/SeerCampControllerTest.php" tests="7" assertions="9" errors="0" failures="0" skipped="0" time="1.830643">
        <testcase name="testRollSockets" file="/home/adam/Documents/flare/tests/Feature/Game/NpcActions/SeerActions/Controllers/Api/SeerCampControllerTest.php" line="65" class="Tests\Feature\Game\NpcActions\SeerActions\Controllers\Api\SeerCampControllerTest" classname="Tests.Feature.Game.NpcActions.SeerActions.Controllers.Api.SeerCampControllerTest" assertions="1" time="0.272968"/>
        <testcase name="testVisitCamp" file="/home/adam/Documents/flare/tests/Feature/Game/NpcActions/SeerActions/Controllers/Api/SeerCampControllerTest.php" line="33" class="Tests\Feature\Game\NpcActions\SeerActions\Controllers\Api\SeerCampControllerTest" classname="Tests.Feature.Game.NpcActions.SeerActions.Controllers.Api.SeerCampControllerTest" assertions="2" time="0.222635"/>
        <testcase name="testRemoveGemFromItem" file="/home/adam/Documents/flare/tests/Feature/Game/NpcActions/SeerActions/Controllers/Api/SeerCampControllerTest.php" line="214" class="Tests\Feature\Game\NpcActions\SeerActions\Controllers\Api\SeerCampControllerTest" classname="Tests.Feature.Game.NpcActions.SeerActions.Controllers.Api.SeerCampControllerTest" assertions="1" time="0.289033"/>
        <testcase name="testAttachGemToItem" file="/home/adam/Documents/flare/tests/Feature/Game/NpcActions/SeerActions/Controllers/Api/SeerCampControllerTest.php" line="98" class="Tests\Feature\Game\NpcActions\SeerActions\Controllers\Api\SeerCampControllerTest" classname="Tests.Feature.Game.NpcActions.SeerActions.Controllers.Api.SeerCampControllerTest" assertions="1" time="0.247482"/>
        <testcase name="testRemoveAllGemsFromItem" file="/home/adam/Documents/flare/tests/Feature/Game/NpcActions/SeerActions/Controllers/Api/SeerCampControllerTest.php" line="258" class="Tests\Feature\Game\NpcActions\SeerActions\Controllers\Api\SeerCampControllerTest" classname="Tests.Feature.Game.NpcActions.SeerActions.Controllers.Api.SeerCampControllerTest" assertions="1" time="0.278771"/>
        <testcase name="testFetchItemsWithGems" file="/home/adam/Documents/flare/tests/Feature/Game/NpcActions/SeerActions/Controllers/Api/SeerCampControllerTest.php" line="191" class="Tests\Feature\Game\NpcActions\SeerActions\Controllers\Api\SeerCampControllerTest" classname="Tests.Feature.Game.NpcActions.SeerActions.Controllers.Api.SeerCampControllerTest" assertions="2" time="0.252267"/>
        <testcase name="testReplaceGemOnItem" file="/home/adam/Documents/flare/tests/Feature/Game/NpcActions/SeerActions/Controllers/Api/SeerCampControllerTest.php" line="138" class="Tests\Feature\Game\NpcActions\SeerActions\Controllers\Api\SeerCampControllerTest" classname="Tests.Feature.Game.NpcActions.SeerActions.Controllers.Api.SeerCampControllerTest" assertions="1" time="0.267487"/>
      </testsuite>
      <testsuite name="Tests\Feature\Game\NpcActions\Workbench\Controllers\Api\HolyItemsControllerTest" file="/home/adam/Documents/flare/tests/Feature/Game/NpcActions/Workbench/Controllers/Api/HolyItemsControllerTest.php" tests="2" assertions="5" errors="0" failures="0" skipped="0" time="0.546194">
        <testcase name="testGetSmithingItems" file="/home/adam/Documents/flare/tests/Feature/Game/NpcActions/Workbench/Controllers/Api/HolyItemsControllerTest.php" line="31" class="Tests\Feature\Game\NpcActions\Workbench\Controllers\Api\HolyItemsControllerTest" classname="Tests.Feature.Game.NpcActions.Workbench.Controllers.Api.HolyItemsControllerTest" assertions="2" time="0.251761"/>
        <testcase name="testApplyOil" file="/home/adam/Documents/flare/tests/Feature/Game/NpcActions/Workbench/Controllers/Api/HolyItemsControllerTest.php" line="58" class="Tests\Feature\Game\NpcActions\Workbench\Controllers\Api\HolyItemsControllerTest" classname="Tests.Feature.Game.NpcActions.Workbench.Controllers.Api.HolyItemsControllerTest" assertions="3" time="0.294433"/>
      </testsuite>
      <testsuite name="Tests\Feature\Game\Reincarnation\Controllers\Api\ReincarnateControllerTest" file="/home/adam/Documents/flare/tests/Feature/Game/Reincarnation/Controllers/Api/ReincarnateControllerTest.php" tests="1" assertions="1" errors="0" failures="0" skipped="0" time="0.344277">
        <testcase name="testReincarnate" file="/home/adam/Documents/flare/tests/Feature/Game/Reincarnation/Controllers/Api/ReincarnateControllerTest.php" line="35" class="Tests\Feature\Game\Reincarnation\Controllers\Api\ReincarnateControllerTest" classname="Tests.Feature.Game.Reincarnation.Controllers.Api.ReincarnateControllerTest" assertions="1" time="0.344277"/>
      </testsuite>
      <testsuite name="Tests\Feature\Game\Skills\Controllers\Api\AlchemyControllerTest" file="/home/adam/Documents/flare/tests/Feature/Game/Skills/Controllers/Api/AlchemyControllerTest.php" tests="3" assertions="12" errors="0" failures="0" skipped="0" time="0.780956">
        <testcase name="testCannotTransmute" file="/home/adam/Documents/flare/tests/Feature/Game/Skills/Controllers/Api/AlchemyControllerTest.php" line="69" class="Tests\Feature\Game\Skills\Controllers\Api\AlchemyControllerTest" classname="Tests.Feature.Game.Skills.Controllers.Api.AlchemyControllerTest" assertions="2" time="0.248520"/>
        <testcase name="testGetAlchemyItems" file="/home/adam/Documents/flare/tests/Feature/Game/Skills/Controllers/Api/AlchemyControllerTest.php" line="49" class="Tests\Feature\Game\Skills\Controllers\Api\AlchemyControllerTest" classname="Tests.Feature.Game.Skills.Controllers.Api.AlchemyControllerTest" assertions="2" time="0.255047"/>
        <testcase name="testTransumteItem" file="/home/adam/Documents/flare/tests/Feature/Game/Skills/Controllers/Api/AlchemyControllerTest.php" line="98" class="Tests\Feature\Game\Skills\Controllers\Api\AlchemyControllerTest" classname="Tests.Feature.Game.Skills.Controllers.Api.AlchemyControllerTest" assertions="8" time="0.277389"/>
      </testsuite>
      <testsuite name="Tests\Feature\Game\Skills\Controllers\Api\CraftingControllerTest" file="/home/adam/Documents/flare/tests/Feature/Game/Skills/Controllers/Api/CraftingControllerTest.php" tests="5" assertions="19" errors="0" failures="0" skipped="0" time="1.364604">
        <testcase name="testCannotCraft" file="/home/adam/Documents/flare/tests/Feature/Game/Skills/Controllers/Api/CraftingControllerTest.php" line="179" class="Tests\Feature\Game\Skills\Controllers\Api\CraftingControllerTest" classname="Tests.Feature.Game.Skills.Controllers.Api.CraftingControllerTest" assertions="2" time="0.274757"/>
        <testcase name="testGetCraftingItems" file="/home/adam/Documents/flare/tests/Feature/Game/Skills/Controllers/Api/CraftingControllerTest.php" line="158" class="Tests\Feature\Game\Skills\Controllers\Api\CraftingControllerTest" classname="Tests.Feature.Game.Skills.Controllers.Api.CraftingControllerTest" assertions="3" time="0.252460"/>
        <testcase name="testFetchItemsToCraftWithTheAbilityToShowCraftForNpc" file="/home/adam/Documents/flare/tests/Feature/Game/Skills/Controllers/Api/CraftingControllerTest.php" line="52" class="Tests\Feature\Game\Skills\Controllers\Api\CraftingControllerTest" classname="Tests.Feature.Game.Skills.Controllers.Api.CraftingControllerTest" assertions="3" time="0.272500"/>
        <testcase name="testFetchItemsToCraftWhileNotShowingCraftForNPCDueToNotHelpingThatNPC" file="/home/adam/Documents/flare/tests/Feature/Game/Skills/Controllers/Api/CraftingControllerTest.php" line="105" class="Tests\Feature\Game\Skills\Controllers\Api\CraftingControllerTest" classname="Tests.Feature.Game.Skills.Controllers.Api.CraftingControllerTest" assertions="3" time="0.259270"/>
        <testcase name="testCraftItem" file="/home/adam/Documents/flare/tests/Feature/Game/Skills/Controllers/Api/CraftingControllerTest.php" line="208" class="Tests\Feature\Game\Skills\Controllers\Api\CraftingControllerTest" classname="Tests.Feature.Game.Skills.Controllers.Api.CraftingControllerTest" assertions="8" time="0.305617"/>
      </testsuite>
      <testsuite name="Tests\Feature\Game\Skills\Controllers\Api\DisenchantingControllerTest" file="/home/adam/Documents/flare/tests/Feature/Game/Skills/Controllers/Api/DisenchantingControllerTest.php" tests="1" assertions="5" errors="0" failures="0" skipped="0" time="0.372561">
        <testcase name="testDisenchantItem" file="/home/adam/Documents/flare/tests/Feature/Game/Skills/Controllers/Api/DisenchantingControllerTest.php" line="49" class="Tests\Feature\Game\Skills\Controllers\Api\DisenchantingControllerTest" classname="Tests.Feature.Game.Skills.Controllers.Api.DisenchantingControllerTest" assertions="5" time="0.372561"/>
      </testsuite>
      <testsuite name="Tests\Feature\Game\Skills\Controllers\Api\EnchantingControllerTest" file="/home/adam/Documents/flare/tests/Feature/Game/Skills/Controllers/Api/EnchantingControllerTest.php" tests="6" assertions="16" errors="0" failures="0" skipped="0" time="1.534407">
        <testcase name="testCannotEnchantWhenInventorySlotDoesNotExist" file="/home/adam/Documents/flare/tests/Feature/Game/Skills/Controllers/Api/EnchantingControllerTest.php" line="90" class="Tests\Feature\Game\Skills\Controllers\Api\EnchantingControllerTest" classname="Tests.Feature.Game.Skills.Controllers.Api.EnchantingControllerTest" assertions="2" time="0.237782"/>
        <testcase name="testCannotEnchantQuestItems" file="/home/adam/Documents/flare/tests/Feature/Game/Skills/Controllers/Api/EnchantingControllerTest.php" line="106" class="Tests\Feature\Game\Skills\Controllers\Api\EnchantingControllerTest" classname="Tests.Feature.Game.Skills.Controllers.Api.EnchantingControllerTest" assertions="2" time="0.237038"/>
        <testcase name="testCannotEnchantWhenCanEnchantIsFalse" file="/home/adam/Documents/flare/tests/Feature/Game/Skills/Controllers/Api/EnchantingControllerTest.php" line="69" class="Tests\Feature\Game\Skills\Controllers\Api\EnchantingControllerTest" classname="Tests.Feature.Game.Skills.Controllers.Api.EnchantingControllerTest" assertions="2" time="0.253384"/>
        <testcase name="testGetEnchantingItems" file="/home/adam/Documents/flare/tests/Feature/Game/Skills/Controllers/Api/EnchantingControllerTest.php" line="52" class="Tests\Feature\Game\Skills\Controllers\Api\EnchantingControllerTest" classname="Tests.Feature.Game.Skills.Controllers.Api.EnchantingControllerTest" assertions="2" time="0.235152"/>
        <testcase name="testCannotEnchantItemNotEnoughGold" file="/home/adam/Documents/flare/tests/Feature/Game/Skills/Controllers/Api/EnchantingControllerTest.php" line="139" class="Tests\Feature\Game\Skills\Controllers\Api\EnchantingControllerTest" classname="Tests.Feature.Game.Skills.Controllers.Api.EnchantingControllerTest" assertions="3" time="0.262927"/>
        <testcase name="testEnchantItem" file="/home/adam/Documents/flare/tests/Feature/Game/Skills/Controllers/Api/EnchantingControllerTest.php" line="177" class="Tests\Feature\Game\Skills\Controllers\Api\EnchantingControllerTest" classname="Tests.Feature.Game.Skills.Controllers.Api.EnchantingControllerTest" assertions="5" time="0.308124"/>
      </testsuite>
      <testsuite name="Tests\Feature\Game\Skills\Controllers\Api\GemCraftingControllerTest" file="/home/adam/Documents/flare/tests/Feature/Game/Skills/Controllers/Api/GemCraftingControllerTest.php" tests="2" assertions="9" errors="0" failures="0" skipped="0" time="0.586529">
        <testcase name="testGetCraftableGems" file="/home/adam/Documents/flare/tests/Feature/Game/Skills/Controllers/Api/GemCraftingControllerTest.php" line="51" class="Tests\Feature\Game\Skills\Controllers\Api\GemCraftingControllerTest" classname="Tests.Feature.Game.Skills.Controllers.Api.GemCraftingControllerTest" assertions="2" time="0.265704"/>
        <testcase name="testCraftGem" file="/home/adam/Documents/flare/tests/Feature/Game/Skills/Controllers/Api/GemCraftingControllerTest.php" line="62" class="Tests\Feature\Game\Skills\Controllers\Api\GemCraftingControllerTest" classname="Tests.Feature.Game.Skills.Controllers.Api.GemCraftingControllerTest" assertions="7" time="0.320825"/>
      </testsuite>
      <testsuite name="Tests\Feature\Game\Skills\Controllers\Api\ItemSkillControllerTest" file="/home/adam/Documents/flare/tests/Feature/Game/Skills/Controllers/Api/ItemSkillControllerTest.php" tests="2" assertions="6" errors="0" failures="0" skipped="0" time="0.495996">
        <testcase name="testTrainItemSkill" file="/home/adam/Documents/flare/tests/Feature/Game/Skills/Controllers/Api/ItemSkillControllerTest.php" line="33" class="Tests\Feature\Game\Skills\Controllers\Api\ItemSkillControllerTest" classname="Tests.Feature.Game.Skills.Controllers.Api.ItemSkillControllerTest" assertions="3" time="0.263822"/>
        <testcase name="testStopTrainingItemSkill" file="/home/adam/Documents/flare/tests/Feature/Game/Skills/Controllers/Api/ItemSkillControllerTest.php" line="89" class="Tests\Feature\Game\Skills\Controllers\Api\ItemSkillControllerTest" classname="Tests.Feature.Game.Skills.Controllers.Api.ItemSkillControllerTest" assertions="3" time="0.232174"/>
      </testsuite>
      <testsuite name="Tests\Feature\Game\Skills\Controllers\Api\SkillsControllerTest" file="/home/adam/Documents/flare/tests/Feature/Game/Skills/Controllers/Api/SkillsControllerTest.php" tests="6" assertions="13" errors="0" failures="0" skipped="0" time="1.699204">
        <testcase name="testGetSkillsForPlayer" file="/home/adam/Documents/flare/tests/Feature/Game/Skills/Controllers/Api/SkillsControllerTest.php" line="32" class="Tests\Feature\Game\Skills\Controllers\Api\SkillsControllerTest" classname="Tests.Feature.Game.Skills.Controllers.Api.SkillsControllerTest" assertions="2" time="0.258622"/>
        <testcase name="testGetSkillInformation" file="/home/adam/Documents/flare/tests/Feature/Game/Skills/Controllers/Api/SkillsControllerTest.php" line="80" class="Tests\Feature\Game\Skills\Controllers\Api\SkillsControllerTest" classname="Tests.Feature.Game.Skills.Controllers.Api.SkillsControllerTest" assertions="1" time="0.234114"/>
        <testcase name="testStopTrainingSkill" file="/home/adam/Documents/flare/tests/Feature/Game/Skills/Controllers/Api/SkillsControllerTest.php" line="150" class="Tests\Feature\Game\Skills\Controllers\Api\SkillsControllerTest" classname="Tests.Feature.Game.Skills.Controllers.Api.SkillsControllerTest" assertions="3" time="0.258306"/>
        <testcase name="testTrainSkill" file="/home/adam/Documents/flare/tests/Feature/Game/Skills/Controllers/Api/SkillsControllerTest.php" line="99" class="Tests\Feature\Game\Skills\Controllers\Api\SkillsControllerTest" classname="Tests.Feature.Game.Skills.Controllers.Api.SkillsControllerTest" assertions="3" time="0.260695"/>
        <testcase name="testFailToGetSkillInformation" file="/home/adam/Documents/flare/tests/Feature/Game/Skills/Controllers/Api/SkillsControllerTest.php" line="57" class="Tests\Feature\Game\Skills\Controllers\Api\SkillsControllerTest" classname="Tests.Feature.Game.Skills.Controllers.Api.SkillsControllerTest" assertions="2" time="0.413742"/>
        <testcase name="testFailToCancelSkillTraining" file="/home/adam/Documents/flare/tests/Feature/Game/Skills/Controllers/Api/SkillsControllerTest.php" line="127" class="Tests\Feature\Game\Skills\Controllers\Api\SkillsControllerTest" classname="Tests.Feature.Game.Skills.Controllers.Api.SkillsControllerTest" assertions="2" time="0.273726"/>
      </testsuite>
      <testsuite name="Tests\Feature\Game\Skills\Controllers\Api\TrinketCraftingControllerTest" file="/home/adam/Documents/flare/tests/Feature/Game/Skills/Controllers/Api/TrinketCraftingControllerTest.php" tests="2" assertions="6" errors="0" failures="0" skipped="0" time="0.564251">
        <testcase name="testGetCraftableTrinkets" file="/home/adam/Documents/flare/tests/Feature/Game/Skills/Controllers/Api/TrinketCraftingControllerTest.php" line="50" class="Tests\Feature\Game\Skills\Controllers\Api\TrinketCraftingControllerTest" classname="Tests.Feature.Game.Skills.Controllers.Api.TrinketCraftingControllerTest" assertions="2" time="0.236523"/>
        <testcase name="testCraftTrinket" file="/home/adam/Documents/flare/tests/Feature/Game/Skills/Controllers/Api/TrinketCraftingControllerTest.php" line="67" class="Tests\Feature\Game\Skills\Controllers\Api\TrinketCraftingControllerTest" classname="Tests.Feature.Game.Skills.Controllers.Api.TrinketCraftingControllerTest" assertions="4" time="0.327727"/>
      </testsuite>
      <testsuite name="Tests\Feature\Game\Survey\Controllers\Api\SurveyControllerTest" file="/home/adam/Documents/flare/tests/Feature/Game/Survey/Controllers/Api/SurveyControllerTest.php" tests="2" assertions="5" errors="0" failures="0" skipped="0" time="0.468046">
        <testcase name="testFetchSurvey" file="/home/adam/Documents/flare/tests/Feature/Game/Survey/Controllers/Api/SurveyControllerTest.php" line="38" class="Tests\Feature\Game\Survey\Controllers\Api\SurveyControllerTest" classname="Tests.Feature.Game.Survey.Controllers.Api.SurveyControllerTest" assertions="3" time="0.222476"/>
        <testcase name="testSubmitSurveyResponse" file="/home/adam/Documents/flare/tests/Feature/Game/Survey/Controllers/Api/SurveyControllerTest.php" line="49" class="Tests\Feature\Game\Survey\Controllers\Api\SurveyControllerTest" classname="Tests.Feature.Game.Survey.Controllers.Api.SurveyControllerTest" assertions="2" time="0.245570"/>
      </testsuite>
      <testsuite name="Tests\Feature\ReleasePageControllerTest" file="/home/adam/Documents/flare/tests/Feature/ReleasePageControllerTest.php" tests="1" assertions="2" errors="0" failures="0" skipped="0" time="0.159741">
        <testcase name="testViewReleaseNotes" file="/home/adam/Documents/flare/tests/Feature/ReleasePageControllerTest.php" line="13" class="Tests\Feature\ReleasePageControllerTest" classname="Tests.Feature.ReleasePageControllerTest" assertions="2" time="0.159741"/>
      </testsuite>
    </testsuite>
    <testsuite name="Unit" tests="1174" assertions="2580" errors="0" failures="0" skipped="0" time="880.212190">
      <testsuite name="Tests\Unit\Flare\Builders\AffixAttributeBuilderTest" file="/home/adam/Documents/flare/tests/Unit/Flare/Builders/AffixAttributeBuilderTest.php" tests="1" assertions="1" errors="0" failures="0" skipped="0" time="0.098154">
        <testcase name="testBuildAffixAttributesWithOutSkillInfo" file="/home/adam/Documents/flare/tests/Unit/Flare/Builders/AffixAttributeBuilderTest.php" line="29" class="Tests\Unit\Flare\Builders\AffixAttributeBuilderTest" classname="Tests.Unit.Flare.Builders.AffixAttributeBuilderTest" assertions="1" time="0.098154"/>
      </testsuite>
      <testsuite name="Tests\Unit\Flare\Builders\RandomAffixGeneratorTest" file="/home/adam/Documents/flare/tests/Unit/Flare/Builders/RandomAffixGeneratorTest.php" tests="1" assertions="1" errors="0" failures="0" skipped="0" time="0.211253">
        <testcase name="testShouldReturnTheSameAffixAndNotGenerateANewOne" file="/home/adam/Documents/flare/tests/Unit/Flare/Builders/RandomAffixGeneratorTest.php" line="39" class="Tests\Unit\Flare\Builders\RandomAffixGeneratorTest" classname="Tests.Unit.Flare.Builders.RandomAffixGeneratorTest" assertions="1" time="0.211253"/>
      </testsuite>
      <testsuite name="Tests\Unit\Flare\Github\Services\GithubTest" file="/home/adam/Documents/flare/tests/Unit/Flare/Github/Services/GithubTest.php" tests="4" assertions="4" errors="0" failures="0" skipped="0" time="0.434552">
        <testcase name="testBailWhenClientNotSet" file="/home/adam/Documents/flare/tests/Unit/Flare/Github/Services/GithubTest.php" line="55" class="Tests\Unit\Flare\Github\Services\GithubTest" classname="Tests.Unit.Flare.Github.Services.GithubTest" assertions="1" time="0.099116"/>
        <testcase name="testInitializeGitHUbWithAuthorization" file="/home/adam/Documents/flare/tests/Unit/Flare/Github/Services/GithubTest.php" line="42" class="Tests\Unit\Flare\Github\Services\GithubTest" classname="Tests.Unit.Flare.Github.Services.GithubTest" assertions="1" time="0.134989"/>
        <testcase name="testGetReleaseDataFromGithub" file="/home/adam/Documents/flare/tests/Unit/Flare/Github/Services/GithubTest.php" line="63" class="Tests\Unit\Flare\Github\Services\GithubTest" classname="Tests.Unit.Flare.Github.Services.GithubTest" assertions="1" time="0.103519"/>
        <testcase name="testInitializeGitHUbWithOutAuthorization" file="/home/adam/Documents/flare/tests/Unit/Flare/Github/Services/GithubTest.php" line="33" class="Tests\Unit\Flare\Github\Services\GithubTest" classname="Tests.Unit.Flare.Github.Services.GithubTest" assertions="1" time="0.096929"/>
      </testsuite>
      <testsuite name="Tests\Unit\Flare\Items\Comparison\ComparatorTest" file="/home/adam/Documents/flare/tests/Unit/Flare/Items/Comparison/ComparatorTest.php" tests="17" assertions="49" errors="0" failures="0" skipped="0" time="2.282557">
        <testcase name="testAmbushChanceStringYieldsNoop" file="/home/adam/Documents/flare/tests/Unit/Flare/Items/Comparison/ComparatorTest.php" line="412" class="Tests\Unit\Flare\Items\Comparison\ComparatorTest" classname="Tests.Unit.Flare.Items.Comparison.ComparatorTest" assertions="1" time="0.146479"/>
        <testcase name="testMapReturningNullSkipsField" file="/home/adam/Documents/flare/tests/Unit/Flare/Items/Comparison/ComparatorTest.php" line="527" class="Tests\Unit\Flare\Items\Comparison\ComparatorTest" classname="Tests.Unit.Flare.Items.Comparison.ComparatorTest" assertions="3" time="0.107725"/>
        <testcase name="testIndexRowsByKeyWithNoValidRowsReturnsEmpty" file="/home/adam/Documents/flare/tests/Unit/Flare/Items/Comparison/ComparatorTest.php" line="577" class="Tests\Unit\Flare\Items\Comparison\ComparatorTest" classname="Tests.Unit.Flare.Items.Comparison.ComparatorTest" assertions="1" time="0.104092"/>
        <testcase name="testDefaultStrategyFallbacksForNumberAndBoolean" file="/home/adam/Documents/flare/tests/Unit/Flare/Items/Comparison/ComparatorTest.php" line="496" class="Tests\Unit\Flare\Items\Comparison\ComparatorTest" classname="Tests.Unit.Flare.Items.Comparison.ComparatorTest" assertions="2" time="0.116917"/>
        <testcase name="testIndexRowsByKeyGuardBranches" file="/home/adam/Documents/flare/tests/Unit/Flare/Items/Comparison/ComparatorTest.php" line="469" class="Tests\Unit\Flare\Items\Comparison\ComparatorTest" classname="Tests.Unit.Flare.Items.Comparison.ComparatorTest" assertions="3" time="0.116324"/>
        <testcase name="testAmbushChanceBooleanUsesFlagDiff" file="/home/adam/Documents/flare/tests/Unit/Flare/Items/Comparison/ComparatorTest.php" line="395" class="Tests\Unit\Flare\Items\Comparison\ComparatorTest" classname="Tests.Unit.Flare.Items.Comparison.ComparatorTest" assertions="1" time="0.132372"/>
        <testcase name="testCollectionsDescriptorMissingPathIsSkipped" file="/home/adam/Documents/flare/tests/Unit/Flare/Items/Comparison/ComparatorTest.php" line="549" class="Tests\Unit\Flare\Items\Comparison\ComparatorTest" classname="Tests.Unit.Flare.Items.Comparison.ComparatorTest" assertions="1" time="0.105847"/>
        <testcase name="testCompareAmbushAndCounterAdjustments" file="/home/adam/Documents/flare/tests/Unit/Flare/Items/Comparison/ComparatorTest.php" line="375" class="Tests\Unit\Flare\Items\Comparison\ComparatorTest" classname="Tests.Unit.Flare.Items.Comparison.ComparatorTest" assertions="2" time="0.115097"/>
        <testcase name="testIncludedFieldThatAlsoMatchesExcludeIsSkipped" file="/home/adam/Documents/flare/tests/Unit/Flare/Items/Comparison/ComparatorTest.php" line="429" class="Tests\Unit\Flare\Items\Comparison\ComparatorTest" classname="Tests.Unit.Flare.Items.Comparison.ComparatorTest" assertions="1" time="0.116151"/>
        <testcase name="testCompareHolyStackLeftOnly" file="/home/adam/Documents/flare/tests/Unit/Flare/Items/Comparison/ComparatorTest.php" line="287" class="Tests\Unit\Flare\Items\Comparison\ComparatorTest" classname="Tests.Unit.Flare.Items.Comparison.ComparatorTest" assertions="1" time="0.145994"/>
        <testcase name="testCompareNoAffixesVsNoAffixes" file="/home/adam/Documents/flare/tests/Unit/Flare/Items/Comparison/ComparatorTest.php" line="253" class="Tests\Unit\Flare\Items\Comparison\ComparatorTest" classname="Tests.Unit.Flare.Items.Comparison.ComparatorTest" assertions="2" time="0.138904"/>
        <testcase name="testCompareHolyStacksBoth" file="/home/adam/Documents/flare/tests/Unit/Flare/Items/Comparison/ComparatorTest.php" line="307" class="Tests\Unit\Flare\Items\Comparison\ComparatorTest" classname="Tests.Unit.Flare.Items.Comparison.ComparatorTest" assertions="1" time="0.166626"/>
        <testcase name="testCompareNoAffixesVsWithAffixes" file="/home/adam/Documents/flare/tests/Unit/Flare/Items/Comparison/ComparatorTest.php" line="40" class="Tests\Unit\Flare\Items\Comparison\ComparatorTest" classname="Tests.Unit.Flare.Items.Comparison.ComparatorTest" assertions="14" time="0.159199"/>
        <testcase name="testComparePrefixOnlyVsSuffixOnly" file="/home/adam/Documents/flare/tests/Unit/Flare/Items/Comparison/ComparatorTest.php" line="214" class="Tests\Unit\Flare\Items\Comparison\ComparatorTest" classname="Tests.Unit.Flare.Items.Comparison.ComparatorTest" assertions="3" time="0.208476"/>
        <testcase name="testCompareHolyStacksBothWithAffixes" file="/home/adam/Documents/flare/tests/Unit/Flare/Items/Comparison/ComparatorTest.php" line="333" class="Tests\Unit\Flare\Items\Comparison\ComparatorTest" classname="Tests.Unit.Flare.Items.Comparison.ComparatorTest" assertions="2" time="0.146155"/>
        <testcase name="testCompareAffixesVsAffixes" file="/home/adam/Documents/flare/tests/Unit/Flare/Items/Comparison/ComparatorTest.php" line="118" class="Tests\Unit\Flare\Items\Comparison\ComparatorTest" classname="Tests.Unit.Flare.Items.Comparison.ComparatorTest" assertions="9" time="0.140219"/>
        <testcase name="testDefaultStrategyRunsWhenTypeIsUnknown" file="/home/adam/Documents/flare/tests/Unit/Flare/Items/Comparison/ComparatorTest.php" line="447" class="Tests\Unit\Flare\Items\Comparison\ComparatorTest" classname="Tests.Unit.Flare.Items.Comparison.ComparatorTest" assertions="2" time="0.115980"/>
      </testsuite>
      <testsuite name="Tests\Unit\Flare\Items\Comparison\ItemComparisonTest" file="/home/adam/Documents/flare/tests/Unit/Flare/Items/Comparison/ItemComparisonTest.php" tests="10" assertions="44" errors="0" failures="0" skipped="0" time="2.366321">
        <testcase name="testReturnsEmptyWhenNoMatchingSlots" file="/home/adam/Documents/flare/tests/Unit/Flare/Items/Comparison/ItemComparisonTest.php" line="53" class="Tests\Unit\Flare\Items\Comparison\ItemComparisonTest" classname="Tests.Unit.Flare.Items.Comparison.ItemComparisonTest" assertions="1" time="0.248511"/>
        <testcase name="testReturnsEmptyWhenNoEquipPositions" file="/home/adam/Documents/flare/tests/Unit/Flare/Items/Comparison/ItemComparisonTest.php" line="38" class="Tests\Unit\Flare\Items\Comparison\ItemComparisonTest" classname="Tests.Unit.Flare.Items.Comparison.ItemComparisonTest" assertions="1" time="0.223932"/>
        <testcase name="testNoMatchingSlotsEvenWithUnrelatedItemsEquipped" file="/home/adam/Documents/flare/tests/Unit/Flare/Items/Comparison/ItemComparisonTest.php" line="229" class="Tests\Unit\Flare\Items\Comparison\ItemComparisonTest" classname="Tests.Unit.Flare.Items.Comparison.ItemComparisonTest" assertions="1" time="0.200916"/>
        <testcase name="testComparisonRowIncludesSlotFlagsAndEquippedAffixNameKey" file="/home/adam/Documents/flare/tests/Unit/Flare/Items/Comparison/ItemComparisonTest.php" line="205" class="Tests\Unit\Flare\Items\Comparison\ItemComparisonTest" classname="Tests.Unit.Flare.Items.Comparison.ItemComparisonTest" assertions="8" time="0.253281"/>
        <testcase name="testShieldComparesAgainstBothHands" file="/home/adam/Documents/flare/tests/Unit/Flare/Items/Comparison/ItemComparisonTest.php" line="127" class="Tests\Unit\Flare\Items\Comparison\ItemComparisonTest" classname="Tests.Unit.Flare.Items.Comparison.ItemComparisonTest" assertions="3" time="0.222258"/>
        <testcase name="testArmourTypeResolvesMappedPositions" file="/home/adam/Documents/flare/tests/Unit/Flare/Items/Comparison/ItemComparisonTest.php" line="170" class="Tests\Unit\Flare\Items\Comparison\ItemComparisonTest" classname="Tests.Unit.Flare.Items.Comparison.ItemComparisonTest" assertions="5" time="0.216217"/>
        <testcase name="testRingsCompareAgainstBothRingSlots" file="/home/adam/Documents/flare/tests/Unit/Flare/Items/Comparison/ItemComparisonTest.php" line="149" class="Tests\Unit\Flare\Items\Comparison\ItemComparisonTest" classname="Tests.Unit.Flare.Items.Comparison.ItemComparisonTest" assertions="3" time="0.229650"/>
        <testcase name="testIgnoresUnequippedSlotsEvenIfPositionsMatch" file="/home/adam/Documents/flare/tests/Unit/Flare/Items/Comparison/ItemComparisonTest.php" line="244" class="Tests\Unit\Flare\Items\Comparison\ItemComparisonTest" classname="Tests.Unit.Flare.Items.Comparison.ItemComparisonTest" assertions="1" time="0.247382"/>
        <testcase name="testSpellsCompareAgainstBothSlotsAndReverseOrder" file="/home/adam/Documents/flare/tests/Unit/Flare/Items/Comparison/ItemComparisonTest.php" line="68" class="Tests\Unit\Flare\Items\Comparison\ItemComparisonTest" classname="Tests.Unit.Flare.Items.Comparison.ItemComparisonTest" assertions="6" time="0.223041"/>
        <testcase name="testTwoHandedWeaponTypesCompareAgainstBothHandsAndReverseOrder" file="/home/adam/Documents/flare/tests/Unit/Flare/Items/Comparison/ItemComparisonTest.php" line="94" class="Tests\Unit\Flare\Items\Comparison\ItemComparisonTest" classname="Tests.Unit.Flare.Items.Comparison.ItemComparisonTest" assertions="15" time="0.301132"/>
      </testsuite>
      <testsuite name="Tests\Unit\Flare\Items\Enricher\EquippableEnricherTest" file="/home/adam/Documents/flare/tests/Unit/Flare/Items/Enricher/EquippableEnricherTest.php" tests="10" assertions="32" errors="0" failures="0" skipped="0" time="1.283625">
        <testcase name="testEnrichMethodHasAutoManifestAndResolvesEquippableSchema" file="/home/adam/Documents/flare/tests/Unit/Flare/Items/Enricher/EquippableEnricherTest.php" line="211" class="Tests\Unit\Flare\Items\Enricher\EquippableEnricherTest" classname="Tests.Unit.Flare.Items.Enricher.EquippableEnricherTest" assertions="5" time="0.142102"/>
        <testcase name="testEnrichesBaseItemStats" file="/home/adam/Documents/flare/tests/Unit/Flare/Items/Enricher/EquippableEnricherTest.php" line="48" class="Tests\Unit\Flare\Items\Enricher\EquippableEnricherTest" classname="Tests.Unit.Flare.Items.Enricher.EquippableEnricherTest" assertions="3" time="0.117415"/>
        <testcase name="testStackableDamageFromSuffixOnly" file="/home/adam/Documents/flare/tests/Unit/Flare/Items/Enricher/EquippableEnricherTest.php" line="171" class="Tests\Unit\Flare\Items\Enricher\EquippableEnricherTest" classname="Tests.Unit.Flare.Items.Enricher.EquippableEnricherTest" assertions="3" time="0.115354"/>
        <testcase name="testCategorizedDamageFromAffixes" file="/home/adam/Documents/flare/tests/Unit/Flare/Items/Enricher/EquippableEnricherTest.php" line="103" class="Tests\Unit\Flare\Items\Enricher\EquippableEnricherTest" classname="Tests.Unit.Flare.Items.Enricher.EquippableEnricherTest" assertions="3" time="0.128541"/>
        <testcase name="testEnrichesDamageStatIfGiven" file="/home/adam/Documents/flare/tests/Unit/Flare/Items/Enricher/EquippableEnricherTest.php" line="129" class="Tests\Unit\Flare\Items\Enricher\EquippableEnricherTest" classname="Tests.Unit.Flare.Items.Enricher.EquippableEnricherTest" assertions="1" time="0.148172"/>
        <testcase name="testIncludesAffixModifiersInEnrichment" file="/home/adam/Documents/flare/tests/Unit/Flare/Items/Enricher/EquippableEnricherTest.php" line="66" class="Tests\Unit\Flare\Items\Enricher\EquippableEnricherTest" classname="Tests.Unit.Flare.Items.Enricher.EquippableEnricherTest" assertions="2" time="0.129576"/>
        <testcase name="testSchemaMapsEnrichedItemIntoDotPaths" file="/home/adam/Documents/flare/tests/Unit/Flare/Items/Enricher/EquippableEnricherTest.php" line="239" class="Tests\Unit\Flare\Items\Enricher\EquippableEnricherTest" classname="Tests.Unit.Flare.Items.Enricher.EquippableEnricherTest" assertions="10" time="0.123502"/>
        <testcase name="testBuildsSkillSummaryFromAffixesAndItem" file="/home/adam/Documents/flare/tests/Unit/Flare/Items/Enricher/EquippableEnricherTest.php" line="140" class="Tests\Unit\Flare\Items\Enricher\EquippableEnricherTest" classname="Tests.Unit.Flare.Items.Enricher.EquippableEnricherTest" assertions="1" time="0.119684"/>
        <testcase name="testNonStackingDamageFromPrefixOnly" file="/home/adam/Documents/flare/tests/Unit/Flare/Items/Enricher/EquippableEnricherTest.php" line="191" class="Tests\Unit\Flare\Items\Enricher\EquippableEnricherTest" classname="Tests.Unit.Flare.Items.Enricher.EquippableEnricherTest" assertions="3" time="0.146838"/>
        <testcase name="testCalculatesDevouringDarknessFromBaseAndHoly" file="/home/adam/Documents/flare/tests/Unit/Flare/Items/Enricher/EquippableEnricherTest.php" line="92" class="Tests\Unit\Flare\Items\Enricher\EquippableEnricherTest" classname="Tests.Unit.Flare.Items.Enricher.EquippableEnricherTest" assertions="1" time="0.112442"/>
      </testsuite>
      <testsuite name="Tests\Unit\Flare\Items\Enricher\ItemEnricherFactoryTest" file="/home/adam/Documents/flare/tests/Unit/Flare/Items/Enricher/ItemEnricherFactoryTest.php" tests="15" assertions="35" errors="0" failures="0" skipped="0" time="1.857022">
        <testcase name="testReturnsUnmodifiedQuestItem" file="/home/adam/Documents/flare/tests/Unit/Flare/Items/Enricher/ItemEnricherFactoryTest.php" line="95" class="Tests\Unit\Flare\Items\Enricher\ItemEnricherFactoryTest" classname="Tests.Unit.Flare.Items.Enricher.ItemEnricherFactoryTest" assertions="1" time="0.106412"/>
        <testcase name="testReturnsTransformedUsableItemData" file="/home/adam/Documents/flare/tests/Unit/Flare/Items/Enricher/ItemEnricherFactoryTest.php" line="120" class="Tests\Unit\Flare\Items\Enricher\ItemEnricherFactoryTest" classname="Tests.Unit.Flare.Items.Enricher.ItemEnricherFactoryTest" assertions="2" time="0.106470"/>
        <testcase name="testReturnsEmptyArrayForUnknownType" file="/home/adam/Documents/flare/tests/Unit/Flare/Items/Enricher/ItemEnricherFactoryTest.php" line="146" class="Tests\Unit\Flare\Items\Enricher\ItemEnricherFactoryTest" classname="Tests.Unit.Flare.Items.Enricher.ItemEnricherFactoryTest" assertions="1" time="0.126526"/>
        <testcase name="testReturnsUnmodifiedUsableItem" file="/home/adam/Documents/flare/tests/Unit/Flare/Items/Enricher/ItemEnricherFactoryTest.php" line="83" class="Tests\Unit\Flare\Items\Enricher\ItemEnricherFactoryTest" classname="Tests.Unit.Flare.Items.Enricher.ItemEnricherFactoryTest" assertions="1" time="0.108160"/>
        <testcase name="testReturnsTransformedEquippableItemData" file="/home/adam/Documents/flare/tests/Unit/Flare/Items/Enricher/ItemEnricherFactoryTest.php" line="107" class="Tests\Unit\Flare\Items\Enricher\ItemEnricherFactoryTest" classname="Tests.Unit.Flare.Items.Enricher.ItemEnricherFactoryTest" assertions="2" time="0.121969"/>
        <testcase name="testReturnsEnrichedEquippableItem" file="/home/adam/Documents/flare/tests/Unit/Flare/Items/Enricher/ItemEnricherFactoryTest.php" line="44" class="Tests\Unit\Flare\Items\Enricher\ItemEnricherFactoryTest" classname="Tests.Unit.Flare.Items.Enricher.ItemEnricherFactoryTest" assertions="3" time="0.109055"/>
        <testcase name="testQuestItemIncludesRewardLocations" file="/home/adam/Documents/flare/tests/Unit/Flare/Items/Enricher/ItemEnricherFactoryTest.php" line="211" class="Tests\Unit\Flare\Items\Enricher\ItemEnricherFactoryTest" classname="Tests.Unit.Flare.Items.Enricher.ItemEnricherFactoryTest" assertions="2" time="0.141972"/>
        <testcase name="testQuestItemIncludesRequiredMonster" file="/home/adam/Documents/flare/tests/Unit/Flare/Items/Enricher/ItemEnricherFactoryTest.php" line="176" class="Tests\Unit\Flare\Items\Enricher\ItemEnricherFactoryTest" classname="Tests.Unit.Flare.Items.Enricher.ItemEnricherFactoryTest" assertions="3" time="0.116627"/>
        <testcase name="testQuestItemIsRequiredByLocation" file="/home/adam/Documents/flare/tests/Unit/Flare/Items/Enricher/ItemEnricherFactoryTest.php" line="255" class="Tests\Unit\Flare\Items\Enricher\ItemEnricherFactoryTest" classname="Tests.Unit.Flare.Items.Enricher.ItemEnricherFactoryTest" assertions="2" time="0.131781"/>
        <testcase name="testQuestItemIncludesDropLocation" file="/home/adam/Documents/flare/tests/Unit/Flare/Items/Enricher/ItemEnricherFactoryTest.php" line="158" class="Tests\Unit\Flare\Items\Enricher\ItemEnricherFactoryTest" classname="Tests.Unit.Flare.Items.Enricher.ItemEnricherFactoryTest" assertions="3" time="0.124760"/>
        <testcase name="testQuestItemIncludesAllRequiredQuests" file="/home/adam/Documents/flare/tests/Unit/Flare/Items/Enricher/ItemEnricherFactoryTest.php" line="223" class="Tests\Unit\Flare\Items\Enricher\ItemEnricherFactoryTest" classname="Tests.Unit.Flare.Items.Enricher.ItemEnricherFactoryTest" assertions="2" time="0.150987"/>
        <testcase name="testReturnsTransformedQuestItemData" file="/home/adam/Documents/flare/tests/Unit/Flare/Items/Enricher/ItemEnricherFactoryTest.php" line="133" class="Tests\Unit\Flare\Items\Enricher\ItemEnricherFactoryTest" classname="Tests.Unit.Flare.Items.Enricher.ItemEnricherFactoryTest" assertions="2" time="0.118895"/>
        <testcase name="testQuestItemIncludesRequiredQuest" file="/home/adam/Documents/flare/tests/Unit/Flare/Items/Enricher/ItemEnricherFactoryTest.php" line="193" class="Tests\Unit\Flare\Items\Enricher\ItemEnricherFactoryTest" classname="Tests.Unit.Flare.Items.Enricher.ItemEnricherFactoryTest" assertions="3" time="0.130236"/>
        <testcase name="testQuestItemIsRewardedByQuest" file="/home/adam/Documents/flare/tests/Unit/Flare/Items/Enricher/ItemEnricherFactoryTest.php" line="241" class="Tests\Unit\Flare\Items\Enricher\ItemEnricherFactoryTest" classname="Tests.Unit.Flare.Items.Enricher.ItemEnricherFactoryTest" assertions="2" time="0.122641"/>
        <testcase name="testEquippableBranchActuallyEnrichesItem" file="/home/adam/Documents/flare/tests/Unit/Flare/Items/Enricher/ItemEnricherFactoryTest.php" line="59" class="Tests\Unit\Flare\Items\Enricher\ItemEnricherFactoryTest" classname="Tests.Unit.Flare.Items.Enricher.ItemEnricherFactoryTest" assertions="6" time="0.140531"/>
      </testsuite>
      <testsuite name="Tests\Unit\Flare\Items\Enricher\Manifest\BaseManifestTest" file="/home/adam/Documents/flare/tests/Unit/Flare/Items/Enricher/Manifest/BaseManifestTest.php" tests="11" assertions="18" errors="0" failures="0" skipped="0" time="0.003791">
        <testcase name="testIncludesReturnsEmptyArrayByDefault" file="/home/adam/Documents/flare/tests/Unit/Flare/Items/Enricher/Manifest/BaseManifestTest.php" line="30" class="Tests\Unit\Flare\Items\Enricher\Manifest\BaseManifestTest" classname="Tests.Unit.Flare.Items.Enricher.Manifest.BaseManifestTest" assertions="1" time="0.000492"/>
        <testcase name="testExcludesReturnsEmptyArrayByDefault" file="/home/adam/Documents/flare/tests/Unit/Flare/Items/Enricher/Manifest/BaseManifestTest.php" line="35" class="Tests\Unit\Flare\Items\Enricher\Manifest\BaseManifestTest" classname="Tests.Unit.Flare.Items.Enricher.Manifest.BaseManifestTest" assertions="1" time="0.000342"/>
        <testcase name="testMapReturnsOriginalPropByDefault" file="/home/adam/Documents/flare/tests/Unit/Flare/Items/Enricher/Manifest/BaseManifestTest.php" line="40" class="Tests\Unit\Flare\Items\Enricher\Manifest\BaseManifestTest" classname="Tests.Unit.Flare.Items.Enricher.Manifest.BaseManifestTest" assertions="2" time="0.000328"/>
        <testcase name="testTypeForReturnsNumberForIntAndFloat" file="/home/adam/Documents/flare/tests/Unit/Flare/Items/Enricher/Manifest/BaseManifestTest.php" line="46" class="Tests\Unit\Flare\Items\Enricher\Manifest\BaseManifestTest" classname="Tests.Unit.Flare.Items.Enricher.Manifest.BaseManifestTest" assertions="2" time="0.000346"/>
        <testcase name="testTypeForReturnsBooleanForBool" file="/home/adam/Documents/flare/tests/Unit/Flare/Items/Enricher/Manifest/BaseManifestTest.php" line="52" class="Tests\Unit\Flare\Items\Enricher\Manifest\BaseManifestTest" classname="Tests.Unit.Flare.Items.Enricher.Manifest.BaseManifestTest" assertions="2" time="0.000325"/>
        <testcase name="testTypeForReturnsStringForString" file="/home/adam/Documents/flare/tests/Unit/Flare/Items/Enricher/Manifest/BaseManifestTest.php" line="58" class="Tests\Unit\Flare\Items\Enricher\Manifest\BaseManifestTest" classname="Tests.Unit.Flare.Items.Enricher.Manifest.BaseManifestTest" assertions="2" time="0.000327"/>
        <testcase name="testTypeForReturnsNullForUnsupportedTypes" file="/home/adam/Documents/flare/tests/Unit/Flare/Items/Enricher/Manifest/BaseManifestTest.php" line="64" class="Tests\Unit\Flare\Items\Enricher\Manifest\BaseManifestTest" classname="Tests.Unit.Flare.Items.Enricher.Manifest.BaseManifestTest" assertions="3" time="0.000344"/>
        <testcase name="testCompareForReturnsDeltaForNumber" file="/home/adam/Documents/flare/tests/Unit/Flare/Items/Enricher/Manifest/BaseManifestTest.php" line="71" class="Tests\Unit\Flare\Items\Enricher\Manifest\BaseManifestTest" classname="Tests.Unit.Flare.Items.Enricher.Manifest.BaseManifestTest" assertions="1" time="0.000319"/>
        <testcase name="testCompareForReturnsFlagDiffForBoolean" file="/home/adam/Documents/flare/tests/Unit/Flare/Items/Enricher/Manifest/BaseManifestTest.php" line="76" class="Tests\Unit\Flare\Items\Enricher\Manifest\BaseManifestTest" classname="Tests.Unit.Flare.Items.Enricher.Manifest.BaseManifestTest" assertions="1" time="0.000335"/>
        <testcase name="testCompareForReturnsNoopForOthers" file="/home/adam/Documents/flare/tests/Unit/Flare/Items/Enricher/Manifest/BaseManifestTest.php" line="81" class="Tests\Unit\Flare\Items\Enricher\Manifest\BaseManifestTest" classname="Tests.Unit.Flare.Items.Enricher.Manifest.BaseManifestTest" assertions="2" time="0.000317"/>
        <testcase name="testCollectionsReturnsEmptyArrayByDefault" file="/home/adam/Documents/flare/tests/Unit/Flare/Items/Enricher/Manifest/BaseManifestTest.php" line="87" class="Tests\Unit\Flare\Items\Enricher\Manifest\BaseManifestTest" classname="Tests.Unit.Flare.Items.Enricher.Manifest.BaseManifestTest" assertions="1" time="0.000317"/>
      </testsuite>
      <testsuite name="Tests\Unit\Flare\Items\Enricher\Manifest\EquippableManifestTest" file="/home/adam/Documents/flare/tests/Unit/Flare/Items/Enricher/Manifest/EquippableManifestTest.php" tests="10" assertions="42" errors="0" failures="0" skipped="0" time="0.003564">
        <testcase name="testIncludesPatternsReturnExpectedList" file="/home/adam/Documents/flare/tests/Unit/Flare/Items/Enricher/Manifest/EquippableManifestTest.php" line="26" class="Tests\Unit\Flare\Items\Enricher\Manifest\EquippableManifestTest" classname="Tests.Unit.Flare.Items.Enricher.Manifest.EquippableManifestTest" assertions="7" time="0.000420"/>
        <testcase name="testExcludesPatternsReturnExpectedList" file="/home/adam/Documents/flare/tests/Unit/Flare/Items/Enricher/Manifest/EquippableManifestTest.php" line="56" class="Tests\Unit\Flare\Items\Enricher\Manifest\EquippableManifestTest" classname="Tests.Unit.Flare.Items.Enricher.Manifest.EquippableManifestTest" assertions="4" time="0.000357"/>
        <testcase name="testMapTotals" file="/home/adam/Documents/flare/tests/Unit/Flare/Items/Enricher/Manifest/EquippableManifestTest.php" line="66" class="Tests\Unit\Flare\Items\Enricher\Manifest\EquippableManifestTest" classname="Tests.Unit.Flare.Items.Enricher.Manifest.EquippableManifestTest" assertions="3" time="0.000327"/>
        <testcase name="testMapBaseMods" file="/home/adam/Documents/flare/tests/Unit/Flare/Items/Enricher/Manifest/EquippableManifestTest.php" line="73" class="Tests\Unit\Flare\Items\Enricher\Manifest\EquippableManifestTest" classname="Tests.Unit.Flare.Items.Enricher.Manifest.EquippableManifestTest" assertions="3" time="0.000330"/>
        <testcase name="testMapDevouring" file="/home/adam/Documents/flare/tests/Unit/Flare/Items/Enricher/Manifest/EquippableManifestTest.php" line="80" class="Tests\Unit\Flare\Items\Enricher\Manifest\EquippableManifestTest" classname="Tests.Unit.Flare.Items.Enricher.Manifest.EquippableManifestTest" assertions="2" time="0.000341"/>
        <testcase name="testMapAffixDamage" file="/home/adam/Documents/flare/tests/Unit/Flare/Items/Enricher/Manifest/EquippableManifestTest.php" line="87" class="Tests\Unit\Flare\Items\Enricher\Manifest\EquippableManifestTest" classname="Tests.Unit.Flare.Items.Enricher.Manifest.EquippableManifestTest" assertions="3" time="0.000333"/>
        <testcase name="testMapFallbackKeepsOriginalProp" file="/home/adam/Documents/flare/tests/Unit/Flare/Items/Enricher/Manifest/EquippableManifestTest.php" line="94" class="Tests\Unit\Flare\Items\Enricher\Manifest\EquippableManifestTest" classname="Tests.Unit.Flare.Items.Enricher.Manifest.EquippableManifestTest" assertions="1" time="0.000356"/>
        <testcase name="testTypeForCoversAllBranches" file="/home/adam/Documents/flare/tests/Unit/Flare/Items/Enricher/Manifest/EquippableManifestTest.php" line="99" class="Tests\Unit\Flare\Items\Enricher\Manifest\EquippableManifestTest" classname="Tests.Unit.Flare.Items.Enricher.Manifest.EquippableManifestTest" assertions="5" time="0.000357"/>
        <testcase name="testCompareForCoversAllBranches" file="/home/adam/Documents/flare/tests/Unit/Flare/Items/Enricher/Manifest/EquippableManifestTest.php" line="108" class="Tests\Unit\Flare\Items\Enricher\Manifest\EquippableManifestTest" classname="Tests.Unit.Flare.Items.Enricher.Manifest.EquippableManifestTest" assertions="4" time="0.000355"/>
        <testcase name="testCollectionsShapeAndValues" file="/home/adam/Documents/flare/tests/Unit/Flare/Items/Enricher/Manifest/EquippableManifestTest.php" line="116" class="Tests\Unit\Flare\Items\Enricher\Manifest\EquippableManifestTest" classname="Tests.Unit.Flare.Items.Enricher.Manifest.EquippableManifestTest" assertions="10" time="0.000388"/>
      </testsuite>
      <testsuite name="Tests\Unit\Flare\Items\Values\AlchemyItemTypeTest" file="/home/adam/Documents/flare/tests/Unit/Flare/Items/Values/AlchemyItemTypeTest.php" tests="7" assertions="56" errors="0" failures="0" skipped="0" time="0.005066">
        <testcase name="testIncreasesDamage" file="/home/adam/Documents/flare/tests/Unit/Flare/Items/Values/AlchemyItemTypeTest.php" line="21" class="Tests\Unit\Flare\Items\Values\AlchemyItemTypeTest" classname="Tests.Unit.Flare.Items.Values.AlchemyItemTypeTest" assertions="8" time="0.003290"/>
        <testcase name="testIncreasesHealing" file="/home/adam/Documents/flare/tests/Unit/Flare/Items/Values/AlchemyItemTypeTest.php" line="43" class="Tests\Unit\Flare\Items\Values\AlchemyItemTypeTest" classname="Tests.Unit.Flare.Items.Values.AlchemyItemTypeTest" assertions="8" time="0.000387"/>
        <testcase name="testIncreasesSkillType" file="/home/adam/Documents/flare/tests/Unit/Flare/Items/Values/AlchemyItemTypeTest.php" line="54" class="Tests\Unit\Flare\Items\Values\AlchemyItemTypeTest" classname="Tests.Unit.Flare.Items.Values.AlchemyItemTypeTest" assertions="8" time="0.000292"/>
        <testcase name="testDamagesKingdoms" file="/home/adam/Documents/flare/tests/Unit/Flare/Items/Values/AlchemyItemTypeTest.php" line="65" class="Tests\Unit\Flare\Items\Values\AlchemyItemTypeTest" classname="Tests.Unit.Flare.Items.Values.AlchemyItemTypeTest" assertions="8" time="0.000285"/>
        <testcase name="testIsHolyOilType" file="/home/adam/Documents/flare/tests/Unit/Flare/Items/Values/AlchemyItemTypeTest.php" line="76" class="Tests\Unit\Flare\Items\Values\AlchemyItemTypeTest" classname="Tests.Unit.Flare.Items.Values.AlchemyItemTypeTest" assertions="8" time="0.000267"/>
        <testcase name="testIncreasesArmour" file="/home/adam/Documents/flare/tests/Unit/Flare/Items/Values/AlchemyItemTypeTest.php" line="32" class="Tests\Unit\Flare\Items\Values\AlchemyItemTypeTest" classname="Tests.Unit.Flare.Items.Values.AlchemyItemTypeTest" assertions="8" time="0.000268"/>
        <testcase name="testIncreasesStats" file="/home/adam/Documents/flare/tests/Unit/Flare/Items/Values/AlchemyItemTypeTest.php" line="10" class="Tests\Unit\Flare\Items\Values\AlchemyItemTypeTest" classname="Tests.Unit.Flare.Items.Values.AlchemyItemTypeTest" assertions="8" time="0.000277"/>
      </testsuite>
      <testsuite name="Tests\Unit\Flare\Items\Values\ArmourTypeTest" file="/home/adam/Documents/flare/tests/Unit/Flare/Items/Values/ArmourTypeTest.php" tests="2" assertions="11" errors="0" failures="0" skipped="0" time="0.000607">
        <testcase name="testGetArmourPositions" file="/home/adam/Documents/flare/tests/Unit/Flare/Items/Values/ArmourTypeTest.php" line="10" class="Tests\Unit\Flare\Items\Values\ArmourTypeTest" classname="Tests.Unit.Flare.Items.Values.ArmourTypeTest" assertions="9" time="0.000330"/>
        <testcase name="testAllTypes" file="/home/adam/Documents/flare/tests/Unit/Flare/Items/Values/ArmourTypeTest.php" line="28" class="Tests\Unit\Flare\Items\Values\ArmourTypeTest" classname="Tests.Unit.Flare.Items.Values.ArmourTypeTest" assertions="2" time="0.000278"/>
      </testsuite>
      <testsuite name="Tests\Unit\Flare\Items\Values\ItemTypeTest" file="/home/adam/Documents/flare/tests/Unit/Flare/Items/Values/ItemTypeTest.php" tests="5" assertions="16" errors="0" failures="0" skipped="0" time="0.001562">
        <testcase name="testValidWeapons" file="/home/adam/Documents/flare/tests/Unit/Flare/Items/Values/ItemTypeTest.php" line="10" class="Tests\Unit\Flare\Items\Values\ItemTypeTest" classname="Tests.Unit.Flare.Items.Values.ItemTypeTest" assertions="4" time="0.000333"/>
        <testcase name="testAllWeaponTypes" file="/home/adam/Documents/flare/tests/Unit/Flare/Items/Values/ItemTypeTest.php" line="36" class="Tests\Unit\Flare\Items\Values\ItemTypeTest" classname="Tests.Unit.Flare.Items.Values.ItemTypeTest" assertions="4" time="0.000313"/>
        <testcase name="testAllTypes" file="/home/adam/Documents/flare/tests/Unit/Flare/Items/Values/ItemTypeTest.php" line="53" class="Tests\Unit\Flare\Items\Values\ItemTypeTest" classname="Tests.Unit.Flare.Items.Values.ItemTypeTest" assertions="1" time="0.000276"/>
        <testcase name="testGetProperNameForType" file="/home/adam/Documents/flare/tests/Unit/Flare/Items/Values/ItemTypeTest.php" line="62" class="Tests\Unit\Flare\Items\Values\ItemTypeTest" classname="Tests.Unit.Flare.Items.Values.ItemTypeTest" assertions="3" time="0.000303"/>
        <testcase name="testGetValidWeaponsAsOptions" file="/home/adam/Documents/flare/tests/Unit/Flare/Items/Values/ItemTypeTest.php" line="69" class="Tests\Unit\Flare\Items\Values\ItemTypeTest" classname="Tests.Unit.Flare.Items.Values.ItemTypeTest" assertions="4" time="0.000338"/>
      </testsuite>
      <testsuite name="Tests\Unit\Flare\Services\CharacterXPServiceTest" file="/home/adam/Documents/flare/tests/Unit/Flare/Services/CharacterXPServiceTest.php" tests="22" assertions="22" errors="0" failures="0" skipped="0" time="4.924640">
        <testcase name="testCharacterCannotGainXp" file="/home/adam/Documents/flare/tests/Unit/Flare/Services/CharacterXPServiceTest.php" line="395" class="Tests\Unit\Flare\Services\CharacterXPServiceTest" classname="Tests.Unit.Flare.Services.CharacterXPServiceTest" assertions="1" time="0.218284"/>
        <testcase name="testGetNoXpValue" file="/home/adam/Documents/flare/tests/Unit/Flare/Services/CharacterXPServiceTest.php" line="44" class="Tests\Unit\Flare\Services\CharacterXPServiceTest" classname="Tests.Unit.Flare.Services.CharacterXPServiceTest" assertions="1" time="0.197599"/>
        <testcase name="testGetZeroXPWhenCannotLevelAnyFurther" file="/home/adam/Documents/flare/tests/Unit/Flare/Services/CharacterXPServiceTest.php" line="148" class="Tests\Unit\Flare\Services\CharacterXPServiceTest" classname="Tests.Unit.Flare.Services.CharacterXPServiceTest" assertions="1" time="0.254646"/>
        <testcase name="testCharacterCanGainXP" file="/home/adam/Documents/flare/tests/Unit/Flare/Services/CharacterXPServiceTest.php" line="365" class="Tests\Unit\Flare\Services\CharacterXPServiceTest" classname="Tests.Unit.Flare.Services.CharacterXPServiceTest" assertions="1" time="0.192026"/>
        <testcase name="testGetLastLegXP" file="/home/adam/Documents/flare/tests/Unit/Flare/Services/CharacterXPServiceTest.php" line="75" class="Tests\Unit\Flare\Services\CharacterXPServiceTest" classname="Tests.Unit.Flare.Services.CharacterXPServiceTest" assertions="1" time="0.209208"/>
        <testcase name="testCharacterWhoCanContinueLevelingGainsXP" file="/home/adam/Documents/flare/tests/Unit/Flare/Services/CharacterXPServiceTest.php" line="372" class="Tests\Unit\Flare\Services\CharacterXPServiceTest" classname="Tests.Unit.Flare.Services.CharacterXPServiceTest" assertions="1" time="0.243589"/>
        <testcase name="testContinueLevelingWithNoConfig" file="/home/adam/Documents/flare/tests/Unit/Flare/Services/CharacterXPServiceTest.php" line="349" class="Tests\Unit\Flare\Services\CharacterXPServiceTest" classname="Tests.Unit.Flare.Services.CharacterXPServiceTest" assertions="1" time="0.212310"/>
        <testcase name="testGetXpValue" file="/home/adam/Documents/flare/tests/Unit/Flare/Services/CharacterXPServiceTest.php" line="37" class="Tests\Unit\Flare\Services\CharacterXPServiceTest" classname="Tests.Unit.Flare.Services.CharacterXPServiceTest" assertions="1" time="0.208668"/>
        <testcase name="testCharacterWhoCanContinueLevelingCannotGainXPWhenNoConfig" file="/home/adam/Documents/flare/tests/Unit/Flare/Services/CharacterXPServiceTest.php" line="406" class="Tests\Unit\Flare\Services\CharacterXPServiceTest" classname="Tests.Unit.Flare.Services.CharacterXPServiceTest" assertions="1" time="0.209960"/>
        <testcase name="testCanContinueLeveling" file="/home/adam/Documents/flare/tests/Unit/Flare/Services/CharacterXPServiceTest.php" line="160" class="Tests\Unit\Flare\Services\CharacterXPServiceTest" classname="Tests.Unit.Flare.Services.CharacterXPServiceTest" assertions="1" time="0.247610"/>
        <testcase name="testCanContinueLevelingLastLegMark" file="/home/adam/Documents/flare/tests/Unit/Flare/Services/CharacterXPServiceTest.php" line="326" class="Tests\Unit\Flare\Services\CharacterXPServiceTest" classname="Tests.Unit.Flare.Services.CharacterXPServiceTest" assertions="1" time="0.225888"/>
        <testcase name="testCharacterWhoCanContinueLevelingCannotGainXP" file="/home/adam/Documents/flare/tests/Unit/Flare/Services/CharacterXPServiceTest.php" line="422" class="Tests\Unit\Flare\Services\CharacterXPServiceTest" classname="Tests.Unit.Flare.Services.CharacterXPServiceTest" assertions="1" time="0.218235"/>
        <testcase name="testGetHalfWayXpValue" file="/home/adam/Documents/flare/tests/Unit/Flare/Services/CharacterXPServiceTest.php" line="51" class="Tests\Unit\Flare\Services\CharacterXPServiceTest" classname="Tests.Unit.Flare.Services.CharacterXPServiceTest" assertions="1" time="0.236785"/>
        <testcase name="testGetLastLegXPWithItemThatIgnoresCaps" file="/home/adam/Documents/flare/tests/Unit/Flare/Services/CharacterXPServiceTest.php" line="87" class="Tests\Unit\Flare\Services\CharacterXPServiceTest" classname="Tests.Unit.Flare.Services.CharacterXPServiceTest" assertions="1" time="0.222968"/>
        <testcase name="testGetLastLegXPWithItemThatDoesNotIgnoresCaps" file="/home/adam/Documents/flare/tests/Unit/Flare/Services/CharacterXPServiceTest.php" line="105" class="Tests\Unit\Flare\Services\CharacterXPServiceTest" classname="Tests.Unit.Flare.Services.CharacterXPServiceTest" assertions="1" time="0.202340"/>
        <testcase name="testGetThreeQuartersWayXpValue" file="/home/adam/Documents/flare/tests/Unit/Flare/Services/CharacterXPServiceTest.php" line="63" class="Tests\Unit\Flare\Services\CharacterXPServiceTest" classname="Tests.Unit.Flare.Services.CharacterXPServiceTest" assertions="1" time="0.208204"/>
        <testcase name="testCanContinueLevelingHalfWayMark" file="/home/adam/Documents/flare/tests/Unit/Flare/Services/CharacterXPServiceTest.php" line="280" class="Tests\Unit\Flare\Services\CharacterXPServiceTest" classname="Tests.Unit.Flare.Services.CharacterXPServiceTest" assertions="1" time="0.254501"/>
        <testcase name="testCanContinueLevelingThreeQuartersMark" file="/home/adam/Documents/flare/tests/Unit/Flare/Services/CharacterXPServiceTest.php" line="303" class="Tests\Unit\Flare\Services\CharacterXPServiceTest" classname="Tests.Unit.Flare.Services.CharacterXPServiceTest" assertions="1" time="0.216159"/>
        <testcase name="testGetLastLegXPWithItemsThatDoesAndDoesNotIgnoresCaps" file="/home/adam/Documents/flare/tests/Unit/Flare/Services/CharacterXPServiceTest.php" line="123" class="Tests\Unit\Flare\Services\CharacterXPServiceTest" classname="Tests.Unit.Flare.Services.CharacterXPServiceTest" assertions="1" time="0.214324"/>
        <testcase name="testCanContinueLevelingWithItemThatIgnoresCaps" file="/home/adam/Documents/flare/tests/Unit/Flare/Services/CharacterXPServiceTest.php" line="183" class="Tests\Unit\Flare\Services\CharacterXPServiceTest" classname="Tests.Unit.Flare.Services.CharacterXPServiceTest" assertions="1" time="0.243784"/>
        <testcase name="testCanContinueLevelingWithItemThatDoesAndDoesNotIgnoresCaps" file="/home/adam/Documents/flare/tests/Unit/Flare/Services/CharacterXPServiceTest.php" line="243" class="Tests\Unit\Flare\Services\CharacterXPServiceTest" classname="Tests.Unit.Flare.Services.CharacterXPServiceTest" assertions="1" time="0.245018"/>
        <testcase name="testCanContinueLevelingWithItemThatDoesIgnoresCaps" file="/home/adam/Documents/flare/tests/Unit/Flare/Services/CharacterXPServiceTest.php" line="213" class="Tests\Unit\Flare\Services\CharacterXPServiceTest" classname="Tests.Unit.Flare.Services.CharacterXPServiceTest" assertions="1" time="0.242534"/>
      </testsuite>
      <testsuite name="Tests\Unit\Game\BattleRewardProcessing\Handlers\BattleMessageHandlerTest" file="/home/adam/Documents/flare/tests/Unit/Game/BattleRewardProcessing/Handlers/BattleMessageHandlerTest.php" tests="21" assertions="21" errors="0" failures="0" skipped="0" time="305.231151">
        <testcase name="testHandleSkillMessageWhenLoggedOut" file="/home/adam/Documents/flare/tests/Unit/Game/BattleRewardProcessing/Handlers/BattleMessageHandlerTest.php" line="235" class="Tests\Unit\Game\BattleRewardProcessing\Handlers\BattleMessageHandlerTest" classname="Tests.Unit.Game.BattleRewardProcessing.Handlers.BattleMessageHandlerTest" assertions="1" time="0.229427"/>
        <testcase name="testHandleXpForExplorationMessageWhenUserNotLoggedIn" file="/home/adam/Documents/flare/tests/Unit/Game/BattleRewardProcessing/Handlers/BattleMessageHandlerTest.php" line="37" class="Tests\Unit\Game\BattleRewardProcessing\Handlers\BattleMessageHandlerTest" classname="Tests.Unit.Game.BattleRewardProcessing.Handlers.BattleMessageHandlerTest" assertions="1" time="0.190938"/>
        <testcase name="testHandleItemKillCountMessageWhenLoggedOut" file="/home/adam/Documents/flare/tests/Unit/Game/BattleRewardProcessing/Handlers/BattleMessageHandlerTest.php" line="202" class="Tests\Unit\Game\BattleRewardProcessing\Handlers\BattleMessageHandlerTest" classname="Tests.Unit.Game.BattleRewardProcessing.Handlers.BattleMessageHandlerTest" assertions="1" time="0.215062"/>
        <testcase name="testHandleFactionLoyaltyXpMessageWhenNotLoggedIn" file="/home/adam/Documents/flare/tests/Unit/Game/BattleRewardProcessing/Handlers/BattleMessageHandlerTest.php" line="70" class="Tests\Unit\Game\BattleRewardProcessing\Handlers\BattleMessageHandlerTest" classname="Tests.Unit.Game.BattleRewardProcessing.Handlers.BattleMessageHandlerTest" assertions="1" time="0.209592"/>
        <testcase name="testHandleFactionPointGainWhenNotLoggedIn" file="/home/adam/Documents/flare/tests/Unit/Game/BattleRewardProcessing/Handlers/BattleMessageHandlerTest.php" line="103" class="Tests\Unit\Game\BattleRewardProcessing\Handlers\BattleMessageHandlerTest" classname="Tests.Unit.Game.BattleRewardProcessing.Handlers.BattleMessageHandlerTest" assertions="1" time="0.236941"/>
        <testcase name="testHandleClassRankMessageWhileLoggedOut" file="/home/adam/Documents/flare/tests/Unit/Game/BattleRewardProcessing/Handlers/BattleMessageHandlerTest.php" line="169" class="Tests\Unit\Game\BattleRewardProcessing\Handlers\BattleMessageHandlerTest" classname="Tests.Unit.Game.BattleRewardProcessing.Handlers.BattleMessageHandlerTest" assertions="1" time="0.220173"/>
        <testcase name="testHandleCurrencyGainMessageAndNotLoggedIn" file="/home/adam/Documents/flare/tests/Unit/Game/BattleRewardProcessing/Handlers/BattleMessageHandlerTest.php" line="136" class="Tests\Unit\Game\BattleRewardProcessing\Handlers\BattleMessageHandlerTest" classname="Tests.Unit.Game.BattleRewardProcessing.Handlers.BattleMessageHandlerTest" assertions="1" time="0.204352"/>
        <testcase name="testHandleXPForExplorationMessageWhenUserLoggedInAndEnabledSetting" file="/home/adam/Documents/flare/tests/Unit/Game/BattleRewardProcessing/Handlers/BattleMessageHandlerTest.php" line="57" class="Tests\Unit\Game\BattleRewardProcessing\Handlers\BattleMessageHandlerTest" classname="Tests.Unit.Game.BattleRewardProcessing.Handlers.BattleMessageHandlerTest" assertions="1" time="1.187520"/>
        <testcase name="testHandleXpForExplorationMessageWhenUserLoggedInAndTurnedOffSetting" file="/home/adam/Documents/flare/tests/Unit/Game/BattleRewardProcessing/Handlers/BattleMessageHandlerTest.php" line="46" class="Tests\Unit\Game\BattleRewardProcessing\Handlers\BattleMessageHandlerTest" classname="Tests.Unit.Game.BattleRewardProcessing.Handlers.BattleMessageHandlerTest" assertions="1" time="23.427091"/>
        <testcase name="testHandleFactionLoyaltyXpMessageWhenLoggedInAndSettingIsTurnedOff" file="/home/adam/Documents/flare/tests/Unit/Game/BattleRewardProcessing/Handlers/BattleMessageHandlerTest.php" line="79" class="Tests\Unit\Game\BattleRewardProcessing\Handlers\BattleMessageHandlerTest" classname="Tests.Unit.Game.BattleRewardProcessing.Handlers.BattleMessageHandlerTest" assertions="1" time="23.310457"/>
        <testcase name="testHandleCurrencyGainMessageAndNotLoggedInWithSettingEnabled" file="/home/adam/Documents/flare/tests/Unit/Game/BattleRewardProcessing/Handlers/BattleMessageHandlerTest.php" line="156" class="Tests\Unit\Game\BattleRewardProcessing\Handlers\BattleMessageHandlerTest" classname="Tests.Unit.Game.BattleRewardProcessing.Handlers.BattleMessageHandlerTest" assertions="1" time="23.301655"/>
        <testcase name="testHandleClassRankMessageWhileLoggedInAndSettingIsDisabled" file="/home/adam/Documents/flare/tests/Unit/Game/BattleRewardProcessing/Handlers/BattleMessageHandlerTest.php" line="178" class="Tests\Unit\Game\BattleRewardProcessing\Handlers\BattleMessageHandlerTest" classname="Tests.Unit.Game.BattleRewardProcessing.Handlers.BattleMessageHandlerTest" assertions="1" time="23.211065"/>
        <testcase name="testHandleSkillMessageWhenLoggedInAndSettingEnabled" file="/home/adam/Documents/flare/tests/Unit/Game/BattleRewardProcessing/Handlers/BattleMessageHandlerTest.php" line="255" class="Tests\Unit\Game\BattleRewardProcessing\Handlers\BattleMessageHandlerTest" classname="Tests.Unit.Game.BattleRewardProcessing.Handlers.BattleMessageHandlerTest" assertions="1" time="23.366768"/>
        <testcase name="testHandleSkillMessageWhenLoggedInAndSettingDisabled" file="/home/adam/Documents/flare/tests/Unit/Game/BattleRewardProcessing/Handlers/BattleMessageHandlerTest.php" line="244" class="Tests\Unit\Game\BattleRewardProcessing\Handlers\BattleMessageHandlerTest" classname="Tests.Unit.Game.BattleRewardProcessing.Handlers.BattleMessageHandlerTest" assertions="1" time="23.089264"/>
        <testcase name="testHandleItemKillCountMessageWhenLoggedInAndSettingIsEnabled" file="/home/adam/Documents/flare/tests/Unit/Game/BattleRewardProcessing/Handlers/BattleMessageHandlerTest.php" line="222" class="Tests\Unit\Game\BattleRewardProcessing\Handlers\BattleMessageHandlerTest" classname="Tests.Unit.Game.BattleRewardProcessing.Handlers.BattleMessageHandlerTest" assertions="1" time="22.864264"/>
        <testcase name="testHandleFactionPointGainWhenLoggedInAndSettingIsDisabled" file="/home/adam/Documents/flare/tests/Unit/Game/BattleRewardProcessing/Handlers/BattleMessageHandlerTest.php" line="112" class="Tests\Unit\Game\BattleRewardProcessing\Handlers\BattleMessageHandlerTest" classname="Tests.Unit.Game.BattleRewardProcessing.Handlers.BattleMessageHandlerTest" assertions="1" time="23.555453"/>
        <testcase name="testHandleClassRankMessageWhileLoggedinAndSettingIsEnabled" file="/home/adam/Documents/flare/tests/Unit/Game/BattleRewardProcessing/Handlers/BattleMessageHandlerTest.php" line="189" class="Tests\Unit\Game\BattleRewardProcessing\Handlers\BattleMessageHandlerTest" classname="Tests.Unit.Game.BattleRewardProcessing.Handlers.BattleMessageHandlerTest" assertions="1" time="23.368786"/>
        <testcase name="testHandleItemKillCountMessageWhenLoggedInAndSettingIsDisabled" file="/home/adam/Documents/flare/tests/Unit/Game/BattleRewardProcessing/Handlers/BattleMessageHandlerTest.php" line="211" class="Tests\Unit\Game\BattleRewardProcessing\Handlers\BattleMessageHandlerTest" classname="Tests.Unit.Game.BattleRewardProcessing.Handlers.BattleMessageHandlerTest" assertions="1" time="23.748969"/>
        <testcase name="testHandleFactionLoyaltyXpMessageWhenLoggedInAndSettingIsrnabled" file="/home/adam/Documents/flare/tests/Unit/Game/BattleRewardProcessing/Handlers/BattleMessageHandlerTest.php" line="90" class="Tests\Unit\Game\BattleRewardProcessing\Handlers\BattleMessageHandlerTest" classname="Tests.Unit.Game.BattleRewardProcessing.Handlers.BattleMessageHandlerTest" assertions="1" time="22.460929"/>
        <testcase name="testHandleFactionPointGainWhenLoggedInAndSettingIsEnabled" file="/home/adam/Documents/flare/tests/Unit/Game/BattleRewardProcessing/Handlers/BattleMessageHandlerTest.php" line="123" class="Tests\Unit\Game\BattleRewardProcessing\Handlers\BattleMessageHandlerTest" classname="Tests.Unit.Game.BattleRewardProcessing.Handlers.BattleMessageHandlerTest" assertions="1" time="23.067157"/>
        <testcase name="testHandleCurrencyGainMessageAndLoggedInWithSettingDisabled" file="/home/adam/Documents/flare/tests/Unit/Game/BattleRewardProcessing/Handlers/BattleMessageHandlerTest.php" line="145" class="Tests\Unit\Game\BattleRewardProcessing\Handlers\BattleMessageHandlerTest" classname="Tests.Unit.Game.BattleRewardProcessing.Handlers.BattleMessageHandlerTest" assertions="1" time="23.765288"/>
      </testsuite>
      <testsuite name="Tests\Unit\Game\BattleRewardProcessing\Handlers\FactionLoyaltyBountyHandlerTest" file="/home/adam/Documents/flare/tests/Unit/Game/BattleRewardProcessing/Handlers/FactionLoyaltyBountyHandlerTest.php" tests="13" assertions="50" errors="0" failures="0" skipped="0" time="50.464173">
        <testcase name="testDoesNotHandleBountyWhenCharacterIsNotPledgedToAFaction" file="/home/adam/Documents/flare/tests/Unit/Game/BattleRewardProcessing/Handlers/FactionLoyaltyBountyHandlerTest.php" line="60" class="Tests\Unit\Game\BattleRewardProcessing\Handlers\FactionLoyaltyBountyHandlerTest" classname="Tests.Unit.Game.BattleRewardProcessing.Handlers.FactionLoyaltyBountyHandlerTest" assertions="2" time="22.487125"/>
        <testcase name="testDoesNotHandleBountyWhenAutomationIsRunning" file="/home/adam/Documents/flare/tests/Unit/Game/BattleRewardProcessing/Handlers/FactionLoyaltyBountyHandlerTest.php" line="41" class="Tests\Unit\Game\BattleRewardProcessing\Handlers\FactionLoyaltyBountyHandlerTest" classname="Tests.Unit.Game.BattleRewardProcessing.Handlers.FactionLoyaltyBountyHandlerTest" assertions="2" time="0.224925"/>
        <testcase name="testDoesNotHandleBountyWhenMonsterIsNotApartOfTheBountyList" file="/home/adam/Documents/flare/tests/Unit/Game/BattleRewardProcessing/Handlers/FactionLoyaltyBountyHandlerTest.php" line="206" class="Tests\Unit\Game\BattleRewardProcessing\Handlers\FactionLoyaltyBountyHandlerTest" classname="Tests.Unit.Game.BattleRewardProcessing.Handlers.FactionLoyaltyBountyHandlerTest" assertions="3" time="0.215261"/>
        <testcase name="testDoesNotUpdateLoyaltyTasksWhenNoBountyTaskFound" file="/home/adam/Documents/flare/tests/Unit/Game/BattleRewardProcessing/Handlers/FactionLoyaltyBountyHandlerTest.php" line="118" class="Tests\Unit\Game\BattleRewardProcessing\Handlers\FactionLoyaltyBountyHandlerTest" classname="Tests.Unit.Game.BattleRewardProcessing.Handlers.FactionLoyaltyBountyHandlerTest" assertions="2" time="0.217856"/>
        <testcase name="testUpdatesTheCurrentAmountOnABountyButDoesNotLevelUpTheFameDuringTheWeeklyEvent" file="/home/adam/Documents/flare/tests/Unit/Game/BattleRewardProcessing/Handlers/FactionLoyaltyBountyHandlerTest.php" line="309" class="Tests\Unit\Game\BattleRewardProcessing\Handlers\FactionLoyaltyBountyHandlerTest" classname="Tests.Unit.Game.BattleRewardProcessing.Handlers.FactionLoyaltyBountyHandlerTest" assertions="3" time="0.254912"/>
        <testcase name="testDoesNotHandleBountyWhenCharacterIsNotHelpingAnNpc" file="/home/adam/Documents/flare/tests/Unit/Game/BattleRewardProcessing/Handlers/FactionLoyaltyBountyHandlerTest.php" line="83" class="Tests\Unit\Game\BattleRewardProcessing\Handlers\FactionLoyaltyBountyHandlerTest" classname="Tests.Unit.Game.BattleRewardProcessing.Handlers.FactionLoyaltyBountyHandlerTest" assertions="2" time="0.217074"/>
        <testcase name="testUpdatesTheCurrentAmountOnABountyButDoesNotLevelUpTheFame" file="/home/adam/Documents/flare/tests/Unit/Game/BattleRewardProcessing/Handlers/FactionLoyaltyBountyHandlerTest.php" line="255" class="Tests\Unit\Game\BattleRewardProcessing\Handlers\FactionLoyaltyBountyHandlerTest" classname="Tests.Unit.Game.BattleRewardProcessing.Handlers.FactionLoyaltyBountyHandlerTest" assertions="3" time="0.241788"/>
        <testcase name="testCannotLevelFameAnyMore" file="/home/adam/Documents/flare/tests/Unit/Game/BattleRewardProcessing/Handlers/FactionLoyaltyBountyHandlerTest.php" line="728" class="Tests\Unit\Game\BattleRewardProcessing\Handlers\FactionLoyaltyBountyHandlerTest" classname="Tests.Unit.Game.BattleRewardProcessing.Handlers.FactionLoyaltyBountyHandlerTest" assertions="6" time="0.268490"/>
        <testcase name="testDoesNotUpdateLoyaltyTasksWhenPlayerIsNotOnTheSameMap" file="/home/adam/Documents/flare/tests/Unit/Game/BattleRewardProcessing/Handlers/FactionLoyaltyBountyHandlerTest.php" line="159" class="Tests\Unit\Game\BattleRewardProcessing\Handlers\FactionLoyaltyBountyHandlerTest" classname="Tests.Unit.Game.BattleRewardProcessing.Handlers.FactionLoyaltyBountyHandlerTest" assertions="2" time="0.234336"/>
        <testcase name="testLevelUpFameDuringTheWeeklyEvent" file="/home/adam/Documents/flare/tests/Unit/Game/BattleRewardProcessing/Handlers/FactionLoyaltyBountyHandlerTest.php" line="457" class="Tests\Unit\Game\BattleRewardProcessing\Handlers\FactionLoyaltyBountyHandlerTest" classname="Tests.Unit.Game.BattleRewardProcessing.Handlers.FactionLoyaltyBountyHandlerTest" assertions="6" time="1.208140"/>
        <testcase name="testDoNotGiveMoreCurrenciesThenMaxAllowed" file="/home/adam/Documents/flare/tests/Unit/Game/BattleRewardProcessing/Handlers/FactionLoyaltyBountyHandlerTest.php" line="551" class="Tests\Unit\Game\BattleRewardProcessing\Handlers\FactionLoyaltyBountyHandlerTest" classname="Tests.Unit.Game.BattleRewardProcessing.Handlers.FactionLoyaltyBountyHandlerTest" assertions="6" time="1.198280"/>
        <testcase name="testLevelUpFame" file="/home/adam/Documents/flare/tests/Unit/Game/BattleRewardProcessing/Handlers/FactionLoyaltyBountyHandlerTest.php" line="367" class="Tests\Unit\Game\BattleRewardProcessing\Handlers\FactionLoyaltyBountyHandlerTest" classname="Tests.Unit.Game.BattleRewardProcessing.Handlers.FactionLoyaltyBountyHandlerTest" assertions="6" time="1.187385"/>
        <testcase name="testDoNotAssignTasksForMaxLevelFame" file="/home/adam/Documents/flare/tests/Unit/Game/BattleRewardProcessing/Handlers/FactionLoyaltyBountyHandlerTest.php" line="643" class="Tests\Unit\Game\BattleRewardProcessing\Handlers\FactionLoyaltyBountyHandlerTest" classname="Tests.Unit.Game.BattleRewardProcessing.Handlers.FactionLoyaltyBountyHandlerTest" assertions="7" time="22.508601"/>
      </testsuite>
      <testsuite name="Tests\Unit\Game\BattleRewardProcessing\Services\BattleRewardServiceTest" file="/home/adam/Documents/flare/tests/Unit/Game/BattleRewardProcessing/Services/BattleRewardServiceTest.php" tests="11" assertions="13" errors="0" failures="0" skipped="0" time="50.642163">
        <testcase name="testShouldNotUpdateCharacterCurrenciesWhenNotLoggedIn" file="/home/adam/Documents/flare/tests/Unit/Game/BattleRewardProcessing/Services/BattleRewardServiceTest.php" line="58" class="Tests\Unit\Game\BattleRewardProcessing\Services\BattleRewardServiceTest" classname="Tests.Unit.Game.BattleRewardProcessing.Services.BattleRewardServiceTest" assertions="1" time="0.355925"/>
        <testcase name="testBattleItemRewardHandlerIsDispatched" file="/home/adam/Documents/flare/tests/Unit/Game/BattleRewardProcessing/Services/BattleRewardServiceTest.php" line="191" class="Tests\Unit\Game\BattleRewardProcessing\Services\BattleRewardServiceTest" classname="Tests.Unit.Game.BattleRewardProcessing.Services.BattleRewardServiceTest" assertions="1" time="0.281994"/>
        <testcase name="testShouldNotUpdateGlobalEventParticipationWhenNoGlobalEventIsRunning" file="/home/adam/Documents/flare/tests/Unit/Game/BattleRewardProcessing/Services/BattleRewardServiceTest.php" line="256" class="Tests\Unit\Game\BattleRewardProcessing\Services\BattleRewardServiceTest" classname="Tests.Unit.Game.BattleRewardProcessing.Services.BattleRewardServiceTest" assertions="1" time="0.255960"/>
        <testcase name="testShouldUpdateGlobalEventParticipation" file="/home/adam/Documents/flare/tests/Unit/Game/BattleRewardProcessing/Services/BattleRewardServiceTest.php" line="281" class="Tests\Unit\Game\BattleRewardProcessing\Services\BattleRewardServiceTest" classname="Tests.Unit.Game.BattleRewardProcessing.Services.BattleRewardServiceTest" assertions="1" time="0.320081"/>
        <testcase name="testShouldGetFactionPoints" file="/home/adam/Documents/flare/tests/Unit/Game/BattleRewardProcessing/Services/BattleRewardServiceTest.php" line="210" class="Tests\Unit\Game\BattleRewardProcessing\Services\BattleRewardServiceTest" classname="Tests.Unit.Game.BattleRewardProcessing.Services.BattleRewardServiceTest" assertions="2" time="0.261587"/>
        <testcase name="testShouldUpdateGlobalEventParticipationWhenParticipationExists" file="/home/adam/Documents/flare/tests/Unit/Game/BattleRewardProcessing/Services/BattleRewardServiceTest.php" line="321" class="Tests\Unit\Game\BattleRewardProcessing\Services\BattleRewardServiceTest" classname="Tests.Unit.Game.BattleRewardProcessing.Services.BattleRewardServiceTest" assertions="2" time="0.294246"/>
        <testcase name="testShouldNotUpdateGlobalEventParticipationWhenNoEventIsRunning" file="/home/adam/Documents/flare/tests/Unit/Game/BattleRewardProcessing/Services/BattleRewardServiceTest.php" line="235" class="Tests\Unit\Game\BattleRewardProcessing\Services\BattleRewardServiceTest" classname="Tests.Unit.Game.BattleRewardProcessing.Services.BattleRewardServiceTest" assertions="1" time="0.267712"/>
        <testcase name="testNoFactionRewardsGivenWhenCharacterIsInPurgatory" file="/home/adam/Documents/flare/tests/Unit/Game/BattleRewardProcessing/Services/BattleRewardServiceTest.php" line="376" class="Tests\Unit\Game\BattleRewardProcessing\Services\BattleRewardServiceTest" classname="Tests.Unit.Game.BattleRewardProcessing.Services.BattleRewardServiceTest" assertions="1" time="0.293831"/>
        <testcase name="testShouldReceiveLessXpWhenTrainingASkill" file="/home/adam/Documents/flare/tests/Unit/Game/BattleRewardProcessing/Services/BattleRewardServiceTest.php" line="75" class="Tests\Unit\Game\BattleRewardProcessing\Services\BattleRewardServiceTest" classname="Tests.Unit.Game.BattleRewardProcessing.Services.BattleRewardServiceTest" assertions="1" time="1.184862"/>
        <testcase name="testShouldUpdateCharacterCurrenciesWhenLoggedIn" file="/home/adam/Documents/flare/tests/Unit/Game/BattleRewardProcessing/Services/BattleRewardServiceTest.php" line="161" class="Tests\Unit\Game\BattleRewardProcessing\Services\BattleRewardServiceTest" classname="Tests.Unit.Game.BattleRewardProcessing.Services.BattleRewardServiceTest" assertions="1" time="23.090767"/>
        <testcase name="testShouldReceiveFullXpWhenTrainingASkillThatIsMaxLevel" file="/home/adam/Documents/flare/tests/Unit/Game/BattleRewardProcessing/Services/BattleRewardServiceTest.php" line="113" class="Tests\Unit\Game\BattleRewardProcessing\Services\BattleRewardServiceTest" classname="Tests.Unit.Game.BattleRewardProcessing.Services.BattleRewardServiceTest" assertions="1" time="24.035197"/>
      </testsuite>
      <testsuite name="Tests\Unit\Game\BattleRewardProcessing\Services\SecondaryRewardServiceTest" file="/home/adam/Documents/flare/tests/Unit/Game/BattleRewardProcessing/Services/SecondaryRewardServiceTest.php" tests="4" assertions="6" errors="0" failures="0" skipped="0" time="23.739977">
        <testcase name="testItemSkillDoNotsGetUpdated" file="/home/adam/Documents/flare/tests/Unit/Game/BattleRewardProcessing/Services/SecondaryRewardServiceTest.php" line="78" class="Tests\Unit\Game\BattleRewardProcessing\Services\SecondaryRewardServiceTest" classname="Tests.Unit.Game.BattleRewardProcessing.Services.SecondaryRewardServiceTest" assertions="2" time="22.084958"/>
        <testcase name="testItemSkillsGetUpdated" file="/home/adam/Documents/flare/tests/Unit/Game/BattleRewardProcessing/Services/SecondaryRewardServiceTest.php" line="95" class="Tests\Unit\Game\BattleRewardProcessing\Services\SecondaryRewardServiceTest" classname="Tests.Unit.Game.BattleRewardProcessing.Services.SecondaryRewardServiceTest" assertions="2" time="0.227241"/>
        <testcase name="testUpdateTopBarIsNotCalledWhenNotLoggedIn" file="/home/adam/Documents/flare/tests/Unit/Game/BattleRewardProcessing/Services/SecondaryRewardServiceTest.php" line="45" class="Tests\Unit\Game\BattleRewardProcessing\Services\SecondaryRewardServiceTest" classname="Tests.Unit.Game.BattleRewardProcessing.Services.SecondaryRewardServiceTest" assertions="1" time="0.212254"/>
        <testcase name="testUpdateTopBarIsCalledWhenLoggedIn" file="/home/adam/Documents/flare/tests/Unit/Game/BattleRewardProcessing/Services/SecondaryRewardServiceTest.php" line="56" class="Tests\Unit\Game\BattleRewardProcessing\Services\SecondaryRewardServiceTest" classname="Tests.Unit.Game.BattleRewardProcessing.Services.SecondaryRewardServiceTest" assertions="1" time="1.215524"/>
      </testsuite>
      <testsuite name="Tests\Unit\Game\BattleRewardProcessing\Services\WeeklyBattleServiceTest" file="/home/adam/Documents/flare/tests/Unit/Game/BattleRewardProcessing/Services/WeeklyBattleServiceTest.php" tests="9" assertions="12" errors="0" failures="0" skipped="0" time="24.376871">
        <testcase name="testCanFightMonster" file="/home/adam/Documents/flare/tests/Unit/Game/BattleRewardProcessing/Services/WeeklyBattleServiceTest.php" line="219" class="Tests\Unit\Game\BattleRewardProcessing\Services\WeeklyBattleServiceTest" classname="Tests.Unit.Game.BattleRewardProcessing.Services.WeeklyBattleServiceTest" assertions="1" time="22.261715"/>
        <testcase name="testDoNotCreateRecordMonsterWasKilledForInvalidLocationType" file="/home/adam/Documents/flare/tests/Unit/Game/BattleRewardProcessing/Services/WeeklyBattleServiceTest.php" line="201" class="Tests\Unit\Game\BattleRewardProcessing\Services\WeeklyBattleServiceTest" classname="Tests.Unit.Game.BattleRewardProcessing.Services.WeeklyBattleServiceTest" assertions="1" time="0.225043"/>
        <testcase name="testCreateRecordForCharacterDeath" file="/home/adam/Documents/flare/tests/Unit/Game/BattleRewardProcessing/Services/WeeklyBattleServiceTest.php" line="68" class="Tests\Unit\Game\BattleRewardProcessing\Services\WeeklyBattleServiceTest" classname="Tests.Unit.Game.BattleRewardProcessing.Services.WeeklyBattleServiceTest" assertions="2" time="0.227216"/>
        <testcase name="testDoesNotUpdateRecordForCharacterDeathWhenMonsterLocationTypeIsInvalid" file="/home/adam/Documents/flare/tests/Unit/Game/BattleRewardProcessing/Services/WeeklyBattleServiceTest.php" line="124" class="Tests\Unit\Game\BattleRewardProcessing\Services\WeeklyBattleServiceTest" classname="Tests.Unit.Game.BattleRewardProcessing.Services.WeeklyBattleServiceTest" assertions="1" time="0.212162"/>
        <testcase name="testUpdateRecordForCharacterDeath" file="/home/adam/Documents/flare/tests/Unit/Game/BattleRewardProcessing/Services/WeeklyBattleServiceTest.php" line="102" class="Tests\Unit\Game\BattleRewardProcessing\Services\WeeklyBattleServiceTest" classname="Tests.Unit.Game.BattleRewardProcessing.Services.WeeklyBattleServiceTest" assertions="1" time="0.231638"/>
        <testcase name="testCannotFightMonster" file="/home/adam/Documents/flare/tests/Unit/Game/BattleRewardProcessing/Services/WeeklyBattleServiceTest.php" line="227" class="Tests\Unit\Game\BattleRewardProcessing\Services\WeeklyBattleServiceTest" classname="Tests.Unit.Game.BattleRewardProcessing.Services.WeeklyBattleServiceTest" assertions="1" time="0.222054"/>
        <testcase name="testDoesNotCreateRecordForCharacterDeathWhenMonsterLocationTypeIsInvalid" file="/home/adam/Documents/flare/tests/Unit/Game/BattleRewardProcessing/Services/WeeklyBattleServiceTest.php" line="86" class="Tests\Unit\Game\BattleRewardProcessing\Services\WeeklyBattleServiceTest" classname="Tests.Unit.Game.BattleRewardProcessing.Services.WeeklyBattleServiceTest" assertions="1" time="0.231966"/>
        <testcase name="testMarkMonsterAsKilled" file="/home/adam/Documents/flare/tests/Unit/Game/BattleRewardProcessing/Services/WeeklyBattleServiceTest.php" line="146" class="Tests\Unit\Game\BattleRewardProcessing\Services\WeeklyBattleServiceTest" classname="Tests.Unit.Game.BattleRewardProcessing.Services.WeeklyBattleServiceTest" assertions="1" time="0.377842"/>
        <testcase name="testCreateRecordMonsterWasKilled" file="/home/adam/Documents/flare/tests/Unit/Game/BattleRewardProcessing/Services/WeeklyBattleServiceTest.php" line="170" class="Tests\Unit\Game\BattleRewardProcessing\Services\WeeklyBattleServiceTest" classname="Tests.Unit.Game.BattleRewardProcessing.Services.WeeklyBattleServiceTest" assertions="3" time="0.387235"/>
      </testsuite>
      <testsuite name="Tests\Unit\Game\Character\Builders\AttackBuilders\AttackDetails\CharacterAttackBuilderTest" file="/home/adam/Documents/flare/tests/Unit/Game/Character/Builders/AttackBuilders/AttackDetails/CharacterAttackBuilderTest.php" tests="7" assertions="13" errors="0" failures="0" skipped="0" time="1.961385">
        <testcase name="testShouldHaveClassSpecialtyDamageWhenBuildingAttack" file="/home/adam/Documents/flare/tests/Unit/Game/Character/Builders/AttackBuilders/AttackDetails/CharacterAttackBuilderTest.php" line="93" class="Tests\Unit\Game\Character\Builders\AttackBuilders\AttackDetails\CharacterAttackBuilderTest" classname="Tests.Unit.Game.Character.Builders.AttackBuilders.AttackDetails.CharacterAttackBuilderTest" assertions="2" time="0.308560"/>
        <testcase name="testBuildDefend" file="/home/adam/Documents/flare/tests/Unit/Game/Character/Builders/AttackBuilders/AttackDetails/CharacterAttackBuilderTest.php" line="84" class="Tests\Unit\Game\Character\Builders\AttackBuilders\AttackDetails\CharacterAttackBuilderTest" classname="Tests.Unit.Game.Character.Builders.AttackBuilders.AttackDetails.CharacterAttackBuilderTest" assertions="1" time="0.253677"/>
        <testcase name="testBuildWeaponDamage" file="/home/adam/Documents/flare/tests/Unit/Game/Character/Builders/AttackBuilders/AttackDetails/CharacterAttackBuilderTest.php" line="44" class="Tests\Unit\Game\Character\Builders\AttackBuilders\AttackDetails\CharacterAttackBuilderTest" classname="Tests.Unit.Game.Character.Builders.AttackBuilders.AttackDetails.CharacterAttackBuilderTest" assertions="1" time="0.258619"/>
        <testcase name="testShouldNotHaveClassSpecialtyDamageWhenBuildingAttack" file="/home/adam/Documents/flare/tests/Unit/Game/Character/Builders/AttackBuilders/AttackDetails/CharacterAttackBuilderTest.php" line="121" class="Tests\Unit\Game\Character\Builders\AttackBuilders\AttackDetails\CharacterAttackBuilderTest" classname="Tests.Unit.Game.Character.Builders.AttackBuilders.AttackDetails.CharacterAttackBuilderTest" assertions="2" time="0.319207"/>
        <testcase name="testBuildCastAndAttackDamage" file="/home/adam/Documents/flare/tests/Unit/Game/Character/Builders/AttackBuilders/AttackDetails/CharacterAttackBuilderTest.php" line="62" class="Tests\Unit\Game\Character\Builders\AttackBuilders\AttackDetails\CharacterAttackBuilderTest" classname="Tests.Unit.Game.Character.Builders.AttackBuilders.AttackDetails.CharacterAttackBuilderTest" assertions="3" time="0.262753"/>
        <testcase name="testBuildAttackAndCastDamage" file="/home/adam/Documents/flare/tests/Unit/Game/Character/Builders/AttackBuilders/AttackDetails/CharacterAttackBuilderTest.php" line="73" class="Tests\Unit\Game\Character\Builders\AttackBuilders\AttackDetails\CharacterAttackBuilderTest" classname="Tests.Unit.Game.Character.Builders.AttackBuilders.AttackDetails.CharacterAttackBuilderTest" assertions="3" time="0.270301"/>
        <testcase name="testBuildCastDamage" file="/home/adam/Documents/flare/tests/Unit/Game/Character/Builders/AttackBuilders/AttackDetails/CharacterAttackBuilderTest.php" line="53" class="Tests\Unit\Game\Character\Builders\AttackBuilders\AttackDetails\CharacterAttackBuilderTest" classname="Tests.Unit.Game.Character.Builders.AttackBuilders.AttackDetails.CharacterAttackBuilderTest" assertions="1" time="0.288267"/>
      </testsuite>
      <testsuite name="Tests\Unit\Game\Character\Builders\AttackBuilders\CharacterCacheDataTest" file="/home/adam/Documents/flare/tests/Unit/Game/Character/Builders/AttackBuilders/CharacterCacheDataTest.php" tests="10" assertions="10" errors="0" failures="0" skipped="0" time="3.326709">
        <testcase name="testUpdateExistingCharacterSheet" file="/home/adam/Documents/flare/tests/Unit/Game/Character/Builders/AttackBuilders/CharacterCacheDataTest.php" line="137" class="Tests\Unit\Game\Character\Builders\AttackBuilders\CharacterCacheDataTest" classname="Tests.Unit.Game.Character.Builders.AttackBuilders.CharacterCacheDataTest" assertions="1" time="0.212698"/>
        <testcase name="testDeleteCharacterSheetData" file="/home/adam/Documents/flare/tests/Unit/Game/Character/Builders/AttackBuilders/CharacterCacheDataTest.php" line="100" class="Tests\Unit\Game\Character\Builders\AttackBuilders\CharacterCacheDataTest" classname="Tests.Unit.Game.Character.Builders.AttackBuilders.CharacterCacheDataTest" assertions="1" time="0.228542"/>
        <testcase name="testGetExistingCharacterSheetCache" file="/home/adam/Documents/flare/tests/Unit/Game/Character/Builders/AttackBuilders/CharacterCacheDataTest.php" line="113" class="Tests\Unit\Game\Character\Builders\AttackBuilders\CharacterCacheDataTest" classname="Tests.Unit.Game.Character.Builders.AttackBuilders.CharacterCacheDataTest" assertions="1" time="0.214131"/>
        <testcase name="testCachedAcIsSetUp" file="/home/adam/Documents/flare/tests/Unit/Game/Character/Builders/AttackBuilders/CharacterCacheDataTest.php" line="59" class="Tests\Unit\Game\Character\Builders\AttackBuilders\CharacterCacheDataTest" classname="Tests.Unit.Game.Character.Builders.AttackBuilders.CharacterCacheDataTest" assertions="1" time="0.238618"/>
        <testcase name="testGetAttackDataForAttackType" file="/home/adam/Documents/flare/tests/Unit/Game/Character/Builders/AttackBuilders/CharacterCacheDataTest.php" line="69" class="Tests\Unit\Game\Character\Builders\AttackBuilders\CharacterCacheDataTest" classname="Tests.Unit.Game.Character.Builders.AttackBuilders.CharacterCacheDataTest" assertions="1" time="0.209310"/>
        <testcase name="testGetStatFromCharacterSheetCacheWhenCacheDoesNotExist" file="/home/adam/Documents/flare/tests/Unit/Game/Character/Builders/AttackBuilders/CharacterCacheDataTest.php" line="78" class="Tests\Unit\Game\Character\Builders\AttackBuilders\CharacterCacheDataTest" classname="Tests.Unit.Game.Character.Builders.AttackBuilders.CharacterCacheDataTest" assertions="1" time="0.441512"/>
        <testcase name="testGetStatFromCharacterSheetCacheDataWhenLevelDoesNotMatch" file="/home/adam/Documents/flare/tests/Unit/Game/Character/Builders/AttackBuilders/CharacterCacheDataTest.php" line="87" class="Tests\Unit\Game\Character\Builders\AttackBuilders\CharacterCacheDataTest" classname="Tests.Unit.Game.Character.Builders.AttackBuilders.CharacterCacheDataTest" assertions="1" time="0.416726"/>
        <testcase name="testGetCharacterSheetWhenItDoesNotExist" file="/home/adam/Documents/flare/tests/Unit/Game/Character/Builders/AttackBuilders/CharacterCacheDataTest.php" line="128" class="Tests\Unit\Game\Character\Builders\AttackBuilders\CharacterCacheDataTest" classname="Tests.Unit.Game.Character.Builders.AttackBuilders.CharacterCacheDataTest" assertions="1" time="0.490658"/>
        <testcase name="testGetCharacterSheetCache" file="/home/adam/Documents/flare/tests/Unit/Game/Character/Builders/AttackBuilders/CharacterCacheDataTest.php" line="169" class="Tests\Unit\Game\Character\Builders\AttackBuilders\CharacterCacheDataTest" classname="Tests.Unit.Game.Character.Builders.AttackBuilders.CharacterCacheDataTest" assertions="1" time="0.420864"/>
        <testcase name="testUpdateNonExistentCharacterSheet" file="/home/adam/Documents/flare/tests/Unit/Game/Character/Builders/AttackBuilders/CharacterCacheDataTest.php" line="156" class="Tests\Unit\Game\Character\Builders\AttackBuilders\CharacterCacheDataTest" classname="Tests.Unit.Game.Character.Builders.AttackBuilders.CharacterCacheDataTest" assertions="1" time="0.453650"/>
      </testsuite>
      <testsuite name="Tests\Unit\Game\Character\Builders\AttackBuilders\Handlers\UpdateCharacterAttackTypesHandlerTest" file="/home/adam/Documents/flare/tests/Unit/Game/Character/Builders/AttackBuilders/Handlers/UpdateCharacterAttackTypesHandlerTest.php" tests="2" assertions="2" errors="0" failures="0" skipped="0" time="0.616456">
        <testcase name="testUpdateCharacterAttackCache" file="/home/adam/Documents/flare/tests/Unit/Game/Character/Builders/AttackBuilders/Handlers/UpdateCharacterAttackTypesHandlerTest.php" line="64" class="Tests\Unit\Game\Character\Builders\AttackBuilders\Handlers\UpdateCharacterAttackTypesHandlerTest" classname="Tests.Unit.Game.Character.Builders.AttackBuilders.Handlers.UpdateCharacterAttackTypesHandlerTest" assertions="1" time="0.204932"/>
        <testcase name="testUpdateCharacterAttackCacheIsCreated" file="/home/adam/Documents/flare/tests/Unit/Game/Character/Builders/AttackBuilders/Handlers/UpdateCharacterAttackTypesHandlerTest.php" line="75" class="Tests\Unit\Game\Character\Builders\AttackBuilders\Handlers\UpdateCharacterAttackTypesHandlerTest" classname="Tests.Unit.Game.Character.Builders.AttackBuilders.Handlers.UpdateCharacterAttackTypesHandlerTest" assertions="1" time="0.411524"/>
      </testsuite>
      <testsuite name="Tests\Unit\Game\Character\Builders\AttackBuilders\Jobs\CharacterAttackTypesCacheBuilderTest" file="/home/adam/Documents/flare/tests/Unit/Game/Character/Builders/AttackBuilders/Jobs/CharacterAttackTypesCacheBuilderTest.php" tests="2" assertions="2" errors="0" failures="0" skipped="0" time="0.619836">
        <testcase name="testUpdateCharacterAttackTypesHandlerAndExplorationLogUpdateEventIsCalled" file="/home/adam/Documents/flare/tests/Unit/Game/Character/Builders/AttackBuilders/Jobs/CharacterAttackTypesCacheBuilderTest.php" line="59" class="Tests\Unit\Game\Character\Builders\AttackBuilders\Jobs\CharacterAttackTypesCacheBuilderTest" classname="Tests.Unit.Game.Character.Builders.AttackBuilders.Jobs.CharacterAttackTypesCacheBuilderTest" assertions="1" time="0.222167"/>
        <testcase name="testUpdateCharacterAttackTypesCache" file="/home/adam/Documents/flare/tests/Unit/Game/Character/Builders/AttackBuilders/Jobs/CharacterAttackTypesCacheBuilderTest.php" line="70" class="Tests\Unit\Game\Character\Builders\AttackBuilders\Jobs\CharacterAttackTypesCacheBuilderTest" classname="Tests.Unit.Game.Character.Builders.AttackBuilders.Jobs.CharacterAttackTypesCacheBuilderTest" assertions="1" time="0.397668"/>
      </testsuite>
      <testsuite name="Tests\Unit\Game\Character\Builders\AttackBuilders\Jobs\CharacterAttackTypesCacheBuilderWithDeductionsTest" file="/home/adam/Documents/flare/tests/Unit/Game/Character/Builders/AttackBuilders/Jobs/CharacterAttackTypesCacheBuilderWithDeductionsTest.php" tests="2" assertions="2" errors="0" failures="0" skipped="0" time="0.623012">
        <testcase name="testCharacterAttackTypesCacheBuilderWithDeductionsAndEventIsDispatched" file="/home/adam/Documents/flare/tests/Unit/Game/Character/Builders/AttackBuilders/Jobs/CharacterAttackTypesCacheBuilderWithDeductionsTest.php" line="55" class="Tests\Unit\Game\Character\Builders\AttackBuilders\Jobs\CharacterAttackTypesCacheBuilderWithDeductionsTest" classname="Tests.Unit.Game.Character.Builders.AttackBuilders.Jobs.CharacterAttackTypesCacheBuilderWithDeductionsTest" assertions="1" time="0.212172"/>
        <testcase name="testCharacterAttackTypesCacheBuilderWithDeductions" file="/home/adam/Documents/flare/tests/Unit/Game/Character/Builders/AttackBuilders/Jobs/CharacterAttackTypesCacheBuilderWithDeductionsTest.php" line="66" class="Tests\Unit\Game\Character\Builders\AttackBuilders\Jobs\CharacterAttackTypesCacheBuilderWithDeductionsTest" classname="Tests.Unit.Game.Character.Builders.AttackBuilders.Jobs.CharacterAttackTypesCacheBuilderWithDeductionsTest" assertions="1" time="0.410840"/>
      </testsuite>
      <testsuite name="Tests\Unit\Game\Character\Builders\AttackBuilders\Jobs\CreateCharacterAttackDataTest" file="/home/adam/Documents/flare/tests/Unit/Game/Character/Builders/AttackBuilders/Jobs/CreateCharacterAttackDataTest.php" tests="1" assertions="1" errors="0" failures="0" skipped="0" time="0.231151">
        <testcase name="testCreateCharacterAttackData" file="/home/adam/Documents/flare/tests/Unit/Game/Character/Builders/AttackBuilders/Jobs/CreateCharacterAttackDataTest.php" line="53" class="Tests\Unit\Game\Character\Builders\AttackBuilders\Jobs\CreateCharacterAttackDataTest" classname="Tests.Unit.Game.Character.Builders.AttackBuilders.Jobs.CreateCharacterAttackDataTest" assertions="1" time="0.231151"/>
      </testsuite>
      <testsuite name="Tests\Unit\Game\Character\Builders\AttackBuilders\Services\BuildCharacterAttackTypesTest" file="/home/adam/Documents/flare/tests/Unit/Game/Character/Builders/AttackBuilders/Services/BuildCharacterAttackTypesTest.php" tests="1" assertions="1" errors="0" failures="0" skipped="0" time="0.578956">
        <testcase name="testBuildCharacterAttackTypesData" file="/home/adam/Documents/flare/tests/Unit/Game/Character/Builders/AttackBuilders/Services/BuildCharacterAttackTypesTest.php" line="60" class="Tests\Unit\Game\Character\Builders\AttackBuilders\Services\BuildCharacterAttackTypesTest" classname="Tests.Unit.Game.Character.Builders.AttackBuilders.Services.BuildCharacterAttackTypesTest" assertions="1" time="0.578956"/>
      </testsuite>
      <testsuite name="Tests\Unit\Game\Character\Builders\CharacterInformation\AttributeBuilder\DamageBuilderTest" file="/home/adam/Documents/flare/tests/Unit/Game/Character/Builders/CharacterInformation/AttributeBuilder/DamageBuilderTest.php" tests="1" assertions="1" errors="0" failures="0" skipped="0" time="0.513323">
        <testcase name="testArcaneAlchemistDoesMoreDamageWithStave" file="/home/adam/Documents/flare/tests/Unit/Game/Character/Builders/CharacterInformation/AttributeBuilder/DamageBuilderTest.php" line="51" class="Tests\Unit\Game\Character\Builders\CharacterInformation\AttributeBuilder\DamageBuilderTest" classname="Tests.Unit.Game.Character.Builders.CharacterInformation.AttributeBuilder.DamageBuilderTest" assertions="1" time="0.513323"/>
      </testsuite>
      <testsuite name="Tests\Unit\Game\Character\Builders\CharacterInformation\AttributeBuilder\DefenceBuilderTest" file="/home/adam/Documents/flare/tests/Unit/Game/Character/Builders/CharacterInformation/AttributeBuilder/DefenceBuilderTest.php" tests="3" assertions="3" errors="0" failures="0" skipped="0" time="0.754673">
        <testcase name="testBuildDefenceWithArmourVoided" file="/home/adam/Documents/flare/tests/Unit/Game/Character/Builders/CharacterInformation/AttributeBuilder/DefenceBuilderTest.php" line="67" class="Tests\Unit\Game\Character\Builders\CharacterInformation\AttributeBuilder\DefenceBuilderTest" classname="Tests.Unit.Game.Character.Builders.CharacterInformation.AttributeBuilder.DefenceBuilderTest" assertions="1" time="0.259966"/>
        <testcase name="testBuildDefenceWithArmour" file="/home/adam/Documents/flare/tests/Unit/Game/Character/Builders/CharacterInformation/AttributeBuilder/DefenceBuilderTest.php" line="52" class="Tests\Unit\Game\Character\Builders\CharacterInformation\AttributeBuilder\DefenceBuilderTest" classname="Tests.Unit.Game.Character.Builders.CharacterInformation.AttributeBuilder.DefenceBuilderTest" assertions="1" time="0.270095"/>
        <testcase name="testBuildDefenceWithNoArmour" file="/home/adam/Documents/flare/tests/Unit/Game/Character/Builders/CharacterInformation/AttributeBuilder/DefenceBuilderTest.php" line="43" class="Tests\Unit\Game\Character\Builders\CharacterInformation\AttributeBuilder\DefenceBuilderTest" classname="Tests.Unit.Game.Character.Builders.CharacterInformation.AttributeBuilder.DefenceBuilderTest" assertions="1" time="0.224612"/>
      </testsuite>
      <testsuite name="Tests\Unit\Game\Character\Builders\CharacterInformation\AttributeBuilder\ElementalAtonementTest" file="/home/adam/Documents/flare/tests/Unit/Game/Character/Builders/CharacterInformation/AttributeBuilder/ElementalAtonementTest.php" tests="2" assertions="5" errors="0" failures="0" skipped="0" time="0.457552">
        <testcase name="testCharacterGetsNothingBackForElementalAtonement" file="/home/adam/Documents/flare/tests/Unit/Game/Character/Builders/CharacterInformation/AttributeBuilder/ElementalAtonementTest.php" line="82" class="Tests\Unit\Game\Character\Builders\CharacterInformation\AttributeBuilder\ElementalAtonementTest" classname="Tests.Unit.Game.Character.Builders.CharacterInformation.AttributeBuilder.ElementalAtonementTest" assertions="1" time="0.214821"/>
        <testcase name="testCharacterWithMaxedOutElementalAtonement" file="/home/adam/Documents/flare/tests/Unit/Game/Character/Builders/CharacterInformation/AttributeBuilder/ElementalAtonementTest.php" line="52" class="Tests\Unit\Game\Character\Builders\CharacterInformation\AttributeBuilder\ElementalAtonementTest" classname="Tests.Unit.Game.Character.Builders.CharacterInformation.AttributeBuilder.ElementalAtonementTest" assertions="4" time="0.242731"/>
      </testsuite>
      <testsuite name="Tests\Unit\Game\Character\Builders\CharacterInformation\AttributeBuilder\HolyBuilderTest" file="/home/adam/Documents/flare/tests/Unit/Game/Character/Builders/CharacterInformation/AttributeBuilder/HolyBuilderTest.php" tests="15" assertions="15" errors="0" failures="0" skipped="0" time="3.512476">
        <testcase name="testFetchHealingBonusNoInventory" file="/home/adam/Documents/flare/tests/Unit/Game/Character/Builders/CharacterInformation/AttributeBuilder/HolyBuilderTest.php" line="248" class="Tests\Unit\Game\Character\Builders\CharacterInformation\AttributeBuilder\HolyBuilderTest" classname="Tests.Unit.Game.Character.Builders.CharacterInformation.AttributeBuilder.HolyBuilderTest" assertions="1" time="0.219058"/>
        <testcase name="testHolyBonusWithNoInventory" file="/home/adam/Documents/flare/tests/Unit/Game/Character/Builders/CharacterInformation/AttributeBuilder/HolyBuilderTest.php" line="39" class="Tests\Unit\Game\Character\Builders\CharacterInformation\AttributeBuilder\HolyBuilderTest" classname="Tests.Unit.Game.Character.Builders.CharacterInformation.AttributeBuilder.HolyBuilderTest" assertions="1" time="0.260838"/>
        <testcase name="testGetTotalStackAppliedWithNoInventory" file="/home/adam/Documents/flare/tests/Unit/Game/Character/Builders/CharacterInformation/AttributeBuilder/HolyBuilderTest.php" line="98" class="Tests\Unit\Game\Character\Builders\CharacterInformation\AttributeBuilder\HolyBuilderTest" classname="Tests.Unit.Game.Character.Builders.CharacterInformation.AttributeBuilder.HolyBuilderTest" assertions="1" time="0.281726"/>
        <testcase name="testFetchDefenceBonusNoInventory" file="/home/adam/Documents/flare/tests/Unit/Game/Character/Builders/CharacterInformation/AttributeBuilder/HolyBuilderTest.php" line="218" class="Tests\Unit\Game\Character\Builders\CharacterInformation\AttributeBuilder\HolyBuilderTest" classname="Tests.Unit.Game.Character.Builders.CharacterInformation.AttributeBuilder.HolyBuilderTest" assertions="1" time="0.199738"/>
        <testcase name="testGetStatIncreaseForNoInventory" file="/home/adam/Documents/flare/tests/Unit/Game/Character/Builders/CharacterInformation/AttributeBuilder/HolyBuilderTest.php" line="158" class="Tests\Unit\Game\Character\Builders\CharacterInformation\AttributeBuilder\HolyBuilderTest" classname="Tests.Unit.Game.Character.Builders.CharacterInformation.AttributeBuilder.HolyBuilderTest" assertions="1" time="0.211322"/>
        <testcase name="testGetStatIncreaseForInventory" file="/home/adam/Documents/flare/tests/Unit/Game/Character/Builders/CharacterInformation/AttributeBuilder/HolyBuilderTest.php" line="167" class="Tests\Unit\Game\Character\Builders\CharacterInformation\AttributeBuilder\HolyBuilderTest" classname="Tests.Unit.Game.Character.Builders.CharacterInformation.AttributeBuilder.HolyBuilderTest" assertions="1" time="0.239571"/>
        <testcase name="testFetchAttackBonusNoInventory" file="/home/adam/Documents/flare/tests/Unit/Game/Character/Builders/CharacterInformation/AttributeBuilder/HolyBuilderTest.php" line="188" class="Tests\Unit\Game\Character\Builders\CharacterInformation\AttributeBuilder\HolyBuilderTest" classname="Tests.Unit.Game.Character.Builders.CharacterInformation.AttributeBuilder.HolyBuilderTest" assertions="1" time="0.205670"/>
        <testcase name="testGetDevouringResistanceForNoInventory" file="/home/adam/Documents/flare/tests/Unit/Game/Character/Builders/CharacterInformation/AttributeBuilder/HolyBuilderTest.php" line="128" class="Tests\Unit\Game\Character\Builders\CharacterInformation\AttributeBuilder\HolyBuilderTest" classname="Tests.Unit.Game.Character.Builders.CharacterInformation.AttributeBuilder.HolyBuilderTest" assertions="1" time="0.224049"/>
        <testcase name="testGetDevouringResistanceForInventory" file="/home/adam/Documents/flare/tests/Unit/Game/Character/Builders/CharacterInformation/AttributeBuilder/HolyBuilderTest.php" line="137" class="Tests\Unit\Game\Character\Builders\CharacterInformation\AttributeBuilder\HolyBuilderTest" classname="Tests.Unit.Game.Character.Builders.CharacterInformation.AttributeBuilder.HolyBuilderTest" assertions="1" time="0.238645"/>
        <testcase name="testFetchAttackBonusWithInventory" file="/home/adam/Documents/flare/tests/Unit/Game/Character/Builders/CharacterInformation/AttributeBuilder/HolyBuilderTest.php" line="197" class="Tests\Unit\Game\Character\Builders\CharacterInformation\AttributeBuilder\HolyBuilderTest" classname="Tests.Unit.Game.Character.Builders.CharacterInformation.AttributeBuilder.HolyBuilderTest" assertions="1" time="0.250220"/>
        <testcase name="testHolyBonusWithInventory" file="/home/adam/Documents/flare/tests/Unit/Game/Character/Builders/CharacterInformation/AttributeBuilder/HolyBuilderTest.php" line="48" class="Tests\Unit\Game\Character\Builders\CharacterInformation\AttributeBuilder\HolyBuilderTest" classname="Tests.Unit.Game.Character.Builders.CharacterInformation.AttributeBuilder.HolyBuilderTest" assertions="1" time="0.222003"/>
        <testcase name="testHolyBonusWithInventoryForTwoHandedClass" file="/home/adam/Documents/flare/tests/Unit/Game/Character/Builders/CharacterInformation/AttributeBuilder/HolyBuilderTest.php" line="69" class="Tests\Unit\Game\Character\Builders\CharacterInformation\AttributeBuilder\HolyBuilderTest" classname="Tests.Unit.Game.Character.Builders.CharacterInformation.AttributeBuilder.HolyBuilderTest" assertions="1" time="0.233423"/>
        <testcase name="testFetchDefenceBonusWithInventory" file="/home/adam/Documents/flare/tests/Unit/Game/Character/Builders/CharacterInformation/AttributeBuilder/HolyBuilderTest.php" line="227" class="Tests\Unit\Game\Character\Builders\CharacterInformation\AttributeBuilder\HolyBuilderTest" classname="Tests.Unit.Game.Character.Builders.CharacterInformation.AttributeBuilder.HolyBuilderTest" assertions="1" time="0.249099"/>
        <testcase name="testGetTotalStacksAppliedWithInventory" file="/home/adam/Documents/flare/tests/Unit/Game/Character/Builders/CharacterInformation/AttributeBuilder/HolyBuilderTest.php" line="107" class="Tests\Unit\Game\Character\Builders\CharacterInformation\AttributeBuilder\HolyBuilderTest" classname="Tests.Unit.Game.Character.Builders.CharacterInformation.AttributeBuilder.HolyBuilderTest" assertions="1" time="0.238233"/>
        <testcase name="testFetchHealingBonusWithInventory" file="/home/adam/Documents/flare/tests/Unit/Game/Character/Builders/CharacterInformation/AttributeBuilder/HolyBuilderTest.php" line="257" class="Tests\Unit\Game\Character\Builders\CharacterInformation\AttributeBuilder\HolyBuilderTest" classname="Tests.Unit.Game.Character.Builders.CharacterInformation.AttributeBuilder.HolyBuilderTest" assertions="1" time="0.238879"/>
      </testsuite>
      <testsuite name="Tests\Unit\Game\Character\Builders\CharacterInformation\AttributeBuilder\ItemSkillAttributeTest" file="/home/adam/Documents/flare/tests/Unit/Game/Character/Builders/CharacterInformation/AttributeBuilder/ItemSkillAttributeTest.php" tests="1" assertions="1" errors="0" failures="0" skipped="0" time="0.238970">
        <testcase name="testGetItemSkillAttributeFromArtifactItem" file="/home/adam/Documents/flare/tests/Unit/Game/Character/Builders/CharacterInformation/AttributeBuilder/ItemSkillAttributeTest.php" line="40" class="Tests\Unit\Game\Character\Builders\CharacterInformation\AttributeBuilder\ItemSkillAttributeTest" classname="Tests.Unit.Game.Character.Builders.CharacterInformation.AttributeBuilder.ItemSkillAttributeTest" assertions="1" time="0.238970"/>
      </testsuite>
      <testsuite name="Tests\Unit\Game\Character\Builders\CharacterInformation\AttributeBuilder\ReductionBuilderTest" file="/home/adam/Documents/flare/tests/Unit/Game/Character/Builders/CharacterInformation/AttributeBuilder/ReductionBuilderTest.php" tests="4" assertions="4" errors="0" failures="0" skipped="0" time="1.000780">
        <testcase name="testGetRingReduction" file="/home/adam/Documents/flare/tests/Unit/Game/Character/Builders/CharacterInformation/AttributeBuilder/ReductionBuilderTest.php" line="49" class="Tests\Unit\Game\Character\Builders\CharacterInformation\AttributeBuilder\ReductionBuilderTest" classname="Tests.Unit.Game.Character.Builders.CharacterInformation.AttributeBuilder.ReductionBuilderTest" assertions="1" time="0.216745"/>
        <testcase name="testGetAffixReduction" file="/home/adam/Documents/flare/tests/Unit/Game/Character/Builders/CharacterInformation/AttributeBuilder/ReductionBuilderTest.php" line="74" class="Tests\Unit\Game\Character\Builders\CharacterInformation\AttributeBuilder\ReductionBuilderTest" classname="Tests.Unit.Game.Character.Builders.CharacterInformation.AttributeBuilder.ReductionBuilderTest" assertions="1" time="0.220807"/>
        <testcase name="testNoRingReductionWithEmptyInventory" file="/home/adam/Documents/flare/tests/Unit/Game/Character/Builders/CharacterInformation/AttributeBuilder/ReductionBuilderTest.php" line="39" class="Tests\Unit\Game\Character\Builders\CharacterInformation\AttributeBuilder\ReductionBuilderTest" classname="Tests.Unit.Game.Character.Builders.CharacterInformation.AttributeBuilder.ReductionBuilderTest" assertions="1" time="0.220621"/>
        <testcase name="testGetAffixReductionNoInventory" file="/home/adam/Documents/flare/tests/Unit/Game/Character/Builders/CharacterInformation/AttributeBuilder/ReductionBuilderTest.php" line="64" class="Tests\Unit\Game\Character\Builders\CharacterInformation\AttributeBuilder\ReductionBuilderTest" classname="Tests.Unit.Game.Character.Builders.CharacterInformation.AttributeBuilder.ReductionBuilderTest" assertions="1" time="0.342607"/>
      </testsuite>
      <testsuite name="Tests\Unit\Game\Character\Builders\CharacterInformation\CharacterStatBuilderTest" file="/home/adam/Documents/flare/tests/Unit/Game/Character/Builders/CharacterInformation/CharacterStatBuilderTest.php" tests="91" assertions="91" errors="0" failures="0" skipped="0" time="23.210086">
        <testcase name="testGetPositionalHealingWithEmptyInventory" file="/home/adam/Documents/flare/tests/Unit/Game/Character/Builders/CharacterInformation/CharacterStatBuilderTest.php" line="812" class="Tests\Unit\Game\Character\Builders\CharacterInformation\CharacterStatBuilderTest" classname="Tests.Unit.Game.Character.Builders.CharacterInformation.CharacterStatBuilderTest" assertions="1" time="0.301845"/>
        <testcase name="testHealingWithNoEquipment" file="/home/adam/Documents/flare/tests/Unit/Game/Character/Builders/CharacterInformation/CharacterStatBuilderTest.php" line="955" class="Tests\Unit\Game\Character\Builders\CharacterInformation\CharacterStatBuilderTest" classname="Tests.Unit.Game.Character.Builders.CharacterInformation.CharacterStatBuilderTest" assertions="1" time="0.256035"/>
        <testcase name="testAffixesCantBeResisted" file="/home/adam/Documents/flare/tests/Unit/Game/Character/Builders/CharacterInformation/CharacterStatBuilderTest.php" line="161" class="Tests\Unit\Game\Character\Builders\CharacterInformation\CharacterStatBuilderTest" classname="Tests.Unit.Game.Character.Builders.CharacterInformation.CharacterStatBuilderTest" assertions="1" time="0.279214"/>
        <testcase name="testDevouringWithOnlyQuestItem" file="/home/adam/Documents/flare/tests/Unit/Game/Character/Builders/CharacterInformation/CharacterStatBuilderTest.php" line="983" class="Tests\Unit\Game\Character\Builders\CharacterInformation\CharacterStatBuilderTest" classname="Tests.Unit.Game.Character.Builders.CharacterInformation.CharacterStatBuilderTest" assertions="1" time="0.262414"/>
        <testcase name="testResurrectionChanceWithNoItems" file="/home/adam/Documents/flare/tests/Unit/Game/Character/Builders/CharacterInformation/CharacterStatBuilderTest.php" line="1083" class="Tests\Unit\Game\Character\Builders\CharacterInformation\CharacterStatBuilderTest" classname="Tests.Unit.Game.Character.Builders.CharacterInformation.CharacterStatBuilderTest" assertions="1" time="0.228930"/>
        <testcase name="testModdedStatShouldBeHigherWithOnlyBoons" file="/home/adam/Documents/flare/tests/Unit/Game/Character/Builders/CharacterInformation/CharacterStatBuilderTest.php" line="398" class="Tests\Unit\Game\Character\Builders\CharacterInformation\CharacterStatBuilderTest" classname="Tests.Unit.Game.Character.Builders.CharacterInformation.CharacterStatBuilderTest" assertions="1" time="0.238811"/>
        <testcase name="testHealingWithNoEquipmentAsAProphet" file="/home/adam/Documents/flare/tests/Unit/Game/Character/Builders/CharacterInformation/CharacterStatBuilderTest.php" line="965" class="Tests\Unit\Game\Character\Builders\CharacterInformation\CharacterStatBuilderTest" classname="Tests.Unit.Game.Character.Builders.CharacterInformation.CharacterStatBuilderTest" assertions="1" time="0.211434"/>
        <testcase name="testEntrancingChangeWithNoInventory" file="/home/adam/Documents/flare/tests/Unit/Game/Character/Builders/CharacterInformation/CharacterStatBuilderTest.php" line="1741" class="Tests\Unit\Game\Character\Builders\CharacterInformation\CharacterStatBuilderTest" classname="Tests.Unit.Game.Character.Builders.CharacterInformation.CharacterStatBuilderTest" assertions="1" time="0.224387"/>
        <testcase name="testClassBonusWithSkillDoesNotGoAboveOneHundredPercent" file="/home/adam/Documents/flare/tests/Unit/Game/Character/Builders/CharacterInformation/CharacterStatBuilderTest.php" line="113" class="Tests\Unit\Game\Character\Builders\CharacterInformation\CharacterStatBuilderTest" classname="Tests.Unit.Game.Character.Builders.CharacterInformation.CharacterStatBuilderTest" assertions="1" time="0.219645"/>
        <testcase name="testModdedStatShouldBeTheSameWhenIgnoreReductionsIsTrue" file="/home/adam/Documents/flare/tests/Unit/Game/Character/Builders/CharacterInformation/CharacterStatBuilderTest.php" line="195" class="Tests\Unit\Game\Character\Builders\CharacterInformation\CharacterStatBuilderTest" classname="Tests.Unit.Game.Character.Builders.CharacterInformation.CharacterStatBuilderTest" assertions="1" time="0.279380"/>
        <testcase name="testClassBonusWithNoSkill" file="/home/adam/Documents/flare/tests/Unit/Game/Character/Builders/CharacterInformation/CharacterStatBuilderTest.php" line="74" class="Tests\Unit\Game\Character\Builders\CharacterInformation\CharacterStatBuilderTest" classname="Tests.Unit.Game.Character.Builders.CharacterInformation.CharacterStatBuilderTest" assertions="1" time="0.243855"/>
        <testcase name="testGetHolyInfo" file="/home/adam/Documents/flare/tests/Unit/Game/Character/Builders/CharacterInformation/CharacterStatBuilderTest.php" line="143" class="Tests\Unit\Game\Character\Builders\CharacterInformation\CharacterStatBuilderTest" classname="Tests.Unit.Game.Character.Builders.CharacterInformation.CharacterStatBuilderTest" assertions="1" time="0.226889"/>
        <testcase name="testGetNoCounterInfoForNoInventory" file="/home/adam/Documents/flare/tests/Unit/Game/Character/Builders/CharacterInformation/CharacterStatBuilderTest.php" line="1956" class="Tests\Unit\Game\Character\Builders\CharacterInformation\CharacterStatBuilderTest" classname="Tests.Unit.Game.Character.Builders.CharacterInformation.CharacterStatBuilderTest" assertions="1" time="0.238188"/>
        <testcase name="testGetNoStatReducingAffixForNoInventory" file="/home/adam/Documents/flare/tests/Unit/Game/Character/Builders/CharacterInformation/CharacterStatBuilderTest.php" line="1810" class="Tests\Unit\Game\Character\Builders\CharacterInformation\CharacterStatBuilderTest" classname="Tests.Unit.Game.Character.Builders.CharacterInformation.CharacterStatBuilderTest" assertions="1" time="0.226254"/>
        <testcase name="testGetNoStatReducingAffixForSuffixes" file="/home/adam/Documents/flare/tests/Unit/Game/Character/Builders/CharacterInformation/CharacterStatBuilderTest.php" line="1883" class="Tests\Unit\Game\Character\Builders\CharacterInformation\CharacterStatBuilderTest" classname="Tests.Unit.Game.Character.Builders.CharacterInformation.CharacterStatBuilderTest" assertions="1" time="0.210392"/>
        <testcase name="testClassBonusWithSkill" file="/home/adam/Documents/flare/tests/Unit/Game/Character/Builders/CharacterInformation/CharacterStatBuilderTest.php" line="83" class="Tests\Unit\Game\Character\Builders\CharacterInformation\CharacterStatBuilderTest" classname="Tests.Unit.Game.Character.Builders.CharacterInformation.CharacterStatBuilderTest" assertions="1" time="0.202975"/>
        <testcase name="testBuildAffixStackingDamageVoided" file="/home/adam/Documents/flare/tests/Unit/Game/Character/Builders/CharacterInformation/CharacterStatBuilderTest.php" line="1253" class="Tests\Unit\Game\Character\Builders\CharacterInformation\CharacterStatBuilderTest" classname="Tests.Unit.Game.Character.Builders.CharacterInformation.CharacterStatBuilderTest" assertions="1" time="0.256608"/>
        <testcase name="testGetFightTimeOutModifier" file="/home/adam/Documents/flare/tests/Unit/Game/Character/Builders/CharacterInformation/CharacterStatBuilderTest.php" line="1964" class="Tests\Unit\Game\Character\Builders\CharacterInformation\CharacterStatBuilderTest" classname="Tests.Unit.Game.Character.Builders.CharacterInformation.CharacterStatBuilderTest" assertions="1" time="0.216597"/>
        <testcase name="testGetReductionInfo" file="/home/adam/Documents/flare/tests/Unit/Game/Character/Builders/CharacterInformation/CharacterStatBuilderTest.php" line="152" class="Tests\Unit\Game\Character\Builders\CharacterInformation\CharacterStatBuilderTest" classname="Tests.Unit.Game.Character.Builders.CharacterInformation.CharacterStatBuilderTest" assertions="1" time="0.214164"/>
        <testcase name="testGetPositionalHealingWithEmptyInventoryAsProphet" file="/home/adam/Documents/flare/tests/Unit/Game/Character/Builders/CharacterInformation/CharacterStatBuilderTest.php" line="822" class="Tests\Unit\Game\Character\Builders\CharacterInformation\CharacterStatBuilderTest" classname="Tests.Unit.Game.Character.Builders.CharacterInformation.CharacterStatBuilderTest" assertions="1" time="0.241443"/>
        <testcase name="testBuildAffixNonStackingDamageNoEnchantments" file="/home/adam/Documents/flare/tests/Unit/Game/Character/Builders/CharacterInformation/CharacterStatBuilderTest.php" line="1313" class="Tests\Unit\Game\Character\Builders\CharacterInformation\CharacterStatBuilderTest" classname="Tests.Unit.Game.Character.Builders.CharacterInformation.CharacterStatBuilderTest" assertions="1" time="0.217570"/>
        <testcase name="testGetNoAmbushInfoForNoInventory" file="/home/adam/Documents/flare/tests/Unit/Game/Character/Builders/CharacterInformation/CharacterStatBuilderTest.php" line="1920" class="Tests\Unit\Game\Character\Builders\CharacterInformation\CharacterStatBuilderTest" classname="Tests.Unit.Game.Character.Builders.CharacterInformation.CharacterStatBuilderTest" assertions="1" time="0.222487"/>
        <testcase name="testResurrectionChanceWithItems" file="/home/adam/Documents/flare/tests/Unit/Game/Character/Builders/CharacterInformation/CharacterStatBuilderTest.php" line="1092" class="Tests\Unit\Game\Character\Builders\CharacterInformation\CharacterStatBuilderTest" classname="Tests.Unit.Game.Character.Builders.CharacterInformation.CharacterStatBuilderTest" assertions="1" time="0.215266"/>
        <testcase name="testResurrectionChanceWithItemsInPurgatory" file="/home/adam/Documents/flare/tests/Unit/Game/Character/Builders/CharacterInformation/CharacterStatBuilderTest.php" line="1198" class="Tests\Unit\Game\Character\Builders\CharacterInformation\CharacterStatBuilderTest" classname="Tests.Unit.Game.Character.Builders.CharacterInformation.CharacterStatBuilderTest" assertions="1" time="0.244900"/>
        <testcase name="testModdedStatShouldBeTheSame" file="/home/adam/Documents/flare/tests/Unit/Game/Character/Builders/CharacterInformation/CharacterStatBuilderTest.php" line="185" class="Tests\Unit\Game\Character\Builders\CharacterInformation\CharacterStatBuilderTest" classname="Tests.Unit.Game.Character.Builders.CharacterInformation.CharacterStatBuilderTest" assertions="1" time="0.196865"/>
        <testcase name="testBuildAffixStackingDamage" file="/home/adam/Documents/flare/tests/Unit/Game/Character/Builders/CharacterInformation/CharacterStatBuilderTest.php" line="1223" class="Tests\Unit\Game\Character\Builders\CharacterInformation\CharacterStatBuilderTest" classname="Tests.Unit.Game.Character.Builders.CharacterInformation.CharacterStatBuilderTest" assertions="1" time="0.216901"/>
        <testcase name="testEntrancingChanceWithInventory" file="/home/adam/Documents/flare/tests/Unit/Game/Character/Builders/CharacterInformation/CharacterStatBuilderTest.php" line="1750" class="Tests\Unit\Game\Character\Builders\CharacterInformation\CharacterStatBuilderTest" classname="Tests.Unit.Game.Character.Builders.CharacterInformation.CharacterStatBuilderTest" assertions="1" time="0.249208"/>
        <testcase name="testGetCounterChance" file="/home/adam/Documents/flare/tests/Unit/Game/Character/Builders/CharacterInformation/CharacterStatBuilderTest.php" line="1928" class="Tests\Unit\Game\Character\Builders\CharacterInformation\CharacterStatBuilderTest" classname="Tests.Unit.Game.Character.Builders.CharacterInformation.CharacterStatBuilderTest" assertions="1" time="0.226287"/>
        <testcase name="testCharacterHasNoEquippedItem" file="/home/adam/Documents/flare/tests/Unit/Game/Character/Builders/CharacterInformation/CharacterStatBuilderTest.php" line="65" class="Tests\Unit\Game\Character\Builders\CharacterInformation\CharacterStatBuilderTest" classname="Tests.Unit.Game.Character.Builders.CharacterInformation.CharacterStatBuilderTest" assertions="1" time="0.221312"/>
        <testcase name="testSpellDamageForCasterWithNoInventory" file="/home/adam/Documents/flare/tests/Unit/Game/Character/Builders/CharacterInformation/CharacterStatBuilderTest.php" line="694" class="Tests\Unit\Game\Character\Builders\CharacterInformation\CharacterStatBuilderTest" classname="Tests.Unit.Game.Character.Builders.CharacterInformation.CharacterStatBuilderTest" assertions="1" time="0.242737"/>
        <testcase name="testPositionalSpellDamageWithEmptyInventoryAsCaster" file="/home/adam/Documents/flare/tests/Unit/Game/Character/Builders/CharacterInformation/CharacterStatBuilderTest.php" line="764" class="Tests\Unit\Game\Character\Builders\CharacterInformation\CharacterStatBuilderTest" classname="Tests.Unit.Game.Character.Builders.CharacterInformation.CharacterStatBuilderTest" assertions="1" time="0.210424"/>
        <testcase name="testGetAmbushChance" file="/home/adam/Documents/flare/tests/Unit/Game/Character/Builders/CharacterInformation/CharacterStatBuilderTest.php" line="1892" class="Tests\Unit\Game\Character\Builders\CharacterInformation\CharacterStatBuilderTest" classname="Tests.Unit.Game.Character.Builders.CharacterInformation.CharacterStatBuilderTest" assertions="1" time="0.301185"/>
        <testcase name="testGetMovementOutModifier" file="/home/adam/Documents/flare/tests/Unit/Game/Character/Builders/CharacterInformation/CharacterStatBuilderTest.php" line="1976" class="Tests\Unit\Game\Character\Builders\CharacterInformation\CharacterStatBuilderTest" classname="Tests.Unit.Game.Character.Builders.CharacterInformation.CharacterStatBuilderTest" assertions="1" time="0.215640"/>
        <testcase name="testCharacterHasEquippeditems" file="/home/adam/Documents/flare/tests/Unit/Game/Character/Builders/CharacterInformation/CharacterStatBuilderTest.php" line="47" class="Tests\Unit\Game\Character\Builders\CharacterInformation\CharacterStatBuilderTest" classname="Tests.Unit.Game.Character.Builders.CharacterInformation.CharacterStatBuilderTest" assertions="1" time="0.246147"/>
        <testcase name="testAffixesCannotBeResisted" file="/home/adam/Documents/flare/tests/Unit/Game/Character/Builders/CharacterInformation/CharacterStatBuilderTest.php" line="170" class="Tests\Unit\Game\Character\Builders\CharacterInformation\CharacterStatBuilderTest" classname="Tests.Unit.Game.Character.Builders.CharacterInformation.CharacterStatBuilderTest" assertions="1" time="0.215689"/>
        <testcase name="testPositionalWeaponDamageWithEmptyInventory" file="/home/adam/Documents/flare/tests/Unit/Game/Character/Builders/CharacterInformation/CharacterStatBuilderTest.php" line="733" class="Tests\Unit\Game\Character\Builders\CharacterInformation\CharacterStatBuilderTest" classname="Tests.Unit.Game.Character.Builders.CharacterInformation.CharacterStatBuilderTest" assertions="1" time="0.205036"/>
        <testcase name="testDevouringWithAffixes" file="/home/adam/Documents/flare/tests/Unit/Game/Character/Builders/CharacterInformation/CharacterStatBuilderTest.php" line="1019" class="Tests\Unit\Game\Character\Builders\CharacterInformation\CharacterStatBuilderTest" classname="Tests.Unit.Game.Character.Builders.CharacterInformation.CharacterStatBuilderTest" assertions="1" time="0.252007"/>
        <testcase name="testResurrectionChanceWithItemsAsProphetInPurgatory" file="/home/adam/Documents/flare/tests/Unit/Game/Character/Builders/CharacterInformation/CharacterStatBuilderTest.php" line="1165" class="Tests\Unit\Game\Character\Builders\CharacterInformation\CharacterStatBuilderTest" classname="Tests.Unit.Game.Character.Builders.CharacterInformation.CharacterStatBuilderTest" assertions="1" time="0.222496"/>
        <testcase name="testBuildAffixNonStackingDamageVoided" file="/home/adam/Documents/flare/tests/Unit/Game/Character/Builders/CharacterInformation/CharacterStatBuilderTest.php" line="1327" class="Tests\Unit\Game\Character\Builders\CharacterInformation\CharacterStatBuilderTest" classname="Tests.Unit.Game.Character.Builders.CharacterInformation.CharacterStatBuilderTest" assertions="1" time="0.213072"/>
        <testcase name="testBuildInvalidAffixDamage" file="/home/adam/Documents/flare/tests/Unit/Game/Character/Builders/CharacterInformation/CharacterStatBuilderTest.php" line="1731" class="Tests\Unit\Game\Character\Builders\CharacterInformation\CharacterStatBuilderTest" classname="Tests.Unit.Game.Character.Builders.CharacterInformation.CharacterStatBuilderTest" assertions="1" time="0.204995"/>
        <testcase name="testGetStatReducingAffixForSuffixes" file="/home/adam/Documents/flare/tests/Unit/Game/Character/Builders/CharacterInformation/CharacterStatBuilderTest.php" line="1851" class="Tests\Unit\Game\Character\Builders\CharacterInformation\CharacterStatBuilderTest" classname="Tests.Unit.Game.Character.Builders.CharacterInformation.CharacterStatBuilderTest" assertions="1" time="0.257544"/>
        <testcase name="testCharacterHasResistanceReductionOnPrefixBasedItems" file="/home/adam/Documents/flare/tests/Unit/Game/Character/Builders/CharacterInformation/CharacterStatBuilderTest.php" line="2277" class="Tests\Unit\Game\Character\Builders\CharacterInformation\CharacterStatBuilderTest" classname="Tests.Unit.Game.Character.Builders.CharacterInformation.CharacterStatBuilderTest" assertions="1" time="0.241654"/>
        <testcase name="testGetCharacter" file="/home/adam/Documents/flare/tests/Unit/Game/Character/Builders/CharacterInformation/CharacterStatBuilderTest.php" line="56" class="Tests\Unit\Game\Character\Builders\CharacterInformation\CharacterStatBuilderTest" classname="Tests.Unit.Game.Character.Builders.CharacterInformation.CharacterStatBuilderTest" assertions="1" time="0.209984"/>
        <testcase name="testModdedStatShouldBeHigher" file="/home/adam/Documents/flare/tests/Unit/Game/Character/Builders/CharacterInformation/CharacterStatBuilderTest.php" line="237" class="Tests\Unit\Game\Character\Builders\CharacterInformation\CharacterStatBuilderTest" classname="Tests.Unit.Game.Character.Builders.CharacterInformation.CharacterStatBuilderTest" assertions="1" time="0.255409"/>
        <testcase name="testGetStatReducingAffix" file="/home/adam/Documents/flare/tests/Unit/Game/Character/Builders/CharacterInformation/CharacterStatBuilderTest.php" line="1780" class="Tests\Unit\Game\Character\Builders\CharacterInformation\CharacterStatBuilderTest" classname="Tests.Unit.Game.Character.Builders.CharacterInformation.CharacterStatBuilderTest" assertions="1" time="0.240076"/>
        <testcase name="testCharacterHasResistanceReductionOnPrefixBasedItemsThatDoesNotGoAboveOneHundredPercent" file="/home/adam/Documents/flare/tests/Unit/Game/Character/Builders/CharacterInformation/CharacterStatBuilderTest.php" line="2295" class="Tests\Unit\Game\Character\Builders\CharacterInformation\CharacterStatBuilderTest" classname="Tests.Unit.Game.Character.Builders.CharacterInformation.CharacterStatBuilderTest" assertions="1" time="0.229844"/>
        <testcase name="testModdedStatShouldBeHigherEvenVoided" file="/home/adam/Documents/flare/tests/Unit/Game/Character/Builders/CharacterInformation/CharacterStatBuilderTest.php" line="265" class="Tests\Unit\Game\Character\Builders\CharacterInformation\CharacterStatBuilderTest" classname="Tests.Unit.Game.Character.Builders.CharacterInformation.CharacterStatBuilderTest" assertions="1" time="0.263025"/>
        <testcase name="testPositionalSpellDamage" file="/home/adam/Documents/flare/tests/Unit/Game/Character/Builders/CharacterInformation/CharacterStatBuilderTest.php" line="743" class="Tests\Unit\Game\Character\Builders\CharacterInformation\CharacterStatBuilderTest" classname="Tests.Unit.Game.Character.Builders.CharacterInformation.CharacterStatBuilderTest" assertions="1" time="0.228944"/>
        <testcase name="testBuildAffixLifeStealingVampire" file="/home/adam/Documents/flare/tests/Unit/Game/Character/Builders/CharacterInformation/CharacterStatBuilderTest.php" line="1469" class="Tests\Unit\Game\Character\Builders\CharacterInformation\CharacterStatBuilderTest" classname="Tests.Unit.Game.Character.Builders.CharacterInformation.CharacterStatBuilderTest" assertions="1" time="0.218657"/>
        <testcase name="testWeaponDamageWithOutSkillVoided" file="/home/adam/Documents/flare/tests/Unit/Game/Character/Builders/CharacterInformation/CharacterStatBuilderTest.php" line="474" class="Tests\Unit\Game\Character\Builders\CharacterInformation\CharacterStatBuilderTest" classname="Tests.Unit.Game.Character.Builders.CharacterInformation.CharacterStatBuilderTest" assertions="1" time="0.228276"/>
        <testcase name="testGetAmbushResistance" file="/home/adam/Documents/flare/tests/Unit/Game/Character/Builders/CharacterInformation/CharacterStatBuilderTest.php" line="1906" class="Tests\Unit\Game\Character\Builders\CharacterInformation\CharacterStatBuilderTest" classname="Tests.Unit.Game.Character.Builders.CharacterInformation.CharacterStatBuilderTest" assertions="1" time="0.253857"/>
        <testcase name="testModdedStatShouldBeHalfWhenCharacterHasPurgatoryAccessAndIsOnTheIcePlane" file="/home/adam/Documents/flare/tests/Unit/Game/Character/Builders/CharacterInformation/CharacterStatBuilderTest.php" line="205" class="Tests\Unit\Game\Character\Builders\CharacterInformation\CharacterStatBuilderTest" classname="Tests.Unit.Game.Character.Builders.CharacterInformation.CharacterStatBuilderTest" assertions="1" time="0.215651"/>
        <testcase name="testGetPositionalHealing" file="/home/adam/Documents/flare/tests/Unit/Game/Character/Builders/CharacterInformation/CharacterStatBuilderTest.php" line="784" class="Tests\Unit\Game\Character\Builders\CharacterInformation\CharacterStatBuilderTest" classname="Tests.Unit.Game.Character.Builders.CharacterInformation.CharacterStatBuilderTest" assertions="1" time="0.225291"/>
        <testcase name="testResurrectionChanceWithItemsAsVampire" file="/home/adam/Documents/flare/tests/Unit/Game/Character/Builders/CharacterInformation/CharacterStatBuilderTest.php" line="1138" class="Tests\Unit\Game\Character\Builders\CharacterInformation\CharacterStatBuilderTest" classname="Tests.Unit.Game.Character.Builders.CharacterInformation.CharacterStatBuilderTest" assertions="1" time="0.261689"/>
        <testcase name="testModdedStatIsStillHigherThenRegularStatWhenOnStatReducingPlane" file="/home/adam/Documents/flare/tests/Unit/Game/Character/Builders/CharacterInformation/CharacterStatBuilderTest.php" line="294" class="Tests\Unit\Game\Character\Builders\CharacterInformation\CharacterStatBuilderTest" classname="Tests.Unit.Game.Character.Builders.CharacterInformation.CharacterStatBuilderTest" assertions="1" time="0.221796"/>
        <testcase name="testPositionalWeaponDamage" file="/home/adam/Documents/flare/tests/Unit/Game/Character/Builders/CharacterInformation/CharacterStatBuilderTest.php" line="722" class="Tests\Unit\Game\Character\Builders\CharacterInformation\CharacterStatBuilderTest" classname="Tests.Unit.Game.Character.Builders.CharacterInformation.CharacterStatBuilderTest" assertions="1" time="0.221321"/>
        <testcase name="testDevouringWithAffixesInPurgatory" file="/home/adam/Documents/flare/tests/Unit/Game/Character/Builders/CharacterInformation/CharacterStatBuilderTest.php" line="1048" class="Tests\Unit\Game\Character\Builders\CharacterInformation\CharacterStatBuilderTest" classname="Tests.Unit.Game.Character.Builders.CharacterInformation.CharacterStatBuilderTest" assertions="1" time="0.256780"/>
        <testcase name="testBuildAffixLifeStealingNonStackingWithNoEnchantments" file="/home/adam/Documents/flare/tests/Unit/Game/Character/Builders/CharacterInformation/CharacterStatBuilderTest.php" line="1424" class="Tests\Unit\Game\Character\Builders\CharacterInformation\CharacterStatBuilderTest" classname="Tests.Unit.Game.Character.Builders.CharacterInformation.CharacterStatBuilderTest" assertions="1" time="0.221371"/>
        <testcase name="testDevouringWithOnlyQuestItemInPurgatory" file="/home/adam/Documents/flare/tests/Unit/Game/Character/Builders/CharacterInformation/CharacterStatBuilderTest.php" line="998" class="Tests\Unit\Game\Character\Builders\CharacterInformation\CharacterStatBuilderTest" classname="Tests.Unit.Game.Character.Builders.CharacterInformation.CharacterStatBuilderTest" assertions="1" time="0.226735"/>
        <testcase name="testNoResistanceReductionForCharacterWhenCharacterIsVoided" file="/home/adam/Documents/flare/tests/Unit/Game/Character/Builders/CharacterInformation/CharacterStatBuilderTest.php" line="2268" class="Tests\Unit\Game\Character\Builders\CharacterInformation\CharacterStatBuilderTest" classname="Tests.Unit.Game.Character.Builders.CharacterInformation.CharacterStatBuilderTest" assertions="1" time="0.227236"/>
        <testcase name="testGetNoStatReducingAffixForNoSuchAffix" file="/home/adam/Documents/flare/tests/Unit/Game/Character/Builders/CharacterInformation/CharacterStatBuilderTest.php" line="1819" class="Tests\Unit\Game\Character\Builders\CharacterInformation\CharacterStatBuilderTest" classname="Tests.Unit.Game.Character.Builders.CharacterInformation.CharacterStatBuilderTest" assertions="1" time="0.215653"/>
        <testcase name="testSpellDamageWithOutSkill" file="/home/adam/Documents/flare/tests/Unit/Game/Character/Builders/CharacterInformation/CharacterStatBuilderTest.php" line="581" class="Tests\Unit\Game\Character\Builders\CharacterInformation\CharacterStatBuilderTest" classname="Tests.Unit.Game.Character.Builders.CharacterInformation.CharacterStatBuilderTest" assertions="1" time="0.238310"/>
        <testcase name="testGetPositionalHealingWhenClassIsCleric" file="/home/adam/Documents/flare/tests/Unit/Game/Character/Builders/CharacterInformation/CharacterStatBuilderTest.php" line="795" class="Tests\Unit\Game\Character\Builders\CharacterInformation\CharacterStatBuilderTest" classname="Tests.Unit.Game.Character.Builders.CharacterInformation.CharacterStatBuilderTest" assertions="1" time="0.297289"/>
        <testcase name="testBuildAffixLifeStealingNonStackingForVampire" file="/home/adam/Documents/flare/tests/Unit/Game/Character/Builders/CharacterInformation/CharacterStatBuilderTest.php" line="1387" class="Tests\Unit\Game\Character\Builders\CharacterInformation\CharacterStatBuilderTest" classname="Tests.Unit.Game.Character.Builders.CharacterInformation.CharacterStatBuilderTest" assertions="1" time="0.236121"/>
        <testcase name="testBuildAffixLifeStealingNonStacking" file="/home/adam/Documents/flare/tests/Unit/Game/Character/Builders/CharacterInformation/CharacterStatBuilderTest.php" line="1357" class="Tests\Unit\Game\Character\Builders\CharacterInformation\CharacterStatBuilderTest" classname="Tests.Unit.Game.Character.Builders.CharacterInformation.CharacterStatBuilderTest" assertions="1" time="0.220772"/>
        <testcase name="testBuildAffixLifeStealingVampireInPurgatory" file="/home/adam/Documents/flare/tests/Unit/Game/Character/Builders/CharacterInformation/CharacterStatBuilderTest.php" line="1506" class="Tests\Unit\Game\Character\Builders\CharacterInformation\CharacterStatBuilderTest" classname="Tests.Unit.Game.Character.Builders.CharacterInformation.CharacterStatBuilderTest" assertions="1" time="0.229950"/>
        <testcase name="testGetCounterResistance" file="/home/adam/Documents/flare/tests/Unit/Game/Character/Builders/CharacterInformation/CharacterStatBuilderTest.php" line="1942" class="Tests\Unit\Game\Character\Builders\CharacterInformation\CharacterStatBuilderTest" classname="Tests.Unit.Game.Character.Builders.CharacterInformation.CharacterStatBuilderTest" assertions="1" time="0.250714"/>
        <testcase name="testBuildAffixLifeStealingVoided" file="/home/adam/Documents/flare/tests/Unit/Game/Character/Builders/CharacterInformation/CharacterStatBuilderTest.php" line="1438" class="Tests\Unit\Game\Character\Builders\CharacterInformation\CharacterStatBuilderTest" classname="Tests.Unit.Game.Character.Builders.CharacterInformation.CharacterStatBuilderTest" assertions="1" time="0.222258"/>
        <testcase name="testBuildAffixLifeStealingVampireInEventMapIcePlaneWithAccessToPurgatory" file="/home/adam/Documents/flare/tests/Unit/Game/Character/Builders/CharacterInformation/CharacterStatBuilderTest.php" line="1635" class="Tests\Unit\Game\Character\Builders\CharacterInformation\CharacterStatBuilderTest" classname="Tests.Unit.Game.Character.Builders.CharacterInformation.CharacterStatBuilderTest" assertions="1" time="0.233247"/>
        <testcase name="testBuildAffixLifeStealingVampireInEventMapDelusionalMemoriesWithAccessToPurgatory" file="/home/adam/Documents/flare/tests/Unit/Game/Character/Builders/CharacterInformation/CharacterStatBuilderTest.php" line="1683" class="Tests\Unit\Game\Character\Builders\CharacterInformation\CharacterStatBuilderTest" classname="Tests.Unit.Game.Character.Builders.CharacterInformation.CharacterStatBuilderTest" assertions="1" time="0.277924"/>
        <testcase name="testModdedStatShouldBeHigherWithBoonsAndEquipment" file="/home/adam/Documents/flare/tests/Unit/Game/Character/Builders/CharacterInformation/CharacterStatBuilderTest.php" line="341" class="Tests\Unit\Game\Character\Builders\CharacterInformation\CharacterStatBuilderTest" classname="Tests.Unit.Game.Character.Builders.CharacterInformation.CharacterStatBuilderTest" assertions="1" time="0.231924"/>
        <testcase name="testBuildRingDamage" file="/home/adam/Documents/flare/tests/Unit/Game/Character/Builders/CharacterInformation/CharacterStatBuilderTest.php" line="551" class="Tests\Unit\Game\Character\Builders\CharacterInformation\CharacterStatBuilderTest" classname="Tests.Unit.Game.Character.Builders.CharacterInformation.CharacterStatBuilderTest" assertions="1" time="0.229542"/>
        <testcase name="testGetNoDamageForInvalidType" file="/home/adam/Documents/flare/tests/Unit/Game/Character/Builders/CharacterInformation/CharacterStatBuilderTest.php" line="712" class="Tests\Unit\Game\Character\Builders\CharacterInformation\CharacterStatBuilderTest" classname="Tests.Unit.Game.Character.Builders.CharacterInformation.CharacterStatBuilderTest" assertions="1" time="0.267500"/>
        <testcase name="testBuildAffixNonStackingDamage" file="/home/adam/Documents/flare/tests/Unit/Game/Character/Builders/CharacterInformation/CharacterStatBuilderTest.php" line="1283" class="Tests\Unit\Game\Character\Builders\CharacterInformation\CharacterStatBuilderTest" classname="Tests.Unit.Game.Character.Builders.CharacterInformation.CharacterStatBuilderTest" assertions="1" time="0.230615"/>
        <testcase name="testResurrectionChanceWithItemsAsProphet" file="/home/adam/Documents/flare/tests/Unit/Game/Character/Builders/CharacterInformation/CharacterStatBuilderTest.php" line="1111" class="Tests\Unit\Game\Character\Builders\CharacterInformation\CharacterStatBuilderTest" classname="Tests.Unit.Game.Character.Builders.CharacterInformation.CharacterStatBuilderTest" assertions="1" time="0.258181"/>
        <testcase name="testWeaponDamageWithSkill" file="/home/adam/Documents/flare/tests/Unit/Game/Character/Builders/CharacterInformation/CharacterStatBuilderTest.php" line="510" class="Tests\Unit\Game\Character\Builders\CharacterInformation\CharacterStatBuilderTest" classname="Tests.Unit.Game.Character.Builders.CharacterInformation.CharacterStatBuilderTest" assertions="1" time="0.270235"/>
        <testcase name="testBuildAffixLifeStealingVampireInTwistedMemories" file="/home/adam/Documents/flare/tests/Unit/Game/Character/Builders/CharacterInformation/CharacterStatBuilderTest.php" line="1592" class="Tests\Unit\Game\Character\Builders\CharacterInformation\CharacterStatBuilderTest" classname="Tests.Unit.Game.Character.Builders.CharacterInformation.CharacterStatBuilderTest" assertions="1" time="0.229315"/>
        <testcase name="testBuildAffixLifeStealingVampireInHell" file="/home/adam/Documents/flare/tests/Unit/Game/Character/Builders/CharacterInformation/CharacterStatBuilderTest.php" line="1549" class="Tests\Unit\Game\Character\Builders\CharacterInformation\CharacterStatBuilderTest" classname="Tests.Unit.Game.Character.Builders.CharacterInformation.CharacterStatBuilderTest" assertions="1" time="0.225259"/>
        <testcase name="testHealingWithOutSkillVoided" file="/home/adam/Documents/flare/tests/Unit/Game/Character/Builders/CharacterInformation/CharacterStatBuilderTest.php" line="878" class="Tests\Unit\Game\Character\Builders\CharacterInformation\CharacterStatBuilderTest" classname="Tests.Unit.Game.Character.Builders.CharacterInformation.CharacterStatBuilderTest" assertions="1" time="0.235310"/>
        <testcase name="testHealingWithSkill" file="/home/adam/Documents/flare/tests/Unit/Game/Character/Builders/CharacterInformation/CharacterStatBuilderTest.php" line="914" class="Tests\Unit\Game\Character\Builders\CharacterInformation\CharacterStatBuilderTest" classname="Tests.Unit.Game.Character.Builders.CharacterInformation.CharacterStatBuilderTest" assertions="1" time="0.275253"/>
        <testcase name="testHealingWithOutSkill" file="/home/adam/Documents/flare/tests/Unit/Game/Character/Builders/CharacterInformation/CharacterStatBuilderTest.php" line="842" class="Tests\Unit\Game\Character\Builders\CharacterInformation\CharacterStatBuilderTest" classname="Tests.Unit.Game.Character.Builders.CharacterInformation.CharacterStatBuilderTest" assertions="1" time="0.245847"/>
        <testcase name="testSpellDamageWithSkill" file="/home/adam/Documents/flare/tests/Unit/Game/Character/Builders/CharacterInformation/CharacterStatBuilderTest.php" line="653" class="Tests\Unit\Game\Character\Builders\CharacterInformation\CharacterStatBuilderTest" classname="Tests.Unit.Game.Character.Builders.CharacterInformation.CharacterStatBuilderTest" assertions="1" time="0.236166"/>
        <testcase name="testSpellDamageWithOutSkillVoided" file="/home/adam/Documents/flare/tests/Unit/Game/Character/Builders/CharacterInformation/CharacterStatBuilderTest.php" line="617" class="Tests\Unit\Game\Character\Builders\CharacterInformation\CharacterStatBuilderTest" classname="Tests.Unit.Game.Character.Builders.CharacterInformation.CharacterStatBuilderTest" assertions="1" time="0.271562"/>
        <testcase name="testWeaponDamageWithOutSkill" file="/home/adam/Documents/flare/tests/Unit/Game/Character/Builders/CharacterInformation/CharacterStatBuilderTest.php" line="438" class="Tests\Unit\Game\Character\Builders\CharacterInformation\CharacterStatBuilderTest" classname="Tests.Unit.Game.Character.Builders.CharacterInformation.CharacterStatBuilderTest" assertions="1" time="0.240272"/>
        <testcase name="testPositionalSpellDamageWithEmptyInventory" file="/home/adam/Documents/flare/tests/Unit/Game/Character/Builders/CharacterInformation/CharacterStatBuilderTest.php" line="754" class="Tests\Unit\Game\Character\Builders\CharacterInformation\CharacterStatBuilderTest" classname="Tests.Unit.Game.Character.Builders.CharacterInformation.CharacterStatBuilderTest" assertions="1" time="0.207207"/>
        <testcase name="testSpellHealingShouldBeHalfDamageForAlcoHolics" file="/home/adam/Documents/flare/tests/Unit/Game/Character/Builders/CharacterInformation/CharacterStatBuilderTest.php" line="2108" class="Tests\Unit\Game\Character\Builders\CharacterInformation\CharacterStatBuilderTest" classname="Tests.Unit.Game.Character.Builders.CharacterInformation.CharacterStatBuilderTest" assertions="1" time="0.427772"/>
        <testcase name="testWeaponDamageForAlcoholicShouldBeLowerThenFighter" file="/home/adam/Documents/flare/tests/Unit/Game/Character/Builders/CharacterInformation/CharacterStatBuilderTest.php" line="1988" class="Tests\Unit\Game\Character\Builders\CharacterInformation\CharacterStatBuilderTest" classname="Tests.Unit.Game.Character.Builders.CharacterInformation.CharacterStatBuilderTest" assertions="1" time="0.385502"/>
        <testcase name="testSpellDamageShouldBeHalfDamageForAlcoHolics" file="/home/adam/Documents/flare/tests/Unit/Game/Character/Builders/CharacterInformation/CharacterStatBuilderTest.php" line="2056" class="Tests\Unit\Game\Character\Builders\CharacterInformation\CharacterStatBuilderTest" classname="Tests.Unit.Game.Character.Builders.CharacterInformation.CharacterStatBuilderTest" assertions="1" time="0.444980"/>
        <testcase name="testRangerHealingBonusIsLessThenProphets" file="/home/adam/Documents/flare/tests/Unit/Game/Character/Builders/CharacterInformation/CharacterStatBuilderTest.php" line="2214" class="Tests\Unit\Game\Character\Builders\CharacterInformation\CharacterStatBuilderTest" classname="Tests.Unit.Game.Character.Builders.CharacterInformation.CharacterStatBuilderTest" assertions="1" time="0.556026"/>
        <testcase name="testArcaneAlchemistHealingBonusIsLessThenProphets" file="/home/adam/Documents/flare/tests/Unit/Game/Character/Builders/CharacterInformation/CharacterStatBuilderTest.php" line="2160" class="Tests\Unit\Game\Character\Builders\CharacterInformation\CharacterStatBuilderTest" classname="Tests.Unit.Game.Character.Builders.CharacterInformation.CharacterStatBuilderTest" assertions="1" time="0.562423"/>
        <testcase name="testWeaponDamageForAlcoholicShouldBeHigherThenFighterWhenNoWeaponsEquipped" file="/home/adam/Documents/flare/tests/Unit/Game/Character/Builders/CharacterInformation/CharacterStatBuilderTest.php" line="2022" class="Tests\Unit\Game\Character\Builders\CharacterInformation\CharacterStatBuilderTest" classname="Tests.Unit.Game.Character.Builders.CharacterInformation.CharacterStatBuilderTest" assertions="1" time="0.732133"/>
      </testsuite>
      <testsuite name="Tests\Unit\Game\Character\Builders\StatDetailsBuilder\StatModifierDetailsTest" file="/home/adam/Documents/flare/tests/Unit/Game/Character/Builders/StatDetailsBuilder/StatModifierDetailsTest.php" tests="24" assertions="229" errors="0" failures="0" skipped="0" time="8.606536">
        <testcase name="testGetDetailsForStatWhenOnNormalMapAndNaked" file="/home/adam/Documents/flare/tests/Unit/Game/Character/Builders/StatDetailsBuilder/StatModifierDetailsTest.php" line="91" class="Tests\Unit\Game\Character\Builders\StatDetailsBuilder\StatModifierDetailsTest" classname="Tests.Unit.Game.Character.Builders.StatDetailsBuilder.StatModifierDetailsTest" assertions="5" time="0.241971"/>
        <testcase name="testGetDamageForRingDamageWhenNaked" file="/home/adam/Documents/flare/tests/Unit/Game/Character/Builders/StatDetailsBuilder/StatModifierDetailsTest.php" line="416" class="Tests\Unit\Game\Character\Builders\StatDetailsBuilder\StatModifierDetailsTest" classname="Tests.Unit.Game.Character.Builders.StatDetailsBuilder.StatModifierDetailsTest" assertions="14" time="0.245485"/>
        <testcase name="testGetDamageForSpellDamageWhenNotVoidedAndNaked" file="/home/adam/Documents/flare/tests/Unit/Game/Character/Builders/StatDetailsBuilder/StatModifierDetailsTest.php" line="342" class="Tests\Unit\Game\Character\Builders\StatDetailsBuilder\StatModifierDetailsTest" classname="Tests.Unit.Game.Character.Builders.StatDetailsBuilder.StatModifierDetailsTest" assertions="14" time="0.268613"/>
        <testcase name="testGetACDetailsWhenNotVoidedAndNaked" file="/home/adam/Documents/flare/tests/Unit/Game/Character/Builders/StatDetailsBuilder/StatModifierDetailsTest.php" line="155" class="Tests\Unit\Game\Character\Builders\StatDetailsBuilder\StatModifierDetailsTest" classname="Tests.Unit.Game.Character.Builders.StatDetailsBuilder.StatModifierDetailsTest" assertions="7" time="0.217582"/>
        <testcase name="testGetDamageForWeaponsWhenNotVoidedAndNaked" file="/home/adam/Documents/flare/tests/Unit/Game/Character/Builders/StatDetailsBuilder/StatModifierDetailsTest.php" line="320" class="Tests\Unit\Game\Character\Builders\StatDetailsBuilder\StatModifierDetailsTest" classname="Tests.Unit.Game.Character.Builders.StatDetailsBuilder.StatModifierDetailsTest" assertions="14" time="0.248297"/>
        <testcase name="testGetHealthDetailsWhenNotVoided" file="/home/adam/Documents/flare/tests/Unit/Game/Character/Builders/StatDetailsBuilder/StatModifierDetailsTest.php" line="104" class="Tests\Unit\Game\Character\Builders\StatDetailsBuilder\StatModifierDetailsTest" classname="Tests.Unit.Game.Character.Builders.StatDetailsBuilder.StatModifierDetailsTest" assertions="2" time="0.325960"/>
        <testcase name="testGetDamageForSpellDamageWhenClassIsHereticAndNotVoidedAndNaked" file="/home/adam/Documents/flare/tests/Unit/Game/Character/Builders/StatDetailsBuilder/StatModifierDetailsTest.php" line="364" class="Tests\Unit\Game\Character\Builders\StatDetailsBuilder\StatModifierDetailsTest" classname="Tests.Unit.Game.Character.Builders.StatDetailsBuilder.StatModifierDetailsTest" assertions="14" time="0.288476"/>
        <testcase name="testGetHealthDetailsWhenVoided" file="/home/adam/Documents/flare/tests/Unit/Game/Character/Builders/StatDetailsBuilder/StatModifierDetailsTest.php" line="114" class="Tests\Unit\Game\Character\Builders\StatDetailsBuilder\StatModifierDetailsTest" classname="Tests.Unit.Game.Character.Builders.StatDetailsBuilder.StatModifierDetailsTest" assertions="2" time="0.293461"/>
        <testcase name="testGetACDetailsWhenNotVoided" file="/home/adam/Documents/flare/tests/Unit/Game/Character/Builders/StatDetailsBuilder/StatModifierDetailsTest.php" line="124" class="Tests\Unit\Game\Character\Builders\StatDetailsBuilder\StatModifierDetailsTest" classname="Tests.Unit.Game.Character.Builders.StatDetailsBuilder.StatModifierDetailsTest" assertions="8" time="0.382290"/>
        <testcase name="testGetDamageForRingDamageWhenNotVoided" file="/home/adam/Documents/flare/tests/Unit/Game/Character/Builders/StatDetailsBuilder/StatModifierDetailsTest.php" line="393" class="Tests\Unit\Game\Character\Builders\StatDetailsBuilder\StatModifierDetailsTest" classname="Tests.Unit.Game.Character.Builders.StatDetailsBuilder.StatModifierDetailsTest" assertions="14" time="0.376425"/>
        <testcase name="testGetDetailsForStat" file="/home/adam/Documents/flare/tests/Unit/Game/Character/Builders/StatDetailsBuilder/StatModifierDetailsTest.php" line="55" class="Tests\Unit\Game\Character\Builders\StatDetailsBuilder\StatModifierDetailsTest" classname="Tests.Unit.Game.Character.Builders.StatDetailsBuilder.StatModifierDetailsTest" assertions="5" time="0.389020"/>
        <testcase name="testGetDetailsForStatWhenOnEventMap" file="/home/adam/Documents/flare/tests/Unit/Game/Character/Builders/StatDetailsBuilder/StatModifierDetailsTest.php" line="73" class="Tests\Unit\Game\Character\Builders\StatDetailsBuilder\StatModifierDetailsTest" classname="Tests.Unit.Game.Character.Builders.StatDetailsBuilder.StatModifierDetailsTest" assertions="5" time="0.400236"/>
        <testcase name="testGetACDetailsWhenVoided" file="/home/adam/Documents/flare/tests/Unit/Game/Character/Builders/StatDetailsBuilder/StatModifierDetailsTest.php" line="140" class="Tests\Unit\Game\Character\Builders\StatDetailsBuilder\StatModifierDetailsTest" classname="Tests.Unit.Game.Character.Builders.StatDetailsBuilder.StatModifierDetailsTest" assertions="7" time="0.340197"/>
        <testcase name="testGetDamageForSpellHealingWhenNotVoided" file="/home/adam/Documents/flare/tests/Unit/Game/Character/Builders/StatDetailsBuilder/StatModifierDetailsTest.php" line="439" class="Tests\Unit\Game\Character\Builders\StatDetailsBuilder\StatModifierDetailsTest" classname="Tests.Unit.Game.Character.Builders.StatDetailsBuilder.StatModifierDetailsTest" assertions="14" time="0.372820"/>
        <testcase name="testDamageWhenNotEquipped" file="/home/adam/Documents/flare/tests/Unit/Game/Character/Builders/StatDetailsBuilder/StatModifierDetailsTest.php" line="483" class="Tests\Unit\Game\Character\Builders\StatDetailsBuilder\StatModifierDetailsTest" classname="Tests.Unit.Game.Character.Builders.StatDetailsBuilder.StatModifierDetailsTest" assertions="2" time="0.384653"/>
        <testcase name="testGetDamageForSpellDamageWhenNotVoided" file="/home/adam/Documents/flare/tests/Unit/Game/Character/Builders/StatDetailsBuilder/StatModifierDetailsTest.php" line="192" class="Tests\Unit\Game\Character\Builders\StatDetailsBuilder\StatModifierDetailsTest" classname="Tests.Unit.Game.Character.Builders.StatDetailsBuilder.StatModifierDetailsTest" assertions="14" time="0.369279"/>
        <testcase name="testGetDamageForSpellHealingWhenVoided" file="/home/adam/Documents/flare/tests/Unit/Game/Character/Builders/StatDetailsBuilder/StatModifierDetailsTest.php" line="461" class="Tests\Unit\Game\Character\Builders\StatDetailsBuilder\StatModifierDetailsTest" classname="Tests.Unit.Game.Character.Builders.StatDetailsBuilder.StatModifierDetailsTest" assertions="14" time="0.390154"/>
        <testcase name="testGetDamageForWeaponsWhenVoided" file="/home/adam/Documents/flare/tests/Unit/Game/Character/Builders/StatDetailsBuilder/StatModifierDetailsTest.php" line="245" class="Tests\Unit\Game\Character\Builders\StatDetailsBuilder\StatModifierDetailsTest" classname="Tests.Unit.Game.Character.Builders.StatDetailsBuilder.StatModifierDetailsTest" assertions="14" time="0.459056"/>
        <testcase name="testGetDamageForSpellDamageWhenVoided" file="/home/adam/Documents/flare/tests/Unit/Game/Character/Builders/StatDetailsBuilder/StatModifierDetailsTest.php" line="267" class="Tests\Unit\Game\Character\Builders\StatDetailsBuilder\StatModifierDetailsTest" classname="Tests.Unit.Game.Character.Builders.StatDetailsBuilder.StatModifierDetailsTest" assertions="14" time="0.379586"/>
        <testcase name="testGetDamageForWeaponsWhenNotVoided" file="/home/adam/Documents/flare/tests/Unit/Game/Character/Builders/StatDetailsBuilder/StatModifierDetailsTest.php" line="170" class="Tests\Unit\Game\Character\Builders\StatDetailsBuilder\StatModifierDetailsTest" classname="Tests.Unit.Game.Character.Builders.StatDetailsBuilder.StatModifierDetailsTest" assertions="14" time="0.450278"/>
        <testcase name="testDamageWhenNotEquippedAndAlcoholic" file="/home/adam/Documents/flare/tests/Unit/Game/Character/Builders/StatDetailsBuilder/StatModifierDetailsTest.php" line="527" class="Tests\Unit\Game\Character\Builders\StatDetailsBuilder\StatModifierDetailsTest" classname="Tests.Unit.Game.Character.Builders.StatDetailsBuilder.StatModifierDetailsTest" assertions="2" time="0.378410"/>
        <testcase name="testDamageWhenNotEquippedAndFighter" file="/home/adam/Documents/flare/tests/Unit/Game/Character/Builders/StatDetailsBuilder/StatModifierDetailsTest.php" line="505" class="Tests\Unit\Game\Character\Builders\StatDetailsBuilder\StatModifierDetailsTest" classname="Tests.Unit.Game.Character.Builders.StatDetailsBuilder.StatModifierDetailsTest" assertions="2" time="0.392858"/>
        <testcase name="testGetDamageForSpellDamageWhenClassIsHereticAndVoided" file="/home/adam/Documents/flare/tests/Unit/Game/Character/Builders/StatDetailsBuilder/StatModifierDetailsTest.php" line="289" class="Tests\Unit\Game\Character\Builders\StatDetailsBuilder\StatModifierDetailsTest" classname="Tests.Unit.Game.Character.Builders.StatDetailsBuilder.StatModifierDetailsTest" assertions="14" time="0.521792"/>
        <testcase name="testGetDamageForSpellDamageWhenClassIsHereticAndNotVoided" file="/home/adam/Documents/flare/tests/Unit/Game/Character/Builders/StatDetailsBuilder/StatModifierDetailsTest.php" line="214" class="Tests\Unit\Game\Character\Builders\StatDetailsBuilder\StatModifierDetailsTest" classname="Tests.Unit.Game.Character.Builders.StatDetailsBuilder.StatModifierDetailsTest" assertions="14" time="0.489636"/>
      </testsuite>
      <testsuite name="Tests\Unit\Game\Character\CharacterCreation\Services\CharacterBuilderServiceTest" file="/home/adam/Documents/flare/tests/Unit/Game/Character/CharacterCreation/Services/CharacterBuilderServiceTest.php" tests="5" assertions="9" errors="0" failures="0" skipped="0" time="1.258539">
        <testcase name="testDoesNotAssignPassiveSkillWhenCharacterHasPassive" file="/home/adam/Documents/flare/tests/Unit/Game/Character/CharacterCreation/Services/CharacterBuilderServiceTest.php" line="89" class="Tests\Unit\Game\Character\CharacterCreation\Services\CharacterBuilderServiceTest" classname="Tests.Unit.Game.Character.CharacterCreation.Services.CharacterBuilderServiceTest" assertions="3" time="0.190203"/>
        <testcase name="testAssignSkillsToCharacter" file="/home/adam/Documents/flare/tests/Unit/Game/Character/CharacterCreation/Services/CharacterBuilderServiceTest.php" line="45" class="Tests\Unit\Game\Character\CharacterCreation\Services\CharacterBuilderServiceTest" classname="Tests.Unit.Game.Character.CharacterCreation.Services.CharacterBuilderServiceTest" assertions="2" time="0.160755"/>
        <testcase name="testAssignPassiveSkillWithParentToCharacter" file="/home/adam/Documents/flare/tests/Unit/Game/Character/CharacterCreation/Services/CharacterBuilderServiceTest.php" line="67" class="Tests\Unit\Game\Character\CharacterCreation\Services\CharacterBuilderServiceTest" classname="Tests.Unit.Game.Character.CharacterCreation.Services.CharacterBuilderServiceTest" assertions="2" time="0.163449"/>
        <testcase name="testSetAndGetCharacter" file="/home/adam/Documents/flare/tests/Unit/Game/Character/CharacterCreation/Services/CharacterBuilderServiceTest.php" line="36" class="Tests\Unit\Game\Character\CharacterCreation\Services\CharacterBuilderServiceTest" classname="Tests.Unit.Game.Character.CharacterCreation.Services.CharacterBuilderServiceTest" assertions="1" time="0.201955"/>
        <testcase name="testAssignClassRanksToCharacter" file="/home/adam/Documents/flare/tests/Unit/Game/Character/CharacterCreation/Services/CharacterBuilderServiceTest.php" line="122" class="Tests\Unit\Game\Character\CharacterCreation\Services\CharacterBuilderServiceTest" classname="Tests.Unit.Game.Character.CharacterCreation.Services.CharacterBuilderServiceTest" assertions="1" time="0.542177"/>
      </testsuite>
      <testsuite name="Tests\Unit\Game\Character\CharacterInventory\Jobs\CharacterBoonJobTest" file="/home/adam/Documents/flare/tests/Unit/Game/Character/CharacterInventory/Jobs/CharacterBoonJobTest.php" tests="2" assertions="3" errors="0" failures="0" skipped="0" time="0.492057">
        <testcase name="testNoBoonToRemove" file="/home/adam/Documents/flare/tests/Unit/Game/Character/CharacterInventory/Jobs/CharacterBoonJobTest.php" line="35" class="Tests\Unit\Game\Character\CharacterInventory\Jobs\CharacterBoonJobTest" classname="Tests.Unit.Game.Character.CharacterInventory.Jobs.CharacterBoonJobTest" assertions="1" time="0.204477"/>
        <testcase name="testRemoveBoon" file="/home/adam/Documents/flare/tests/Unit/Game/Character/CharacterInventory/Jobs/CharacterBoonJobTest.php" line="42" class="Tests\Unit\Game\Character\CharacterInventory\Jobs\CharacterBoonJobTest" classname="Tests.Unit.Game.Character.CharacterInventory.Jobs.CharacterBoonJobTest" assertions="2" time="0.287579"/>
      </testsuite>
      <testsuite name="Tests\Unit\Game\Character\CharacterInventory\Services\CharacterGemBagServiceTest" file="/home/adam/Documents/flare/tests/Unit/Game/Character/CharacterInventory/Services/CharacterGemBagServiceTest.php" tests="3" assertions="6" errors="0" failures="0" skipped="0" time="0.772495">
        <testcase name="testGetGemData" file="/home/adam/Documents/flare/tests/Unit/Game/Character/CharacterInventory/Services/CharacterGemBagServiceTest.php" line="46" class="Tests\Unit\Game\Character\CharacterInventory\Services\CharacterGemBagServiceTest" classname="Tests.Unit.Game.Character.CharacterInventory.Services.CharacterGemBagServiceTest" assertions="2" time="0.251653"/>
        <testcase name="testGetCharacterGems" file="/home/adam/Documents/flare/tests/Unit/Game/Character/CharacterInventory/Services/CharacterGemBagServiceTest.php" line="36" class="Tests\Unit\Game\Character\CharacterInventory\Services\CharacterGemBagServiceTest" classname="Tests.Unit.Game.Character.CharacterInventory.Services.CharacterGemBagServiceTest" assertions="2" time="0.220782"/>
        <testcase name="testCannotGetGemData" file="/home/adam/Documents/flare/tests/Unit/Game/Character/CharacterInventory/Services/CharacterGemBagServiceTest.php" line="56" class="Tests\Unit\Game\Character\CharacterInventory\Services\CharacterGemBagServiceTest" classname="Tests.Unit.Game.Character.CharacterInventory.Services.CharacterGemBagServiceTest" assertions="2" time="0.300060"/>
      </testsuite>
      <testsuite name="Tests\Unit\Game\Character\CharacterInventory\Services\CharacterInventoryServiceTest" file="/home/adam/Documents/flare/tests/Unit/Game/Character/CharacterInventory/Services/CharacterInventoryServiceTest.php" tests="31" assertions="56" errors="0" failures="0" skipped="0" time="8.462696">
        <testcase name="testCannotDeleteItemThatDoesntExist" file="/home/adam/Documents/flare/tests/Unit/Game/Character/CharacterInventory/Services/CharacterInventoryServiceTest.php" line="270" class="Tests\Unit\Game\Character\CharacterInventory\Services\CharacterInventoryServiceTest" classname="Tests.Unit.Game.Character.CharacterInventory.Services.CharacterInventoryServiceTest" assertions="2" time="0.242135"/>
        <testcase name="testGetNoNameForNoEquippedSet" file="/home/adam/Documents/flare/tests/Unit/Game/Character/CharacterInventory/Services/CharacterInventoryServiceTest.php" line="195" class="Tests\Unit\Game\Character\CharacterInventory\Services\CharacterInventoryServiceTest" classname="Tests.Unit.Game.Character.CharacterInventory.Services.CharacterInventoryServiceTest" assertions="1" time="0.206045"/>
        <testcase name="testFetchEquippedReturnsNull" file="/home/adam/Documents/flare/tests/Unit/Game/Character/CharacterInventory/Services/CharacterInventoryServiceTest.php" line="263" class="Tests\Unit\Game\Character\CharacterInventory\Services\CharacterInventoryServiceTest" classname="Tests.Unit.Game.Character.CharacterInventory.Services.CharacterInventoryServiceTest" assertions="1" time="0.247492"/>
        <testcase name="testCannotDestroyAlchemyItemYouDoNotHave" file="/home/adam/Documents/flare/tests/Unit/Game/Character/CharacterInventory/Services/CharacterInventoryServiceTest.php" line="469" class="Tests\Unit\Game\Character\CharacterInventory\Services\CharacterInventoryServiceTest" classname="Tests.Unit.Game.Character.CharacterInventory.Services.CharacterInventoryServiceTest" assertions="2" time="0.225395"/>
        <testcase name="testGetInventoryForTypeSavableSets" file="/home/adam/Documents/flare/tests/Unit/Game/Character/CharacterInventory/Services/CharacterInventoryServiceTest.php" line="55" class="Tests\Unit\Game\Character\CharacterInventory\Services\CharacterInventoryServiceTest" classname="Tests.Unit.Game.Character.CharacterInventory.Services.CharacterInventoryServiceTest" assertions="1" time="0.215502"/>
        <testcase name="testGetInventoryForUsableItems" file="/home/adam/Documents/flare/tests/Unit/Game/Character/CharacterInventory/Services/CharacterInventoryServiceTest.php" line="109" class="Tests\Unit\Game\Character\CharacterInventory\Services\CharacterInventoryServiceTest" classname="Tests.Unit.Game.Character.CharacterInventory.Services.CharacterInventoryServiceTest" assertions="1" time="0.220090"/>
        <testcase name="testFetchEquippedSetWithNoName" file="/home/adam/Documents/flare/tests/Unit/Game/Character/CharacterInventory/Services/CharacterInventoryServiceTest.php" line="256" class="Tests\Unit\Game\Character\CharacterInventory\Services\CharacterInventoryServiceTest" classname="Tests.Unit.Game.Character.CharacterInventory.Services.CharacterInventoryServiceTest" assertions="1" time="0.237132"/>
        <testcase name="testGetNameForNameEquippedSet" file="/home/adam/Documents/flare/tests/Unit/Game/Character/CharacterInventory/Services/CharacterInventoryServiceTest.php" line="204" class="Tests\Unit\Game\Character\CharacterInventory\Services\CharacterInventoryServiceTest" classname="Tests.Unit.Game.Character.CharacterInventory.Services.CharacterInventoryServiceTest" assertions="1" time="0.250863"/>
        <testcase name="testGetInventoryForQuestItems" file="/home/adam/Documents/flare/tests/Unit/Game/Character/CharacterInventory/Services/CharacterInventoryServiceTest.php" line="96" class="Tests\Unit\Game\Character\CharacterInventory\Services\CharacterInventoryServiceTest" classname="Tests.Unit.Game.Character.CharacterInventory.Services.CharacterInventoryServiceTest" assertions="1" time="0.221453"/>
        <testcase name="testInventoryIsFullCannotUnequipItems" file="/home/adam/Documents/flare/tests/Unit/Game/Character/CharacterInventory/Services/CharacterInventoryServiceTest.php" line="437" class="Tests\Unit\Game\Character\CharacterInventory\Services\CharacterInventoryServiceTest" classname="Tests.Unit.Game.Character.CharacterInventory.Services.CharacterInventoryServiceTest" assertions="2" time="0.220835"/>
        <testcase name="testGetItemFromInventorySet" file="/home/adam/Documents/flare/tests/Unit/Game/Character/CharacterInventory/Services/CharacterInventoryServiceTest.php" line="163" class="Tests\Unit\Game\Character\CharacterInventory\Services\CharacterInventoryServiceTest" classname="Tests.Unit.Game.Character.CharacterInventory.Services.CharacterInventoryServiceTest" assertions="1" time="0.244643"/>
        <testcase name="testCannotDeleteItemThatIsEquipped" file="/home/adam/Documents/flare/tests/Unit/Game/Character/CharacterInventory/Services/CharacterInventoryServiceTest.php" line="280" class="Tests\Unit\Game\Character\CharacterInventory\Services\CharacterInventoryServiceTest" classname="Tests.Unit.Game.Character.CharacterInventory.Services.CharacterInventoryServiceTest" assertions="2" time="0.217302"/>
        <testcase name="testCanDeleteItemFromInventory" file="/home/adam/Documents/flare/tests/Unit/Game/Character/CharacterInventory/Services/CharacterInventoryServiceTest.php" line="291" class="Tests\Unit\Game\Character\CharacterInventory\Services\CharacterInventoryServiceTest" classname="Tests.Unit.Game.Character.CharacterInventory.Services.CharacterInventoryServiceTest" assertions="2" time="0.212535"/>
        <testcase name="testGetInventoryForTypeEquipped" file="/home/adam/Documents/flare/tests/Unit/Game/Character/CharacterInventory/Services/CharacterInventoryServiceTest.php" line="68" class="Tests\Unit\Game\Character\CharacterInventory\Services\CharacterInventoryServiceTest" classname="Tests.Unit.Game.Character.CharacterInventory.Services.CharacterInventoryServiceTest" assertions="1" time="0.237197"/>
        <testcase name="testGetInventoryForTypeSets" file="/home/adam/Documents/flare/tests/Unit/Game/Character/CharacterInventory/Services/CharacterInventoryServiceTest.php" line="81" class="Tests\Unit\Game\Character\CharacterInventory\Services\CharacterInventoryServiceTest" classname="Tests.Unit.Game.Character.CharacterInventory.Services.CharacterInventoryServiceTest" assertions="2" time="0.246850"/>
        <testcase name="testCanDeleteArtifactWithItemSkillProgressionFromInventory" file="/home/adam/Documents/flare/tests/Unit/Game/Character/CharacterInventory/Services/CharacterInventoryServiceTest.php" line="303" class="Tests\Unit\Game\Character\CharacterInventory\Services\CharacterInventoryServiceTest" classname="Tests.Unit.Game.Character.CharacterInventory.Services.CharacterInventoryServiceTest" assertions="2" time="0.239219"/>
        <testcase name="testIncludeNamedSets" file="/home/adam/Documents/flare/tests/Unit/Game/Character/CharacterInventory/Services/CharacterInventoryServiceTest.php" line="172" class="Tests\Unit\Game\Character\CharacterInventory\Services\CharacterInventoryServiceTest" classname="Tests.Unit.Game.Character.CharacterInventory.Services.CharacterInventoryServiceTest" assertions="1" time="0.249998"/>
        <testcase name="testCannotUnequipItemWhenItemDoesNotExist" file="/home/adam/Documents/flare/tests/Unit/Game/Character/CharacterInventory/Services/CharacterInventoryServiceTest.php" line="413" class="Tests\Unit\Game\Character\CharacterInventory\Services\CharacterInventoryServiceTest" classname="Tests.Unit.Game.Character.CharacterInventory.Services.CharacterInventoryServiceTest" assertions="2" time="0.234851"/>
        <testcase name="testGetCharacterInventorySlotIds" file="/home/adam/Documents/flare/tests/Unit/Game/Character/CharacterInventory/Services/CharacterInventoryServiceTest.php" line="232" class="Tests\Unit\Game\Character\CharacterInventory\Services\CharacterInventoryServiceTest" classname="Tests.Unit.Game.Character.CharacterInventory.Services.CharacterInventoryServiceTest" assertions="1" time="0.238389"/>
        <testcase name="testFetchEquippedSetWithName" file="/home/adam/Documents/flare/tests/Unit/Game/Character/CharacterInventory/Services/CharacterInventoryServiceTest.php" line="243" class="Tests\Unit\Game\Character\CharacterInventory\Services\CharacterInventoryServiceTest" classname="Tests.Unit.Game.Character.CharacterInventory.Services.CharacterInventoryServiceTest" assertions="1" time="0.208838"/>
        <testcase name="testCannotUnequipItemWhenInventoryIsFull" file="/home/adam/Documents/flare/tests/Unit/Game/Character/CharacterInventory/Services/CharacterInventoryServiceTest.php" line="397" class="Tests\Unit\Game\Character\CharacterInventory\Services\CharacterInventoryServiceTest" classname="Tests.Unit.Game.Character.CharacterInventory.Services.CharacterInventoryServiceTest" assertions="2" time="0.225561"/>
        <testcase name="testGetInventoryDataWhenNoValidTypePassedIn" file="/home/adam/Documents/flare/tests/Unit/Game/Character/CharacterInventory/Services/CharacterInventoryServiceTest.php" line="123" class="Tests\Unit\Game\Character\CharacterInventory\Services\CharacterInventoryServiceTest" classname="Tests.Unit.Game.Character.CharacterInventory.Services.CharacterInventoryServiceTest" assertions="2" time="0.234632"/>
        <testcase name="testGetNameForNonNamedSetEquipped" file="/home/adam/Documents/flare/tests/Unit/Game/Character/CharacterInventory/Services/CharacterInventoryServiceTest.php" line="221" class="Tests\Unit\Game\Character\CharacterInventory\Services\CharacterInventoryServiceTest" classname="Tests.Unit.Game.Character.CharacterInventory.Services.CharacterInventoryServiceTest" assertions="1" time="0.225337"/>
        <testcase name="testDeleteAllItemsInInventoryWithOutDestroyingUsableOrQuestItemsAllArtifacts" file="/home/adam/Documents/flare/tests/Unit/Game/Character/CharacterInventory/Services/CharacterInventoryServiceTest.php" line="331" class="Tests\Unit\Game\Character\CharacterInventory\Services\CharacterInventoryServiceTest" classname="Tests.Unit.Game.Character.CharacterInventory.Services.CharacterInventoryServiceTest" assertions="4" time="0.244325"/>
        <testcase name="testDisenchantAllItemsHasNothingToDisenchant" file="/home/adam/Documents/flare/tests/Unit/Game/Character/CharacterInventory/Services/CharacterInventoryServiceTest.php" line="372" class="Tests\Unit\Game\Character\CharacterInventory\Services\CharacterInventoryServiceTest" classname="Tests.Unit.Game.Character.CharacterInventory.Services.CharacterInventoryServiceTest" assertions="2" time="0.226530"/>
        <testcase name="testCanDeleteAllAlchemyItem" file="/home/adam/Documents/flare/tests/Unit/Game/Character/CharacterInventory/Services/CharacterInventoryServiceTest.php" line="497" class="Tests\Unit\Game\Character\CharacterInventory\Services\CharacterInventoryServiceTest" classname="Tests.Unit.Game.Character.CharacterInventory.Services.CharacterInventoryServiceTest" assertions="3" time="0.259079"/>
        <testcase name="testCanDeleteAlchemyItem" file="/home/adam/Documents/flare/tests/Unit/Game/Character/CharacterInventory/Services/CharacterInventoryServiceTest.php" line="479" class="Tests\Unit\Game\Character\CharacterInventory\Services\CharacterInventoryServiceTest" classname="Tests.Unit.Game.Character.CharacterInventory.Services.CharacterInventoryServiceTest" assertions="3" time="0.309259"/>
        <testcase name="testDisenchantAllItems" file="/home/adam/Documents/flare/tests/Unit/Game/Character/CharacterInventory/Services/CharacterInventoryServiceTest.php" line="382" class="Tests\Unit\Game\Character\CharacterInventory\Services\CharacterInventoryServiceTest" classname="Tests.Unit.Game.Character.CharacterInventory.Services.CharacterInventoryServiceTest" assertions="2" time="0.356976"/>
        <testcase name="testCanUnequipAllItems" file="/home/adam/Documents/flare/tests/Unit/Game/Character/CharacterInventory/Services/CharacterInventoryServiceTest.php" line="453" class="Tests\Unit\Game\Character\CharacterInventory\Services\CharacterInventoryServiceTest" classname="Tests.Unit.Game.Character.CharacterInventory.Services.CharacterInventoryServiceTest" assertions="3" time="0.290434"/>
        <testcase name="testCanUnequipItem" file="/home/adam/Documents/flare/tests/Unit/Game/Character/CharacterInventory/Services/CharacterInventoryServiceTest.php" line="423" class="Tests\Unit\Game\Character\CharacterInventory\Services\CharacterInventoryServiceTest" classname="Tests.Unit.Game.Character.CharacterInventory.Services.CharacterInventoryServiceTest" assertions="3" time="0.391896"/>
        <testcase name="testDisenchantAllItemsInInventory" file="/home/adam/Documents/flare/tests/Unit/Game/Character/CharacterInventory/Services/CharacterInventoryServiceTest.php" line="137" class="Tests\Unit\Game\Character\CharacterInventory\Services\CharacterInventoryServiceTest" classname="Tests.Unit.Game.Character.CharacterInventory.Services.CharacterInventoryServiceTest" assertions="3" time="1.081903"/>
      </testsuite>
      <testsuite name="Tests\Unit\Game\Character\CharacterInventory\Services\ComparisonServiceTest" file="/home/adam/Documents/flare/tests/Unit/Game/Character/CharacterInventory/Services/ComparisonServiceTest.php" tests="8" assertions="10" errors="0" failures="0" skipped="0" time="2.031292">
        <testcase name="testItemComparisonDetailsIsEmptyWhenNothingEquipped" file="/home/adam/Documents/flare/tests/Unit/Game/Character/CharacterInventory/Services/ComparisonServiceTest.php" line="41" class="Tests\Unit\Game\Character\CharacterInventory\Services\ComparisonServiceTest" classname="Tests.Unit.Game.Character.CharacterInventory.Services.ComparisonServiceTest" assertions="1" time="0.214641"/>
        <testcase name="testItemComparisonDetailsIsEmptyWhenSomethingEquippedButComparingForUsableItem" file="/home/adam/Documents/flare/tests/Unit/Game/Character/CharacterInventory/Services/ComparisonServiceTest.php" line="74" class="Tests\Unit\Game\Character\CharacterInventory\Services\ComparisonServiceTest" classname="Tests.Unit.Game.Character.CharacterInventory.Services.ComparisonServiceTest" assertions="2" time="0.276003"/>
        <testcase name="testBuildShopDataForArmourType" file="/home/adam/Documents/flare/tests/Unit/Game/Character/CharacterInventory/Services/ComparisonServiceTest.php" line="130" class="Tests\Unit\Game\Character\CharacterInventory\Services\ComparisonServiceTest" classname="Tests.Unit.Game.Character.CharacterInventory.Services.ComparisonServiceTest" assertions="1" time="0.238331"/>
        <testcase name="testItemComparisonDetailsIsEmptyWhenSomethingEquippedButComparingForQuest" file="/home/adam/Documents/flare/tests/Unit/Game/Character/CharacterInventory/Services/ComparisonServiceTest.php" line="54" class="Tests\Unit\Game\Character\CharacterInventory\Services\ComparisonServiceTest" classname="Tests.Unit.Game.Character.CharacterInventory.Services.ComparisonServiceTest" assertions="2" time="0.250238"/>
        <testcase name="testBuildShopDataForBow" file="/home/adam/Documents/flare/tests/Unit/Game/Character/CharacterInventory/Services/ComparisonServiceTest.php" line="113" class="Tests\Unit\Game\Character\CharacterInventory\Services\ComparisonServiceTest" classname="Tests.Unit.Game.Character.CharacterInventory.Services.ComparisonServiceTest" assertions="1" time="0.276038"/>
        <testcase name="testBuildShopDataForSpellInEquippedSet" file="/home/adam/Documents/flare/tests/Unit/Game/Character/CharacterInventory/Services/ComparisonServiceTest.php" line="164" class="Tests\Unit\Game\Character\CharacterInventory\Services\ComparisonServiceTest" classname="Tests.Unit.Game.Character.CharacterInventory.Services.ComparisonServiceTest" assertions="1" time="0.257708"/>
        <testcase name="testBuildShopDataForSpell" file="/home/adam/Documents/flare/tests/Unit/Game/Character/CharacterInventory/Services/ComparisonServiceTest.php" line="147" class="Tests\Unit\Game\Character\CharacterInventory\Services\ComparisonServiceTest" classname="Tests.Unit.Game.Character.CharacterInventory.Services.ComparisonServiceTest" assertions="1" time="0.236911"/>
        <testcase name="testItemComparisonDetailsIsNotEmptyWhenSomethingEquipped" file="/home/adam/Documents/flare/tests/Unit/Game/Character/CharacterInventory/Services/ComparisonServiceTest.php" line="94" class="Tests\Unit\Game\Character\CharacterInventory\Services\ComparisonServiceTest" classname="Tests.Unit.Game.Character.CharacterInventory.Services.ComparisonServiceTest" assertions="1" time="0.281422"/>
      </testsuite>
      <testsuite name="Tests\Unit\Game\Character\CharacterInventory\Services\EquipItemServiceTest" file="/home/adam/Documents/flare/tests/Unit/Game/Character/CharacterInventory/Services/EquipItemServiceTest.php" tests="15" assertions="17" errors="0" failures="0" skipped="0" time="3.517922">
        <testcase name="testItemIsUniqueSuffix" file="/home/adam/Documents/flare/tests/Unit/Game/Character/CharacterInventory/Services/EquipItemServiceTest.php" line="230" class="Tests\Unit\Game\Character\CharacterInventory\Services\EquipItemServiceTest" classname="Tests.Unit.Game.Character.CharacterInventory.Services.EquipItemServiceTest" assertions="1" time="0.221282"/>
        <testcase name="testThrowErrorWhenItemToReplaceDoesNotExistInInventory" file="/home/adam/Documents/flare/tests/Unit/Game/Character/CharacterInventory/Services/EquipItemServiceTest.php" line="40" class="Tests\Unit\Game\Character\CharacterInventory\Services\EquipItemServiceTest" classname="Tests.Unit.Game.Character.CharacterInventory.Services.EquipItemServiceTest" assertions="1" time="0.192685"/>
        <testcase name="testGetUniqueItemFromSetByPrefix" file="/home/adam/Documents/flare/tests/Unit/Game/Character/CharacterInventory/Services/EquipItemServiceTest.php" line="177" class="Tests\Unit\Game\Character\CharacterInventory\Services\EquipItemServiceTest" classname="Tests.Unit.Game.Character.CharacterInventory.Services.EquipItemServiceTest" assertions="1" time="0.249533"/>
        <testcase name="testItemToBeReplacedIsUniquePrefix" file="/home/adam/Documents/flare/tests/Unit/Game/Character/CharacterInventory/Services/EquipItemServiceTest.php" line="245" class="Tests\Unit\Game\Character\CharacterInventory\Services\EquipItemServiceTest" classname="Tests.Unit.Game.Character.CharacterInventory.Services.EquipItemServiceTest" assertions="1" time="0.225257"/>
        <testcase name="testItemToBeReplacedIsUniqueSuffix" file="/home/adam/Documents/flare/tests/Unit/Game/Character/CharacterInventory/Services/EquipItemServiceTest.php" line="277" class="Tests\Unit\Game\Character\CharacterInventory\Services\EquipItemServiceTest" classname="Tests.Unit.Game.Character.CharacterInventory.Services.EquipItemServiceTest" assertions="1" time="0.215232"/>
        <testcase name="testUnequipStave" file="/home/adam/Documents/flare/tests/Unit/Game/Character/CharacterInventory/Services/EquipItemServiceTest.php" line="359" class="Tests\Unit\Game\Character\CharacterInventory\Services\EquipItemServiceTest" classname="Tests.Unit.Game.Character.CharacterInventory.Services.EquipItemServiceTest" assertions="1" time="0.256410"/>
        <testcase name="testUnequipHammer" file="/home/adam/Documents/flare/tests/Unit/Game/Character/CharacterInventory/Services/EquipItemServiceTest.php" line="334" class="Tests\Unit\Game\Character\CharacterInventory\Services\EquipItemServiceTest" classname="Tests.Unit.Game.Character.CharacterInventory.Services.EquipItemServiceTest" assertions="1" time="0.212416"/>
        <testcase name="testReplaceItemInSet" file="/home/adam/Documents/flare/tests/Unit/Game/Character/CharacterInventory/Services/EquipItemServiceTest.php" line="115" class="Tests\Unit\Game\Character\CharacterInventory\Services\EquipItemServiceTest" classname="Tests.Unit.Game.Character.CharacterInventory.Services.EquipItemServiceTest" assertions="2" time="0.247624"/>
        <testcase name="testCannotEquipUniqueForNonSet" file="/home/adam/Documents/flare/tests/Unit/Game/Character/CharacterInventory/Services/EquipItemServiceTest.php" line="145" class="Tests\Unit\Game\Character\CharacterInventory\Services\EquipItemServiceTest" classname="Tests.Unit.Game.Character.CharacterInventory.Services.EquipItemServiceTest" assertions="1" time="0.219927"/>
        <testcase name="testUnequipStaveFromSet" file="/home/adam/Documents/flare/tests/Unit/Game/Character/CharacterInventory/Services/EquipItemServiceTest.php" line="384" class="Tests\Unit\Game\Character\CharacterInventory\Services\EquipItemServiceTest" classname="Tests.Unit.Game.Character.CharacterInventory.Services.EquipItemServiceTest" assertions="2" time="0.245845"/>
        <testcase name="testUnequipBow" file="/home/adam/Documents/flare/tests/Unit/Game/Character/CharacterInventory/Services/EquipItemServiceTest.php" line="309" class="Tests\Unit\Game\Character\CharacterInventory\Services\EquipItemServiceTest" classname="Tests.Unit.Game.Character.CharacterInventory.Services.EquipItemServiceTest" assertions="1" time="0.218756"/>
        <testcase name="testCannotEquipAnotherUnique" file="/home/adam/Documents/flare/tests/Unit/Game/Character/CharacterInventory/Services/EquipItemServiceTest.php" line="79" class="Tests\Unit\Game\Character\CharacterInventory\Services\EquipItemServiceTest" classname="Tests.Unit.Game.Character.CharacterInventory.Services.EquipItemServiceTest" assertions="1" time="0.242512"/>
        <testcase name="testGetUniqueItemFromSetBySuffix" file="/home/adam/Documents/flare/tests/Unit/Game/Character/CharacterInventory/Services/EquipItemServiceTest.php" line="196" class="Tests\Unit\Game\Character\CharacterInventory\Services\EquipItemServiceTest" classname="Tests.Unit.Game.Character.CharacterInventory.Services.EquipItemServiceTest" assertions="1" time="0.253530"/>
        <testcase name="testItemIsUniquePrefix" file="/home/adam/Documents/flare/tests/Unit/Game/Character/CharacterInventory/Services/EquipItemServiceTest.php" line="215" class="Tests\Unit\Game\Character\CharacterInventory\Services\EquipItemServiceTest" classname="Tests.Unit.Game.Character.CharacterInventory.Services.EquipItemServiceTest" assertions="1" time="0.209312"/>
        <testcase name="testInventoryIsFullWhenTryingToReplaceInventorySetItem" file="/home/adam/Documents/flare/tests/Unit/Game/Character/CharacterInventory/Services/EquipItemServiceTest.php" line="54" class="Tests\Unit\Game\Character\CharacterInventory\Services\EquipItemServiceTest" classname="Tests.Unit.Game.Character.CharacterInventory.Services.EquipItemServiceTest" assertions="1" time="0.307603"/>
      </testsuite>
      <testsuite name="Tests\Unit\Game\Character\CharacterInventory\Services\InventorySetServiceTest" file="/home/adam/Documents/flare/tests/Unit/Game/Character/CharacterInventory/Services/InventorySetServiceTest.php" tests="44" assertions="64" errors="0" failures="0" skipped="0" time="12.103253">
        <testcase name="testCannotRenameSetThatDoesNotExist" file="/home/adam/Documents/flare/tests/Unit/Game/Character/CharacterInventory/Services/InventorySetServiceTest.php" line="784" class="Tests\Unit\Game\Character\CharacterInventory\Services\InventorySetServiceTest" classname="Tests.Unit.Game.Character.CharacterInventory.Services.InventorySetServiceTest" assertions="2" time="0.209795"/>
        <testcase name="testRenameTheSet" file="/home/adam/Documents/flare/tests/Unit/Game/Character/CharacterInventory/Services/InventorySetServiceTest.php" line="811" class="Tests\Unit\Game\Character\CharacterInventory\Services\InventorySetServiceTest" classname="Tests.Unit.Game.Character.CharacterInventory.Services.InventorySetServiceTest" assertions="2" time="0.241143"/>
        <testcase name="testCannotRenameASetWhenAnotherSetHasTheSameName" file="/home/adam/Documents/flare/tests/Unit/Game/Character/CharacterInventory/Services/InventorySetServiceTest.php" line="794" class="Tests\Unit\Game\Character\CharacterInventory\Services\InventorySetServiceTest" classname="Tests.Unit.Game.Character.CharacterInventory.Services.InventorySetServiceTest" assertions="2" time="0.217579"/>
        <testcase name="testSetIsNotEquippableForSpellsHealing" file="/home/adam/Documents/flare/tests/Unit/Game/Character/CharacterInventory/Services/InventorySetServiceTest.php" line="472" class="Tests\Unit\Game\Character\CharacterInventory\Services\InventorySetServiceTest" classname="Tests.Unit.Game.Character.CharacterInventory.Services.InventorySetServiceTest" assertions="1" time="0.238852"/>
        <testcase name="testIsEquippableForCosmic" file="/home/adam/Documents/flare/tests/Unit/Game/Character/CharacterInventory/Services/InventorySetServiceTest.php" line="725" class="Tests\Unit\Game\Character\CharacterInventory\Services\InventorySetServiceTest" classname="Tests.Unit.Game.Character.CharacterInventory.Services.InventorySetServiceTest" assertions="1" time="0.248377"/>
        <testcase name="testCannotSaveEquippedToANonEmptySet" file="/home/adam/Documents/flare/tests/Unit/Game/Character/CharacterInventory/Services/InventorySetServiceTest.php" line="828" class="Tests\Unit\Game\Character\CharacterInventory\Services\InventorySetServiceTest" classname="Tests.Unit.Game.Character.CharacterInventory.Services.InventorySetServiceTest" assertions="2" time="0.214724"/>
        <testcase name="testCannotEmptySetWhenInventoryIsMaxed" file="/home/adam/Documents/flare/tests/Unit/Game/Character/CharacterInventory/Services/InventorySetServiceTest.php" line="852" class="Tests\Unit\Game\Character\CharacterInventory\Services\InventorySetServiceTest" classname="Tests.Unit.Game.Character.CharacterInventory.Services.InventorySetServiceTest" assertions="2" time="0.211997"/>
        <testcase name="testCannotEquipSetWhenSetIsNotAllowedToBeEquipped" file="/home/adam/Documents/flare/tests/Unit/Game/Character/CharacterInventory/Services/InventorySetServiceTest.php" line="968" class="Tests\Unit\Game\Character\CharacterInventory\Services\InventorySetServiceTest" classname="Tests.Unit.Game.Character.CharacterInventory.Services.InventorySetServiceTest" assertions="2" time="0.226624"/>
        <testcase name="testSetIsNotEquippableForSpellsDamage" file="/home/adam/Documents/flare/tests/Unit/Game/Character/CharacterInventory/Services/InventorySetServiceTest.php" line="518" class="Tests\Unit\Game\Character\CharacterInventory\Services\InventorySetServiceTest" classname="Tests.Unit.Game.Character.CharacterInventory.Services.InventorySetServiceTest" assertions="1" time="0.256169"/>
        <testcase name="testSetIsNotEquippableForUniquesAndMythics" file="/home/adam/Documents/flare/tests/Unit/Game/Character/CharacterInventory/Services/InventorySetServiceTest.php" line="659" class="Tests\Unit\Game\Character\CharacterInventory\Services\InventorySetServiceTest" classname="Tests.Unit.Game.Character.CharacterInventory.Services.InventorySetServiceTest" assertions="1" time="0.236976"/>
        <testcase name="testSetIsNotEquippableForCosmics" file="/home/adam/Documents/flare/tests/Unit/Game/Character/CharacterInventory/Services/InventorySetServiceTest.php" line="635" class="Tests\Unit\Game\Character\CharacterInventory\Services\InventorySetServiceTest" classname="Tests.Unit.Game.Character.CharacterInventory.Services.InventorySetServiceTest" assertions="1" time="0.228633"/>
        <testcase name="testCanAssignItemToSet" file="/home/adam/Documents/flare/tests/Unit/Game/Character/CharacterInventory/Services/InventorySetServiceTest.php" line="41" class="Tests\Unit\Game\Character\CharacterInventory\Services\InventorySetServiceTest" classname="Tests.Unit.Game.Character.CharacterInventory.Services.InventorySetServiceTest" assertions="2" time="0.250469"/>
        <testcase name="testSetIsNotEquippableForRings" file="/home/adam/Documents/flare/tests/Unit/Game/Character/CharacterInventory/Services/InventorySetServiceTest.php" line="426" class="Tests\Unit\Game\Character\CharacterInventory\Services\InventorySetServiceTest" classname="Tests.Unit.Game.Character.CharacterInventory.Services.InventorySetServiceTest" assertions="1" time="0.237904"/>
        <testcase name="testSetIsNotEquippableForSpells" file="/home/adam/Documents/flare/tests/Unit/Game/Character/CharacterInventory/Services/InventorySetServiceTest.php" line="449" class="Tests\Unit\Game\Character\CharacterInventory\Services\InventorySetServiceTest" classname="Tests.Unit.Game.Character.CharacterInventory.Services.InventorySetServiceTest" assertions="1" time="0.222285"/>
        <testcase name="testSetIsNotEquippableForWeapons" file="/home/adam/Documents/flare/tests/Unit/Game/Character/CharacterInventory/Services/InventorySetServiceTest.php" line="358" class="Tests\Unit\Game\Character\CharacterInventory\Services\InventorySetServiceTest" classname="Tests.Unit.Game.Character.CharacterInventory.Services.InventorySetServiceTest" assertions="1" time="0.229636"/>
        <testcase name="testSetIsNotEquippableForUniquesItemPrefix" file="/home/adam/Documents/flare/tests/Unit/Game/Character/CharacterInventory/Services/InventorySetServiceTest.php" line="563" class="Tests\Unit\Game\Character\CharacterInventory\Services\InventorySetServiceTest" classname="Tests.Unit.Game.Character.CharacterInventory.Services.InventorySetServiceTest" assertions="1" time="0.257320"/>
        <testcase name="testSetIsNotEquippableForTrinkets" file="/home/adam/Documents/flare/tests/Unit/Game/Character/CharacterInventory/Services/InventorySetServiceTest.php" line="403" class="Tests\Unit\Game\Character\CharacterInventory\Services\InventorySetServiceTest" classname="Tests.Unit.Game.Character.CharacterInventory.Services.InventorySetServiceTest" assertions="1" time="0.239043"/>
        <testcase name="testSetIsNotEquippableForSpellsHealingAndDamage" file="/home/adam/Documents/flare/tests/Unit/Game/Character/CharacterInventory/Services/InventorySetServiceTest.php" line="495" class="Tests\Unit\Game\Character\CharacterInventory\Services\InventorySetServiceTest" classname="Tests.Unit.Game.Character.CharacterInventory.Services.InventorySetServiceTest" assertions="1" time="0.229415"/>
        <testcase name="testSetIsNotEquippableForMythics" file="/home/adam/Documents/flare/tests/Unit/Game/Character/CharacterInventory/Services/InventorySetServiceTest.php" line="611" class="Tests\Unit\Game\Character\CharacterInventory\Services\InventorySetServiceTest" classname="Tests.Unit.Game.Character.CharacterInventory.Services.InventorySetServiceTest" assertions="1" time="0.260416"/>
        <testcase name="testSetIsNotEquippableForArmour" file="/home/adam/Documents/flare/tests/Unit/Game/Character/CharacterInventory/Services/InventorySetServiceTest.php" line="381" class="Tests\Unit\Game\Character\CharacterInventory\Services\InventorySetServiceTest" classname="Tests.Unit.Game.Character.CharacterInventory.Services.InventorySetServiceTest" assertions="1" time="0.227208"/>
        <testcase name="testSetIsNotEquippableForCosmicAndMythics" file="/home/adam/Documents/flare/tests/Unit/Game/Character/CharacterInventory/Services/InventorySetServiceTest.php" line="692" class="Tests\Unit\Game\Character\CharacterInventory\Services\InventorySetServiceTest" classname="Tests.Unit.Game.Character.CharacterInventory.Services.InventorySetServiceTest" assertions="1" time="0.228041"/>
        <testcase name="testFailToMoveItemToSet" file="/home/adam/Documents/flare/tests/Unit/Game/Character/CharacterInventory/Services/InventorySetServiceTest.php" line="748" class="Tests\Unit\Game\Character\CharacterInventory\Services\InventorySetServiceTest" classname="Tests.Unit.Game.Character.CharacterInventory.Services.InventorySetServiceTest" assertions="2" time="0.224583"/>
        <testcase name="testSetIsNotEquippableForArtifact" file="/home/adam/Documents/flare/tests/Unit/Game/Character/CharacterInventory/Services/InventorySetServiceTest.php" line="541" class="Tests\Unit\Game\Character\CharacterInventory\Services\InventorySetServiceTest" classname="Tests.Unit.Game.Character.CharacterInventory.Services.InventorySetServiceTest" assertions="1" time="0.260196"/>
        <testcase name="testPutItemIntoSet" file="/home/adam/Documents/flare/tests/Unit/Game/Character/CharacterInventory/Services/InventorySetServiceTest.php" line="60" class="Tests\Unit\Game\Character\CharacterInventory\Services\InventorySetServiceTest" classname="Tests.Unit.Game.Character.CharacterInventory.Services.InventorySetServiceTest" assertions="1" time="0.216348"/>
        <testcase name="testSetIsNotEquippableForUniquesItemSuffix" file="/home/adam/Documents/flare/tests/Unit/Game/Character/CharacterInventory/Services/InventorySetServiceTest.php" line="587" class="Tests\Unit\Game\Character\CharacterInventory\Services\InventorySetServiceTest" classname="Tests.Unit.Game.Character.CharacterInventory.Services.InventorySetServiceTest" assertions="1" time="0.219084"/>
        <testcase name="testMoveToSetThatDoesNotHaveAName" file="/home/adam/Documents/flare/tests/Unit/Game/Character/CharacterInventory/Services/InventorySetServiceTest.php" line="758" class="Tests\Unit\Game\Character\CharacterInventory\Services\InventorySetServiceTest" classname="Tests.Unit.Game.Character.CharacterInventory.Services.InventorySetServiceTest" assertions="2" time="0.309850"/>
        <testcase name="testUnequipSet" file="/home/adam/Documents/flare/tests/Unit/Game/Character/CharacterInventory/Services/InventorySetServiceTest.php" line="315" class="Tests\Unit\Game\Character\CharacterInventory\Services\InventorySetServiceTest" classname="Tests.Unit.Game.Character.CharacterInventory.Services.InventorySetServiceTest" assertions="1" time="0.282078"/>
        <testcase name="testEquipFullSet" file="/home/adam/Documents/flare/tests/Unit/Game/Character/CharacterInventory/Services/InventorySetServiceTest.php" line="192" class="Tests\Unit\Game\Character\CharacterInventory\Services\InventorySetServiceTest" classname="Tests.Unit.Game.Character.CharacterInventory.Services.InventorySetServiceTest" assertions="1" time="0.357019"/>
        <testcase name="testMoveToSetThatDoesHaveAName" file="/home/adam/Documents/flare/tests/Unit/Game/Character/CharacterInventory/Services/InventorySetServiceTest.php" line="769" class="Tests\Unit\Game\Character\CharacterInventory\Services\InventorySetServiceTest" classname="Tests.Unit.Game.Character.CharacterInventory.Services.InventorySetServiceTest" assertions="2" time="0.311573"/>
        <testcase name="testCanRemoveItemFromSetBecauseInventoryIsNotMaxedOutAndSetIsNotNamed" file="/home/adam/Documents/flare/tests/Unit/Game/Character/CharacterInventory/Services/InventorySetServiceTest.php" line="172" class="Tests\Unit\Game\Character\CharacterInventory\Services\InventorySetServiceTest" classname="Tests.Unit.Game.Character.CharacterInventory.Services.InventorySetServiceTest" assertions="1" time="0.304651"/>
        <testcase name="testEquipFullSetWithTwoHandedWeapon" file="/home/adam/Documents/flare/tests/Unit/Game/Character/CharacterInventory/Services/InventorySetServiceTest.php" line="236" class="Tests\Unit\Game\Character\CharacterInventory\Services\InventorySetServiceTest" classname="Tests.Unit.Game.Character.CharacterInventory.Services.InventorySetServiceTest" assertions="1" time="0.374557"/>
        <testcase name="testDoesUnequipSet" file="/home/adam/Documents/flare/tests/Unit/Game/Character/CharacterInventory/Services/InventorySetServiceTest.php" line="943" class="Tests\Unit\Game\Character\CharacterInventory\Services\InventorySetServiceTest" classname="Tests.Unit.Game.Character.CharacterInventory.Services.InventorySetServiceTest" assertions="3" time="0.322582"/>
        <testcase name="testCannotEquipSetWhenYouDoNotOwnTheSet" file="/home/adam/Documents/flare/tests/Unit/Game/Character/CharacterInventory/Services/InventorySetServiceTest.php" line="993" class="Tests\Unit\Game\Character\CharacterInventory\Services\InventorySetServiceTest" classname="Tests.Unit.Game.Character.CharacterInventory.Services.InventorySetServiceTest" assertions="2" time="0.272446"/>
        <testcase name="testCannotRemoveItemFromSetBecauseInventorySetIsEquipped" file="/home/adam/Documents/flare/tests/Unit/Game/Character/CharacterInventory/Services/InventorySetServiceTest.php" line="110" class="Tests\Unit\Game\Character\CharacterInventory\Services\InventorySetServiceTest" classname="Tests.Unit.Game.Character.CharacterInventory.Services.InventorySetServiceTest" assertions="1" time="0.294672"/>
        <testcase name="testCanMoveAllItemsFromSetToInventory" file="/home/adam/Documents/flare/tests/Unit/Game/Character/CharacterInventory/Services/InventorySetServiceTest.php" line="924" class="Tests\Unit\Game\Character\CharacterInventory\Services\InventorySetServiceTest" classname="Tests.Unit.Game.Character.CharacterInventory.Services.InventorySetServiceTest" assertions="2" time="0.326470"/>
        <testcase name="testCanMoveSomeItemsFromTheSetToInventory" file="/home/adam/Documents/flare/tests/Unit/Game/Character/CharacterInventory/Services/InventorySetServiceTest.php" line="901" class="Tests\Unit\Game\Character\CharacterInventory\Services\InventorySetServiceTest" classname="Tests.Unit.Game.Character.CharacterInventory.Services.InventorySetServiceTest" assertions="2" time="0.281405"/>
        <testcase name="testCannotRemoveItemFromSetBecauseInventoryIsMaxedOut" file="/home/adam/Documents/flare/tests/Unit/Game/Character/CharacterInventory/Services/InventorySetServiceTest.php" line="76" class="Tests\Unit\Game\Character\CharacterInventory\Services\InventorySetServiceTest" classname="Tests.Unit.Game.Character.CharacterInventory.Services.InventorySetServiceTest" assertions="1" time="0.299714"/>
        <testcase name="testCannotRemoveItemFromSetBecauseItemDoesNotExistInInventorySet" file="/home/adam/Documents/flare/tests/Unit/Game/Character/CharacterInventory/Services/InventorySetServiceTest.php" line="133" class="Tests\Unit\Game\Character\CharacterInventory\Services\InventorySetServiceTest" classname="Tests.Unit.Game.Character.CharacterInventory.Services.InventorySetServiceTest" assertions="1" time="0.320039"/>
        <testcase name="testCannotEmptyInventorySetYouDoNotOwn" file="/home/adam/Documents/flare/tests/Unit/Game/Character/CharacterInventory/Services/InventorySetServiceTest.php" line="875" class="Tests\Unit\Game\Character\CharacterInventory\Services\InventorySetServiceTest" classname="Tests.Unit.Game.Character.CharacterInventory.Services.InventorySetServiceTest" assertions="2" time="0.282462"/>
        <testcase name="testCannotRemoveItemFromSetBecauseInventorySetIsNotYours" file="/home/adam/Documents/flare/tests/Unit/Game/Character/CharacterInventory/Services/InventorySetServiceTest.php" line="93" class="Tests\Unit\Game\Character\CharacterInventory\Services\InventorySetServiceTest" classname="Tests.Unit.Game.Character.CharacterInventory.Services.InventorySetServiceTest" assertions="1" time="0.293876"/>
        <testcase name="testEquipAnotherSetWhileOneIsEquipped" file="/home/adam/Documents/flare/tests/Unit/Game/Character/CharacterInventory/Services/InventorySetServiceTest.php" line="273" class="Tests\Unit\Game\Character\CharacterInventory\Services\InventorySetServiceTest" classname="Tests.Unit.Game.Character.CharacterInventory.Services.InventorySetServiceTest" assertions="2" time="0.308666"/>
        <testcase name="testCanSaveEquippedToAEmptySet" file="/home/adam/Documents/flare/tests/Unit/Game/Character/CharacterInventory/Services/InventorySetServiceTest.php" line="840" class="Tests\Unit\Game\Character\CharacterInventory\Services\InventorySetServiceTest" classname="Tests.Unit.Game.Character.CharacterInventory.Services.InventorySetServiceTest" assertions="2" time="0.375988"/>
        <testcase name="testCanRemoveItemFromSetBecauseInventoryIsNotMaxedOut" file="/home/adam/Documents/flare/tests/Unit/Game/Character/CharacterInventory/Services/InventorySetServiceTest.php" line="152" class="Tests\Unit\Game\Character\CharacterInventory\Services\InventorySetServiceTest" classname="Tests.Unit.Game.Character.CharacterInventory.Services.InventorySetServiceTest" assertions="1" time="0.399068"/>
        <testcase name="testCanEquipSet" file="/home/adam/Documents/flare/tests/Unit/Game/Character/CharacterInventory/Services/InventorySetServiceTest.php" line="1020" class="Tests\Unit\Game\Character\CharacterInventory\Services\InventorySetServiceTest" classname="Tests.Unit.Game.Character.CharacterInventory.Services.InventorySetServiceTest" assertions="3" time="0.553323"/>
      </testsuite>
      <testsuite name="Tests\Unit\Game\Character\CharacterInventory\Services\UseItemServiceTest" file="/home/adam/Documents/flare/tests/Unit/Game/Character/CharacterInventory/Services/UseItemServiceTest.php" tests="15" assertions="87" errors="0" failures="0" skipped="0" time="5.147288">
        <testcase name="testCannotApplyBoonsThatDoNotExist" file="/home/adam/Documents/flare/tests/Unit/Game/Character/CharacterInventory/Services/UseItemServiceTest.php" line="540" class="Tests\Unit\Game\Character\CharacterInventory\Services\UseItemServiceTest" classname="Tests.Unit.Game.Character.CharacterInventory.Services.UseItemServiceTest" assertions="5" time="0.242079"/>
        <testcase name="testDoNotUseItemWhenItemDoesNotStack" file="/home/adam/Documents/flare/tests/Unit/Game/Character/CharacterInventory/Services/UseItemServiceTest.php" line="165" class="Tests\Unit\Game\Character\CharacterInventory\Services\UseItemServiceTest" classname="Tests.Unit.Game.Character.CharacterInventory.Services.UseItemServiceTest" assertions="6" time="0.334732"/>
        <testcase name="testCharacterBoonsStackWhenTheSameItemIsFoundAndUsed" file="/home/adam/Documents/flare/tests/Unit/Game/Character/CharacterInventory/Services/UseItemServiceTest.php" line="321" class="Tests\Unit\Game\Character\CharacterInventory\Services\UseItemServiceTest" classname="Tests.Unit.Game.Character.CharacterInventory.Services.UseItemServiceTest" assertions="6" time="0.305918"/>
        <testcase name="testPlayerDoesNotHaveItem" file="/home/adam/Documents/flare/tests/Unit/Game/Character/CharacterInventory/Services/UseItemServiceTest.php" line="209" class="Tests\Unit\Game\Character\CharacterInventory\Services\UseItemServiceTest" classname="Tests.Unit.Game.Character.CharacterInventory.Services.UseItemServiceTest" assertions="5" time="0.283781"/>
        <testcase name="testUseItemOnCharacter" file="/home/adam/Documents/flare/tests/Unit/Game/Character/CharacterInventory/Services/UseItemServiceTest.php" line="46" class="Tests\Unit\Game\Character\CharacterInventory\Services\UseItemServiceTest" classname="Tests.Unit.Game.Character.CharacterInventory.Services.UseItemServiceTest" assertions="6" time="0.318667"/>
        <testcase name="testDoNotGoOverMaxAmount" file="/home/adam/Documents/flare/tests/Unit/Game/Character/CharacterInventory/Services/UseItemServiceTest.php" line="78" class="Tests\Unit\Game\Character\CharacterInventory\Services\UseItemServiceTest" classname="Tests.Unit.Game.Character.CharacterInventory.Services.UseItemServiceTest" assertions="6" time="0.297102"/>
        <testcase name="testUpdateCharacterBasedOnItemUsed" file="/home/adam/Documents/flare/tests/Unit/Game/Character/CharacterInventory/Services/UseItemServiceTest.php" line="266" class="Tests\Unit\Game\Character\CharacterInventory\Services\UseItemServiceTest" classname="Tests.Unit.Game.Character.CharacterInventory.Services.UseItemServiceTest" assertions="4" time="0.398877"/>
        <testcase name="testDoNotGoAboveTheMaxTime" file="/home/adam/Documents/flare/tests/Unit/Game/Character/CharacterInventory/Services/UseItemServiceTest.php" line="354" class="Tests\Unit\Game\Character\CharacterInventory\Services\UseItemServiceTest" classname="Tests.Unit.Game.Character.CharacterInventory.Services.UseItemServiceTest" assertions="7" time="0.404755"/>
        <testcase name="testCanApplyMultipleStacks" file="/home/adam/Documents/flare/tests/Unit/Game/Character/CharacterInventory/Services/UseItemServiceTest.php" line="560" class="Tests\Unit\Game\Character\CharacterInventory\Services\UseItemServiceTest" classname="Tests.Unit.Game.Character.CharacterInventory.Services.UseItemServiceTest" assertions="10" time="0.378817"/>
        <testcase name="testTakesExistingBoonsIntoConsideration" file="/home/adam/Documents/flare/tests/Unit/Game/Character/CharacterInventory/Services/UseItemServiceTest.php" line="438" class="Tests\Unit\Game\Character\CharacterInventory\Services\UseItemServiceTest" classname="Tests.Unit.Game.Character.CharacterInventory.Services.UseItemServiceTest" assertions="8" time="0.350739"/>
        <testcase name="testDoNotUseItemWhenWouldGoAboveMaxEightHours" file="/home/adam/Documents/flare/tests/Unit/Game/Character/CharacterInventory/Services/UseItemServiceTest.php" line="121" class="Tests\Unit\Game\Character\CharacterInventory\Services\UseItemServiceTest" classname="Tests.Unit.Game.Character.CharacterInventory.Services.UseItemServiceTest" assertions="6" time="0.322589"/>
        <testcase name="testUpdateCharacterBasedOnItemUsedWhenItemDoesNotAffectSkills" file="/home/adam/Documents/flare/tests/Unit/Game/Character/CharacterInventory/Services/UseItemServiceTest.php" line="294" class="Tests\Unit\Game\Character\CharacterInventory\Services\UseItemServiceTest" classname="Tests.Unit.Game.Character.CharacterInventory.Services.UseItemServiceTest" assertions="4" time="0.369824"/>
        <testcase name="testCannotAssignBoonsWhenYouAreMax" file="/home/adam/Documents/flare/tests/Unit/Game/Character/CharacterInventory/Services/UseItemServiceTest.php" line="492" class="Tests\Unit\Game\Character\CharacterInventory\Services\UseItemServiceTest" classname="Tests.Unit.Game.Character.CharacterInventory.Services.UseItemServiceTest" assertions="5" time="0.326377"/>
        <testcase name="testDoNotGoAboveTheMaxAmount" file="/home/adam/Documents/flare/tests/Unit/Game/Character/CharacterInventory/Services/UseItemServiceTest.php" line="396" class="Tests\Unit\Game\Character\CharacterInventory\Services\UseItemServiceTest" classname="Tests.Unit.Game.Character.CharacterInventory.Services.UseItemServiceTest" assertions="7" time="0.435891"/>
        <testcase name="testRemoveBoonFromCharacter" file="/home/adam/Documents/flare/tests/Unit/Game/Character/CharacterInventory/Services/UseItemServiceTest.php" line="239" class="Tests\Unit\Game\Character\CharacterInventory\Services\UseItemServiceTest" classname="Tests.Unit.Game.Character.CharacterInventory.Services.UseItemServiceTest" assertions="2" time="0.377138"/>
      </testsuite>
      <testsuite name="Tests\Unit\Game\Character\CharacterInventory\Validations\SetHandsValidationTest" file="/home/adam/Documents/flare/tests/Unit/Game/Character/CharacterInventory/Validations/SetHandsValidationTest.php" tests="31" assertions="31" errors="0" failures="0" skipped="0" time="7.393001">
        <testcase name="testValidationIsValidForDuelHandedWeapon" file="/home/adam/Documents/flare/tests/Unit/Game/Character/CharacterInventory/Validations/SetHandsValidationTest.php" line="61" class="Tests\Unit\Game\Character\CharacterInventory\Validations\SetHandsValidationTest" classname="Tests.Unit.Game.Character.CharacterInventory.Validations.SetHandsValidationTest" assertions="1" time="0.221946"/>
        <testcase name="testValidationFailsForStaveAndMace" file="/home/adam/Documents/flare/tests/Unit/Game/Character/CharacterInventory/Validations/SetHandsValidationTest.php" line="578" class="Tests\Unit\Game\Character\CharacterInventory\Validations\SetHandsValidationTest" classname="Tests.Unit.Game.Character.CharacterInventory.Validations.SetHandsValidationTest" assertions="1" time="0.259094"/>
        <testcase name="testValidationFailsForStaveAndWeapon" file="/home/adam/Documents/flare/tests/Unit/Game/Character/CharacterInventory/Validations/SetHandsValidationTest.php" line="534" class="Tests\Unit\Game\Character\CharacterInventory\Validations\SetHandsValidationTest" classname="Tests.Unit.Game.Character.CharacterInventory.Validations.SetHandsValidationTest" assertions="1" time="0.216949"/>
        <testcase name="testValidationIsValidForSingleWeaponAndFan" file="/home/adam/Documents/flare/tests/Unit/Game/Character/CharacterInventory/Validations/SetHandsValidationTest.php" line="126" class="Tests\Unit\Game\Character\CharacterInventory\Validations\SetHandsValidationTest" classname="Tests.Unit.Game.Character.CharacterInventory.Validations.SetHandsValidationTest" assertions="1" time="0.228285"/>
        <testcase name="testValidationFailsForStaveAndScratchAwl" file="/home/adam/Documents/flare/tests/Unit/Game/Character/CharacterInventory/Validations/SetHandsValidationTest.php" line="622" class="Tests\Unit\Game\Character\CharacterInventory\Validations\SetHandsValidationTest" classname="Tests.Unit.Game.Character.CharacterInventory.Validations.SetHandsValidationTest" assertions="1" time="0.246129"/>
        <testcase name="testValidationFailsForMultipleWeaponsAndMace" file="/home/adam/Documents/flare/tests/Unit/Game/Character/CharacterInventory/Validations/SetHandsValidationTest.php" line="330" class="Tests\Unit\Game\Character\CharacterInventory\Validations\SetHandsValidationTest" classname="Tests.Unit.Game.Character.CharacterInventory.Validations.SetHandsValidationTest" assertions="1" time="0.219682"/>
        <testcase name="testValidationFailsForMultipleWeaponsAndStave" file="/home/adam/Documents/flare/tests/Unit/Game/Character/CharacterInventory/Validations/SetHandsValidationTest.php" line="376" class="Tests\Unit\Game\Character\CharacterInventory\Validations\SetHandsValidationTest" classname="Tests.Unit.Game.Character.CharacterInventory.Validations.SetHandsValidationTest" assertions="1" time="0.221148"/>
        <testcase name="testValidationFailsForStaveAndBow" file="/home/adam/Documents/flare/tests/Unit/Game/Character/CharacterInventory/Validations/SetHandsValidationTest.php" line="666" class="Tests\Unit\Game\Character\CharacterInventory\Validations\SetHandsValidationTest" classname="Tests.Unit.Game.Character.CharacterInventory.Validations.SetHandsValidationTest" assertions="1" time="0.234105"/>
        <testcase name="testValidationFailsForStaveAndShield" file="/home/adam/Documents/flare/tests/Unit/Game/Character/CharacterInventory/Validations/SetHandsValidationTest.php" line="710" class="Tests\Unit\Game\Character\CharacterInventory\Validations\SetHandsValidationTest" classname="Tests.Unit.Game.Character.CharacterInventory.Validations.SetHandsValidationTest" assertions="1" time="0.259666"/>
        <testcase name="testValidationFailsForStaveAndFan" file="/home/adam/Documents/flare/tests/Unit/Game/Character/CharacterInventory/Validations/SetHandsValidationTest.php" line="600" class="Tests\Unit\Game\Character\CharacterInventory\Validations\SetHandsValidationTest" classname="Tests.Unit.Game.Character.CharacterInventory.Validations.SetHandsValidationTest" assertions="1" time="0.218107"/>
        <testcase name="testValidationIsValidForDuelWeapons" file="/home/adam/Documents/flare/tests/Unit/Game/Character/CharacterInventory/Validations/SetHandsValidationTest.php" line="192" class="Tests\Unit\Game\Character\CharacterInventory\Validations\SetHandsValidationTest" classname="Tests.Unit.Game.Character.CharacterInventory.Validations.SetHandsValidationTest" assertions="1" time="0.221854"/>
        <testcase name="testValidationFailsForSingleWeaponsAndMixed" file="/home/adam/Documents/flare/tests/Unit/Game/Character/CharacterInventory/Validations/SetHandsValidationTest.php" line="511" class="Tests\Unit\Game\Character\CharacterInventory\Validations\SetHandsValidationTest" classname="Tests.Unit.Game.Character.CharacterInventory.Validations.SetHandsValidationTest" assertions="1" time="0.259949"/>
        <testcase name="testValidationFailsForMultipleWeaponsAndScratchAwl" file="/home/adam/Documents/flare/tests/Unit/Game/Character/CharacterInventory/Validations/SetHandsValidationTest.php" line="353" class="Tests\Unit\Game\Character\CharacterInventory\Validations\SetHandsValidationTest" classname="Tests.Unit.Game.Character.CharacterInventory.Validations.SetHandsValidationTest" assertions="1" time="0.227102"/>
        <testcase name="testValidationFailsForStaveAndGun" file="/home/adam/Documents/flare/tests/Unit/Game/Character/CharacterInventory/Validations/SetHandsValidationTest.php" line="556" class="Tests\Unit\Game\Character\CharacterInventory\Validations\SetHandsValidationTest" classname="Tests.Unit.Game.Character.CharacterInventory.Validations.SetHandsValidationTest" assertions="1" time="0.224472"/>
        <testcase name="testValidationIsValidForSingleWeapon" file="/home/adam/Documents/flare/tests/Unit/Game/Character/CharacterInventory/Validations/SetHandsValidationTest.php" line="40" class="Tests\Unit\Game\Character\CharacterInventory\Validations\SetHandsValidationTest" classname="Tests.Unit.Game.Character.CharacterInventory.Validations.SetHandsValidationTest" assertions="1" time="0.239929"/>
        <testcase name="testValidationFailsForSingleWeaponAndBow" file="/home/adam/Documents/flare/tests/Unit/Game/Character/CharacterInventory/Validations/SetHandsValidationTest.php" line="467" class="Tests\Unit\Game\Character\CharacterInventory\Validations\SetHandsValidationTest" classname="Tests.Unit.Game.Character.CharacterInventory.Validations.SetHandsValidationTest" assertions="1" time="0.239696"/>
        <testcase name="testValidationFailsForMultipleWeaponsAndShield" file="/home/adam/Documents/flare/tests/Unit/Game/Character/CharacterInventory/Validations/SetHandsValidationTest.php" line="261" class="Tests\Unit\Game\Character\CharacterInventory\Validations\SetHandsValidationTest" classname="Tests.Unit.Game.Character.CharacterInventory.Validations.SetHandsValidationTest" assertions="1" time="0.232609"/>
        <testcase name="testValidationFailsForMultipleWeaponsAndFan" file="/home/adam/Documents/flare/tests/Unit/Game/Character/CharacterInventory/Validations/SetHandsValidationTest.php" line="307" class="Tests\Unit\Game\Character\CharacterInventory\Validations\SetHandsValidationTest" classname="Tests.Unit.Game.Character.CharacterInventory.Validations.SetHandsValidationTest" assertions="1" time="0.226895"/>
        <testcase name="testValidationFailsForMultipleWeaponsAndBow" file="/home/adam/Documents/flare/tests/Unit/Game/Character/CharacterInventory/Validations/SetHandsValidationTest.php" line="399" class="Tests\Unit\Game\Character\CharacterInventory\Validations\SetHandsValidationTest" classname="Tests.Unit.Game.Character.CharacterInventory.Validations.SetHandsValidationTest" assertions="1" time="0.254739"/>
        <testcase name="testValidationFailsForSingleWeaponsAndHammer" file="/home/adam/Documents/flare/tests/Unit/Game/Character/CharacterInventory/Validations/SetHandsValidationTest.php" line="489" class="Tests\Unit\Game\Character\CharacterInventory\Validations\SetHandsValidationTest" classname="Tests.Unit.Game.Character.CharacterInventory.Validations.SetHandsValidationTest" assertions="1" time="0.219599"/>
        <testcase name="testValidationFailsForStaveAndHammer" file="/home/adam/Documents/flare/tests/Unit/Game/Character/CharacterInventory/Validations/SetHandsValidationTest.php" line="688" class="Tests\Unit\Game\Character\CharacterInventory\Validations\SetHandsValidationTest" classname="Tests.Unit.Game.Character.CharacterInventory.Validations.SetHandsValidationTest" assertions="1" time="0.245799"/>
        <testcase name="testValidationIsValidForSingleWeaponAndGun" file="/home/adam/Documents/flare/tests/Unit/Game/Character/CharacterInventory/Validations/SetHandsValidationTest.php" line="148" class="Tests\Unit\Game\Character\CharacterInventory\Validations\SetHandsValidationTest" classname="Tests.Unit.Game.Character.CharacterInventory.Validations.SetHandsValidationTest" assertions="1" time="0.271464"/>
        <testcase name="testValidationFailsForStaveAndStave" file="/home/adam/Documents/flare/tests/Unit/Game/Character/CharacterInventory/Validations/SetHandsValidationTest.php" line="644" class="Tests\Unit\Game\Character\CharacterInventory\Validations\SetHandsValidationTest" classname="Tests.Unit.Game.Character.CharacterInventory.Validations.SetHandsValidationTest" assertions="1" time="0.284664"/>
        <testcase name="testValidationIsValidForSingleWeaponAndScratchAwl" file="/home/adam/Documents/flare/tests/Unit/Game/Character/CharacterInventory/Validations/SetHandsValidationTest.php" line="170" class="Tests\Unit\Game\Character\CharacterInventory\Validations\SetHandsValidationTest" classname="Tests.Unit.Game.Character.CharacterInventory.Validations.SetHandsValidationTest" assertions="1" time="0.214313"/>
        <testcase name="testValidationFailsForMultipleWeaponsAndHammer" file="/home/adam/Documents/flare/tests/Unit/Game/Character/CharacterInventory/Validations/SetHandsValidationTest.php" line="422" class="Tests\Unit\Game\Character\CharacterInventory\Validations\SetHandsValidationTest" classname="Tests.Unit.Game.Character.CharacterInventory.Validations.SetHandsValidationTest" assertions="1" time="0.232083"/>
        <testcase name="testValidationFailsForMultipleWeaponsAndGun" file="/home/adam/Documents/flare/tests/Unit/Game/Character/CharacterInventory/Validations/SetHandsValidationTest.php" line="284" class="Tests\Unit\Game\Character\CharacterInventory\Validations\SetHandsValidationTest" classname="Tests.Unit.Game.Character.CharacterInventory.Validations.SetHandsValidationTest" assertions="1" time="0.265562"/>
        <testcase name="testValidationFailsForSingleWeaponAndStave" file="/home/adam/Documents/flare/tests/Unit/Game/Character/CharacterInventory/Validations/SetHandsValidationTest.php" line="445" class="Tests\Unit\Game\Character\CharacterInventory\Validations\SetHandsValidationTest" classname="Tests.Unit.Game.Character.CharacterInventory.Validations.SetHandsValidationTest" assertions="1" time="0.228695"/>
        <testcase name="testValidationIsValidForSingleWeaponAndMace" file="/home/adam/Documents/flare/tests/Unit/Game/Character/CharacterInventory/Validations/SetHandsValidationTest.php" line="104" class="Tests\Unit\Game\Character\CharacterInventory\Validations\SetHandsValidationTest" classname="Tests.Unit.Game.Character.CharacterInventory.Validations.SetHandsValidationTest" assertions="1" time="0.254064"/>
        <testcase name="testValidationFailsForSingleWeaponAndMultipleSecondaryWeapons" file="/home/adam/Documents/flare/tests/Unit/Game/Character/CharacterInventory/Validations/SetHandsValidationTest.php" line="237" class="Tests\Unit\Game\Character\CharacterInventory\Validations\SetHandsValidationTest" classname="Tests.Unit.Game.Character.CharacterInventory.Validations.SetHandsValidationTest" assertions="1" time="0.230744"/>
        <testcase name="testValidationFailsForMultipleWeapons" file="/home/adam/Documents/flare/tests/Unit/Game/Character/CharacterInventory/Validations/SetHandsValidationTest.php" line="214" class="Tests\Unit\Game\Character\CharacterInventory\Validations\SetHandsValidationTest" classname="Tests.Unit.Game.Character.CharacterInventory.Validations.SetHandsValidationTest" assertions="1" time="0.257937"/>
        <testcase name="testValidationIsValidForSingleWeaponAndShield" file="/home/adam/Documents/flare/tests/Unit/Game/Character/CharacterInventory/Validations/SetHandsValidationTest.php" line="82" class="Tests\Unit\Game\Character\CharacterInventory\Validations\SetHandsValidationTest" classname="Tests.Unit.Game.Character.CharacterInventory.Validations.SetHandsValidationTest" assertions="1" time="0.235722"/>
      </testsuite>
      <testsuite name="Tests\Unit\Game\ClassRanks\Services\ClassRanksServiceTest" file="/home/adam/Documents/flare/tests/Unit/Game/ClassRanks/Services/ClassRanksServiceTest.php" tests="18" assertions="76" errors="0" failures="0" skipped="0" time="4.950876">
        <testcase name="testCannotEquipSpecialWhenLevelNotMet" file="/home/adam/Documents/flare/tests/Unit/Game/ClassRanks/Services/ClassRanksServiceTest.php" line="179" class="Tests\Unit\Game\ClassRanks\Services\ClassRanksServiceTest" classname="Tests.Unit.Game.ClassRanks.Services.ClassRanksServiceTest" assertions="2" time="0.213011"/>
        <testcase name="testNoXpForMaxLevel" file="/home/adam/Documents/flare/tests/Unit/Game/ClassRanks/Services/ClassRanksServiceTest.php" line="345" class="Tests\Unit\Game\ClassRanks\Services\ClassRanksServiceTest" classname="Tests.Unit.Game.ClassRanks.Services.ClassRanksServiceTest" assertions="1" time="0.235251"/>
        <testcase name="testDoNotLevelUpSpecialtyWhenAtMax" file="/home/adam/Documents/flare/tests/Unit/Game/ClassRanks/Services/ClassRanksServiceTest.php" line="394" class="Tests\Unit\Game\ClassRanks\Services\ClassRanksServiceTest" classname="Tests.Unit.Game.ClassRanks.Services.ClassRanksServiceTest" assertions="1" time="0.201342"/>
        <testcase name="testCannotEquipAnotherDamageSpecial" file="/home/adam/Documents/flare/tests/Unit/Game/ClassRanks/Services/ClassRanksServiceTest.php" line="144" class="Tests\Unit\Game\ClassRanks\Services\ClassRanksServiceTest" classname="Tests.Unit.Game.ClassRanks.Services.ClassRanksServiceTest" assertions="2" time="0.214906"/>
        <testcase name="testGainLevelInClassRank" file="/home/adam/Documents/flare/tests/Unit/Game/ClassRanks/Services/ClassRanksServiceTest.php" line="379" class="Tests\Unit\Game\ClassRanks\Services\ClassRanksServiceTest" classname="Tests.Unit.Game.ClassRanks.Services.ClassRanksServiceTest" assertions="1" time="0.255882"/>
        <testcase name="testGetClassRanks" file="/home/adam/Documents/flare/tests/Unit/Game/ClassRanks/Services/ClassRanksServiceTest.php" line="49" class="Tests\Unit\Game\ClassRanks\Services\ClassRanksServiceTest" classname="Tests.Unit.Game.ClassRanks.Services.ClassRanksServiceTest" assertions="2" time="0.221489"/>
        <testcase name="testCannotEquipMoreThenThreeSpecialties" file="/home/adam/Documents/flare/tests/Unit/Game/ClassRanks/Services/ClassRanksServiceTest.php" line="89" class="Tests\Unit\Game\ClassRanks\Services\ClassRanksServiceTest" classname="Tests.Unit.Game.ClassRanks.Services.ClassRanksServiceTest" assertions="2" time="0.248963"/>
        <testcase name="testDoNotGiveXPToMasteriesWhenNoInventory" file="/home/adam/Documents/flare/tests/Unit/Game/ClassRanks/Services/ClassRanksServiceTest.php" line="485" class="Tests\Unit\Game\ClassRanks\Services\ClassRanksServiceTest" classname="Tests.Unit.Game.ClassRanks.Services.ClassRanksServiceTest" assertions="15" time="0.213346"/>
        <testcase name="testNoExpForNoInventory" file="/home/adam/Documents/flare/tests/Unit/Game/ClassRanks/Services/ClassRanksServiceTest.php" line="362" class="Tests\Unit\Game\ClassRanks\Services\ClassRanksServiceTest" classname="Tests.Unit.Game.ClassRanks.Services.ClassRanksServiceTest" assertions="1" time="0.251612"/>
        <testcase name="testDoNotLevelWeaponSpeacitlyWhenAtMaxLevel" file="/home/adam/Documents/flare/tests/Unit/Game/ClassRanks/Services/ClassRanksServiceTest.php" line="460" class="Tests\Unit\Game\ClassRanks\Services\ClassRanksServiceTest" classname="Tests.Unit.Game.ClassRanks.Services.ClassRanksServiceTest" assertions="15" time="0.230860"/>
        <testcase name="testCannotUnequipSpecialtyYouDoNotOwn" file="/home/adam/Documents/flare/tests/Unit/Game/ClassRanks/Services/ClassRanksServiceTest.php" line="287" class="Tests\Unit\Game\ClassRanks\Services\ClassRanksServiceTest" classname="Tests.Unit.Game.ClassRanks.Services.ClassRanksServiceTest" assertions="2" time="0.292725"/>
        <testcase name="testLevelUpSpecialty" file="/home/adam/Documents/flare/tests/Unit/Game/ClassRanks/Services/ClassRanksServiceTest.php" line="427" class="Tests\Unit\Game\ClassRanks\Services\ClassRanksServiceTest" classname="Tests.Unit.Game.ClassRanks.Services.ClassRanksServiceTest" assertions="1" time="0.308602"/>
        <testcase name="testOneOfTheClassesIsLocked" file="/home/adam/Documents/flare/tests/Unit/Game/ClassRanks/Services/ClassRanksServiceTest.php" line="57" class="Tests\Unit\Game\ClassRanks\Services\ClassRanksServiceTest" classname="Tests.Unit.Game.ClassRanks.Services.ClassRanksServiceTest" assertions="2" time="0.310010"/>
        <testcase name="testCanUnequipSpecialty" file="/home/adam/Documents/flare/tests/Unit/Game/ClassRanks/Services/ClassRanksServiceTest.php" line="316" class="Tests\Unit\Game\ClassRanks\Services\ClassRanksServiceTest" classname="Tests.Unit.Game.ClassRanks.Services.ClassRanksServiceTest" assertions="3" time="0.309318"/>
        <testcase name="testEquipClassSpecial" file="/home/adam/Documents/flare/tests/Unit/Game/ClassRanks/Services/ClassRanksServiceTest.php" line="197" class="Tests\Unit\Game\ClassRanks\Services\ClassRanksServiceTest" classname="Tests.Unit.Game.ClassRanks.Services.ClassRanksServiceTest" assertions="3" time="0.355502"/>
        <testcase name="testEquipAnotherClassSpecialty" file="/home/adam/Documents/flare/tests/Unit/Game/ClassRanks/Services/ClassRanksServiceTest.php" line="215" class="Tests\Unit\Game\ClassRanks\Services\ClassRanksServiceTest" classname="Tests.Unit.Game.ClassRanks.Services.ClassRanksServiceTest" assertions="4" time="0.316515"/>
        <testcase name="testLevelEquippedItemSpecialty" file="/home/adam/Documents/flare/tests/Unit/Game/ClassRanks/Services/ClassRanksServiceTest.php" line="504" class="Tests\Unit\Game\ClassRanks\Services\ClassRanksServiceTest" classname="Tests.Unit.Game.ClassRanks.Services.ClassRanksServiceTest" assertions="15" time="0.453466"/>
        <testcase name="testRequipSpecialty" file="/home/adam/Documents/flare/tests/Unit/Game/ClassRanks/Services/ClassRanksServiceTest.php" line="254" class="Tests\Unit\Game\ClassRanks\Services\ClassRanksServiceTest" classname="Tests.Unit.Game.ClassRanks.Services.ClassRanksServiceTest" assertions="4" time="0.318076"/>
      </testsuite>
      <testsuite name="Tests\Unit\Game\ClassRanks\Services\ManageClassServiceTest" file="/home/adam/Documents/flare/tests/Unit/Game/ClassRanks/Services/ManageClassServiceTest.php" tests="3" assertions="8" errors="0" failures="0" skipped="0" time="0.928510">
        <testcase name="testCannotSwitchToClassThatIsLocked" file="/home/adam/Documents/flare/tests/Unit/Game/ClassRanks/Services/ManageClassServiceTest.php" line="41" class="Tests\Unit\Game\ClassRanks\Services\ManageClassServiceTest" classname="Tests.Unit.Game.ClassRanks.Services.ManageClassServiceTest" assertions="2" time="0.254594"/>
        <testcase name="testReactivateSkill" file="/home/adam/Documents/flare/tests/Unit/Game/ClassRanks/Services/ManageClassServiceTest.php" line="92" class="Tests\Unit\Game\ClassRanks\Services\ManageClassServiceTest" classname="Tests.Unit.Game.ClassRanks.Services.ManageClassServiceTest" assertions="2" time="0.362027"/>
        <testcase name="testSwitchCharacterClass" file="/home/adam/Documents/flare/tests/Unit/Game/ClassRanks/Services/ManageClassServiceTest.php" line="68" class="Tests\Unit\Game\ClassRanks\Services\ManageClassServiceTest" classname="Tests.Unit.Game.ClassRanks.Services.ManageClassServiceTest" assertions="4" time="0.311889"/>
      </testsuite>
      <testsuite name="Tests\Unit\Game\ClassRanks\Values\WeaponMasteryValueTest" file="/home/adam/Documents/flare/tests/Unit/Game/ClassRanks/Values/WeaponMasteryValueTest.php" tests="25" assertions="25" errors="0" failures="0" skipped="0" time="2.680494">
        <testcase name="testIsBow" file="/home/adam/Documents/flare/tests/Unit/Game/ClassRanks/Values/WeaponMasteryValueTest.php" line="115" class="Tests\Unit\Game\ClassRanks\Values\WeaponMasteryValueTest" classname="Tests.Unit.Game.ClassRanks.Values.WeaponMasteryValueTest" assertions="1" time="0.135613"/>
        <testcase name="testGetNumericValueForWeaponType" file="/home/adam/Documents/flare/tests/Unit/Game/ClassRanks/Values/WeaponMasteryValueTest.php" line="45" class="Tests\Unit\Game\ClassRanks\Values\WeaponMasteryValueTest" classname="Tests.Unit.Game.ClassRanks.Values.WeaponMasteryValueTest" assertions="1" time="0.103038"/>
        <testcase name="testFailToGetNumericValueForStringType" file="/home/adam/Documents/flare/tests/Unit/Game/ClassRanks/Values/WeaponMasteryValueTest.php" line="31" class="Tests\Unit\Game\ClassRanks\Values\WeaponMasteryValueTest" classname="Tests.Unit.Game.ClassRanks.Values.WeaponMasteryValueTest" assertions="1" time="0.098357"/>
        <testcase name="testIsWeapon" file="/home/adam/Documents/flare/tests/Unit/Game/ClassRanks/Values/WeaponMasteryValueTest.php" line="110" class="Tests\Unit\Game\ClassRanks\Values\WeaponMasteryValueTest" classname="Tests.Unit.Game.ClassRanks.Values.WeaponMasteryValueTest" assertions="1" time="0.103005"/>
        <testcase name="testGetNumericValueForStaveType" file="/home/adam/Documents/flare/tests/Unit/Game/ClassRanks/Values/WeaponMasteryValueTest.php" line="55" class="Tests\Unit\Game\ClassRanks\Values\WeaponMasteryValueTest" classname="Tests.Unit.Game.ClassRanks.Values.WeaponMasteryValueTest" assertions="1" time="0.102504"/>
        <testcase name="testGetNumericValueForSpellDamageType" file="/home/adam/Documents/flare/tests/Unit/Game/ClassRanks/Values/WeaponMasteryValueTest.php" line="65" class="Tests\Unit\Game\ClassRanks\Values\WeaponMasteryValueTest" classname="Tests.Unit.Game.ClassRanks.Values.WeaponMasteryValueTest" assertions="1" time="0.127671"/>
        <testcase name="testGetNumericValueForFanType" file="/home/adam/Documents/flare/tests/Unit/Game/ClassRanks/Values/WeaponMasteryValueTest.php" line="80" class="Tests\Unit\Game\ClassRanks\Values\WeaponMasteryValueTest" classname="Tests.Unit.Game.ClassRanks.Values.WeaponMasteryValueTest" assertions="1" time="0.102090"/>
        <testcase name="testGetAttributeName" file="/home/adam/Documents/flare/tests/Unit/Game/ClassRanks/Values/WeaponMasteryValueTest.php" line="100" class="Tests\Unit\Game\ClassRanks\Values\WeaponMasteryValueTest" classname="Tests.Unit.Game.ClassRanks.Values.WeaponMasteryValueTest" assertions="1" time="0.097674"/>
        <testcase name="testisScratchAwl" file="/home/adam/Documents/flare/tests/Unit/Game/ClassRanks/Values/WeaponMasteryValueTest.php" line="150" class="Tests\Unit\Game\ClassRanks\Values\WeaponMasteryValueTest" classname="Tests.Unit.Game.ClassRanks.Values.WeaponMasteryValueTest" assertions="1" time="0.097627"/>
        <testcase name="testInitializeWeaponMasteryValueWithInProperValue" file="/home/adam/Documents/flare/tests/Unit/Game/ClassRanks/Values/WeaponMasteryValueTest.php" line="24" class="Tests\Unit\Game\ClassRanks\Values\WeaponMasteryValueTest" classname="Tests.Unit.Game.ClassRanks.Values.WeaponMasteryValueTest" assertions="1" time="0.130432"/>
        <testcase name="testIsSpellDamage" file="/home/adam/Documents/flare/tests/Unit/Game/ClassRanks/Values/WeaponMasteryValueTest.php" line="125" class="Tests\Unit\Game\ClassRanks\Values\WeaponMasteryValueTest" classname="Tests.Unit.Game.ClassRanks.Values.WeaponMasteryValueTest" assertions="1" time="0.098648"/>
        <testcase name="testIsFan" file="/home/adam/Documents/flare/tests/Unit/Game/ClassRanks/Values/WeaponMasteryValueTest.php" line="140" class="Tests\Unit\Game\ClassRanks\Values\WeaponMasteryValueTest" classname="Tests.Unit.Game.ClassRanks.Values.WeaponMasteryValueTest" assertions="1" time="0.101026"/>
        <testcase name="testIsMace" file="/home/adam/Documents/flare/tests/Unit/Game/ClassRanks/Values/WeaponMasteryValueTest.php" line="145" class="Tests\Unit\Game\ClassRanks\Values\WeaponMasteryValueTest" classname="Tests.Unit.Game.ClassRanks.Values.WeaponMasteryValueTest" assertions="1" time="0.100522"/>
        <testcase name="testGetNumericValueForHammerType" file="/home/adam/Documents/flare/tests/Unit/Game/ClassRanks/Values/WeaponMasteryValueTest.php" line="50" class="Tests\Unit\Game\ClassRanks\Values\WeaponMasteryValueTest" classname="Tests.Unit.Game.ClassRanks.Values.WeaponMasteryValueTest" assertions="1" time="0.135942"/>
        <testcase name="testGetNumericValueForBowType" file="/home/adam/Documents/flare/tests/Unit/Game/ClassRanks/Values/WeaponMasteryValueTest.php" line="60" class="Tests\Unit\Game\ClassRanks\Values\WeaponMasteryValueTest" classname="Tests.Unit.Game.ClassRanks.Values.WeaponMasteryValueTest" assertions="1" time="0.100330"/>
        <testcase name="testGetNumericValueForGunType" file="/home/adam/Documents/flare/tests/Unit/Game/ClassRanks/Values/WeaponMasteryValueTest.php" line="75" class="Tests\Unit\Game\ClassRanks\Values\WeaponMasteryValueTest" classname="Tests.Unit.Game.ClassRanks.Values.WeaponMasteryValueTest" assertions="1" time="0.099756"/>
        <testcase name="testIsValidType" file="/home/adam/Documents/flare/tests/Unit/Game/ClassRanks/Values/WeaponMasteryValueTest.php" line="95" class="Tests\Unit\Game\ClassRanks\Values\WeaponMasteryValueTest" classname="Tests.Unit.Game.ClassRanks.Values.WeaponMasteryValueTest" assertions="1" time="0.101551"/>
        <testcase name="testIsHammer" file="/home/adam/Documents/flare/tests/Unit/Game/ClassRanks/Values/WeaponMasteryValueTest.php" line="120" class="Tests\Unit\Game\ClassRanks\Values\WeaponMasteryValueTest" classname="Tests.Unit.Game.ClassRanks.Values.WeaponMasteryValueTest" assertions="1" time="0.133019"/>
        <testcase name="testIsSpellHealing" file="/home/adam/Documents/flare/tests/Unit/Game/ClassRanks/Values/WeaponMasteryValueTest.php" line="130" class="Tests\Unit\Game\ClassRanks\Values\WeaponMasteryValueTest" classname="Tests.Unit.Game.ClassRanks.Values.WeaponMasteryValueTest" assertions="1" time="0.095660"/>
        <testcase name="testFailToGetTypeForInvalidNumericValue" file="/home/adam/Documents/flare/tests/Unit/Game/ClassRanks/Values/WeaponMasteryValueTest.php" line="38" class="Tests\Unit\Game\ClassRanks\Values\WeaponMasteryValueTest" classname="Tests.Unit.Game.ClassRanks.Values.WeaponMasteryValueTest" assertions="1" time="0.096253"/>
        <testcase name="testIsStave" file="/home/adam/Documents/flare/tests/Unit/Game/ClassRanks/Values/WeaponMasteryValueTest.php" line="105" class="Tests\Unit\Game\ClassRanks\Values\WeaponMasteryValueTest" classname="Tests.Unit.Game.ClassRanks.Values.WeaponMasteryValueTest" assertions="1" time="0.094770"/>
        <testcase name="testGetNumericValueForSpellHealingType" file="/home/adam/Documents/flare/tests/Unit/Game/ClassRanks/Values/WeaponMasteryValueTest.php" line="70" class="Tests\Unit\Game\ClassRanks\Values\WeaponMasteryValueTest" classname="Tests.Unit.Game.ClassRanks.Values.WeaponMasteryValueTest" assertions="1" time="0.129933"/>
        <testcase name="testGetNumericValueForMaceType" file="/home/adam/Documents/flare/tests/Unit/Game/ClassRanks/Values/WeaponMasteryValueTest.php" line="85" class="Tests\Unit\Game\ClassRanks\Values\WeaponMasteryValueTest" classname="Tests.Unit.Game.ClassRanks.Values.WeaponMasteryValueTest" assertions="1" time="0.096434"/>
        <testcase name="testIsGun" file="/home/adam/Documents/flare/tests/Unit/Game/ClassRanks/Values/WeaponMasteryValueTest.php" line="135" class="Tests\Unit\Game\ClassRanks\Values\WeaponMasteryValueTest" classname="Tests.Unit.Game.ClassRanks.Values.WeaponMasteryValueTest" assertions="1" time="0.100476"/>
        <testcase name="testGetNumericValueForScratchAwlType" file="/home/adam/Documents/flare/tests/Unit/Game/ClassRanks/Values/WeaponMasteryValueTest.php" line="90" class="Tests\Unit\Game\ClassRanks\Values\WeaponMasteryValueTest" classname="Tests.Unit.Game.ClassRanks.Values.WeaponMasteryValueTest" assertions="1" time="0.098165"/>
      </testsuite>
      <testsuite name="Tests\Unit\Game\Events\Handlers\BaseGlobalEventGoalParticipationHandlerTest" file="/home/adam/Documents/flare/tests/Unit/Game/Events/Handlers/BaseGlobalEventGoalParticipationHandlerTest.php" tests="4" assertions="6" errors="0" failures="0" skipped="0" time="0.939387">
        <testcase name="testDoesNotGivenItemToPlayerWhenItemDoesNotExist" file="/home/adam/Documents/flare/tests/Unit/Game/Events/Handlers/BaseGlobalEventGoalParticipationHandlerTest.php" line="41" class="Tests\Unit\Game\Events\Handlers\BaseGlobalEventGoalParticipationHandlerTest" classname="Tests.Unit.Game.Events.Handlers.BaseGlobalEventGoalParticipationHandlerTest" assertions="1" time="0.232024"/>
        <testcase name="testPlayersInventoryIsFullWhenItComesToObtainingAReward" file="/home/adam/Documents/flare/tests/Unit/Game/Events/Handlers/BaseGlobalEventGoalParticipationHandlerTest.php" line="70" class="Tests\Unit\Game\Events\Handlers\BaseGlobalEventGoalParticipationHandlerTest" classname="Tests.Unit.Game.Events.Handlers.BaseGlobalEventGoalParticipationHandlerTest" assertions="1" time="0.214286"/>
        <testcase name="testPlayerIsRewardedWithMythicItem" file="/home/adam/Documents/flare/tests/Unit/Game/Events/Handlers/BaseGlobalEventGoalParticipationHandlerTest.php" line="151" class="Tests\Unit\Game\Events\Handlers\BaseGlobalEventGoalParticipationHandlerTest" classname="Tests.Unit.Game.Events.Handlers.BaseGlobalEventGoalParticipationHandlerTest" assertions="2" time="0.229261"/>
        <testcase name="testPlayerIsRewardedWithUniqueItem" file="/home/adam/Documents/flare/tests/Unit/Game/Events/Handlers/BaseGlobalEventGoalParticipationHandlerTest.php" line="112" class="Tests\Unit\Game\Events\Handlers\BaseGlobalEventGoalParticipationHandlerTest" classname="Tests.Unit.Game.Events.Handlers.BaseGlobalEventGoalParticipationHandlerTest" assertions="2" time="0.263816"/>
      </testsuite>
      <testsuite name="Tests\Unit\Game\Events\Jobs\InitiateDelusionalMemoriesEventTest" file="/home/adam/Documents/flare/tests/Unit/Game/Events/Jobs/InitiateDelusionalMemoriesEventTest.php" tests="2" assertions="8" errors="0" failures="0" skipped="0" time="0.228971">
        <testcase name="testDeslusionalMemoriesDoesNotTriggerForInvalidScheduledEvent" file="/home/adam/Documents/flare/tests/Unit/Game/Events/Jobs/InitiateDelusionalMemoriesEventTest.php" line="32" class="Tests\Unit\Game\Events\Jobs\InitiateDelusionalMemoriesEventTest" classname="Tests.Unit.Game.Events.Jobs.InitiateDelusionalMemoriesEventTest" assertions="4" time="0.103574"/>
        <testcase name="testDelusionalMemoriesEventDoesTriggerScheduledEventExists" file="/home/adam/Documents/flare/tests/Unit/Game/Events/Jobs/InitiateDelusionalMemoriesEventTest.php" line="44" class="Tests\Unit\Game\Events\Jobs\InitiateDelusionalMemoriesEventTest" classname="Tests.Unit.Game.Events.Jobs.InitiateDelusionalMemoriesEventTest" assertions="4" time="0.125397"/>
      </testsuite>
      <testsuite name="Tests\Unit\Game\Events\Jobs\InitiateFeedbackEventTest" file="/home/adam/Documents/flare/tests/Unit/Game/Events/Jobs/InitiateFeedbackEventTest.php" tests="2" assertions="6" errors="0" failures="0" skipped="0" time="0.255896">
        <testcase name="testFeedBackEventDoesNotTrigger" file="/home/adam/Documents/flare/tests/Unit/Game/Events/Jobs/InitiateFeedbackEventTest.php" line="31" class="Tests\Unit\Game\Events\Jobs\InitiateFeedbackEventTest" classname="Tests.Unit.Game.Events.Jobs.InitiateFeedbackEventTest" assertions="3" time="0.101242"/>
        <testcase name="testFeedbackEventDoseTrigger" file="/home/adam/Documents/flare/tests/Unit/Game/Events/Jobs/InitiateFeedbackEventTest.php" line="42" class="Tests\Unit\Game\Events\Jobs\InitiateFeedbackEventTest" classname="Tests.Unit.Game.Events.Jobs.InitiateFeedbackEventTest" assertions="3" time="0.154655"/>
      </testsuite>
      <testsuite name="Tests\Unit\Game\Events\Jobs\InitiateWeeklyCelestialSpawnEventTest" file="/home/adam/Documents/flare/tests/Unit/Game/Events/Jobs/InitiateWeeklyCelestialSpawnEventTest.php" tests="2" assertions="6" errors="0" failures="0" skipped="0" time="0.225946">
        <testcase name="testWeeklyCelestialEventDoesNotTrigger" file="/home/adam/Documents/flare/tests/Unit/Game/Events/Jobs/InitiateWeeklyCelestialSpawnEventTest.php" line="29" class="Tests\Unit\Game\Events\Jobs\InitiateWeeklyCelestialSpawnEventTest" classname="Tests.Unit.Game.Events.Jobs.InitiateWeeklyCelestialSpawnEventTest" assertions="3" time="0.100060"/>
        <testcase name="testWeeklyCelestialEventDoesTrigger" file="/home/adam/Documents/flare/tests/Unit/Game/Events/Jobs/InitiateWeeklyCelestialSpawnEventTest.php" line="41" class="Tests\Unit\Game\Events\Jobs\InitiateWeeklyCelestialSpawnEventTest" classname="Tests.Unit.Game.Events.Jobs.InitiateWeeklyCelestialSpawnEventTest" assertions="3" time="0.125886"/>
      </testsuite>
      <testsuite name="Tests\Unit\Game\Events\Jobs\InitiateWeeklyCurrencyDropEventTest" file="/home/adam/Documents/flare/tests/Unit/Game/Events/Jobs/InitiateWeeklyCurrencyDropEventTest.php" tests="2" assertions="6" errors="0" failures="0" skipped="0" time="0.255358">
        <testcase name="testWeeklyCurrencyEventDoesNotTrigger" file="/home/adam/Documents/flare/tests/Unit/Game/Events/Jobs/InitiateWeeklyCurrencyDropEventTest.php" line="29" class="Tests\Unit\Game\Events\Jobs\InitiateWeeklyCurrencyDropEventTest" classname="Tests.Unit.Game.Events.Jobs.InitiateWeeklyCurrencyDropEventTest" assertions="3" time="0.135871"/>
        <testcase name="testWeeklyCurrencyEventDoesTrigger" file="/home/adam/Documents/flare/tests/Unit/Game/Events/Jobs/InitiateWeeklyCurrencyDropEventTest.php" line="40" class="Tests\Unit\Game\Events\Jobs\InitiateWeeklyCurrencyDropEventTest" classname="Tests.Unit.Game.Events.Jobs.InitiateWeeklyCurrencyDropEventTest" assertions="3" time="0.119487"/>
      </testsuite>
      <testsuite name="Tests\Unit\Game\Events\Jobs\InitiateWeeklyFactionLoyaltyEventTest" file="/home/adam/Documents/flare/tests/Unit/Game/Events/Jobs/InitiateWeeklyFactionLoyaltyEventTest.php" tests="2" assertions="6" errors="0" failures="0" skipped="0" time="0.268731">
        <testcase name="testWeeklyCurrencyEventDoesNotTrigger" file="/home/adam/Documents/flare/tests/Unit/Game/Events/Jobs/InitiateWeeklyFactionLoyaltyEventTest.php" line="29" class="Tests\Unit\Game\Events\Jobs\InitiateWeeklyFactionLoyaltyEventTest" classname="Tests.Unit.Game.Events.Jobs.InitiateWeeklyFactionLoyaltyEventTest" assertions="3" time="0.110286"/>
        <testcase name="testWeeklyCurrencyEventDoesTrigger" file="/home/adam/Documents/flare/tests/Unit/Game/Events/Jobs/InitiateWeeklyFactionLoyaltyEventTest.php" line="40" class="Tests\Unit\Game\Events\Jobs\InitiateWeeklyFactionLoyaltyEventTest" classname="Tests.Unit.Game.Events.Jobs.InitiateWeeklyFactionLoyaltyEventTest" assertions="3" time="0.158445"/>
      </testsuite>
      <testsuite name="Tests\Unit\Game\Events\Jobs\InitiateWinterEventTest" file="/home/adam/Documents/flare/tests/Unit/Game/Events/Jobs/InitiateWinterEventTest.php" tests="4" assertions="20" errors="0" failures="0" skipped="0" time="0.547476">
        <testcase name="testWinterEventDoesNotTrigger" file="/home/adam/Documents/flare/tests/Unit/Game/Events/Jobs/InitiateWinterEventTest.php" line="37" class="Tests\Unit\Game\Events\Jobs\InitiateWinterEventTest" classname="Tests.Unit.Game.Events.Jobs.InitiateWinterEventTest" assertions="4" time="0.105760"/>
        <testcase name="testWinterEventDoesTriggerWhenScheduledEventExists" file="/home/adam/Documents/flare/tests/Unit/Game/Events/Jobs/InitiateWinterEventTest.php" line="49" class="Tests\Unit\Game\Events\Jobs\InitiateWinterEventTest" classname="Tests.Unit.Game.Events.Jobs.InitiateWinterEventTest" assertions="4" time="0.146229"/>
        <testcase name="testScheduleTheEventForNextYear" file="/home/adam/Documents/flare/tests/Unit/Game/Events/Jobs/InitiateWinterEventTest.php" line="71" class="Tests\Unit\Game\Events\Jobs\InitiateWinterEventTest" classname="Tests.Unit.Game.Events.Jobs.InitiateWinterEventTest" assertions="6" time="0.155886"/>
        <testcase name="testScheduleTheEventAndAssociatedRaidsForNextYear" file="/home/adam/Documents/flare/tests/Unit/Game/Events/Jobs/InitiateWinterEventTest.php" line="101" class="Tests\Unit\Game\Events\Jobs\InitiateWinterEventTest" classname="Tests.Unit.Game.Events.Jobs.InitiateWinterEventTest" assertions="6" time="0.139600"/>
      </testsuite>
      <testsuite name="Tests\Unit\Game\Events\Services\EventGoalServiceTest" file="/home/adam/Documents/flare/tests/Unit/Game/Events/Services/EventGoalServiceTest.php" tests="5" assertions="5" errors="0" failures="0" skipped="0" time="1.042369">
        <testcase name="testFetchCurrentEventGoalKillRequiredIsEqualToRewardEvery" file="/home/adam/Documents/flare/tests/Unit/Game/Events/Services/EventGoalServiceTest.php" line="145" class="Tests\Unit\Game\Events\Services\EventGoalServiceTest" classname="Tests.Unit.Game.Events.Services.EventGoalServiceTest" assertions="1" time="0.108315"/>
        <testcase name="testFetchCurrentEventGoalData" file="/home/adam/Documents/flare/tests/Unit/Game/Events/Services/EventGoalServiceTest.php" line="69" class="Tests\Unit\Game\Events\Services\EventGoalServiceTest" classname="Tests.Unit.Game.Events.Services.EventGoalServiceTest" assertions="1" time="0.238955"/>
        <testcase name="testFetchCurrentEventGoalDataForResponse" file="/home/adam/Documents/flare/tests/Unit/Game/Events/Services/EventGoalServiceTest.php" line="34" class="Tests\Unit\Game\Events\Services\EventGoalServiceTest" classname="Tests.Unit.Game.Events.Services.EventGoalServiceTest" assertions="1" time="0.195484"/>
        <testcase name="testFetchCurrentEventGoalDataWithCurrentKillCount" file="/home/adam/Documents/flare/tests/Unit/Game/Events/Services/EventGoalServiceTest.php" line="103" class="Tests\Unit\Game\Events\Services\EventGoalServiceTest" classname="Tests.Unit.Game.Events.Services.EventGoalServiceTest" assertions="1" time="0.204582"/>
        <testcase name="testOnlyNeedsHalfOfRewardEveryAsCurrentKillCount" file="/home/adam/Documents/flare/tests/Unit/Game/Events/Services/EventGoalServiceTest.php" line="158" class="Tests\Unit\Game\Events\Services\EventGoalServiceTest" classname="Tests.Unit.Game.Events.Services.EventGoalServiceTest" assertions="1" time="0.295032"/>
      </testsuite>
      <testsuite name="Tests\Unit\Game\Events\Services\KingdomEventServiceTest" file="/home/adam/Documents/flare/tests/Unit/Game/Events/Services/KingdomEventServiceTest.php" tests="1" assertions="3" errors="0" failures="0" skipped="0" time="0.313620">
        <testcase name="testGivesPlayerRewardAndDestroysAllKingdoms" file="/home/adam/Documents/flare/tests/Unit/Game/Events/Services/KingdomEventServiceTest.php" line="37" class="Tests\Unit\Game\Events\Services\KingdomEventServiceTest" classname="Tests.Unit.Game.Events.Services.KingdomEventServiceTest" assertions="3" time="0.313620"/>
      </testsuite>
      <testsuite name="Tests\Unit\Game\Events\Values\EventTypeTest" file="/home/adam/Documents/flare/tests/Unit/Game/Events/Values/EventTypeTest.php" tests="11" assertions="11" errors="0" failures="0" skipped="0" time="1.236128">
        <testcase name="testIsWeeklyCelestials" file="/home/adam/Documents/flare/tests/Unit/Game/Events/Values/EventTypeTest.php" line="37" class="Tests\Unit\Game\Events\Values\EventTypeTest" classname="Tests.Unit.Game.Events.Values.EventTypeTest" assertions="1" time="0.149080"/>
        <testcase name="testIsRaidEvent" file="/home/adam/Documents/flare/tests/Unit/Game/Events/Values/EventTypeTest.php" line="47" class="Tests\Unit\Game\Events\Values\EventTypeTest" classname="Tests.Unit.Game.Events.Values.EventTypeTest" assertions="1" time="0.104392"/>
        <testcase name="testGetOptionsForSelect" file="/home/adam/Documents/flare/tests/Unit/Game/Events/Values/EventTypeTest.php" line="18" class="Tests\Unit\Game\Events\Values\EventTypeTest" classname="Tests.Unit.Game.Events.Values.EventTypeTest" assertions="1" time="0.106453"/>
        <testcase name="testIsWinterEvent" file="/home/adam/Documents/flare/tests/Unit/Game/Events/Values/EventTypeTest.php" line="52" class="Tests\Unit\Game\Events\Values\EventTypeTest" classname="Tests.Unit.Game.Events.Values.EventTypeTest" assertions="1" time="0.133019"/>
        <testcase name="testIsFeedBackEvent" file="/home/adam/Documents/flare/tests/Unit/Game/Events/Values/EventTypeTest.php" line="77" class="Tests\Unit\Game\Events\Values\EventTypeTest" classname="Tests.Unit.Game.Events.Values.EventTypeTest" assertions="1" time="0.100066"/>
        <testcase name="testIsGoldMines" file="/home/adam/Documents/flare/tests/Unit/Game/Events/Values/EventTypeTest.php" line="62" class="Tests\Unit\Game\Events\Values\EventTypeTest" classname="Tests.Unit.Game.Events.Values.EventTypeTest" assertions="1" time="0.097635"/>
        <testcase name="testIsWeeklyCurrencies" file="/home/adam/Documents/flare/tests/Unit/Game/Events/Values/EventTypeTest.php" line="42" class="Tests\Unit\Game\Events\Values\EventTypeTest" classname="Tests.Unit.Game.Events.Values.EventTypeTest" assertions="1" time="0.099357"/>
        <testcase name="testIsTheOldChurch" file="/home/adam/Documents/flare/tests/Unit/Game/Events/Values/EventTypeTest.php" line="67" class="Tests\Unit\Game\Events\Values\EventTypeTest" classname="Tests.Unit.Game.Events.Values.EventTypeTest" assertions="1" time="0.144252"/>
        <testcase name="testInvalidEventType" file="/home/adam/Documents/flare/tests/Unit/Game/Events/Values/EventTypeTest.php" line="11" class="Tests\Unit\Game\Events\Values\EventTypeTest" classname="Tests.Unit.Game.Events.Values.EventTypeTest" assertions="1" time="0.101648"/>
        <testcase name="testIsPurgatorySmithsHouse" file="/home/adam/Documents/flare/tests/Unit/Game/Events/Values/EventTypeTest.php" line="57" class="Tests\Unit\Game\Events\Values\EventTypeTest" classname="Tests.Unit.Game.Events.Values.EventTypeTest" assertions="1" time="0.098045"/>
        <testcase name="testIsWeeklyFactionLoyaltyEvent" file="/home/adam/Documents/flare/tests/Unit/Game/Events/Values/EventTypeTest.php" line="72" class="Tests\Unit\Game\Events\Values\EventTypeTest" classname="Tests.Unit.Game.Events.Values.EventTypeTest" assertions="1" time="0.102183"/>
      </testsuite>
      <testsuite name="Tests\Unit\Game\Events\Values\GlobalEventForEventTypeValueTest" file="/home/adam/Documents/flare/tests/Unit/Game/Events/Values/GlobalEventForEventTypeValueTest.php" tests="6" assertions="6" errors="0" failures="0" skipped="0" time="0.687505">
        <testcase name="testGetDelusionalMemoriesBattleEventGoalData" file="/home/adam/Documents/flare/tests/Unit/Game/Events/Values/GlobalEventForEventTypeValueTest.php" line="29" class="Tests\Unit\Game\Events\Values\GlobalEventForEventTypeValueTest" classname="Tests.Unit.Game.Events.Values.GlobalEventForEventTypeValueTest" assertions="1" time="0.141964"/>
        <testcase name="testGetEnchantingEventGoalData" file="/home/adam/Documents/flare/tests/Unit/Game/Events/Values/GlobalEventForEventTypeValueTest.php" line="61" class="Tests\Unit\Game\Events\Values\GlobalEventForEventTypeValueTest" classname="Tests.Unit.Game.Events.Values.GlobalEventForEventTypeValueTest" assertions="1" time="0.096561"/>
        <testcase name="testGetWinterEventGlobalEventGoalData" file="/home/adam/Documents/flare/tests/Unit/Game/Events/Values/GlobalEventForEventTypeValueTest.php" line="13" class="Tests\Unit\Game\Events\Values\GlobalEventForEventTypeValueTest" classname="Tests.Unit.Game.Events.Values.GlobalEventForEventTypeValueTest" assertions="1" time="0.098764"/>
        <testcase name="testGetNothingForGlobalEventGoals" file="/home/adam/Documents/flare/tests/Unit/Game/Events/Values/GlobalEventForEventTypeValueTest.php" line="88" class="Tests\Unit\Game\Events\Values\GlobalEventForEventTypeValueTest" classname="Tests.Unit.Game.Events.Values.GlobalEventForEventTypeValueTest" assertions="1" time="0.116092"/>
        <testcase name="testGetCraftingEventGoalData" file="/home/adam/Documents/flare/tests/Unit/Game/Events/Values/GlobalEventForEventTypeValueTest.php" line="45" class="Tests\Unit\Game\Events\Values\GlobalEventForEventTypeValueTest" classname="Tests.Unit.Game.Events.Values.GlobalEventForEventTypeValueTest" assertions="1" time="0.135145"/>
        <testcase name="testGetDelusionalMemoriesGlobalEventSteps" file="/home/adam/Documents/flare/tests/Unit/Game/Events/Values/GlobalEventForEventTypeValueTest.php" line="77" class="Tests\Unit\Game\Events\Values\GlobalEventForEventTypeValueTest" classname="Tests.Unit.Game.Events.Values.GlobalEventForEventTypeValueTest" assertions="1" time="0.098978"/>
      </testsuite>
      <testsuite name="Tests\Unit\Game\Events\Values\GlobalEventStepsTest" file="/home/adam/Documents/flare/tests/Unit/Game/Events/Values/GlobalEventStepsTest.php" tests="4" assertions="4" errors="0" failures="0" skipped="0" time="0.434695">
        <testcase name="testInvalidEventType" file="/home/adam/Documents/flare/tests/Unit/Game/Events/Values/GlobalEventStepsTest.php" line="11" class="Tests\Unit\Game\Events\Values\GlobalEventStepsTest" classname="Tests.Unit.Game.Events.Values.GlobalEventStepsTest" assertions="1" time="0.100153"/>
        <testcase name="testIsEnchanting" file="/home/adam/Documents/flare/tests/Unit/Game/Events/Values/GlobalEventStepsTest.php" line="28" class="Tests\Unit\Game\Events\Values\GlobalEventStepsTest" classname="Tests.Unit.Game.Events.Values.GlobalEventStepsTest" assertions="1" time="0.100500"/>
        <testcase name="testIsCraft" file="/home/adam/Documents/flare/tests/Unit/Game/Events/Values/GlobalEventStepsTest.php" line="23" class="Tests\Unit\Game\Events\Values\GlobalEventStepsTest" classname="Tests.Unit.Game.Events.Values.GlobalEventStepsTest" assertions="1" time="0.138567"/>
        <testcase name="testIsBattle" file="/home/adam/Documents/flare/tests/Unit/Game/Events/Values/GlobalEventStepsTest.php" line="18" class="Tests\Unit\Game\Events\Values\GlobalEventStepsTest" classname="Tests.Unit.Game.Events.Values.GlobalEventStepsTest" assertions="1" time="0.095474"/>
      </testsuite>
      <testsuite name="Tests\Unit\Game\Factions\FactionLoyalty\Services\FactionLoyaltyServiceTest" file="/home/adam/Documents/flare/tests/Unit/Game/Factions/FactionLoyalty/Services/FactionLoyaltyServiceTest.php" tests="16" assertions="44" errors="0" failures="0" skipped="0" time="4.825523">
        <testcase name="testGetNoFactionLoyaltyForPlane" file="/home/adam/Documents/flare/tests/Unit/Game/Factions/FactionLoyalty/Services/FactionLoyaltyServiceTest.php" line="46" class="Tests\Unit\Game\Factions\FactionLoyalty\Services\FactionLoyaltyServiceTest" classname="Tests.Unit.Game.Factions.FactionLoyalty.Services.FactionLoyaltyServiceTest" assertions="1" time="0.195945"/>
        <testcase name="testFailToRemovePledged" file="/home/adam/Documents/flare/tests/Unit/Game/Factions/FactionLoyalty/Services/FactionLoyaltyServiceTest.php" line="397" class="Tests\Unit\Game\Factions\FactionLoyalty\Services\FactionLoyaltyServiceTest" classname="Tests.Unit.Game.Factions.FactionLoyalty.Services.FactionLoyaltyServiceTest" assertions="1" time="0.246049"/>
        <testcase name="testCannotPledgeToFactionWhenNotMaxed" file="/home/adam/Documents/flare/tests/Unit/Game/Factions/FactionLoyalty/Services/FactionLoyaltyServiceTest.php" line="160" class="Tests\Unit\Game\Factions\FactionLoyalty\Services\FactionLoyaltyServiceTest" classname="Tests.Unit.Game.Factions.FactionLoyalty.Services.FactionLoyaltyServiceTest" assertions="1" time="0.231946"/>
        <testcase name="testHasPlaneLoyalty" file="/home/adam/Documents/flare/tests/Unit/Game/Factions/FactionLoyalty/Services/FactionLoyaltyServiceTest.php" line="57" class="Tests\Unit\Game\Factions\FactionLoyalty\Services\FactionLoyaltyServiceTest" classname="Tests.Unit.Game.Factions.FactionLoyalty.Services.FactionLoyaltyServiceTest" assertions="3" time="0.239746"/>
        <testcase name="testAssistNpc" file="/home/adam/Documents/flare/tests/Unit/Game/Factions/FactionLoyalty/Services/FactionLoyaltyServiceTest.php" line="760" class="Tests\Unit\Game\Factions\FactionLoyalty\Services\FactionLoyaltyServiceTest" classname="Tests.Unit.Game.Factions.FactionLoyalty.Services.FactionLoyaltyServiceTest" assertions="2" time="0.270739"/>
        <testcase name="testStopAssistingNpc" file="/home/adam/Documents/flare/tests/Unit/Game/Factions/FactionLoyalty/Services/FactionLoyaltyServiceTest.php" line="823" class="Tests\Unit\Game\Factions\FactionLoyalty\Services\FactionLoyaltyServiceTest" classname="Tests.Unit.Game.Factions.FactionLoyalty.Services.FactionLoyaltyServiceTest" assertions="2" time="0.258682"/>
        <testcase name="testRemovePledge" file="/home/adam/Documents/flare/tests/Unit/Game/Factions/FactionLoyalty/Services/FactionLoyaltyServiceTest.php" line="338" class="Tests\Unit\Game\Factions\FactionLoyalty\Services\FactionLoyaltyServiceTest" classname="Tests.Unit.Game.Factions.FactionLoyalty.Services.FactionLoyaltyServiceTest" assertions="2" time="0.243373"/>
        <testcase name="testPledgeToExistingLoyalty" file="/home/adam/Documents/flare/tests/Unit/Game/Factions/FactionLoyalty/Services/FactionLoyaltyServiceTest.php" line="276" class="Tests\Unit\Game\Factions\FactionLoyalty\Services\FactionLoyaltyServiceTest" classname="Tests.Unit.Game.Factions.FactionLoyalty.Services.FactionLoyaltyServiceTest" assertions="2" time="0.271314"/>
        <testcase name="testHasPlaneLoyaltyForNpcCurrentlyHelping" file="/home/adam/Documents/flare/tests/Unit/Game/Factions/FactionLoyalty/Services/FactionLoyaltyServiceTest.php" line="93" class="Tests\Unit\Game\Factions\FactionLoyalty\Services\FactionLoyaltyServiceTest" classname="Tests.Unit.Game.Factions.FactionLoyalty.Services.FactionLoyaltyServiceTest" assertions="3" time="0.267255"/>
        <testcase name="testCreateNewTasksForNpcLoyaltyTasks" file="/home/adam/Documents/flare/tests/Unit/Game/Factions/FactionLoyalty/Services/FactionLoyaltyServiceTest.php" line="406" class="Tests\Unit\Game\Factions\FactionLoyalty\Services\FactionLoyaltyServiceTest" classname="Tests.Unit.Game.Factions.FactionLoyalty.Services.FactionLoyaltyServiceTest" assertions="1" time="0.247142"/>
        <testcase name="testCreateNewTasksForNpcLoyaltyTasksWhenOnEventPlaneWithOutPurgatoryItem" file="/home/adam/Documents/flare/tests/Unit/Game/Factions/FactionLoyalty/Services/FactionLoyaltyServiceTest.php" line="476" class="Tests\Unit\Game\Factions\FactionLoyalty\Services\FactionLoyaltyServiceTest" classname="Tests.Unit.Game.Factions.FactionLoyalty.Services.FactionLoyaltyServiceTest" assertions="4" time="0.300504"/>
        <testcase name="testCannotPledgeWithAnotherCharactersFaction" file="/home/adam/Documents/flare/tests/Unit/Game/Factions/FactionLoyalty/Services/FactionLoyaltyServiceTest.php" line="150" class="Tests\Unit\Game\Factions\FactionLoyalty\Services\FactionLoyaltyServiceTest" classname="Tests.Unit.Game.Factions.FactionLoyalty.Services.FactionLoyaltyServiceTest" assertions="1" time="0.342002"/>
        <testcase name="testCreateNewTasksForNpcLoyaltyTasksWhenOnEventPlaneWithPurgatoryItem" file="/home/adam/Documents/flare/tests/Unit/Game/Factions/FactionLoyalty/Services/FactionLoyaltyServiceTest.php" line="598" class="Tests\Unit\Game\Factions\FactionLoyalty\Services\FactionLoyaltyServiceTest" classname="Tests.Unit.Game.Factions.FactionLoyalty.Services.FactionLoyaltyServiceTest" assertions="4" time="0.300541"/>
        <testcase name="testFailToStopAssistingNpcCharacterDoesNotOwn" file="/home/adam/Documents/flare/tests/Unit/Game/Factions/FactionLoyalty/Services/FactionLoyaltyServiceTest.php" line="795" class="Tests\Unit\Game\Factions\FactionLoyalty\Services\FactionLoyaltyServiceTest" classname="Tests.Unit.Game.Factions.FactionLoyalty.Services.FactionLoyaltyServiceTest" assertions="1" time="0.268984"/>
        <testcase name="testFailToAssistNpcThatDoesNotBelongToCharacter" file="/home/adam/Documents/flare/tests/Unit/Game/Factions/FactionLoyalty/Services/FactionLoyaltyServiceTest.php" line="732" class="Tests\Unit\Game\Factions\FactionLoyalty\Services\FactionLoyaltyServiceTest" classname="Tests.Unit.Game.Factions.FactionLoyalty.Services.FactionLoyaltyServiceTest" assertions="1" time="0.278328"/>
        <testcase name="testPledgeLoyalty" file="/home/adam/Documents/flare/tests/Unit/Game/Factions/FactionLoyalty/Services/FactionLoyaltyServiceTest.php" line="167" class="Tests\Unit\Game\Factions\FactionLoyalty\Services\FactionLoyaltyServiceTest" classname="Tests.Unit.Game.Factions.FactionLoyalty.Services.FactionLoyaltyServiceTest" assertions="15" time="0.862973"/>
      </testsuite>
      <testsuite name="Tests\Unit\Game\Gambler\Services\GamblerServiceTest" file="/home/adam/Documents/flare/tests/Unit/Game/Gambler/Services/GamblerServiceTest.php" tests="15" assertions="53" errors="0" failures="0" skipped="0" time="3.850084">
        <testcase name="testDoesNotHasEnoughGoldToSpin" file="/home/adam/Documents/flare/tests/Unit/Game/Gambler/Services/GamblerServiceTest.php" line="58" class="Tests\Unit\Game\Gambler\Services\GamblerServiceTest" classname="Tests.Unit.Game.Gambler.Services.GamblerServiceTest" assertions="2" time="0.195644"/>
        <testcase name="testFailedToMatchAny" file="/home/adam/Documents/flare/tests/Unit/Game/Gambler/Services/GamblerServiceTest.php" line="74" class="Tests\Unit\Game\Gambler\Services\GamblerServiceTest" classname="Tests.Unit.Game.Gambler.Services.GamblerServiceTest" assertions="3" time="0.231545"/>
        <testcase name="testRolledTwoOfShardsWithMaxShards" file="/home/adam/Documents/flare/tests/Unit/Game/Gambler/Services/GamblerServiceTest.php" line="391" class="Tests\Unit\Game\Gambler\Services\GamblerServiceTest" classname="Tests.Unit.Game.Gambler.Services.GamblerServiceTest" assertions="4" time="0.287478"/>
        <testcase name="testRolledTwoOfGoldDustWithMaxGoldDust" file="/home/adam/Documents/flare/tests/Unit/Game/Gambler/Services/GamblerServiceTest.php" line="365" class="Tests\Unit\Game\Gambler\Services\GamblerServiceTest" classname="Tests.Unit.Game.Gambler.Services.GamblerServiceTest" assertions="4" time="0.248113"/>
        <testcase name="testHasEnoughGoldToSpin" file="/home/adam/Documents/flare/tests/Unit/Game/Gambler/Services/GamblerServiceTest.php" line="42" class="Tests\Unit\Game\Gambler\Services\GamblerServiceTest" classname="Tests.Unit.Game.Gambler.Services.GamblerServiceTest" assertions="2" time="0.253881"/>
        <testcase name="testRolledTwoOfCopperCoinsWithItem" file="/home/adam/Documents/flare/tests/Unit/Game/Gambler/Services/GamblerServiceTest.php" line="333" class="Tests\Unit\Game\Gambler\Services\GamblerServiceTest" classname="Tests.Unit.Game.Gambler.Services.GamblerServiceTest" assertions="4" time="0.278757"/>
        <testcase name="testRolledAllThreeOfCopperCoinsWithItem" file="/home/adam/Documents/flare/tests/Unit/Game/Gambler/Services/GamblerServiceTest.php" line="151" class="Tests\Unit\Game\Gambler\Services\GamblerServiceTest" classname="Tests.Unit.Game.Gambler.Services.GamblerServiceTest" assertions="4" time="0.306980"/>
        <testcase name="testRolledAllThreeOfCopperCoinsWithoutItem" file="/home/adam/Documents/flare/tests/Unit/Game/Gambler/Services/GamblerServiceTest.php" line="255" class="Tests\Unit\Game\Gambler\Services\GamblerServiceTest" classname="Tests.Unit.Game.Gambler.Services.GamblerServiceTest" assertions="4" time="0.230946"/>
        <testcase name="testRolledTwoOfShards" file="/home/adam/Documents/flare/tests/Unit/Game/Gambler/Services/GamblerServiceTest.php" line="307" class="Tests\Unit\Game\Gambler\Services\GamblerServiceTest" classname="Tests.Unit.Game.Gambler.Services.GamblerServiceTest" assertions="4" time="0.224477"/>
        <testcase name="testRolledTwoOfCopperCoinsWithItemWithMaxCopperCoins" file="/home/adam/Documents/flare/tests/Unit/Game/Gambler/Services/GamblerServiceTest.php" line="417" class="Tests\Unit\Game\Gambler\Services\GamblerServiceTest" classname="Tests.Unit.Game.Gambler.Services.GamblerServiceTest" assertions="4" time="0.272017"/>
        <testcase name="testRolledAllThreeOfGoldDust" file="/home/adam/Documents/flare/tests/Unit/Game/Gambler/Services/GamblerServiceTest.php" line="99" class="Tests\Unit\Game\Gambler\Services\GamblerServiceTest" classname="Tests.Unit.Game.Gambler.Services.GamblerServiceTest" assertions="4" time="0.256609"/>
        <testcase name="testRolledAllThreeOfCopperCoinsWithItemAndWeeklyCurrencyEvent" file="/home/adam/Documents/flare/tests/Unit/Game/Gambler/Services/GamblerServiceTest.php" line="220" class="Tests\Unit\Game\Gambler\Services\GamblerServiceTest" classname="Tests.Unit.Game.Gambler.Services.GamblerServiceTest" assertions="3" time="0.269841"/>
        <testcase name="testRolledTwoOfGoldDust" file="/home/adam/Documents/flare/tests/Unit/Game/Gambler/Services/GamblerServiceTest.php" line="281" class="Tests\Unit\Game\Gambler\Services\GamblerServiceTest" classname="Tests.Unit.Game.Gambler.Services.GamblerServiceTest" assertions="4" time="0.251147"/>
        <testcase name="testRolledAllThreeOfShards" file="/home/adam/Documents/flare/tests/Unit/Game/Gambler/Services/GamblerServiceTest.php" line="125" class="Tests\Unit\Game\Gambler\Services\GamblerServiceTest" classname="Tests.Unit.Game.Gambler.Services.GamblerServiceTest" assertions="4" time="0.290380"/>
        <testcase name="testRolledAllThreeOfCopperCoinsWithItemAndQuestItemThatGivesBonus" file="/home/adam/Documents/flare/tests/Unit/Game/Gambler/Services/GamblerServiceTest.php" line="183" class="Tests\Unit\Game\Gambler\Services\GamblerServiceTest" classname="Tests.Unit.Game.Gambler.Services.GamblerServiceTest" assertions="3" time="0.252272"/>
      </testsuite>
      <testsuite name="Tests\Unit\Game\Gambler\Values\CurrencyValueTest" file="/home/adam/Documents/flare/tests/Unit/Game/Gambler/Values/CurrencyValueTest.php" tests="1" assertions="1" errors="0" failures="0" skipped="0" time="0.100284">
        <testcase name="testInitializeCurrencyValueWithInProperValue" file="/home/adam/Documents/flare/tests/Unit/Game/Gambler/Values/CurrencyValueTest.php" line="24" class="Tests\Unit\Game\Gambler\Values\CurrencyValueTest" classname="Tests.Unit.Game.Gambler.Values.CurrencyValueTest" assertions="1" time="0.100284"/>
      </testsuite>
      <testsuite name="Tests\Unit\Game\Gems\Builders\GemBuilderTest" file="/home/adam/Documents/flare/tests/Unit/Game/Gems/Builders/GemBuilderTest.php" tests="2" assertions="4" errors="0" failures="0" skipped="0" time="0.267843">
        <testcase name="testCreateAGem" file="/home/adam/Documents/flare/tests/Unit/Game/Gems/Builders/GemBuilderTest.php" line="17" class="Tests\Unit\Game\Gems\Builders\GemBuilderTest" classname="Tests.Unit.Game.Gems.Builders.GemBuilderTest" assertions="2" time="0.153000"/>
        <testcase name="testFindExistingGem" file="/home/adam/Documents/flare/tests/Unit/Game/Gems/Builders/GemBuilderTest.php" line="30" class="Tests\Unit\Game\Gems\Builders\GemBuilderTest" classname="Tests.Unit.Game.Gems.Builders.GemBuilderTest" assertions="2" time="0.114843"/>
      </testsuite>
      <testsuite name="Tests\Unit\Game\Gems\Services\AttachedGemServiceTest" file="/home/adam/Documents/flare/tests/Unit/Game/Gems/Services/AttachedGemServiceTest.php" tests="2" assertions="3" errors="0" failures="0" skipped="0" time="0.420064">
        <testcase name="testGetErrorWhenCharacterDoesNotHaveItem" file="/home/adam/Documents/flare/tests/Unit/Game/Gems/Services/AttachedGemServiceTest.php" line="66" class="Tests\Unit\Game\Gems\Services\AttachedGemServiceTest" classname="Tests.Unit.Game.Gems.Services.AttachedGemServiceTest" assertions="2" time="0.202725"/>
        <testcase name="testGetGemDataFromItemWhenCharacterHasItem" file="/home/adam/Documents/flare/tests/Unit/Game/Gems/Services/AttachedGemServiceTest.php" line="76" class="Tests\Unit\Game\Gems\Services\AttachedGemServiceTest" classname="Tests.Unit.Game.Gems.Services.AttachedGemServiceTest" assertions="1" time="0.217339"/>
      </testsuite>
      <testsuite name="Tests\Unit\Game\Gems\Services\GemComparisonTest" file="/home/adam/Documents/flare/tests/Unit/Game/Gems/Services/GemComparisonTest.php" tests="4" assertions="17" errors="0" failures="0" skipped="0" time="0.972818">
        <testcase name="testReturnsErrorMessageWhenGemDoesNotExist" file="/home/adam/Documents/flare/tests/Unit/Game/Gems/Services/GemComparisonTest.php" line="90" class="Tests\Unit\Game\Gems\Services\GemComparisonTest" classname="Tests.Unit.Game.Gems.Services.GemComparisonTest" assertions="2" time="0.267728"/>
        <testcase name="testReturnsErrorMessageWhenItemDoesNotExist" file="/home/adam/Documents/flare/tests/Unit/Game/Gems/Services/GemComparisonTest.php" line="80" class="Tests\Unit\Game\Gems\Services\GemComparisonTest" classname="Tests.Unit.Game.Gems.Services.GemComparisonTest" assertions="2" time="0.204013"/>
        <testcase name="testWhenComparingGemsToGemsOnAnItem" file="/home/adam/Documents/flare/tests/Unit/Game/Gems/Services/GemComparisonTest.php" line="125" class="Tests\Unit\Game\Gems\Services\GemComparisonTest" classname="Tests.Unit.Game.Gems.Services.GemComparisonTest" assertions="7" time="0.235597"/>
        <testcase name="testWhenComparingAGemToNoGemsOnItem" file="/home/adam/Documents/flare/tests/Unit/Game/Gems/Services/GemComparisonTest.php" line="100" class="Tests\Unit\Game\Gems\Services\GemComparisonTest" classname="Tests.Unit.Game.Gems.Services.GemComparisonTest" assertions="6" time="0.265480"/>
      </testsuite>
      <testsuite name="Tests\Unit\Game\Gems\Services\ItemAtonementsTest" file="/home/adam/Documents/flare/tests/Unit/Game/Gems/Services/ItemAtonementsTest.php" tests="2" assertions="4" errors="0" failures="0" skipped="0" time="0.418647">
        <testcase name="testInventoryComparisonIsEmpty" file="/home/adam/Documents/flare/tests/Unit/Game/Gems/Services/ItemAtonementsTest.php" line="66" class="Tests\Unit\Game\Gems\Services\ItemAtonementsTest" classname="Tests.Unit.Game.Gems.Services.ItemAtonementsTest" assertions="2" time="0.201656"/>
        <testcase name="testInventoryComparisonIsNotEmpty" file="/home/adam/Documents/flare/tests/Unit/Game/Gems/Services/ItemAtonementsTest.php" line="74" class="Tests\Unit\Game\Gems\Services\ItemAtonementsTest" classname="Tests.Unit.Game.Gems.Services.ItemAtonementsTest" assertions="2" time="0.216991"/>
      </testsuite>
      <testsuite name="Tests\Unit\Game\Gems\Values\GemTierValueTest" file="/home/adam/Documents/flare/tests/Unit/Game/Gems/Values/GemTierValueTest.php" tests="5" assertions="5" errors="0" failures="0" skipped="0" time="0.545959">
        <testcase name="testReturnNullForMaxTierFourAmount" file="/home/adam/Documents/flare/tests/Unit/Game/Gems/Values/GemTierValueTest.php" line="55" class="Tests\Unit\Game\Gems\Values\GemTierValueTest" classname="Tests.Unit.Game.Gems.Values.GemTierValueTest" assertions="1" time="0.107800"/>
        <testcase name="testThrowErrorForInvalidGemTierValue" file="/home/adam/Documents/flare/tests/Unit/Game/Gems/Values/GemTierValueTest.php" line="21" class="Tests\Unit\Game\Gems\Values\GemTierValueTest" classname="Tests.Unit.Game.Gems.Values.GemTierValueTest" assertions="1" time="0.137456"/>
        <testcase name="testReturnNullForMaxTierOneAmount" file="/home/adam/Documents/flare/tests/Unit/Game/Gems/Values/GemTierValueTest.php" line="28" class="Tests\Unit\Game\Gems\Values\GemTierValueTest" classname="Tests.Unit.Game.Gems.Values.GemTierValueTest" assertions="1" time="0.100215"/>
        <testcase name="testReturnNullForMaxTierTwoAmount" file="/home/adam/Documents/flare/tests/Unit/Game/Gems/Values/GemTierValueTest.php" line="37" class="Tests\Unit\Game\Gems\Values\GemTierValueTest" classname="Tests.Unit.Game.Gems.Values.GemTierValueTest" assertions="1" time="0.097521"/>
        <testcase name="testReturnNullForMaxTierThreeAmount" file="/home/adam/Documents/flare/tests/Unit/Game/Gems/Values/GemTierValueTest.php" line="46" class="Tests\Unit\Game\Gems\Values\GemTierValueTest" classname="Tests.Unit.Game.Gems.Values.GemTierValueTest" assertions="1" time="0.102967"/>
      </testsuite>
      <testsuite name="Tests\Unit\Game\Gems\Values\GemTypeValueTest" file="/home/adam/Documents/flare/tests/Unit/Game/Gems/Values/GemTypeValueTest.php" tests="8" assertions="8" errors="0" failures="0" skipped="0" time="0.860378">
        <testcase name="testThrowErrorForInvalidGemTypeValue" file="/home/adam/Documents/flare/tests/Unit/Game/Gems/Values/GemTypeValueTest.php" line="21" class="Tests\Unit\Game\Gems\Values\GemTypeValueTest" classname="Tests.Unit.Game.Gems.Values.GemTypeValueTest" assertions="1" time="0.136872"/>
        <testcase name="testFailsToGetOppositeForDoubleDamage" file="/home/adam/Documents/flare/tests/Unit/Game/Gems/Values/GemTypeValueTest.php" line="42" class="Tests\Unit\Game\Gems\Values\GemTypeValueTest" classname="Tests.Unit.Game.Gems.Values.GemTypeValueTest" assertions="1" time="0.098904"/>
        <testcase name="testIsIce" file="/home/adam/Documents/flare/tests/Unit/Game/Gems/Values/GemTypeValueTest.php" line="70" class="Tests\Unit\Game\Gems\Values\GemTypeValueTest" classname="Tests.Unit.Game.Gems.Values.GemTypeValueTest" assertions="1" time="0.101254"/>
        <testcase name="testGetOppositeForHalfDamage" file="/home/adam/Documents/flare/tests/Unit/Game/Gems/Values/GemTypeValueTest.php" line="35" class="Tests\Unit\Game\Gems\Values\GemTypeValueTest" classname="Tests.Unit.Game.Gems.Values.GemTypeValueTest" assertions="1" time="0.094548"/>
        <testcase name="testIsFire" file="/home/adam/Documents/flare/tests/Unit/Game/Gems/Values/GemTypeValueTest.php" line="56" class="Tests\Unit\Game\Gems\Values\GemTypeValueTest" classname="Tests.Unit.Game.Gems.Values.GemTypeValueTest" assertions="1" time="0.133860"/>
        <testcase name="testIsWater" file="/home/adam/Documents/flare/tests/Unit/Game/Gems/Values/GemTypeValueTest.php" line="63" class="Tests\Unit\Game\Gems\Values\GemTypeValueTest" classname="Tests.Unit.Game.Gems.Values.GemTypeValueTest" assertions="1" time="0.097966"/>
        <testcase name="testGetOppositeForDoubleDamage" file="/home/adam/Documents/flare/tests/Unit/Game/Gems/Values/GemTypeValueTest.php" line="49" class="Tests\Unit\Game\Gems\Values\GemTypeValueTest" classname="Tests.Unit.Game.Gems.Values.GemTypeValueTest" assertions="1" time="0.099044"/>
        <testcase name="testCannotGetOppositeNameForNameThatDoesntExist" file="/home/adam/Documents/flare/tests/Unit/Game/Gems/Values/GemTypeValueTest.php" line="28" class="Tests\Unit\Game\Gems\Values\GemTypeValueTest" classname="Tests.Unit.Game.Gems.Values.GemTypeValueTest" assertions="1" time="0.097929"/>
      </testsuite>
      <testsuite name="Tests\Unit\Game\GuideQuests\Services\GuideQuestRequirementsServiceTest" file="/home/adam/Documents/flare/tests/Unit/Game/GuideQuests/Services/GuideQuestRequirementsServiceTest.php" tests="34" assertions="42" errors="0" failures="0" skipped="0" time="7.937663">
        <testcase name="testPlayerDoesNotHaveGlobalKillAmountWhenNoEventRunning" file="/home/adam/Documents/flare/tests/Unit/Game/GuideQuests/Services/GuideQuestRequirementsServiceTest.php" line="812" class="Tests\Unit\Game\GuideQuests\Services\GuideQuestRequirementsServiceTest" classname="Tests.Unit.Game.GuideQuests.Services.GuideQuestRequirementsServiceTest" assertions="1" time="0.258620"/>
        <testcase name="testGetRequiredSkillCheck" file="/home/adam/Documents/flare/tests/Unit/Game/GuideQuests/Services/GuideQuestRequirementsServiceTest.php" line="103" class="Tests\Unit\Game\GuideQuests\Services\GuideQuestRequirementsServiceTest" classname="Tests.Unit.Game.GuideQuests.Services.GuideQuestRequirementsServiceTest" assertions="1" time="0.255536"/>
        <testcase name="testGuideQuestDoesNotRequireHolyStacks" file="/home/adam/Documents/flare/tests/Unit/Game/GuideQuests/Services/GuideQuestRequirementsServiceTest.php" line="487" class="Tests\Unit\Game\GuideQuests\Services\GuideQuestRequirementsServiceTest" classname="Tests.Unit.Game.GuideQuests.Services.GuideQuestRequirementsServiceTest" assertions="1" time="0.240245"/>
        <testcase name="testGetSecondaryRequiredSkillCheck" file="/home/adam/Documents/flare/tests/Unit/Game/GuideQuests/Services/GuideQuestRequirementsServiceTest.php" line="119" class="Tests\Unit\Game\GuideQuests\Services\GuideQuestRequirementsServiceTest" classname="Tests.Unit.Game.GuideQuests.Services.GuideQuestRequirementsServiceTest" assertions="1" time="0.254343"/>
        <testcase name="testRequiredMapAccess" file="/home/adam/Documents/flare/tests/Unit/Game/GuideQuests/Services/GuideQuestRequirementsServiceTest.php" line="214" class="Tests\Unit\Game\GuideQuests\Services\GuideQuestRequirementsServiceTest" classname="Tests.Unit.Game.GuideQuests.Services.GuideQuestRequirementsServiceTest" assertions="1" time="0.223770"/>
        <testcase name="testLogFailedSkillTypeCheck" file="/home/adam/Documents/flare/tests/Unit/Game/GuideQuests/Services/GuideQuestRequirementsServiceTest.php" line="174" class="Tests\Unit\Game\GuideQuests\Services\GuideQuestRequirementsServiceTest" classname="Tests.Unit.Game.GuideQuests.Services.GuideQuestRequirementsServiceTest" assertions="2" time="0.213902"/>
        <testcase name="testFetchRequiredSpecificKingdomBuildingLevel" file="/home/adam/Documents/flare/tests/Unit/Game/GuideQuests/Services/GuideQuestRequirementsServiceTest.php" line="569" class="Tests\Unit\Game\GuideQuests\Services\GuideQuestRequirementsServiceTest" classname="Tests.Unit.Game.GuideQuests.Services.GuideQuestRequirementsServiceTest" assertions="1" time="0.231807"/>
        <testcase name="testGetLevelCheck" file="/home/adam/Documents/flare/tests/Unit/Game/GuideQuests/Services/GuideQuestRequirementsServiceTest.php" line="71" class="Tests\Unit\Game\GuideQuests\Services\GuideQuestRequirementsServiceTest" classname="Tests.Unit.Game.GuideQuests.Services.GuideQuestRequirementsServiceTest" assertions="1" time="0.249664"/>
        <testcase name="testFinishedRequirementsAreReset" file="/home/adam/Documents/flare/tests/Unit/Game/GuideQuests/Services/GuideQuestRequirementsServiceTest.php" line="84" class="Tests\Unit\Game\GuideQuests\Services\GuideQuestRequirementsServiceTest" classname="Tests.Unit.Game.GuideQuests.Services.GuideQuestRequirementsServiceTest" assertions="2" time="0.223576"/>
        <testcase name="testRequiredSpecialityItemIsInSet" file="/home/adam/Documents/flare/tests/Unit/Game/GuideQuests/Services/GuideQuestRequirementsServiceTest.php" line="470" class="Tests\Unit\Game\GuideQuests\Services\GuideQuestRequirementsServiceTest" classname="Tests.Unit.Game.GuideQuests.Services.GuideQuestRequirementsServiceTest" assertions="1" time="0.209089"/>
        <testcase name="testRequiredFameLevelCheckWhenNotAssistingNPC" file="/home/adam/Documents/flare/tests/Unit/Game/GuideQuests/Services/GuideQuestRequirementsServiceTest.php" line="371" class="Tests\Unit\Game\GuideQuests\Services\GuideQuestRequirementsServiceTest" classname="Tests.Unit.Game.GuideQuests.Services.GuideQuestRequirementsServiceTest" assertions="1" time="0.251775"/>
        <testcase name="testHasRequiredCurrency" file="/home/adam/Documents/flare/tests/Unit/Game/GuideQuests/Services/GuideQuestRequirementsServiceTest.php" line="683" class="Tests\Unit\Game\GuideQuests\Services\GuideQuestRequirementsServiceTest" classname="Tests.Unit.Game.GuideQuests.Services.GuideQuestRequirementsServiceTest" assertions="1" time="0.206156"/>
        <testcase name="testPlayerMustBeOnSpecificMap" file="/home/adam/Documents/flare/tests/Unit/Game/GuideQuests/Services/GuideQuestRequirementsServiceTest.php" line="754" class="Tests\Unit\Game\GuideQuests\Services\GuideQuestRequirementsServiceTest" classname="Tests.Unit.Game.GuideQuests.Services.GuideQuestRequirementsServiceTest" assertions="1" time="0.209995"/>
        <testcase name="testPlayerHasGlobalKillAmount" file="/home/adam/Documents/flare/tests/Unit/Game/GuideQuests/Services/GuideQuestRequirementsServiceTest.php" line="767" class="Tests\Unit\Game\GuideQuests\Services\GuideQuestRequirementsServiceTest" classname="Tests.Unit.Game.GuideQuests.Services.GuideQuestRequirementsServiceTest" assertions="1" time="0.206285"/>
        <testcase name="testGetSecondaryRequiredQuestItem" file="/home/adam/Documents/flare/tests/Unit/Game/GuideQuests/Services/GuideQuestRequirementsServiceTest.php" line="313" class="Tests\Unit\Game\GuideQuests\Services\GuideQuestRequirementsServiceTest" classname="Tests.Unit.Game.GuideQuests.Services.GuideQuestRequirementsServiceTest" assertions="1" time="0.255734"/>
        <testcase name="testFetchRequiredKingdomUnitAmount" file="/home/adam/Documents/flare/tests/Unit/Game/GuideQuests/Services/GuideQuestRequirementsServiceTest.php" line="586" class="Tests\Unit\Game\GuideQuests\Services\GuideQuestRequirementsServiceTest" classname="Tests.Unit.Game.GuideQuests.Services.GuideQuestRequirementsServiceTest" assertions="1" time="0.223267"/>
        <testcase name="testGetPrimaryRequiredQuestItemUsedInCompletedQuest" file="/home/adam/Documents/flare/tests/Unit/Game/GuideQuests/Services/GuideQuestRequirementsServiceTest.php" line="280" class="Tests\Unit\Game\GuideQuests\Services\GuideQuestRequirementsServiceTest" classname="Tests.Unit.Game.GuideQuests.Services.GuideQuestRequirementsServiceTest" assertions="1" time="0.207059"/>
        <testcase name="testRequiredSpecialityItemIsInInventory" file="/home/adam/Documents/flare/tests/Unit/Game/GuideQuests/Services/GuideQuestRequirementsServiceTest.php" line="453" class="Tests\Unit\Game\GuideQuests\Services\GuideQuestRequirementsServiceTest" classname="Tests.Unit.Game.GuideQuests.Services.GuideQuestRequirementsServiceTest" assertions="1" time="0.266629"/>
        <testcase name="testGetCraftingSkillCheck" file="/home/adam/Documents/flare/tests/Unit/Game/GuideQuests/Services/GuideQuestRequirementsServiceTest.php" line="155" class="Tests\Unit\Game\GuideQuests\Services\GuideQuestRequirementsServiceTest" classname="Tests.Unit.Game.GuideQuests.Services.GuideQuestRequirementsServiceTest" assertions="1" time="0.223488"/>
        <testcase name="testFetchRequiredKingdomGoldBars" file="/home/adam/Documents/flare/tests/Unit/Game/GuideQuests/Services/GuideQuestRequirementsServiceTest.php" line="539" class="Tests\Unit\Game\GuideQuests\Services\GuideQuestRequirementsServiceTest" classname="Tests.Unit.Game.GuideQuests.Services.GuideQuestRequirementsServiceTest" assertions="1" time="0.220145"/>
        <testcase name="testFetchRequiredKingdomBuildingLevel" file="/home/adam/Documents/flare/tests/Unit/Game/GuideQuests/Services/GuideQuestRequirementsServiceTest.php" line="554" class="Tests\Unit\Game\GuideQuests\Services\GuideQuestRequirementsServiceTest" classname="Tests.Unit.Game.GuideQuests.Services.GuideQuestRequirementsServiceTest" assertions="1" time="0.218222"/>
        <testcase name="testHasClassRankEquippedAndAboveRequiredLevel" file="/home/adam/Documents/flare/tests/Unit/Game/GuideQuests/Services/GuideQuestRequirementsServiceTest.php" line="651" class="Tests\Unit\Game\GuideQuests\Services\GuideQuestRequirementsServiceTest" classname="Tests.Unit.Game.GuideQuests.Services.GuideQuestRequirementsServiceTest" assertions="1" time="0.286782"/>
        <testcase name="testRequiredFameLevelChec" file="/home/adam/Documents/flare/tests/Unit/Game/GuideQuests/Services/GuideQuestRequirementsServiceTest.php" line="412" class="Tests\Unit\Game\GuideQuests\Services\GuideQuestRequirementsServiceTest" classname="Tests.Unit.Game.GuideQuests.Services.GuideQuestRequirementsServiceTest" assertions="1" time="0.210177"/>
        <testcase name="testFetchRequiredKIngdomPassiveSkillLevel" file="/home/adam/Documents/flare/tests/Unit/Game/GuideQuests/Services/GuideQuestRequirementsServiceTest.php" line="599" class="Tests\Unit\Game\GuideQuests\Services\GuideQuestRequirementsServiceTest" classname="Tests.Unit.Game.GuideQuests.Services.GuideQuestRequirementsServiceTest" assertions="1" time="0.233719"/>
        <testcase name="testHasClassRankEquipped" file="/home/adam/Documents/flare/tests/Unit/Game/GuideQuests/Services/GuideQuestRequirementsServiceTest.php" line="623" class="Tests\Unit\Game\GuideQuests\Services\GuideQuestRequirementsServiceTest" classname="Tests.Unit.Game.GuideQuests.Services.GuideQuestRequirementsServiceTest" assertions="1" time="0.267294"/>
        <testcase name="testGetPrimaryRequiredQuestItem" file="/home/adam/Documents/flare/tests/Unit/Game/GuideQuests/Services/GuideQuestRequirementsServiceTest.php" line="263" class="Tests\Unit\Game\GuideQuests\Services\GuideQuestRequirementsServiceTest" classname="Tests.Unit.Game.GuideQuests.Services.GuideQuestRequirementsServiceTest" assertions="1" time="0.229176"/>
        <testcase name="testHasRequiredStats" file="/home/adam/Documents/flare/tests/Unit/Game/GuideQuests/Services/GuideQuestRequirementsServiceTest.php" line="700" class="Tests\Unit\Game\GuideQuests\Services\GuideQuestRequirementsServiceTest" classname="Tests.Unit.Game.GuideQuests.Services.GuideQuestRequirementsServiceTest" assertions="7" time="0.226958"/>
        <testcase name="testGetClassSkillCheck" file="/home/adam/Documents/flare/tests/Unit/Game/GuideQuests/Services/GuideQuestRequirementsServiceTest.php" line="135" class="Tests\Unit\Game\GuideQuests\Services\GuideQuestRequirementsServiceTest" classname="Tests.Unit.Game.GuideQuests.Services.GuideQuestRequirementsServiceTest" assertions="1" time="0.223080"/>
        <testcase name="testGetRequiredQuest" file="/home/adam/Documents/flare/tests/Unit/Game/GuideQuests/Services/GuideQuestRequirementsServiceTest.php" line="236" class="Tests\Unit\Game\GuideQuests\Services\GuideQuestRequirementsServiceTest" classname="Tests.Unit.Game.GuideQuests.Services.GuideQuestRequirementsServiceTest" assertions="1" time="0.249211"/>
        <testcase name="testRequiredFameLevelCheckWhenNoPledgedFaction" file="/home/adam/Documents/flare/tests/Unit/Game/GuideQuests/Services/GuideQuestRequirementsServiceTest.php" line="330" class="Tests\Unit\Game\GuideQuests\Services\GuideQuestRequirementsServiceTest" classname="Tests.Unit.Game.GuideQuests.Services.GuideQuestRequirementsServiceTest" assertions="1" time="0.218821"/>
        <testcase name="testRequiredFactionLevel" file="/home/adam/Documents/flare/tests/Unit/Game/GuideQuests/Services/GuideQuestRequirementsServiceTest.php" line="192" class="Tests\Unit\Game\GuideQuests\Services\GuideQuestRequirementsServiceTest" classname="Tests.Unit.Game.GuideQuests.Services.GuideQuestRequirementsServiceTest" assertions="1" time="0.215763"/>
        <testcase name="testGuideQuestDoesRequireHolyStacks" file="/home/adam/Documents/flare/tests/Unit/Game/GuideQuests/Services/GuideQuestRequirementsServiceTest.php" line="501" class="Tests\Unit\Game\GuideQuests\Services\GuideQuestRequirementsServiceTest" classname="Tests.Unit.Game.GuideQuests.Services.GuideQuestRequirementsServiceTest" assertions="1" time="0.256086"/>
        <testcase name="testFetchRequiredKingdomsCount" file="/home/adam/Documents/flare/tests/Unit/Game/GuideQuests/Services/GuideQuestRequirementsServiceTest.php" line="526" class="Tests\Unit\Game\GuideQuests\Services\GuideQuestRequirementsServiceTest" classname="Tests.Unit.Game.GuideQuests.Services.GuideQuestRequirementsServiceTest" assertions="1" time="0.213466"/>
        <testcase name="testHasRequiredTotalStats" file="/home/adam/Documents/flare/tests/Unit/Game/GuideQuests/Services/GuideQuestRequirementsServiceTest.php" line="733" class="Tests\Unit\Game\GuideQuests\Services\GuideQuestRequirementsServiceTest" classname="Tests.Unit.Game.GuideQuests.Services.GuideQuestRequirementsServiceTest" assertions="1" time="0.257826"/>
      </testsuite>
      <testsuite name="Tests\Unit\Game\GuideQuests\Services\GuideQuestServiceTest" file="/home/adam/Documents/flare/tests/Unit/Game/GuideQuests/Services/GuideQuestServiceTest.php" tests="15" assertions="22" errors="0" failures="0" skipped="0" time="3.895424">
        <testcase name="testHasNoGuideQues" file="/home/adam/Documents/flare/tests/Unit/Game/GuideQuests/Services/GuideQuestServiceTest.php" line="49" class="Tests\Unit\Game\GuideQuests\Services\GuideQuestServiceTest" classname="Tests.Unit.Game.GuideQuests.Services.GuideQuestServiceTest" assertions="3" time="0.217367"/>
        <testcase name="testHasQuestForDelusionalMemoriesEventWithUnlocksAtLevel" file="/home/adam/Documents/flare/tests/Unit/Game/GuideQuests/Services/GuideQuestServiceTest.php" line="109" class="Tests\Unit\Game\GuideQuests\Services\GuideQuestServiceTest" classname="Tests.Unit.Game.GuideQuests.Services.GuideQuestServiceTest" assertions="1" time="0.263204"/>
        <testcase name="testHasQuestThatUnlocksAtSpecificLevel" file="/home/adam/Documents/flare/tests/Unit/Game/GuideQuests/Services/GuideQuestServiceTest.php" line="156" class="Tests\Unit\Game\GuideQuests\Services\GuideQuestServiceTest" classname="Tests.Unit.Game.GuideQuests.Services.GuideQuestServiceTest" assertions="1" time="0.222147"/>
        <testcase name="testCharacterCannotHandInGuideQuest" file="/home/adam/Documents/flare/tests/Unit/Game/GuideQuests/Services/GuideQuestServiceTest.php" line="175" class="Tests\Unit\Game\GuideQuests\Services\GuideQuestServiceTest" classname="Tests.Unit.Game.GuideQuests.Services.GuideQuestServiceTest" assertions="1" time="0.208987"/>
        <testcase name="testHasQuestForWinterEventWithUnlocksAtLevel" file="/home/adam/Documents/flare/tests/Unit/Game/GuideQuests/Services/GuideQuestServiceTest.php" line="61" class="Tests\Unit\Game\GuideQuests\Services\GuideQuestServiceTest" classname="Tests.Unit.Game.GuideQuests.Services.GuideQuestServiceTest" assertions="1" time="0.274741"/>
        <testcase name="testHasQuestForDelusionalMemoriesEventWitouthUnlocksAtLevel" file="/home/adam/Documents/flare/tests/Unit/Game/GuideQuests/Services/GuideQuestServiceTest.php" line="133" class="Tests\Unit\Game\GuideQuests\Services\GuideQuestServiceTest" classname="Tests.Unit.Game.GuideQuests.Services.GuideQuestServiceTest" assertions="1" time="0.232858"/>
        <testcase name="testHasQuestForWinterEventWithoutUnlocksAtLevel" file="/home/adam/Documents/flare/tests/Unit/Game/GuideQuests/Services/GuideQuestServiceTest.php" line="86" class="Tests\Unit\Game\GuideQuests\Services\GuideQuestServiceTest" classname="Tests.Unit.Game.GuideQuests.Services.GuideQuestServiceTest" assertions="1" time="0.217676"/>
        <testcase name="testCannotHandInWhenAutomationIsRunning" file="/home/adam/Documents/flare/tests/Unit/Game/GuideQuests/Services/GuideQuestServiceTest.php" line="389" class="Tests\Unit\Game\GuideQuests\Services\GuideQuestServiceTest" classname="Tests.Unit.Game.GuideQuests.Services.GuideQuestServiceTest" assertions="1" time="0.211139"/>
        <testcase name="testCharacterHasARequirementFromTheGuideQuest" file="/home/adam/Documents/flare/tests/Unit/Game/GuideQuests/Services/GuideQuestServiceTest.php" line="190" class="Tests\Unit\Game\GuideQuests\Services\GuideQuestServiceTest" classname="Tests.Unit.Game.GuideQuests.Services.GuideQuestServiceTest" assertions="1" time="0.268414"/>
        <testcase name="testDoNotHandInAQuestThatWasAlreadyCompleted" file="/home/adam/Documents/flare/tests/Unit/Game/GuideQuests/Services/GuideQuestServiceTest.php" line="357" class="Tests\Unit\Game\GuideQuests\Services\GuideQuestServiceTest" classname="Tests.Unit.Game.GuideQuests.Services.GuideQuestServiceTest" assertions="2" time="0.283082"/>
        <testcase name="testHandInUnlockAtLevelGuideQuestAndGetsRegularGuideQuest" file="/home/adam/Documents/flare/tests/Unit/Game/GuideQuests/Services/GuideQuestServiceTest.php" line="257" class="Tests\Unit\Game\GuideQuests\Services\GuideQuestServiceTest" classname="Tests.Unit.Game.GuideQuests.Services.GuideQuestServiceTest" assertions="1" time="0.292305"/>
        <testcase name="testCharacterIsNotRewardedWithXPWhenGuidequestProvidesNone" file="/home/adam/Documents/flare/tests/Unit/Game/GuideQuests/Services/GuideQuestServiceTest.php" line="324" class="Tests\Unit\Game\GuideQuests\Services\GuideQuestServiceTest" classname="Tests.Unit.Game.GuideQuests.Services.GuideQuestServiceTest" assertions="2" time="0.314825"/>
        <testcase name="testHandInGuideQuestAndAlreadyHaveOneOfTheRequirements" file="/home/adam/Documents/flare/tests/Unit/Game/GuideQuests/Services/GuideQuestServiceTest.php" line="206" class="Tests\Unit\Game\GuideQuests\Services\GuideQuestServiceTest" classname="Tests.Unit.Game.GuideQuests.Services.GuideQuestServiceTest" assertions="1" time="0.278069"/>
        <testcase name="testHandInGuideQuestAndGetsNextChildQuest" file="/home/adam/Documents/flare/tests/Unit/Game/GuideQuests/Services/GuideQuestServiceTest.php" line="231" class="Tests\Unit\Game\GuideQuests\Services\GuideQuestServiceTest" classname="Tests.Unit.Game.GuideQuests.Services.GuideQuestServiceTest" assertions="1" time="0.323729"/>
        <testcase name="testCharacterCanHandInWithMaxedCurrencies" file="/home/adam/Documents/flare/tests/Unit/Game/GuideQuests/Services/GuideQuestServiceTest.php" line="286" class="Tests\Unit\Game\GuideQuests\Services\GuideQuestServiceTest" classname="Tests.Unit.Game.GuideQuests.Services.GuideQuestServiceTest" assertions="4" time="0.286882"/>
      </testsuite>
      <testsuite name="Tests\Unit\Game\Kingdoms\Services\AbandonKingdomServiceTest" file="/home/adam/Documents/flare/tests/Unit/Game/Kingdoms/Services/AbandonKingdomServiceTest.php" tests="2" assertions="12" errors="0" failures="0" skipped="0" time="0.565119">
        <testcase name="testShouldAbandonKingdom" file="/home/adam/Documents/flare/tests/Unit/Game/Kingdoms/Services/AbandonKingdomServiceTest.php" line="40" class="Tests\Unit\Game\Kingdoms\Services\AbandonKingdomServiceTest" classname="Tests.Unit.Game.Kingdoms.Services.AbandonKingdomServiceTest" assertions="6" time="0.254620"/>
        <testcase name="testShouldAbandonKingdomWhileCanSettleAgainAtIsNotNull" file="/home/adam/Documents/flare/tests/Unit/Game/Kingdoms/Services/AbandonKingdomServiceTest.php" line="72" class="Tests\Unit\Game\Kingdoms\Services\AbandonKingdomServiceTest" classname="Tests.Unit.Game.Kingdoms.Services.AbandonKingdomServiceTest" assertions="6" time="0.310499"/>
      </testsuite>
      <testsuite name="Tests\Unit\Game\Kingdoms\Services\AttackWithItemServiceTest" file="/home/adam/Documents/flare/tests/Unit/Game/Kingdoms/Services/AttackWithItemServiceTest.php" tests="6" assertions="18" errors="0" failures="0" skipped="0" time="2.157906">
        <testcase name="testCannotAttackProtectedKingdom" file="/home/adam/Documents/flare/tests/Unit/Game/Kingdoms/Services/AttackWithItemServiceTest.php" line="75" class="Tests\Unit\Game\Kingdoms\Services\AttackWithItemServiceTest" classname="Tests.Unit.Game.Kingdoms.Services.AttackWithItemServiceTest" assertions="2" time="0.323948"/>
        <testcase name="testYouCannotAttackYourOwnKingdoms" file="/home/adam/Documents/flare/tests/Unit/Game/Kingdoms/Services/AttackWithItemServiceTest.php" line="59" class="Tests\Unit\Game\Kingdoms\Services\AttackWithItemServiceTest" classname="Tests.Unit.Game.Kingdoms.Services.AttackWithItemServiceTest" assertions="2" time="0.314506"/>
        <testcase name="testCannotAttackKingdomNotOnTheSamePlane" file="/home/adam/Documents/flare/tests/Unit/Game/Kingdoms/Services/AttackWithItemServiceTest.php" line="97" class="Tests\Unit\Game\Kingdoms\Services\AttackWithItemServiceTest" classname="Tests.Unit.Game.Kingdoms.Services.AttackWithItemServiceTest" assertions="2" time="0.302626"/>
        <testcase name="testItemsDoNotExistInCharacterInventory" file="/home/adam/Documents/flare/tests/Unit/Game/Kingdoms/Services/AttackWithItemServiceTest.php" line="49" class="Tests\Unit\Game\Kingdoms\Services\AttackWithItemServiceTest" classname="Tests.Unit.Game.Kingdoms.Services.AttackWithItemServiceTest" assertions="2" time="0.337256"/>
        <testcase name="testDropItemsOnKingdomAndMoraleBecomesZero" file="/home/adam/Documents/flare/tests/Unit/Game/Kingdoms/Services/AttackWithItemServiceTest.php" line="154" class="Tests\Unit\Game\Kingdoms\Services\AttackWithItemServiceTest" classname="Tests.Unit.Game.Kingdoms.Services.AttackWithItemServiceTest" assertions="5" time="0.435311"/>
        <testcase name="testDropItemOnKingdom" file="/home/adam/Documents/flare/tests/Unit/Game/Kingdoms/Services/AttackWithItemServiceTest.php" line="121" class="Tests\Unit\Game\Kingdoms\Services\AttackWithItemServiceTest" classname="Tests.Unit.Game.Kingdoms.Services.AttackWithItemServiceTest" assertions="5" time="0.444259"/>
      </testsuite>
      <testsuite name="Tests\Unit\Game\Kingdoms\Services\KingdomUpdateServiceTest" file="/home/adam/Documents/flare/tests/Unit/Game/Kingdoms/Services/KingdomUpdateServiceTest.php" tests="24" assertions="52" errors="0" failures="0" skipped="0" time="33.398091">
        <testcase name="testDestroyNPCKingdom" file="/home/adam/Documents/flare/tests/Unit/Game/Kingdoms/Services/KingdomUpdateServiceTest.php" line="79" class="Tests\Unit\Game\Kingdoms\Services\KingdomUpdateServiceTest" classname="Tests.Unit.Game.Kingdoms.Services.KingdomUpdateServiceTest" assertions="2" time="0.237657"/>
        <testcase name="testHandKingdomToNpcWhenLastWalkedIsNull" file="/home/adam/Documents/flare/tests/Unit/Game/Kingdoms/Services/KingdomUpdateServiceTest.php" line="595" class="Tests\Unit\Game\Kingdoms\Services\KingdomUpdateServiceTest" classname="Tests.Unit.Game.Kingdoms.Services.KingdomUpdateServiceTest" assertions="1" time="0.279003"/>
        <testcase name="testKingdomHasTooMuchPopulationAndCannotAffordTheCost" file="/home/adam/Documents/flare/tests/Unit/Game/Kingdoms/Services/KingdomUpdateServiceTest.php" line="639" class="Tests\Unit\Game\Kingdoms\Services\KingdomUpdateServiceTest" classname="Tests.Unit.Game.Kingdoms.Services.KingdomUpdateServiceTest" assertions="2" time="0.274591"/>
        <testcase name="testHandsKingdomToNpc" file="/home/adam/Documents/flare/tests/Unit/Game/Kingdoms/Services/KingdomUpdateServiceTest.php" line="55" class="Tests\Unit\Game\Kingdoms\Services\KingdomUpdateServiceTest" classname="Tests.Unit.Game.Kingdoms.Services.KingdomUpdateServiceTest" assertions="2" time="0.293615"/>
        <testcase name="testDoNotUpdatePopulationWhenFarmDurabilityIsAtZero" file="/home/adam/Documents/flare/tests/Unit/Game/Kingdoms/Services/KingdomUpdateServiceTest.php" line="432" class="Tests\Unit\Game\Kingdoms\Services\KingdomUpdateServiceTest" classname="Tests.Unit.Game.Kingdoms.Services.KingdomUpdateServiceTest" assertions="2" time="0.368547"/>
        <testcase name="testDoNotUpdateKingdomTreasuryWhenMaxed" file="/home/adam/Documents/flare/tests/Unit/Game/Kingdoms/Services/KingdomUpdateServiceTest.php" line="249" class="Tests\Unit\Game\Kingdoms\Services\KingdomUpdateServiceTest" classname="Tests.Unit.Game.Kingdoms.Services.KingdomUpdateServiceTest" assertions="2" time="0.333454"/>
        <testcase name="testUpdateKingdomTreasuryWhenTreasuryIsZero" file="/home/adam/Documents/flare/tests/Unit/Game/Kingdoms/Services/KingdomUpdateServiceTest.php" line="271" class="Tests\Unit\Game\Kingdoms\Services\KingdomUpdateServiceTest" classname="Tests.Unit.Game.Kingdoms.Services.KingdomUpdateServiceTest" assertions="2" time="0.356925"/>
        <testcase name="testCanUpdateKingdom" file="/home/adam/Documents/flare/tests/Unit/Game/Kingdoms/Services/KingdomUpdateServiceTest.php" line="44" class="Tests\Unit\Game\Kingdoms\Services\KingdomUpdateServiceTest" classname="Tests.Unit.Game.Kingdoms.Services.KingdomUpdateServiceTest" assertions="1" time="0.439954"/>
        <testcase name="testOverPopulatedAndTakesSomeTreasury" file="/home/adam/Documents/flare/tests/Unit/Game/Kingdoms/Services/KingdomUpdateServiceTest.php" line="118" class="Tests\Unit\Game\Kingdoms\Services\KingdomUpdateServiceTest" classname="Tests.Unit.Game.Kingdoms.Services.KingdomUpdateServiceTest" assertions="2" time="0.345952"/>
        <testcase name="testOverPopulatedAndTakesAllGoldBars" file="/home/adam/Documents/flare/tests/Unit/Game/Kingdoms/Services/KingdomUpdateServiceTest.php" line="141" class="Tests\Unit\Game\Kingdoms\Services\KingdomUpdateServiceTest" classname="Tests.Unit.Game.Kingdoms.Services.KingdomUpdateServiceTest" assertions="2" time="0.346769"/>
        <testcase name="testOnlyGiveSomePopulationBasedOnDurabilityOfFarm" file="/home/adam/Documents/flare/tests/Unit/Game/Kingdoms/Services/KingdomUpdateServiceTest.php" line="461" class="Tests\Unit\Game\Kingdoms\Services\KingdomUpdateServiceTest" classname="Tests.Unit.Game.Kingdoms.Services.KingdomUpdateServiceTest" assertions="2" time="0.382172"/>
        <testcase name="testGiveNoResourcesToKingdomWhenBuildingsDurabilityIsZero" file="/home/adam/Documents/flare/tests/Unit/Game/Kingdoms/Services/KingdomUpdateServiceTest.php" line="317" class="Tests\Unit\Game\Kingdoms\Services\KingdomUpdateServiceTest" classname="Tests.Unit.Game.Kingdoms.Services.KingdomUpdateServiceTest" assertions="5" time="0.352564"/>
        <testcase name="testOverPopulatedAndTakesAllTreasury" file="/home/adam/Documents/flare/tests/Unit/Game/Kingdoms/Services/KingdomUpdateServiceTest.php" line="95" class="Tests\Unit\Game\Kingdoms\Services\KingdomUpdateServiceTest" classname="Tests.Unit.Game.Kingdoms.Services.KingdomUpdateServiceTest" assertions="2" time="0.337795"/>
        <testcase name="testOverPopulatedAndTakesSomeGoldBars" file="/home/adam/Documents/flare/tests/Unit/Game/Kingdoms/Services/KingdomUpdateServiceTest.php" line="164" class="Tests\Unit\Game\Kingdoms\Services\KingdomUpdateServiceTest" classname="Tests.Unit.Game.Kingdoms.Services.KingdomUpdateServiceTest" assertions="2" time="0.390256"/>
        <testcase name="testGiveSomeResourcesToKingdomWhenBuildingsDamaged" file="/home/adam/Documents/flare/tests/Unit/Game/Kingdoms/Services/KingdomUpdateServiceTest.php" line="358" class="Tests\Unit\Game\Kingdoms\Services\KingdomUpdateServiceTest" classname="Tests.Unit.Game.Kingdoms.Services.KingdomUpdateServiceTest" assertions="5" time="0.572682"/>
        <testcase name="testOverPopulatedAndTakesSomeCharacterGold" file="/home/adam/Documents/flare/tests/Unit/Game/Kingdoms/Services/KingdomUpdateServiceTest.php" line="218" class="Tests\Unit\Game\Kingdoms\Services\KingdomUpdateServiceTest" classname="Tests.Unit.Game.Kingdoms.Services.KingdomUpdateServiceTest" assertions="2" time="0.435083"/>
        <testcase name="testGiveFullPopulation" file="/home/adam/Documents/flare/tests/Unit/Game/Kingdoms/Services/KingdomUpdateServiceTest.php" line="490" class="Tests\Unit\Game\Kingdoms\Services\KingdomUpdateServiceTest" classname="Tests.Unit.Game.Kingdoms.Services.KingdomUpdateServiceTest" assertions="2" time="0.429008"/>
        <testcase name="testOverPopulatedAndTakesAllCharacterGold" file="/home/adam/Documents/flare/tests/Unit/Game/Kingdoms/Services/KingdomUpdateServiceTest.php" line="187" class="Tests\Unit\Game\Kingdoms\Services\KingdomUpdateServiceTest" classname="Tests.Unit.Game.Kingdoms.Services.KingdomUpdateServiceTest" assertions="2" time="0.339034"/>
        <testcase name="testHandleWhenAKingdomGivesResourcesButDoesntStateWhatResource" file="/home/adam/Documents/flare/tests/Unit/Game/Kingdoms/Services/KingdomUpdateServiceTest.php" line="609" class="Tests\Unit\Game\Kingdoms\Services\KingdomUpdateServiceTest" classname="Tests.Unit.Game.Kingdoms.Services.KingdomUpdateServiceTest" assertions="2" time="0.332441"/>
        <testcase name="testKingdomSufferMoraleDamageForNotBeingWalked" file="/home/adam/Documents/flare/tests/Unit/Game/Kingdoms/Services/KingdomUpdateServiceTest.php" line="580" class="Tests\Unit\Game\Kingdoms\Services\KingdomUpdateServiceTest" classname="Tests.Unit.Game.Kingdoms.Services.KingdomUpdateServiceTest" assertions="1" time="0.372665"/>
        <testcase name="testUpdateKingdomTreasuryWhenTreasuryIsNotZero" file="/home/adam/Documents/flare/tests/Unit/Game/Kingdoms/Services/KingdomUpdateServiceTest.php" line="294" class="Tests\Unit\Game\Kingdoms\Services\KingdomUpdateServiceTest" classname="Tests.Unit.Game.Kingdoms.Services.KingdomUpdateServiceTest" assertions="2" time="0.403663"/>
        <testcase name="testGiveFullResourcesToKingdomWhenBuildingsAreNotDamaged" file="/home/adam/Documents/flare/tests/Unit/Game/Kingdoms/Services/KingdomUpdateServiceTest.php" line="399" class="Tests\Unit\Game\Kingdoms\Services\KingdomUpdateServiceTest" classname="Tests.Unit.Game.Kingdoms.Services.KingdomUpdateServiceTest" assertions="5" time="0.344102"/>
        <testcase name="testUpdateCharacterServerMessage" file="/home/adam/Documents/flare/tests/Unit/Game/Kingdoms/Services/KingdomUpdateServiceTest.php" line="513" class="Tests\Unit\Game\Kingdoms\Services\KingdomUpdateServiceTest" classname="Tests.Unit.Game.Kingdoms.Services.KingdomUpdateServiceTest" assertions="1" time="1.624269"/>
        <testcase name="testUpdateKingdomToNotBeProtected" file="/home/adam/Documents/flare/tests/Unit/Game/Kingdoms/Services/KingdomUpdateServiceTest.php" line="547" class="Tests\Unit\Game\Kingdoms\Services\KingdomUpdateServiceTest" classname="Tests.Unit.Game.Kingdoms.Services.KingdomUpdateServiceTest" assertions="1" time="23.805889"/>
      </testsuite>
      <testsuite name="Tests\Unit\Game\Messages\Builder\NpcServerMessageBuilderTest" file="/home/adam/Documents/flare/tests/Unit/Game/Messages/Builder/NpcServerMessageBuilderTest.php" tests="8" assertions="8" errors="0" failures="0" skipped="0" time="23.221854">
        <testcase name="testCannotAffordConjuring" file="/home/adam/Documents/flare/tests/Unit/Game/Messages/Builder/NpcServerMessageBuilderTest.php" line="106" class="Tests\Unit\Game\Messages\Builder\NpcServerMessageBuilderTest" classname="Tests.Unit.Game.Messages.Builder.NpcServerMessageBuilderTest" assertions="1" time="22.248775"/>
        <testcase name="testPaidConjuringFee" file="/home/adam/Documents/flare/tests/Unit/Game/Messages/Builder/NpcServerMessageBuilderTest.php" line="41" class="Tests\Unit\Game\Messages\Builder\NpcServerMessageBuilderTest" classname="Tests.Unit.Game.Messages.Builder.NpcServerMessageBuilderTest" assertions="1" time="0.119241"/>
        <testcase name="testAlreadyConjured" file="/home/adam/Documents/flare/tests/Unit/Game/Messages/Builder/NpcServerMessageBuilderTest.php" line="48" class="Tests\Unit\Game\Messages\Builder\NpcServerMessageBuilderTest" classname="Tests.Unit.Game.Messages.Builder.NpcServerMessageBuilderTest" assertions="1" time="0.119359"/>
        <testcase name="testGivenItems" file="/home/adam/Documents/flare/tests/Unit/Game/Messages/Builder/NpcServerMessageBuilderTest.php" line="85" class="Tests\Unit\Game\Messages\Builder\NpcServerMessageBuilderTest" classname="Tests.Unit.Game.Messages.Builder.NpcServerMessageBuilderTest" assertions="1" time="0.118185"/>
        <testcase name="testPublicExists" file="/home/adam/Documents/flare/tests/Unit/Game/Messages/Builder/NpcServerMessageBuilderTest.php" line="55" class="Tests\Unit\Game\Messages\Builder\NpcServerMessageBuilderTest" classname="Tests.Unit.Game.Messages.Builder.NpcServerMessageBuilderTest" assertions="1" time="0.118740"/>
        <testcase name="testSkillUnlocked" file="/home/adam/Documents/flare/tests/Unit/Game/Messages/Builder/NpcServerMessageBuilderTest.php" line="99" class="Tests\Unit\Game\Messages\Builder\NpcServerMessageBuilderTest" classname="Tests.Unit.Game.Messages.Builder.NpcServerMessageBuilderTest" assertions="1" time="0.114550"/>
        <testcase name="testCurrencyGiven" file="/home/adam/Documents/flare/tests/Unit/Game/Messages/Builder/NpcServerMessageBuilderTest.php" line="92" class="Tests\Unit\Game\Messages\Builder\NpcServerMessageBuilderTest" classname="Tests.Unit.Game.Messages.Builder.NpcServerMessageBuilderTest" assertions="1" time="0.167967"/>
        <testcase name="testLocationOfConjure" file="/home/adam/Documents/flare/tests/Unit/Game/Messages/Builder/NpcServerMessageBuilderTest.php" line="62" class="Tests\Unit\Game\Messages\Builder\NpcServerMessageBuilderTest" classname="Tests.Unit.Game.Messages.Builder.NpcServerMessageBuilderTest" assertions="1" time="0.215037"/>
      </testsuite>
      <testsuite name="Tests\Unit\Game\Messages\Builder\ServerMessageBuilderTest" file="/home/adam/Documents/flare/tests/Unit/Game/Messages/Builder/ServerMessageBuilderTest.php" tests="33" assertions="36" errors="0" failures="0" skipped="0" time="3.637988">
        <testcase name="testCrafted" file="/home/adam/Documents/flare/tests/Unit/Game/Messages/Builder/ServerMessageBuilderTest.php" line="146" class="Tests\Unit\Game\Messages\Builder\ServerMessageBuilderTest" classname="Tests.Unit.Game.Messages.Builder.ServerMessageBuilderTest" assertions="1" time="0.105220"/>
        <testcase name="testCannotMoveInEitherDirection" file="/home/adam/Documents/flare/tests/Unit/Game/Messages/Builder/ServerMessageBuilderTest.php" line="56" class="Tests\Unit\Game\Messages\Builder\ServerMessageBuilderTest" classname="Tests.Unit.Game.Messages.Builder.ServerMessageBuilderTest" assertions="4" time="0.111423"/>
        <testcase name="testFailedToDisenchant" file="/home/adam/Documents/flare/tests/Unit/Game/Messages/Builder/ServerMessageBuilderTest.php" line="125" class="Tests\Unit\Game\Messages\Builder\ServerMessageBuilderTest" classname="Tests.Unit.Game.Messages.Builder.ServerMessageBuilderTest" assertions="1" time="0.108712"/>
        <testcase name="testNewDamageStat" file="/home/adam/Documents/flare/tests/Unit/Game/Messages/Builder/ServerMessageBuilderTest.php" line="153" class="Tests\Unit\Game\Messages\Builder\ServerMessageBuilderTest" classname="Tests.Unit.Game.Messages.Builder.ServerMessageBuilderTest" assertions="1" time="0.103552"/>
        <testcase name="testLottoMax" file="/home/adam/Documents/flare/tests/Unit/Game/Messages/Builder/ServerMessageBuilderTest.php" line="167" class="Tests\Unit\Game\Messages\Builder\ServerMessageBuilderTest" classname="Tests.Unit.Game.Messages.Builder.ServerMessageBuilderTest" assertions="1" time="0.109604"/>
        <testcase name="testCannotMove" file="/home/adam/Documents/flare/tests/Unit/Game/Messages/Builder/ServerMessageBuilderTest.php" line="49" class="Tests\Unit\Game\Messages\Builder\ServerMessageBuilderTest" classname="Tests.Unit.Game.Messages.Builder.ServerMessageBuilderTest" assertions="1" time="0.104159"/>
        <testcase name="testLevelUpCharacter" file="/home/adam/Documents/flare/tests/Unit/Game/Messages/Builder/ServerMessageBuilderTest.php" line="132" class="Tests\Unit\Game\Messages\Builder\ServerMessageBuilderTest" classname="Tests.Unit.Game.Messages.Builder.ServerMessageBuilderTest" assertions="1" time="0.102986"/>
        <testcase name="testEnchantmentFailed" file="/home/adam/Documents/flare/tests/Unit/Game/Messages/Builder/ServerMessageBuilderTest.php" line="188" class="Tests\Unit\Game\Messages\Builder\ServerMessageBuilderTest" classname="Tests.Unit.Game.Messages.Builder.ServerMessageBuilderTest" assertions="1" time="0.144388"/>
        <testcase name="testSoldItem" file="/home/adam/Documents/flare/tests/Unit/Game/Messages/Builder/ServerMessageBuilderTest.php" line="223" class="Tests\Unit\Game\Messages\Builder\ServerMessageBuilderTest" classname="Tests.Unit.Game.Messages.Builder.ServerMessageBuilderTest" assertions="1" time="0.106413"/>
        <testcase name="testEnchanted" file="/home/adam/Documents/flare/tests/Unit/Game/Messages/Builder/ServerMessageBuilderTest.php" line="258" class="Tests\Unit\Game\Messages\Builder\ServerMessageBuilderTest" classname="Tests.Unit.Game.Messages.Builder.ServerMessageBuilderTest" assertions="1" time="0.098883"/>
        <testcase name="testGoldCapped" file="/home/adam/Documents/flare/tests/Unit/Game/Messages/Builder/ServerMessageBuilderTest.php" line="111" class="Tests\Unit\Game\Messages\Builder\ServerMessageBuilderTest" classname="Tests.Unit.Game.Messages.Builder.ServerMessageBuilderTest" assertions="1" time="0.097931"/>
        <testcase name="testDailyLotto" file="/home/adam/Documents/flare/tests/Unit/Game/Messages/Builder/ServerMessageBuilderTest.php" line="174" class="Tests\Unit\Game\Messages\Builder\ServerMessageBuilderTest" classname="Tests.Unit.Game.Messages.Builder.ServerMessageBuilderTest" assertions="1" time="0.100052"/>
        <testcase name="testTransmuted" file="/home/adam/Documents/flare/tests/Unit/Game/Messages/Builder/ServerMessageBuilderTest.php" line="181" class="Tests\Unit\Game\Messages\Builder\ServerMessageBuilderTest" classname="Tests.Unit.Game.Messages.Builder.ServerMessageBuilderTest" assertions="1" time="0.136769"/>
        <testcase name="testDeletedAffix" file="/home/adam/Documents/flare/tests/Unit/Game/Messages/Builder/ServerMessageBuilderTest.php" line="202" class="Tests\Unit\Game\Messages\Builder\ServerMessageBuilderTest" classname="Tests.Unit.Game.Messages.Builder.ServerMessageBuilderTest" assertions="1" time="0.100087"/>
        <testcase name="testKingdomResourcesUpdated" file="/home/adam/Documents/flare/tests/Unit/Game/Messages/Builder/ServerMessageBuilderTest.php" line="237" class="Tests\Unit\Game\Messages\Builder\ServerMessageBuilderTest" classname="Tests.Unit.Game.Messages.Builder.ServerMessageBuilderTest" assertions="1" time="0.097688"/>
        <testcase name="testNotEnoughShards" file="/home/adam/Documents/flare/tests/Unit/Game/Messages/Builder/ServerMessageBuilderTest.php" line="83" class="Tests\Unit\Game\Messages\Builder\ServerMessageBuilderTest" classname="Tests.Unit.Game.Messages.Builder.ServerMessageBuilderTest" assertions="1" time="0.097786"/>
        <testcase name="testToEasyToCraft" file="/home/adam/Documents/flare/tests/Unit/Game/Messages/Builder/ServerMessageBuilderTest.php" line="97" class="Tests\Unit\Game\Messages\Builder\ServerMessageBuilderTest" classname="Tests.Unit.Game.Messages.Builder.ServerMessageBuilderTest" assertions="1" time="0.138814"/>
        <testcase name="testUnitRecruitmentFinished" file="/home/adam/Documents/flare/tests/Unit/Game/Messages/Builder/ServerMessageBuilderTest.php" line="244" class="Tests\Unit\Game\Messages\Builder\ServerMessageBuilderTest" classname="Tests.Unit.Game.Messages.Builder.ServerMessageBuilderTest" assertions="1" time="0.103286"/>
        <testcase name="testMovedLocation" file="/home/adam/Documents/flare/tests/Unit/Game/Messages/Builder/ServerMessageBuilderTest.php" line="265" class="Tests\Unit\Game\Messages\Builder\ServerMessageBuilderTest" classname="Tests.Unit.Game.Messages.Builder.ServerMessageBuilderTest" assertions="1" time="0.099048"/>
        <testcase name="testDisenchanted" file="/home/adam/Documents/flare/tests/Unit/Game/Messages/Builder/ServerMessageBuilderTest.php" line="160" class="Tests\Unit\Game\Messages\Builder\ServerMessageBuilderTest" classname="Tests.Unit.Game.Messages.Builder.ServerMessageBuilderTest" assertions="1" time="0.102943"/>
        <testcase name="testNotEnoughGold" file="/home/adam/Documents/flare/tests/Unit/Game/Messages/Builder/ServerMessageBuilderTest.php" line="69" class="Tests\Unit\Game\Messages\Builder\ServerMessageBuilderTest" classname="Tests.Unit.Game.Messages.Builder.ServerMessageBuilderTest" assertions="1" time="0.140008"/>
        <testcase name="testInventoryFull" file="/home/adam/Documents/flare/tests/Unit/Game/Messages/Builder/ServerMessageBuilderTest.php" line="42" class="Tests\Unit\Game\Messages\Builder\ServerMessageBuilderTest" classname="Tests.Unit.Game.Messages.Builder.ServerMessageBuilderTest" assertions="1" time="0.098037"/>
        <testcase name="testSilenced" file="/home/adam/Documents/flare/tests/Unit/Game/Messages/Builder/ServerMessageBuilderTest.php" line="195" class="Tests\Unit\Game\Messages\Builder\ServerMessageBuilderTest" classname="Tests.Unit.Game.Messages.Builder.ServerMessageBuilderTest" assertions="1" time="0.097725"/>
        <testcase name="testNotEnoughGoldDust" file="/home/adam/Documents/flare/tests/Unit/Game/Messages/Builder/ServerMessageBuilderTest.php" line="76" class="Tests\Unit\Game\Messages\Builder\ServerMessageBuilderTest" classname="Tests.Unit.Game.Messages.Builder.ServerMessageBuilderTest" assertions="1" time="0.099433"/>
        <testcase name="testFailedToCraft" file="/home/adam/Documents/flare/tests/Unit/Game/Messages/Builder/ServerMessageBuilderTest.php" line="118" class="Tests\Unit\Game\Messages\Builder\ServerMessageBuilderTest" classname="Tests.Unit.Game.Messages.Builder.ServerMessageBuilderTest" assertions="1" time="0.144925"/>
        <testcase name="testNewBuilding" file="/home/adam/Documents/flare/tests/Unit/Game/Messages/Builder/ServerMessageBuilderTest.php" line="230" class="Tests\Unit\Game\Messages\Builder\ServerMessageBuilderTest" classname="Tests.Unit.Game.Messages.Builder.ServerMessageBuilderTest" assertions="1" time="0.097848"/>
        <testcase name="testBuildingUpgraded" file="/home/adam/Documents/flare/tests/Unit/Game/Messages/Builder/ServerMessageBuilderTest.php" line="216" class="Tests\Unit\Game\Messages\Builder\ServerMessageBuilderTest" classname="Tests.Unit.Game.Messages.Builder.ServerMessageBuilderTest" assertions="1" time="0.102067"/>
        <testcase name="testBuildingRepaired" file="/home/adam/Documents/flare/tests/Unit/Game/Messages/Builder/ServerMessageBuilderTest.php" line="209" class="Tests\Unit\Game\Messages\Builder\ServerMessageBuilderTest" classname="Tests.Unit.Game.Messages.Builder.ServerMessageBuilderTest" assertions="1" time="0.106803"/>
        <testcase name="testMessageLengthZero" file="/home/adam/Documents/flare/tests/Unit/Game/Messages/Builder/ServerMessageBuilderTest.php" line="35" class="Tests\Unit\Game\Messages\Builder\ServerMessageBuilderTest" classname="Tests.Unit.Game.Messages.Builder.ServerMessageBuilderTest" assertions="1" time="0.139817"/>
        <testcase name="testGoldRush" file="/home/adam/Documents/flare/tests/Unit/Game/Messages/Builder/ServerMessageBuilderTest.php" line="139" class="Tests\Unit\Game\Messages\Builder\ServerMessageBuilderTest" classname="Tests.Unit.Game.Messages.Builder.ServerMessageBuilderTest" assertions="1" time="0.101271"/>
        <testcase name="testChattingTooMuch" file="/home/adam/Documents/flare/tests/Unit/Game/Messages/Builder/ServerMessageBuilderTest.php" line="104" class="Tests\Unit\Game\Messages\Builder\ServerMessageBuilderTest" classname="Tests.Unit.Game.Messages.Builder.ServerMessageBuilderTest" assertions="1" time="0.103941"/>
        <testcase name="testToHardToCraft" file="/home/adam/Documents/flare/tests/Unit/Game/Messages/Builder/ServerMessageBuilderTest.php" line="90" class="Tests\Unit\Game\Messages\Builder\ServerMessageBuilderTest" classname="Tests.Unit.Game.Messages.Builder.ServerMessageBuilderTest" assertions="1" time="0.097663"/>
        <testcase name="testPlaneTransfer" file="/home/adam/Documents/flare/tests/Unit/Game/Messages/Builder/ServerMessageBuilderTest.php" line="251" class="Tests\Unit\Game\Messages\Builder\ServerMessageBuilderTest" classname="Tests.Unit.Game.Messages.Builder.ServerMessageBuilderTest" assertions="1" time="0.138706"/>
      </testsuite>
      <testsuite name="Tests\Unit\Game\Messages\Events\MessageSentEventTest" file="/home/adam/Documents/flare/tests/Unit/Game/Messages/Events/MessageSentEventTest.php" tests="1" assertions="1" errors="0" failures="0" skipped="0" time="0.192828">
        <testcase name="testSendMessageThroughMessageSentEvent" file="/home/adam/Documents/flare/tests/Unit/Game/Messages/Events/MessageSentEventTest.php" line="32" class="Tests\Unit\Game\Messages\Events\MessageSentEventTest" classname="Tests.Unit.Game.Messages.Events.MessageSentEventTest" assertions="1" time="0.192828"/>
      </testsuite>
      <testsuite name="Tests\Unit\Game\Messages\Events\PrivateMessageEventTest" file="/home/adam/Documents/flare/tests/Unit/Game/Messages/Events/PrivateMessageEventTest.php" tests="2" assertions="2" errors="0" failures="0" skipped="0" time="0.446995">
        <testcase name="testSendPrivateMessageWithPrivateMessageEvent" file="/home/adam/Documents/flare/tests/Unit/Game/Messages/Events/PrivateMessageEventTest.php" line="34" class="Tests\Unit\Game\Messages\Events\PrivateMessageEventTest" classname="Tests.Unit.Game.Messages.Events.PrivateMessageEventTest" assertions="1" time="0.242793"/>
        <testcase name="testSendPrivateMessageAsAdminWithPrivateMessageEvent" file="/home/adam/Documents/flare/tests/Unit/Game/Messages/Events/PrivateMessageEventTest.php" line="56" class="Tests\Unit\Game\Messages\Events\PrivateMessageEventTest" classname="Tests.Unit.Game.Messages.Events.PrivateMessageEventTest" assertions="1" time="0.204202"/>
      </testsuite>
      <testsuite name="Tests\Unit\Game\Messages\Handlers\ServerMessageHandlerTest" file="/home/adam/Documents/flare/tests/Unit/Game/Messages/Handlers/ServerMessageHandlerTest.php" tests="3" assertions="3" errors="0" failures="0" skipped="0" time="0.375455">
        <testcase name="testSendBasicMessage" file="/home/adam/Documents/flare/tests/Unit/Game/Messages/Handlers/ServerMessageHandlerTest.php" line="45" class="Tests\Unit\Game\Messages\Handlers\ServerMessageHandlerTest" classname="Tests.Unit.Game.Messages.Handlers.ServerMessageHandlerTest" assertions="1" time="0.111372"/>
        <testcase name="testHandleMessage" file="/home/adam/Documents/flare/tests/Unit/Game/Messages/Handlers/ServerMessageHandlerTest.php" line="34" class="Tests\Unit\Game\Messages\Handlers\ServerMessageHandlerTest" classname="Tests.Unit.Game.Messages.Handlers.ServerMessageHandlerTest" assertions="1" time="0.109447"/>
        <testcase name="testHandleMessageWithNewValue" file="/home/adam/Documents/flare/tests/Unit/Game/Messages/Handlers/ServerMessageHandlerTest.php" line="56" class="Tests\Unit\Game\Messages\Handlers\ServerMessageHandlerTest" classname="Tests.Unit.Game.Messages.Handlers.ServerMessageHandlerTest" assertions="1" time="0.154636"/>
      </testsuite>
      <testsuite name="Tests\Unit\Game\Messages\Models\MessageTest" file="/home/adam/Documents/flare/tests/Unit/Game/Messages/Models/MessageTest.php" tests="2" assertions="14" errors="0" failures="0" skipped="0" time="0.414455">
        <testcase name="testCreateMessage" file="/home/adam/Documents/flare/tests/Unit/Game/Messages/Models/MessageTest.php" line="30" class="Tests\Unit\Game\Messages\Models\MessageTest" classname="Tests.Unit.Game.Messages.Models.MessageTest" assertions="6" time="0.205507"/>
        <testcase name="testSendMessageToAnotherUser" file="/home/adam/Documents/flare/tests/Unit/Game/Messages/Models/MessageTest.php" line="53" class="Tests\Unit\Game\Messages\Models\MessageTest" classname="Tests.Unit.Game.Messages.Models.MessageTest" assertions="8" time="0.208948"/>
      </testsuite>
      <testsuite name="Tests\Unit\Game\Messages\Services\FetchMessagesTest" file="/home/adam/Documents/flare/tests/Unit/Game/Messages/Services/FetchMessagesTest.php" tests="9" assertions="9" errors="0" failures="0" skipped="0" time="2.034584">
        <testcase name="testMessageMapNameIsLaby" file="/home/adam/Documents/flare/tests/Unit/Game/Messages/Services/FetchMessagesTest.php" line="51" class="Tests\Unit\Game\Messages\Services\FetchMessagesTest" classname="Tests.Unit.Game.Messages.Services.FetchMessagesTest" assertions="1" time="0.206340"/>
        <testcase name="testMessageMapNameIsShp" file="/home/adam/Documents/flare/tests/Unit/Game/Messages/Services/FetchMessagesTest.php" line="84" class="Tests\Unit\Game\Messages\Services\FetchMessagesTest" classname="Tests.Unit.Game.Messages.Services.FetchMessagesTest" assertions="1" time="0.255396"/>
        <testcase name="testMessageMapNameIsICE" file="/home/adam/Documents/flare/tests/Unit/Game/Messages/Services/FetchMessagesTest.php" line="106" class="Tests\Unit\Game\Messages\Services\FetchMessagesTest" classname="Tests.Unit.Game.Messages.Services.FetchMessagesTest" assertions="1" time="0.212502"/>
        <testcase name="testMessageMapNameIsDUN" file="/home/adam/Documents/flare/tests/Unit/Game/Messages/Services/FetchMessagesTest.php" line="62" class="Tests\Unit\Game\Messages\Services\FetchMessagesTest" classname="Tests.Unit.Game.Messages.Services.FetchMessagesTest" assertions="1" time="0.197125"/>
        <testcase name="testMessageMapNameIsHELL" file="/home/adam/Documents/flare/tests/Unit/Game/Messages/Services/FetchMessagesTest.php" line="73" class="Tests\Unit\Game\Messages\Services\FetchMessagesTest" classname="Tests.Unit.Game.Messages.Services.FetchMessagesTest" assertions="1" time="0.248050"/>
        <testcase name="testMessageMapNameIsSur" file="/home/adam/Documents/flare/tests/Unit/Game/Messages/Services/FetchMessagesTest.php" line="40" class="Tests\Unit\Game\Messages\Services\FetchMessagesTest" classname="Tests.Unit.Game.Messages.Services.FetchMessagesTest" assertions="1" time="0.214205"/>
        <testcase name="testMessageMapNameIsDefaultSurface" file="/home/adam/Documents/flare/tests/Unit/Game/Messages/Services/FetchMessagesTest.php" line="117" class="Tests\Unit\Game\Messages\Services\FetchMessagesTest" classname="Tests.Unit.Game.Messages.Services.FetchMessagesTest" assertions="1" time="0.210545"/>
        <testcase name="testMessageMapNameIsPURG" file="/home/adam/Documents/flare/tests/Unit/Game/Messages/Services/FetchMessagesTest.php" line="95" class="Tests\Unit\Game\Messages\Services\FetchMessagesTest" classname="Tests.Unit.Game.Messages.Services.FetchMessagesTest" assertions="1" time="0.225142"/>
        <testcase name="testMessageIsAdmin" file="/home/adam/Documents/flare/tests/Unit/Game/Messages/Services/FetchMessagesTest.php" line="128" class="Tests\Unit\Game\Messages\Services\FetchMessagesTest" classname="Tests.Unit.Game.Messages.Services.FetchMessagesTest" assertions="1" time="0.265279"/>
      </testsuite>
      <testsuite name="Tests\Unit\Game\Messages\Services\PrivateMessageTest" file="/home/adam/Documents/flare/tests/Unit/Game/Messages/Services/PrivateMessageTest.php" tests="6" assertions="6" errors="0" failures="0" skipped="0" time="1.783235">
        <testcase name="testSendMessageToEntrancetress" file="/home/adam/Documents/flare/tests/Unit/Game/Messages/Services/PrivateMessageTest.php" line="94" class="Tests\Unit\Game\Messages\Services\PrivateMessageTest" classname="Tests.Unit.Game.Messages.Services.PrivateMessageTest" assertions="1" time="0.217295"/>
        <testcase name="testHaveNoIdeaWhoToSendTo" file="/home/adam/Documents/flare/tests/Unit/Game/Messages/Services/PrivateMessageTest.php" line="128" class="Tests\Unit\Game\Messages\Services\PrivateMessageTest" classname="Tests.Unit.Game.Messages.Services.PrivateMessageTest" assertions="1" time="0.263204"/>
        <testcase name="testSendMessageToConjurerNPC" file="/home/adam/Documents/flare/tests/Unit/Game/Messages/Services/PrivateMessageTest.php" line="60" class="Tests\Unit\Game\Messages\Services\PrivateMessageTest" classname="Tests.Unit.Game.Messages.Services.PrivateMessageTest" assertions="1" time="0.216481"/>
        <testcase name="testSendMessageToQuestGiver" file="/home/adam/Documents/flare/tests/Unit/Game/Messages/Services/PrivateMessageTest.php" line="111" class="Tests\Unit\Game\Messages\Services\PrivateMessageTest" classname="Tests.Unit.Game.Messages.Services.PrivateMessageTest" assertions="1" time="0.217685"/>
        <testcase name="testSendMessageToKingdomHolder" file="/home/adam/Documents/flare/tests/Unit/Game/Messages/Services/PrivateMessageTest.php" line="77" class="Tests\Unit\Game\Messages\Services\PrivateMessageTest" classname="Tests.Unit.Game.Messages.Services.PrivateMessageTest" assertions="1" time="0.398221"/>
        <testcase name="testSendPrivateMessageToCharacter" file="/home/adam/Documents/flare/tests/Unit/Game/Messages/Services/PrivateMessageTest.php" line="49" class="Tests\Unit\Game\Messages\Services\PrivateMessageTest" classname="Tests.Unit.Game.Messages.Services.PrivateMessageTest" assertions="1" time="0.470349"/>
      </testsuite>
      <testsuite name="Tests\Unit\Game\Messages\Services\PublicEntityCommandTest" file="/home/adam/Documents/flare/tests/Unit/Game/Messages/Services/PublicEntityCommandTest.php" tests="8" assertions="8" errors="0" failures="0" skipped="0" time="23.625634">
        <testcase name="testBailWhenNoCharacterSet" file="/home/adam/Documents/flare/tests/Unit/Game/Messages/Services/PublicEntityCommandTest.php" line="42" class="Tests\Unit\Game\Messages\Services\PublicEntityCommandTest" classname="Tests.Unit.Game.Messages.Services.PublicEntityCommandTest" assertions="1" time="22.099074"/>
        <testcase name="testBailWhenYouDontHaveTheQuestItemForPCt" file="/home/adam/Documents/flare/tests/Unit/Game/Messages/Services/PublicEntityCommandTest.php" line="116" class="Tests\Unit\Game\Messages\Services\PublicEntityCommandTest" classname="Tests.Unit.Game.Messages.Services.PublicEntityCommandTest" assertions="1" time="0.206022"/>
        <testcase name="testNoCelestials" file="/home/adam/Documents/flare/tests/Unit/Game/Messages/Services/PublicEntityCommandTest.php" line="51" class="Tests\Unit\Game\Messages\Services\PublicEntityCommandTest" classname="Tests.Unit.Game.Messages.Services.PublicEntityCommandTest" assertions="1" time="0.216226"/>
        <testcase name="testUsePcCommand" file="/home/adam/Documents/flare/tests/Unit/Game/Messages/Services/PublicEntityCommandTest.php" line="64" class="Tests\Unit\Game\Messages\Services\PublicEntityCommandTest" classname="Tests.Unit.Game.Messages.Services.PublicEntityCommandTest" assertions="1" time="0.209343"/>
        <testcase name="testBailWhenNoCelestials" file="/home/adam/Documents/flare/tests/Unit/Game/Messages/Services/PublicEntityCommandTest.php" line="129" class="Tests\Unit\Game\Messages\Services\PublicEntityCommandTest" classname="Tests.Unit.Game.Messages.Services.PublicEntityCommandTest" assertions="1" time="0.252601"/>
        <testcase name="testErrorOutWhenInvalidQuestItemGiven" file="/home/adam/Documents/flare/tests/Unit/Game/Messages/Services/PublicEntityCommandTest.php" line="100" class="Tests\Unit\Game\Messages\Services\PublicEntityCommandTest" classname="Tests.Unit.Game.Messages.Services.PublicEntityCommandTest" assertions="1" time="0.215228"/>
        <testcase name="testUseThePctCommand" file="/home/adam/Documents/flare/tests/Unit/Game/Messages/Services/PublicEntityCommandTest.php" line="145" class="Tests\Unit\Game\Messages\Services\PublicEntityCommandTest" classname="Tests.Unit.Game.Messages.Services.PublicEntityCommandTest" assertions="1" time="0.220900"/>
        <testcase name="testBailWhenNoCharacterSetForPCTCommand" file="/home/adam/Documents/flare/tests/Unit/Game/Messages/Services/PublicEntityCommandTest.php" line="91" class="Tests\Unit\Game\Messages\Services\PublicEntityCommandTest" classname="Tests.Unit.Game.Messages.Services.PublicEntityCommandTest" assertions="1" time="0.206240"/>
      </testsuite>
      <testsuite name="Tests\Unit\Game\Messages\Services\PublicMessageTest" file="/home/adam/Documents/flare/tests/Unit/Game/Messages/Services/PublicMessageTest.php" tests="13" assertions="27" errors="0" failures="0" skipped="0" time="3.178025">
        <testcase name="testSendPublicMessage" file="/home/adam/Documents/flare/tests/Unit/Game/Messages/Services/PublicMessageTest.php" line="49" class="Tests\Unit\Game\Messages\Services\PublicMessageTest" classname="Tests.Unit.Game.Messages.Services.PublicMessageTest" assertions="2" time="0.227396"/>
        <testcase name="testSendAdminPublicMessage" file="/home/adam/Documents/flare/tests/Unit/Game/Messages/Services/PublicMessageTest.php" line="357" class="Tests\Unit\Game\Messages\Services\PublicMessageTest" classname="Tests.Unit.Game.Messages.Services.PublicMessageTest" assertions="2" time="0.235948"/>
        <testcase name="testSendPublicMessageForDungeonColor" file="/home/adam/Documents/flare/tests/Unit/Game/Messages/Services/PublicMessageTest.php" line="118" class="Tests\Unit\Game\Messages\Services\PublicMessageTest" classname="Tests.Unit.Game.Messages.Services.PublicMessageTest" assertions="2" time="0.229278"/>
        <testcase name="testSendPublicMessageForTwistedMemoriesColor" file="/home/adam/Documents/flare/tests/Unit/Game/Messages/Services/PublicMessageTest.php" line="226" class="Tests\Unit\Game\Messages\Services\PublicMessageTest" classname="Tests.Unit.Game.Messages.Services.PublicMessageTest" assertions="2" time="0.273267"/>
        <testcase name="testSendPublicMessageForIcePlaneColor" file="/home/adam/Documents/flare/tests/Unit/Game/Messages/Services/PublicMessageTest.php" line="280" class="Tests\Unit\Game\Messages\Services\PublicMessageTest" classname="Tests.Unit.Game.Messages.Services.PublicMessageTest" assertions="2" time="0.224256"/>
        <testcase name="testSendPublicMessageForSurfaceColor" file="/home/adam/Documents/flare/tests/Unit/Game/Messages/Services/PublicMessageTest.php" line="64" class="Tests\Unit\Game\Messages\Services\PublicMessageTest" classname="Tests.Unit.Game.Messages.Services.PublicMessageTest" assertions="2" time="0.259027"/>
        <testcase name="testSendPublicMessageDefaultToSurfaceColor" file="/home/adam/Documents/flare/tests/Unit/Game/Messages/Services/PublicMessageTest.php" line="307" class="Tests\Unit\Game\Messages\Services\PublicMessageTest" classname="Tests.Unit.Game.Messages.Services.PublicMessageTest" assertions="2" time="0.248978"/>
        <testcase name="testSendPublicMessageForLabyrinthColor" file="/home/adam/Documents/flare/tests/Unit/Game/Messages/Services/PublicMessageTest.php" line="91" class="Tests\Unit\Game\Messages\Services\PublicMessageTest" classname="Tests.Unit.Game.Messages.Services.PublicMessageTest" assertions="2" time="0.258031"/>
        <testcase name="testSendPublicMessageForShadowPlaneColor" file="/home/adam/Documents/flare/tests/Unit/Game/Messages/Services/PublicMessageTest.php" line="172" class="Tests\Unit\Game\Messages\Services\PublicMessageTest" classname="Tests.Unit.Game.Messages.Services.PublicMessageTest" assertions="2" time="0.297032"/>
        <testcase name="testSendPublicMessageForHellColor" file="/home/adam/Documents/flare/tests/Unit/Game/Messages/Services/PublicMessageTest.php" line="145" class="Tests\Unit\Game\Messages\Services\PublicMessageTest" classname="Tests.Unit.Game.Messages.Services.PublicMessageTest" assertions="2" time="0.207279"/>
        <testcase name="testSendPublicMessageForDelusionalMemoriesColor" file="/home/adam/Documents/flare/tests/Unit/Game/Messages/Services/PublicMessageTest.php" line="253" class="Tests\Unit\Game\Messages\Services\PublicMessageTest" classname="Tests.Unit.Game.Messages.Services.PublicMessageTest" assertions="2" time="0.273482"/>
        <testcase name="testSendPublicMessageWithLocationHidden" file="/home/adam/Documents/flare/tests/Unit/Game/Messages/Services/PublicMessageTest.php" line="334" class="Tests\Unit\Game\Messages\Services\PublicMessageTest" classname="Tests.Unit.Game.Messages.Services.PublicMessageTest" assertions="3" time="0.225401"/>
        <testcase name="testSendPublicMessageForPurgatoryColor" file="/home/adam/Documents/flare/tests/Unit/Game/Messages/Services/PublicMessageTest.php" line="199" class="Tests\Unit\Game\Messages\Services\PublicMessageTest" classname="Tests.Unit.Game.Messages.Services.PublicMessageTest" assertions="2" time="0.218651"/>
      </testsuite>
      <testsuite name="Tests\Unit\Game\Messages\Services\ServerMessageTest" file="/home/adam/Documents/flare/tests/Unit/Game/Messages/Services/ServerMessageTest.php" tests="3" assertions="3" errors="0" failures="0" skipped="0" time="46.208740">
        <testcase name="testGenerateServerMessageOfType" file="/home/adam/Documents/flare/tests/Unit/Game/Messages/Services/ServerMessageTest.php" line="57" class="Tests\Unit\Game\Messages\Services\ServerMessageTest" classname="Tests.Unit.Game.Messages.Services.ServerMessageTest" assertions="1" time="0.371319"/>
        <testcase name="testGenerateCustomServerMessage" file="/home/adam/Documents/flare/tests/Unit/Game/Messages/Services/ServerMessageTest.php" line="73" class="Tests\Unit\Game\Messages\Services\ServerMessageTest" classname="Tests.Unit.Game.Messages.Services.ServerMessageTest" assertions="1" time="22.979207"/>
        <testcase name="testGenerateServerMessageForChattingTooMuch" file="/home/adam/Documents/flare/tests/Unit/Game/Messages/Services/ServerMessageTest.php" line="43" class="Tests\Unit\Game\Messages\Services\ServerMessageTest" classname="Tests.Unit.Game.Messages.Services.ServerMessageTest" assertions="1" time="22.858214"/>
      </testsuite>
      <testsuite name="Tests\Unit\Game\Messages\Values\MapChatColorTest" file="/home/adam/Documents/flare/tests/Unit/Game/Messages/Values/MapChatColorTest.php" tests="7" assertions="7" errors="0" failures="0" skipped="0" time="23.656608">
        <testcase name="testHellColor" file="/home/adam/Documents/flare/tests/Unit/Game/Messages/Values/MapChatColorTest.php" line="86" class="Tests\Unit\Game\Messages\Values\MapChatColorTest" classname="Tests.Unit.Game.Messages.Values.MapChatColorTest" assertions="1" time="22.396496"/>
        <testcase name="testPurgatoryColor" file="/home/adam/Documents/flare/tests/Unit/Game/Messages/Values/MapChatColorTest.php" line="122" class="Tests\Unit\Game\Messages\Values\MapChatColorTest" classname="Tests.Unit.Game.Messages.Values.MapChatColorTest" assertions="1" time="0.216078"/>
        <testcase name="testTheIcePlaneColor" file="/home/adam/Documents/flare/tests/Unit/Game/Messages/Values/MapChatColorTest.php" line="140" class="Tests\Unit\Game\Messages\Values\MapChatColorTest" classname="Tests.Unit.Game.Messages.Values.MapChatColorTest" assertions="1" time="0.199450"/>
        <testcase name="testSurfaceColor" file="/home/adam/Documents/flare/tests/Unit/Game/Messages/Values/MapChatColorTest.php" line="32" class="Tests\Unit\Game\Messages\Values\MapChatColorTest" classname="Tests.Unit.Game.Messages.Values.MapChatColorTest" assertions="1" time="0.201053"/>
        <testcase name="testDungeonsColor" file="/home/adam/Documents/flare/tests/Unit/Game/Messages/Values/MapChatColorTest.php" line="68" class="Tests\Unit\Game\Messages\Values\MapChatColorTest" classname="Tests.Unit.Game.Messages.Values.MapChatColorTest" assertions="1" time="0.206956"/>
        <testcase name="testShadowPlaneColor" file="/home/adam/Documents/flare/tests/Unit/Game/Messages/Values/MapChatColorTest.php" line="104" class="Tests\Unit\Game\Messages\Values\MapChatColorTest" classname="Tests.Unit.Game.Messages.Values.MapChatColorTest" assertions="1" time="0.225258"/>
        <testcase name="testLabyrinthColor" file="/home/adam/Documents/flare/tests/Unit/Game/Messages/Values/MapChatColorTest.php" line="50" class="Tests\Unit\Game\Messages\Values\MapChatColorTest" classname="Tests.Unit.Game.Messages.Values.MapChatColorTest" assertions="1" time="0.211317"/>
      </testsuite>
      <testsuite name="Tests\Unit\Game\NpcActions\LabyrinthOracle\Services\ItemTransferServiceTest" file="/home/adam/Documents/flare/tests/Unit/Game/NpcActions/LabyrinthOracle/Services/ItemTransferServiceTest.php" tests="11" assertions="61" errors="0" failures="0" skipped="0" time="2.889749">
        <testcase name="testCannotAffordToTransfer" file="/home/adam/Documents/flare/tests/Unit/Game/NpcActions/LabyrinthOracle/Services/ItemTransferServiceTest.php" line="41" class="Tests\Unit\Game\NpcActions\LabyrinthOracle\Services\ItemTransferServiceTest" classname="Tests.Unit.Game.NpcActions.LabyrinthOracle.Services.ItemTransferServiceTest" assertions="2" time="0.208611"/>
        <testcase name="testItemHasNothingToTransfer" file="/home/adam/Documents/flare/tests/Unit/Game/NpcActions/LabyrinthOracle/Services/ItemTransferServiceTest.php" line="139" class="Tests\Unit\Game\NpcActions\LabyrinthOracle\Services\ItemTransferServiceTest" classname="Tests.Unit.Game.NpcActions.LabyrinthOracle.Services.ItemTransferServiceTest" assertions="2" time="0.219783"/>
        <testcase name="testQuestItemCannotBeTransferedFrom" file="/home/adam/Documents/flare/tests/Unit/Game/NpcActions/LabyrinthOracle/Services/ItemTransferServiceTest.php" line="77" class="Tests\Unit\Game\NpcActions\LabyrinthOracle\Services\ItemTransferServiceTest" classname="Tests.Unit.Game.NpcActions.LabyrinthOracle.Services.ItemTransferServiceTest" assertions="2" time="0.230860"/>
        <testcase name="testItemsDoNotExistForTransfer" file="/home/adam/Documents/flare/tests/Unit/Game/NpcActions/LabyrinthOracle/Services/ItemTransferServiceTest.php" line="55" class="Tests\Unit\Game\NpcActions\LabyrinthOracle\Services\ItemTransferServiceTest" classname="Tests.Unit.Game.NpcActions.LabyrinthOracle.Services.ItemTransferServiceTest" assertions="2" time="0.227617"/>
        <testcase name="testQuestItemCannotBeTransferedTo" file="/home/adam/Documents/flare/tests/Unit/Game/NpcActions/LabyrinthOracle/Services/ItemTransferServiceTest.php" line="108" class="Tests\Unit\Game\NpcActions\LabyrinthOracle\Services\ItemTransferServiceTest" classname="Tests.Unit.Game.NpcActions.LabyrinthOracle.Services.ItemTransferServiceTest" assertions="2" time="0.263866"/>
        <testcase name="testNotEnoughInventoryWhenTheItemToMoveTooHasGemsAndYouDoNotHaveTheInventorySpace" file="/home/adam/Documents/flare/tests/Unit/Game/NpcActions/LabyrinthOracle/Services/ItemTransferServiceTest.php" line="169" class="Tests\Unit\Game\NpcActions\LabyrinthOracle\Services\ItemTransferServiceTest" classname="Tests.Unit.Game.NpcActions.LabyrinthOracle.Services.ItemTransferServiceTest" assertions="2" time="0.238029"/>
        <testcase name="testTransferItemAttributes" file="/home/adam/Documents/flare/tests/Unit/Game/NpcActions/LabyrinthOracle/Services/ItemTransferServiceTest.php" line="220" class="Tests\Unit\Game\NpcActions\LabyrinthOracle\Services\ItemTransferServiceTest" classname="Tests.Unit.Game.NpcActions.LabyrinthOracle.Services.ItemTransferServiceTest" assertions="9" time="0.296685"/>
        <testcase name="testTransferItemAttributesWhenOneCosmic" file="/home/adam/Documents/flare/tests/Unit/Game/NpcActions/LabyrinthOracle/Services/ItemTransferServiceTest.php" line="398" class="Tests\Unit\Game\NpcActions\LabyrinthOracle\Services\ItemTransferServiceTest" classname="Tests.Unit.Game.NpcActions.LabyrinthOracle.Services.ItemTransferServiceTest" assertions="10" time="0.288546"/>
        <testcase name="testTransferItemAttributesWithGemsBeingReturnedAsNewEntries" file="/home/adam/Documents/flare/tests/Unit/Game/NpcActions/LabyrinthOracle/Services/ItemTransferServiceTest.php" line="600" class="Tests\Unit\Game\NpcActions\LabyrinthOracle\Services\ItemTransferServiceTest" classname="Tests.Unit.Game.NpcActions.LabyrinthOracle.Services.ItemTransferServiceTest" assertions="10" time="0.298534"/>
        <testcase name="testTransferItemAttributesWithGemsBeingReturned" file="/home/adam/Documents/flare/tests/Unit/Game/NpcActions/LabyrinthOracle/Services/ItemTransferServiceTest.php" line="488" class="Tests\Unit\Game\NpcActions\LabyrinthOracle\Services\ItemTransferServiceTest" classname="Tests.Unit.Game.NpcActions.LabyrinthOracle.Services.ItemTransferServiceTest" assertions="10" time="0.310984"/>
        <testcase name="testTransferItemAttributesWhenOneIsMythic" file="/home/adam/Documents/flare/tests/Unit/Game/NpcActions/LabyrinthOracle/Services/ItemTransferServiceTest.php" line="308" class="Tests\Unit\Game\NpcActions\LabyrinthOracle\Services\ItemTransferServiceTest" classname="Tests.Unit.Game.NpcActions.LabyrinthOracle.Services.ItemTransferServiceTest" assertions="10" time="0.306232"/>
      </testsuite>
      <testsuite name="Tests\Unit\Game\NpcActions\QueenOfHeartsActions\Services\QueenOfHeartsServiceTest" file="/home/adam/Documents/flare/tests/Unit/Game/NpcActions/QueenOfHeartsActions/Services/QueenOfHeartsServiceTest.php" tests="10" assertions="21" errors="0" failures="0" skipped="0" time="2.460973">
        <testcase name="testCannotReRollWhenNotInHell" file="/home/adam/Documents/flare/tests/Unit/Game/NpcActions/QueenOfHeartsActions/Services/QueenOfHeartsServiceTest.php" line="69" class="Tests\Unit\Game\NpcActions\QueenOfHeartsActions\Services\QueenOfHeartsServiceTest" classname="Tests.Unit.Game.NpcActions.QueenOfHeartsActions.Services.QueenOfHeartsServiceTest" assertions="3" time="0.261303"/>
        <testcase name="testCannotReRollForItemThatDoesntExist" file="/home/adam/Documents/flare/tests/Unit/Game/NpcActions/QueenOfHeartsActions/Services/QueenOfHeartsServiceTest.php" line="53" class="Tests\Unit\Game\NpcActions\QueenOfHeartsActions\Services\QueenOfHeartsServiceTest" classname="Tests.Unit.Game.NpcActions.QueenOfHeartsActions.Services.QueenOfHeartsServiceTest" assertions="2" time="0.207810"/>
        <testcase name="testCannotMoveEnchantmentsWhenItemsDoNotExist" file="/home/adam/Documents/flare/tests/Unit/Game/NpcActions/QueenOfHeartsActions/Services/QueenOfHeartsServiceTest.php" line="162" class="Tests\Unit\Game\NpcActions\QueenOfHeartsActions\Services\QueenOfHeartsServiceTest" classname="Tests.Unit.Game.NpcActions.QueenOfHeartsActions.Services.QueenOfHeartsServiceTest" assertions="2" time="0.213498"/>
        <testcase name="testCannotMoveEnchantmentsWhenInvalidItemTypeForItemToMoveTo" file="/home/adam/Documents/flare/tests/Unit/Game/NpcActions/QueenOfHeartsActions/Services/QueenOfHeartsServiceTest.php" line="229" class="Tests\Unit\Game\NpcActions\QueenOfHeartsActions\Services\QueenOfHeartsServiceTest" classname="Tests.Unit.Game.NpcActions.QueenOfHeartsActions.Services.QueenOfHeartsServiceTest" assertions="2" time="0.237148"/>
        <testcase name="testCannotMoveEnchantmentsWhenCannotAfford" file="/home/adam/Documents/flare/tests/Unit/Game/NpcActions/QueenOfHeartsActions/Services/QueenOfHeartsServiceTest.php" line="184" class="Tests\Unit\Game\NpcActions\QueenOfHeartsActions\Services\QueenOfHeartsServiceTest" classname="Tests.Unit.Game.NpcActions.QueenOfHeartsActions.Services.QueenOfHeartsServiceTest" assertions="2" time="0.262204"/>
        <testcase name="testCannotMoveEnchantmentsWhenInvalidItemTypeForItemToMoveFrom" file="/home/adam/Documents/flare/tests/Unit/Game/NpcActions/QueenOfHeartsActions/Services/QueenOfHeartsServiceTest.php" line="270" class="Tests\Unit\Game\NpcActions\QueenOfHeartsActions\Services\QueenOfHeartsServiceTest" classname="Tests.Unit.Game.NpcActions.QueenOfHeartsActions.Services.QueenOfHeartsServiceTest" assertions="2" time="0.233115"/>
        <testcase name="testCannotReRollWhenCantAfford" file="/home/adam/Documents/flare/tests/Unit/Game/NpcActions/QueenOfHeartsActions/Services/QueenOfHeartsServiceTest.php" line="85" class="Tests\Unit\Game\NpcActions\QueenOfHeartsActions\Services\QueenOfHeartsServiceTest" classname="Tests.Unit.Game.NpcActions.QueenOfHeartsActions.Services.QueenOfHeartsServiceTest" assertions="2" time="0.232913"/>
        <testcase name="testCanReRoll" file="/home/adam/Documents/flare/tests/Unit/Game/NpcActions/QueenOfHeartsActions/Services/QueenOfHeartsServiceTest.php" line="115" class="Tests\Unit\Game\NpcActions\QueenOfHeartsActions\Services\QueenOfHeartsServiceTest" classname="Tests.Unit.Game.NpcActions.QueenOfHeartsActions.Services.QueenOfHeartsServiceTest" assertions="2" time="0.320755"/>
        <testcase name="testCannotMoveEnchantmentsWhenNotInHell" file="/home/adam/Documents/flare/tests/Unit/Game/NpcActions/QueenOfHeartsActions/Services/QueenOfHeartsServiceTest.php" line="148" class="Tests\Unit\Game\NpcActions\QueenOfHeartsActions\Services\QueenOfHeartsServiceTest" classname="Tests.Unit.Game.NpcActions.QueenOfHeartsActions.Services.QueenOfHeartsServiceTest" assertions="3" time="0.217150"/>
        <testcase name="testCanMoveEnchantments" file="/home/adam/Documents/flare/tests/Unit/Game/NpcActions/QueenOfHeartsActions/Services/QueenOfHeartsServiceTest.php" line="317" class="Tests\Unit\Game\NpcActions\QueenOfHeartsActions\Services\QueenOfHeartsServiceTest" classname="Tests.Unit.Game.NpcActions.QueenOfHeartsActions.Services.QueenOfHeartsServiceTest" assertions="1" time="0.275077"/>
      </testsuite>
      <testsuite name="Tests\Unit\Game\NpcActions\QueenOfHeartsActions\Services\RandomEnchantmentServiceTest" file="/home/adam/Documents/flare/tests/Unit/Game/NpcActions/QueenOfHeartsActions/Services/RandomEnchantmentServiceTest.php" tests="6" assertions="11" errors="0" failures="0" skipped="0" time="1.525759">
        <testcase name="testGetCostForEachType" file="/home/adam/Documents/flare/tests/Unit/Game/NpcActions/QueenOfHeartsActions/Services/RandomEnchantmentServiceTest.php" line="78" class="Tests\Unit\Game\NpcActions\QueenOfHeartsActions\Services\RandomEnchantmentServiceTest" classname="Tests.Unit.Game.NpcActions.QueenOfHeartsActions.Services.RandomEnchantmentServiceTest" assertions="1" time="0.203112"/>
        <testcase name="testGenerateWithBothSuffixAndPrefix" file="/home/adam/Documents/flare/tests/Unit/Game/NpcActions/QueenOfHeartsActions/Services/RandomEnchantmentServiceTest.php" line="60" class="Tests\Unit\Game\NpcActions\QueenOfHeartsActions\Services\RandomEnchantmentServiceTest" classname="Tests.Unit.Game.NpcActions.QueenOfHeartsActions.Services.RandomEnchantmentServiceTest" assertions="2" time="0.369580"/>
        <testcase name="testFetchNonUniqueItems" file="/home/adam/Documents/flare/tests/Unit/Game/NpcActions/QueenOfHeartsActions/Services/RandomEnchantmentServiceTest.php" line="114" class="Tests\Unit\Game\NpcActions\QueenOfHeartsActions\Services\RandomEnchantmentServiceTest" classname="Tests.Unit.Game.NpcActions.QueenOfHeartsActions.Services.RandomEnchantmentServiceTest" assertions="1" time="0.211096"/>
        <testcase name="testFetchAllUniqueItems" file="/home/adam/Documents/flare/tests/Unit/Game/NpcActions/QueenOfHeartsActions/Services/RandomEnchantmentServiceTest.php" line="85" class="Tests\Unit\Game\NpcActions\QueenOfHeartsActions\Services\RandomEnchantmentServiceTest" classname="Tests.Unit.Game.NpcActions.QueenOfHeartsActions.Services.RandomEnchantmentServiceTest" assertions="1" time="0.221582"/>
        <testcase name="testFetchDataForApiCall" file="/home/adam/Documents/flare/tests/Unit/Game/NpcActions/QueenOfHeartsActions/Services/RandomEnchantmentServiceTest.php" line="96" class="Tests\Unit\Game\NpcActions\QueenOfHeartsActions\Services\RandomEnchantmentServiceTest" classname="Tests.Unit.Game.NpcActions.QueenOfHeartsActions.Services.RandomEnchantmentServiceTest" assertions="2" time="0.275831"/>
        <testcase name="testGenerateItemForEachType" file="/home/adam/Documents/flare/tests/Unit/Game/NpcActions/QueenOfHeartsActions/Services/RandomEnchantmentServiceTest.php" line="45" class="Tests\Unit\Game\NpcActions\QueenOfHeartsActions\Services\RandomEnchantmentServiceTest" classname="Tests.Unit.Game.NpcActions.QueenOfHeartsActions.Services.RandomEnchantmentServiceTest" assertions="4" time="0.244558"/>
      </testsuite>
      <testsuite name="Tests\Unit\Game\NpcActions\QueenOfHeartsActions\Services\ReRollEnchantmentServiceTest" file="/home/adam/Documents/flare/tests/Unit/Game/NpcActions/QueenOfHeartsActions/Services/ReRollEnchantmentServiceTest.php" tests="16" assertions="29" errors="0" failures="0" skipped="0" time="3.963641">
        <testcase name="testGetMovementCostForNonExistentItem" file="/home/adam/Documents/flare/tests/Unit/Game/NpcActions/QueenOfHeartsActions/Services/ReRollEnchantmentServiceTest.php" line="193" class="Tests\Unit\Game\NpcActions\QueenOfHeartsActions\Services\ReRollEnchantmentServiceTest" classname="Tests.Unit.Game.NpcActions.QueenOfHeartsActions.Services.ReRollEnchantmentServiceTest" assertions="1" time="0.203165"/>
        <testcase name="testCanAffordTheMovementCost" file="/home/adam/Documents/flare/tests/Unit/Game/NpcActions/QueenOfHeartsActions/Services/ReRollEnchantmentServiceTest.php" line="175" class="Tests\Unit\Game\NpcActions\QueenOfHeartsActions\Services\ReRollEnchantmentServiceTest" classname="Tests.Unit.Game.NpcActions.QueenOfHeartsActions.Services.ReRollEnchantmentServiceTest" assertions="1" time="0.218449"/>
        <testcase name="testGetMovementFromCostsForAllEnchantments" file="/home/adam/Documents/flare/tests/Unit/Game/NpcActions/QueenOfHeartsActions/Services/ReRollEnchantmentServiceTest.php" line="200" class="Tests\Unit\Game\NpcActions\QueenOfHeartsActions\Services\ReRollEnchantmentServiceTest" classname="Tests.Unit.Game.NpcActions.QueenOfHeartsActions.Services.ReRollEnchantmentServiceTest" assertions="2" time="0.249733"/>
        <testcase name="testCanAffordForAllEnchantments" file="/home/adam/Documents/flare/tests/Unit/Game/NpcActions/QueenOfHeartsActions/Services/ReRollEnchantmentServiceTest.php" line="44" class="Tests\Unit\Game\NpcActions\QueenOfHeartsActions\Services\ReRollEnchantmentServiceTest" classname="Tests.Unit.Game.NpcActions.QueenOfHeartsActions.Services.ReRollEnchantmentServiceTest" assertions="1" time="0.210096"/>
        <testcase name="testDoReRollForEverything" file="/home/adam/Documents/flare/tests/Unit/Game/NpcActions/QueenOfHeartsActions/Services/ReRollEnchantmentServiceTest.php" line="100" class="Tests\Unit\Game\NpcActions\QueenOfHeartsActions\Services\ReRollEnchantmentServiceTest" classname="Tests.Unit.Game.NpcActions.QueenOfHeartsActions.Services.ReRollEnchantmentServiceTest" assertions="1" time="0.242619"/>
        <testcase name="testCanAffordForRegularReRoll" file="/home/adam/Documents/flare/tests/Unit/Game/NpcActions/QueenOfHeartsActions/Services/ReRollEnchantmentServiceTest.php" line="51" class="Tests\Unit\Game\NpcActions\QueenOfHeartsActions\Services\ReRollEnchantmentServiceTest" classname="Tests.Unit.Game.NpcActions.QueenOfHeartsActions.Services.ReRollEnchantmentServiceTest" assertions="1" time="0.239791"/>
        <testcase name="testDoReRollForPrefix" file="/home/adam/Documents/flare/tests/Unit/Game/NpcActions/QueenOfHeartsActions/Services/ReRollEnchantmentServiceTest.php" line="125" class="Tests\Unit\Game\NpcActions\QueenOfHeartsActions\Services\ReRollEnchantmentServiceTest" classname="Tests.Unit.Game.NpcActions.QueenOfHeartsActions.Services.ReRollEnchantmentServiceTest" assertions="1" time="0.256504"/>
        <testcase name="testGetMovementFromCostsForPrefix" file="/home/adam/Documents/flare/tests/Unit/Game/NpcActions/QueenOfHeartsActions/Services/ReRollEnchantmentServiceTest.php" line="217" class="Tests\Unit\Game\NpcActions\QueenOfHeartsActions\Services\ReRollEnchantmentServiceTest" classname="Tests.Unit.Game.NpcActions.QueenOfHeartsActions.Services.ReRollEnchantmentServiceTest" assertions="2" time="0.205172"/>
        <testcase name="testDoReRollForPrefixEffectingBaseStats" file="/home/adam/Documents/flare/tests/Unit/Game/NpcActions/QueenOfHeartsActions/Services/ReRollEnchantmentServiceTest.php" line="150" class="Tests\Unit\Game\NpcActions\QueenOfHeartsActions\Services\ReRollEnchantmentServiceTest" classname="Tests.Unit.Game.NpcActions.QueenOfHeartsActions.Services.ReRollEnchantmentServiceTest" assertions="1" time="0.226585"/>
        <testcase name="testDoReRollWithOldCost" file="/home/adam/Documents/flare/tests/Unit/Game/NpcActions/QueenOfHeartsActions/Services/ReRollEnchantmentServiceTest.php" line="79" class="Tests\Unit\Game\NpcActions\QueenOfHeartsActions\Services\ReRollEnchantmentServiceTest" classname="Tests.Unit.Game.NpcActions.QueenOfHeartsActions.Services.ReRollEnchantmentServiceTest" assertions="1" time="0.285540"/>
        <testcase name="testDoReRoll" file="/home/adam/Documents/flare/tests/Unit/Game/NpcActions/QueenOfHeartsActions/Services/ReRollEnchantmentServiceTest.php" line="58" class="Tests\Unit\Game\NpcActions\QueenOfHeartsActions\Services\ReRollEnchantmentServiceTest" classname="Tests.Unit.Game.NpcActions.QueenOfHeartsActions.Services.ReRollEnchantmentServiceTest" assertions="1" time="0.233933"/>
        <testcase name="testMoveAllAffixes" file="/home/adam/Documents/flare/tests/Unit/Game/NpcActions/QueenOfHeartsActions/Services/ReRollEnchantmentServiceTest.php" line="234" class="Tests\Unit\Game\NpcActions\QueenOfHeartsActions\Services\ReRollEnchantmentServiceTest" classname="Tests.Unit.Game.NpcActions.QueenOfHeartsActions.Services.ReRollEnchantmentServiceTest" assertions="3" time="0.252668"/>
        <testcase name="testMoveSpecificAffix" file="/home/adam/Documents/flare/tests/Unit/Game/NpcActions/QueenOfHeartsActions/Services/ReRollEnchantmentServiceTest.php" line="376" class="Tests\Unit\Game\NpcActions\QueenOfHeartsActions\Services\ReRollEnchantmentServiceTest" classname="Tests.Unit.Game.NpcActions.QueenOfHeartsActions.Services.ReRollEnchantmentServiceTest" assertions="3" time="0.293647"/>
        <testcase name="testMoveAllAffixesWhenItemOnlyHasOneAffix" file="/home/adam/Documents/flare/tests/Unit/Game/NpcActions/QueenOfHeartsActions/Services/ReRollEnchantmentServiceTest.php" line="335" class="Tests\Unit\Game\NpcActions\QueenOfHeartsActions\Services\ReRollEnchantmentServiceTest" classname="Tests.Unit.Game.NpcActions.QueenOfHeartsActions.Services.ReRollEnchantmentServiceTest" assertions="3" time="0.236609"/>
        <testcase name="testMoveAllAffixesWhenOneItemHasGems" file="/home/adam/Documents/flare/tests/Unit/Game/NpcActions/QueenOfHeartsActions/Services/ReRollEnchantmentServiceTest.php" line="279" class="Tests\Unit\Game\NpcActions\QueenOfHeartsActions\Services\ReRollEnchantmentServiceTest" classname="Tests.Unit.Game.NpcActions.QueenOfHeartsActions.Services.ReRollEnchantmentServiceTest" assertions="3" time="0.279591"/>
        <testcase name="testMoveSpecificAffixAndDeleteTheSlotWithTheUnique" file="/home/adam/Documents/flare/tests/Unit/Game/NpcActions/QueenOfHeartsActions/Services/ReRollEnchantmentServiceTest.php" line="421" class="Tests\Unit\Game\NpcActions\QueenOfHeartsActions\Services\ReRollEnchantmentServiceTest" classname="Tests.Unit.Game.NpcActions.QueenOfHeartsActions.Services.ReRollEnchantmentServiceTest" assertions="4" time="0.329537"/>
      </testsuite>
      <testsuite name="Tests\Unit\Game\NpcActions\SeerActions\Services\SeerServiceTest" file="/home/adam/Documents/flare/tests/Unit/Game/NpcActions/SeerActions/Services/SeerServiceTest.php" tests="39" assertions="92" errors="0" failures="0" skipped="0" time="9.687157">
        <testcase name="testItemToAddSocketsTooItemDoesNotExist" file="/home/adam/Documents/flare/tests/Unit/Game/NpcActions/SeerActions/Services/SeerServiceTest.php" line="41" class="Tests\Unit\Game\NpcActions\SeerActions\Services\SeerServiceTest" classname="Tests.Unit.Game.NpcActions.SeerActions.Services.SeerServiceTest" assertions="2" time="0.210131"/>
        <testcase name="testCannotAffordToAttachSockets" file="/home/adam/Documents/flare/tests/Unit/Game/NpcActions/SeerActions/Services/SeerServiceTest.php" line="50" class="Tests\Unit\Game\NpcActions\SeerActions\Services\SeerServiceTest" classname="Tests.Unit.Game.NpcActions.SeerActions.Services.SeerServiceTest" assertions="2" time="0.239062"/>
        <testcase name="testGemDoesNotExistWhenTryingToAddToItem" file="/home/adam/Documents/flare/tests/Unit/Game/NpcActions/SeerActions/Services/SeerServiceTest.php" line="864" class="Tests\Unit\Game\NpcActions\SeerActions\Services\SeerServiceTest" classname="Tests.Unit.Game.NpcActions.SeerActions.Services.SeerServiceTest" assertions="2" time="0.226017"/>
        <testcase name="testGetNoItemsWhenHasNotItemsWhenNoMatchingType" file="/home/adam/Documents/flare/tests/Unit/Game/NpcActions/SeerActions/Services/SeerServiceTest.php" line="1063" class="Tests\Unit\Game\NpcActions\SeerActions\Services\SeerServiceTest" classname="Tests.Unit.Game.NpcActions.SeerActions.Services.SeerServiceTest" assertions="1" time="0.243496"/>
        <testcase name="testGetGems" file="/home/adam/Documents/flare/tests/Unit/Game/NpcActions/SeerActions/Services/SeerServiceTest.php" line="1089" class="Tests\Unit\Game\NpcActions\SeerActions\Services\SeerServiceTest" classname="Tests.Unit.Game.NpcActions.SeerActions.Services.SeerServiceTest" assertions="1" time="0.218467"/>
        <testcase name="testGetItemsToAddGemsTo" file="/home/adam/Documents/flare/tests/Unit/Game/NpcActions/SeerActions/Services/SeerServiceTest.php" line="1076" class="Tests\Unit\Game\NpcActions\SeerActions\Services\SeerServiceTest" classname="Tests.Unit.Game.NpcActions.SeerActions.Services.SeerServiceTest" assertions="1" time="0.204054"/>
        <testcase name="testRemoveAllGemsFailsTheValidationTest" file="/home/adam/Documents/flare/tests/Unit/Game/NpcActions/SeerActions/Services/SeerServiceTest.php" line="418" class="Tests\Unit\Game\NpcActions\SeerActions\Services\SeerServiceTest" classname="Tests.Unit.Game.NpcActions.SeerActions.Services.SeerServiceTest" assertions="2" time="0.251853"/>
        <testcase name="testCannotRemoveGemFromNonExistantItem" file="/home/adam/Documents/flare/tests/Unit/Game/NpcActions/SeerActions/Services/SeerServiceTest.php" line="210" class="Tests\Unit\Game\NpcActions\SeerActions\Services\SeerServiceTest" classname="Tests.Unit.Game.NpcActions.SeerActions.Services.SeerServiceTest" assertions="2" time="0.209616"/>
        <testcase name="testItemDoesNotExistWhenReplacingGem" file="/home/adam/Documents/flare/tests/Unit/Game/NpcActions/SeerActions/Services/SeerServiceTest.php" line="518" class="Tests\Unit\Game\NpcActions\SeerActions\Services\SeerServiceTest" classname="Tests.Unit.Game.NpcActions.SeerActions.Services.SeerServiceTest" assertions="2" time="0.214029"/>
        <testcase name="testGetNoItemsWhenHasNotItemsWithSockets" file="/home/adam/Documents/flare/tests/Unit/Game/NpcActions/SeerActions/Services/SeerServiceTest.php" line="1050" class="Tests\Unit\Game\NpcActions\SeerActions\Services\SeerServiceTest" classname="Tests.Unit.Game.NpcActions.SeerActions.Services.SeerServiceTest" assertions="1" time="0.227546"/>
        <testcase name="testCannotRemoveGemsFromItemWithNoGemsAttached" file="/home/adam/Documents/flare/tests/Unit/Game/NpcActions/SeerActions/Services/SeerServiceTest.php" line="236" class="Tests\Unit\Game\NpcActions\SeerActions\Services\SeerServiceTest" classname="Tests.Unit.Game.NpcActions.SeerActions.Services.SeerServiceTest" assertions="2" time="0.268243"/>
        <testcase name="testCannotAssignGemToItemWhenSocketsAreFull" file="/home/adam/Documents/flare/tests/Unit/Game/NpcActions/SeerActions/Services/SeerServiceTest.php" line="911" class="Tests\Unit\Game\NpcActions\SeerActions\Services\SeerServiceTest" classname="Tests.Unit.Game.NpcActions.SeerActions.Services.SeerServiceTest" assertions="2" time="0.231966"/>
        <testcase name="testCannotAttachSocketsToArtifacts" file="/home/adam/Documents/flare/tests/Unit/Game/NpcActions/SeerActions/Services/SeerServiceTest.php" line="63" class="Tests\Unit\Game\NpcActions\SeerActions\Services\SeerServiceTest" classname="Tests.Unit.Game.NpcActions.SeerActions.Services.SeerServiceTest" assertions="2" time="0.208851"/>
        <testcase name="testCannotRemoveGemsFromItemWhenInventoryIsFull" file="/home/adam/Documents/flare/tests/Unit/Game/NpcActions/SeerActions/Services/SeerServiceTest.php" line="254" class="Tests\Unit\Game\NpcActions\SeerActions\Services\SeerServiceTest" classname="Tests.Unit.Game.NpcActions.SeerActions.Services.SeerServiceTest" assertions="2" time="0.253429"/>
        <testcase name="testItemDoesntHaveSockets" file="/home/adam/Documents/flare/tests/Unit/Game/NpcActions/SeerActions/Services/SeerServiceTest.php" line="546" class="Tests\Unit\Game\NpcActions\SeerActions\Services\SeerServiceTest" classname="Tests.Unit.Game.NpcActions.SeerActions.Services.SeerServiceTest" assertions="2" time="0.226138"/>
        <testcase name="testCantAffordTheCostWhenReplacingGem" file="/home/adam/Documents/flare/tests/Unit/Game/NpcActions/SeerActions/Services/SeerServiceTest.php" line="620" class="Tests\Unit\Game\NpcActions\SeerActions\Services\SeerServiceTest" classname="Tests.Unit.Game.NpcActions.SeerActions.Services.SeerServiceTest" assertions="2" time="0.250691"/>
        <testcase name="testCannotRemoveGemsFromItemWithNoSocketCount" file="/home/adam/Documents/flare/tests/Unit/Game/NpcActions/SeerActions/Services/SeerServiceTest.php" line="219" class="Tests\Unit\Game\NpcActions\SeerActions\Services\SeerServiceTest" classname="Tests.Unit.Game.NpcActions.SeerActions.Services.SeerServiceTest" assertions="2" time="0.208599"/>
        <testcase name="testCannotAssignGemToItemThatDoesntExist" file="/home/adam/Documents/flare/tests/Unit/Game/NpcActions/SeerActions/Services/SeerServiceTest.php" line="855" class="Tests\Unit\Game\NpcActions\SeerActions\Services\SeerServiceTest" classname="Tests.Unit.Game.NpcActions.SeerActions.Services.SeerServiceTest" assertions="2" time="0.267799"/>
        <testcase name="testCannotRemoveGemsFromItemCantAfford" file="/home/adam/Documents/flare/tests/Unit/Game/NpcActions/SeerActions/Services/SeerServiceTest.php" line="281" class="Tests\Unit\Game\NpcActions\SeerActions\Services\SeerServiceTest" classname="Tests.Unit.Game.NpcActions.SeerActions.Services.SeerServiceTest" assertions="2" time="0.210133"/>
        <testcase name="testGemDoesNotExistForReplacing" file="/home/adam/Documents/flare/tests/Unit/Game/NpcActions/SeerActions/Services/SeerServiceTest.php" line="527" class="Tests\Unit\Game\NpcActions\SeerActions\Services\SeerServiceTest" classname="Tests.Unit.Game.NpcActions.SeerActions.Services.SeerServiceTest" assertions="2" time="0.223101"/>
        <testcase name="testCannotRemoveGemWhenGemIsNotOnTheItem" file="/home/adam/Documents/flare/tests/Unit/Game/NpcActions/SeerActions/Services/SeerServiceTest.php" line="304" class="Tests\Unit\Game\NpcActions\SeerActions\Services\SeerServiceTest" classname="Tests.Unit.Game.NpcActions.SeerActions.Services.SeerServiceTest" assertions="2" time="0.266395"/>
        <testcase name="testNewInventoryCountAfterRemovingGemsWouldBeTooMuch" file="/home/adam/Documents/flare/tests/Unit/Game/NpcActions/SeerActions/Services/SeerServiceTest.php" line="427" class="Tests\Unit\Game\NpcActions\SeerActions\Services\SeerServiceTest" classname="Tests.Unit.Game.NpcActions.SeerActions.Services.SeerServiceTest" assertions="2" time="0.234312"/>
        <testcase name="testItemDoesNotHaveSocketsToAttackGemTo" file="/home/adam/Documents/flare/tests/Unit/Game/NpcActions/SeerActions/Services/SeerServiceTest.php" line="882" class="Tests\Unit\Game\NpcActions\SeerActions\Services\SeerServiceTest" classname="Tests.Unit.Game.NpcActions.SeerActions.Services.SeerServiceTest" assertions="2" time="0.212711"/>
        <testcase name="testDoesntHaveTheGoldBarsToRemoveAllGems" file="/home/adam/Documents/flare/tests/Unit/Game/NpcActions/SeerActions/Services/SeerServiceTest.php" line="457" class="Tests\Unit\Game\NpcActions\SeerActions\Services\SeerServiceTest" classname="Tests.Unit.Game.NpcActions.SeerActions.Services.SeerServiceTest" assertions="2" time="0.219496"/>
        <testcase name="testCannotReplaceGemWhenInventoryIsFull" file="/home/adam/Documents/flare/tests/Unit/Game/NpcActions/SeerActions/Services/SeerServiceTest.php" line="707" class="Tests\Unit\Game\NpcActions\SeerActions\Services\SeerServiceTest" classname="Tests.Unit.Game.NpcActions.SeerActions.Services.SeerServiceTest" assertions="2" time="0.271413"/>
        <testcase name="testCannotAffordToAddGemToItem" file="/home/adam/Documents/flare/tests/Unit/Game/NpcActions/SeerActions/Services/SeerServiceTest.php" line="947" class="Tests\Unit\Game\NpcActions\SeerActions\Services\SeerServiceTest" classname="Tests.Unit.Game.NpcActions.SeerActions.Services.SeerServiceTest" assertions="2" time="0.225144"/>
        <testcase name="testGetItemsWithGemsForRemoval" file="/home/adam/Documents/flare/tests/Unit/Game/NpcActions/SeerActions/Services/SeerServiceTest.php" line="189" class="Tests\Unit\Game\NpcActions\SeerActions\Services\SeerServiceTest" classname="Tests.Unit.Game.NpcActions.SeerActions.Services.SeerServiceTest" assertions="3" time="0.241979"/>
        <testcase name="testAddSocketToItem" file="/home/adam/Documents/flare/tests/Unit/Game/NpcActions/SeerActions/Services/SeerServiceTest.php" line="80" class="Tests\Unit\Game\NpcActions\SeerActions\Services\SeerServiceTest" classname="Tests.Unit.Game.NpcActions.SeerActions.Services.SeerServiceTest" assertions="2" time="0.286071"/>
        <testcase name="testReplaceTheGemOnTheItem" file="/home/adam/Documents/flare/tests/Unit/Game/NpcActions/SeerActions/Services/SeerServiceTest.php" line="755" class="Tests\Unit\Game\NpcActions\SeerActions\Services\SeerServiceTest" classname="Tests.Unit.Game.NpcActions.SeerActions.Services.SeerServiceTest" assertions="2" time="0.257519"/>
        <testcase name="testAddTheGemToTheItem" file="/home/adam/Documents/flare/tests/Unit/Game/NpcActions/SeerActions/Services/SeerServiceTest.php" line="978" class="Tests\Unit\Game\NpcActions\SeerActions\Services\SeerServiceTest" classname="Tests.Unit.Game.NpcActions.SeerActions.Services.SeerServiceTest" assertions="2" time="0.237484"/>
        <testcase name="testAddTheGemToTheItemAndSubtractAmount" file="/home/adam/Documents/flare/tests/Unit/Game/NpcActions/SeerActions/Services/SeerServiceTest.php" line="1012" class="Tests\Unit\Game\NpcActions\SeerActions\Services\SeerServiceTest" classname="Tests.Unit.Game.NpcActions.SeerActions.Services.SeerServiceTest" assertions="4" time="0.264572"/>
        <testcase name="testInventoryIsFullWhenReplacingGem" file="/home/adam/Documents/flare/tests/Unit/Game/NpcActions/SeerActions/Services/SeerServiceTest.php" line="581" class="Tests\Unit\Game\NpcActions\SeerActions\Services\SeerServiceTest" classname="Tests.Unit.Game.NpcActions.SeerActions.Services.SeerServiceTest" assertions="2" time="0.263450"/>
        <testcase name="testGemToReplaceDoesNotExistOnItem" file="/home/adam/Documents/flare/tests/Unit/Game/NpcActions/SeerActions/Services/SeerServiceTest.php" line="661" class="Tests\Unit\Game\NpcActions\SeerActions\Services\SeerServiceTest" classname="Tests.Unit.Game.NpcActions.SeerActions.Services.SeerServiceTest" assertions="2" time="0.283322"/>
        <testcase name="testRemoveTheActualGemAndStackIt" file="/home/adam/Documents/flare/tests/Unit/Game/NpcActions/SeerActions/Services/SeerServiceTest.php" line="373" class="Tests\Unit\Game\NpcActions\SeerActions\Services\SeerServiceTest" classname="Tests.Unit.Game.NpcActions.SeerActions.Services.SeerServiceTest" assertions="3" time="0.286605"/>
        <testcase name="testReplaceTheGemOnTheItemAndStackTheGem" file="/home/adam/Documents/flare/tests/Unit/Game/NpcActions/SeerActions/Services/SeerServiceTest.php" line="801" class="Tests\Unit\Game\NpcActions\SeerActions\Services\SeerServiceTest" classname="Tests.Unit.Game.NpcActions.SeerActions.Services.SeerServiceTest" assertions="3" time="0.326165"/>
        <testcase name="testFailToAddSocketToItem" file="/home/adam/Documents/flare/tests/Unit/Game/NpcActions/SeerActions/Services/SeerServiceTest.php" line="108" class="Tests\Unit\Game\NpcActions\SeerActions\Services\SeerServiceTest" classname="Tests.Unit.Game.NpcActions.SeerActions.Services.SeerServiceTest" assertions="4" time="0.242862"/>
        <testcase name="testRemoveAllGems" file="/home/adam/Documents/flare/tests/Unit/Game/NpcActions/SeerActions/Services/SeerServiceTest.php" line="485" class="Tests\Unit\Game\NpcActions\SeerActions\Services\SeerServiceTest" classname="Tests.Unit.Game.NpcActions.SeerActions.Services.SeerServiceTest" assertions="2" time="0.289864"/>
        <testcase name="testRemoveTheActualGem" file="/home/adam/Documents/flare/tests/Unit/Game/NpcActions/SeerActions/Services/SeerServiceTest.php" line="334" class="Tests\Unit\Game\NpcActions\SeerActions\Services\SeerServiceTest" classname="Tests.Unit.Game.NpcActions.SeerActions.Services.SeerServiceTest" assertions="3" time="0.316320"/>
        <testcase name="testAssignSocketsToItem" file="/home/adam/Documents/flare/tests/Unit/Game/NpcActions/SeerActions/Services/SeerServiceTest.php" line="150" class="Tests\Unit\Game\NpcActions\SeerActions\Services\SeerServiceTest" classname="Tests.Unit.Game.NpcActions.SeerActions.Services.SeerServiceTest" assertions="12" time="0.368247"/>
      </testsuite>
      <testsuite name="Tests\Unit\Game\NpcActions\WorkBench\Services\HolyItemServiceTest" file="/home/adam/Documents/flare/tests/Unit/Game/NpcActions/WorkBench/Services/HolyItemServiceTest.php" tests="7" assertions="14" errors="0" failures="0" skipped="0" time="1.831803">
        <testcase name="testCannotAffordToApplyOil" file="/home/adam/Documents/flare/tests/Unit/Game/NpcActions/WorkBench/Services/HolyItemServiceTest.php" line="57" class="Tests\Unit\Game\NpcActions\WorkBench\Services\HolyItemServiceTest" classname="Tests.Unit.Game.NpcActions.WorkBench.Services.HolyItemServiceTest" assertions="1" time="0.261483"/>
        <testcase name="testCannotApplyOilWhenInvalidItemType" file="/home/adam/Documents/flare/tests/Unit/Game/NpcActions/WorkBench/Services/HolyItemServiceTest.php" line="88" class="Tests\Unit\Game\NpcActions\WorkBench\Services\HolyItemServiceTest" classname="Tests.Unit.Game.NpcActions.WorkBench.Services.HolyItemServiceTest" assertions="3" time="0.212291"/>
        <testcase name="testApplyHolyOilToItemWithOneStack" file="/home/adam/Documents/flare/tests/Unit/Game/NpcActions/WorkBench/Services/HolyItemServiceTest.php" line="234" class="Tests\Unit\Game\NpcActions\WorkBench\Services\HolyItemServiceTest" classname="Tests.Unit.Game.NpcActions.WorkBench.Services.HolyItemServiceTest" assertions="3" time="0.251289"/>
        <testcase name="testCannotApplyHolyOilWhenNoStacks" file="/home/adam/Documents/flare/tests/Unit/Game/NpcActions/WorkBench/Services/HolyItemServiceTest.php" line="128" class="Tests\Unit\Game\NpcActions\WorkBench\Services\HolyItemServiceTest" classname="Tests.Unit.Game.NpcActions.WorkBench.Services.HolyItemServiceTest" assertions="2" time="0.250281"/>
        <testcase name="testCannotApplyHolyOilWhenNoOilsInInventory" file="/home/adam/Documents/flare/tests/Unit/Game/NpcActions/WorkBench/Services/HolyItemServiceTest.php" line="164" class="Tests\Unit\Game\NpcActions\WorkBench\Services\HolyItemServiceTest" classname="Tests.Unit.Game.NpcActions.WorkBench.Services.HolyItemServiceTest" assertions="1" time="0.290973"/>
        <testcase name="testApplyHolyOilToItem" file="/home/adam/Documents/flare/tests/Unit/Game/NpcActions/WorkBench/Services/HolyItemServiceTest.php" line="193" class="Tests\Unit\Game\NpcActions\WorkBench\Services\HolyItemServiceTest" classname="Tests.Unit.Game.NpcActions.WorkBench.Services.HolyItemServiceTest" assertions="2" time="0.285981"/>
        <testcase name="testApplyOilToItemWithStack" file="/home/adam/Documents/flare/tests/Unit/Game/NpcActions/WorkBench/Services/HolyItemServiceTest.php" line="279" class="Tests\Unit\Game\NpcActions\WorkBench\Services\HolyItemServiceTest" classname="Tests.Unit.Game.NpcActions.WorkBench.Services.HolyItemServiceTest" assertions="2" time="0.279504"/>
      </testsuite>
      <testsuite name="Tests\Unit\Game\PassiveSkills\Jobs\TrainPassiveSkillTest" file="/home/adam/Documents/flare/tests/Unit/Game/PassiveSkills/Jobs/TrainPassiveSkillTest.php" tests="4" assertions="4" errors="0" failures="0" skipped="0" time="1.385471">
        <testcase name="testDoNotLevelPassive" file="/home/adam/Documents/flare/tests/Unit/Game/PassiveSkills/Jobs/TrainPassiveSkillTest.php" line="33" class="Tests\Unit\Game\PassiveSkills\Jobs\TrainPassiveSkillTest" classname="Tests.Unit.Game.PassiveSkills.Jobs.TrainPassiveSkillTest" assertions="1" time="0.304525"/>
        <testcase name="testDoNotOverLevelPassive" file="/home/adam/Documents/flare/tests/Unit/Game/PassiveSkills/Jobs/TrainPassiveSkillTest.php" line="62" class="Tests\Unit\Game\PassiveSkills\Jobs\TrainPassiveSkillTest" classname="Tests.Unit.Game.PassiveSkills.Jobs.TrainPassiveSkillTest" assertions="1" time="0.329046"/>
        <testcase name="testLevelUpPassive" file="/home/adam/Documents/flare/tests/Unit/Game/PassiveSkills/Jobs/TrainPassiveSkillTest.php" line="44" class="Tests\Unit\Game\PassiveSkills\Jobs\TrainPassiveSkillTest" classname="Tests.Unit.Game.PassiveSkills.Jobs.TrainPassiveSkillTest" assertions="1" time="0.297507"/>
        <testcase name="testPassiveUnlocksKingdomBuilding" file="/home/adam/Documents/flare/tests/Unit/Game/PassiveSkills/Jobs/TrainPassiveSkillTest.php" line="81" class="Tests\Unit\Game\PassiveSkills\Jobs\TrainPassiveSkillTest" classname="Tests.Unit.Game.PassiveSkills.Jobs.TrainPassiveSkillTest" assertions="1" time="0.454393"/>
      </testsuite>
      <testsuite name="Tests\Unit\Game\PassiveSkills\Services\PassiveTrainingSkillServiceTest" file="/home/adam/Documents/flare/tests/Unit/Game/PassiveSkills/Services/PassiveTrainingSkillServiceTest.php" tests="1" assertions="2" errors="0" failures="0" skipped="0" time="0.236088">
        <testcase name="testTrainAPassive" file="/home/adam/Documents/flare/tests/Unit/Game/PassiveSkills/Services/PassiveTrainingSkillServiceTest.php" line="39" class="Tests\Unit\Game\PassiveSkills\Services\PassiveTrainingSkillServiceTest" classname="Tests.Unit.Game.PassiveSkills.Services.PassiveTrainingSkillServiceTest" assertions="2" time="0.236088"/>
      </testsuite>
      <testsuite name="Tests\Unit\Game\PassiveSkills\Values\PassiveSkillTypeValueTest" file="/home/adam/Documents/flare/tests/Unit/Game/PassiveSkills/Values/PassiveSkillTypeValueTest.php" tests="11" assertions="11" errors="0" failures="0" skipped="0" time="1.240519">
        <testcase name="testIsResourceGainPassiveType" file="/home/adam/Documents/flare/tests/Unit/Game/PassiveSkills/Values/PassiveSkillTypeValueTest.php" line="36" class="Tests\Unit\Game\PassiveSkills\Values\PassiveSkillTypeValueTest" classname="Tests.Unit.Game.PassiveSkills.Values.PassiveSkillTypeValueTest" assertions="1" time="0.098011"/>
        <testcase name="testSteelSmeltingTimeReduction" file="/home/adam/Documents/flare/tests/Unit/Game/PassiveSkills/Values/PassiveSkillTypeValueTest.php" line="66" class="Tests\Unit\Game\PassiveSkills\Values\PassiveSkillTypeValueTest" classname="Tests.Unit.Game.PassiveSkills.Values.PassiveSkillTypeValueTest" assertions="1" time="0.097480"/>
        <testcase name="testExpectsErrorForInvalidType" file="/home/adam/Documents/flare/tests/Unit/Game/PassiveSkills/Values/PassiveSkillTypeValueTest.php" line="24" class="Tests\Unit\Game\PassiveSkills\Values\PassiveSkillTypeValueTest" classname="Tests.Unit.Game.PassiveSkills.Values.PassiveSkillTypeValueTest" assertions="1" time="0.138771"/>
        <testcase name="testIsUnitCostReductionPassiveType" file="/home/adam/Documents/flare/tests/Unit/Game/PassiveSkills/Values/PassiveSkillTypeValueTest.php" line="41" class="Tests\Unit\Game\PassiveSkills\Values\PassiveSkillTypeValueTest" classname="Tests.Unit.Game.PassiveSkills.Values.PassiveSkillTypeValueTest" assertions="1" time="0.097104"/>
        <testcase name="testIsIronCostReductionPassiveType" file="/home/adam/Documents/flare/tests/Unit/Game/PassiveSkills/Values/PassiveSkillTypeValueTest.php" line="56" class="Tests\Unit\Game\PassiveSkills\Values\PassiveSkillTypeValueTest" classname="Tests.Unit.Game.PassiveSkills.Values.PassiveSkillTypeValueTest" assertions="1" time="0.101838"/>
        <testcase name="testIsDefencePassiveType" file="/home/adam/Documents/flare/tests/Unit/Game/PassiveSkills/Values/PassiveSkillTypeValueTest.php" line="31" class="Tests\Unit\Game\PassiveSkills\Values\PassiveSkillTypeValueTest" classname="Tests.Unit.Game.PassiveSkills.Values.PassiveSkillTypeValueTest" assertions="1" time="0.100075"/>
        <testcase name="testUnlocksBuildingPassiveType" file="/home/adam/Documents/flare/tests/Unit/Game/PassiveSkills/Values/PassiveSkillTypeValueTest.php" line="51" class="Tests\Unit\Game\PassiveSkills\Values\PassiveSkillTypeValueTest" classname="Tests.Unit.Game.PassiveSkills.Values.PassiveSkillTypeValueTest" assertions="1" time="0.142121"/>
        <testcase name="testIsPopulationCostReductionPassiveType" file="/home/adam/Documents/flare/tests/Unit/Game/PassiveSkills/Values/PassiveSkillTypeValueTest.php" line="61" class="Tests\Unit\Game\PassiveSkills\Values\PassiveSkillTypeValueTest" classname="Tests.Unit.Game.PassiveSkills.Values.PassiveSkillTypeValueTest" assertions="1" time="0.105472"/>
        <testcase name="testIsIronCostReductionPassiveTypeName" file="/home/adam/Documents/flare/tests/Unit/Game/PassiveSkills/Values/PassiveSkillTypeValueTest.php" line="71" class="Tests\Unit\Game\PassiveSkills\Values\PassiveSkillTypeValueTest" classname="Tests.Unit.Game.PassiveSkills.Values.PassiveSkillTypeValueTest" assertions="1" time="0.101805"/>
        <testcase name="testGetNamedValues" file="/home/adam/Documents/flare/tests/Unit/Game/PassiveSkills/Values/PassiveSkillTypeValueTest.php" line="76" class="Tests\Unit\Game\PassiveSkills\Values\PassiveSkillTypeValueTest" classname="Tests.Unit.Game.PassiveSkills.Values.PassiveSkillTypeValueTest" assertions="1" time="0.097382"/>
        <testcase name="testIsBuildingCostReductionPassiveType" file="/home/adam/Documents/flare/tests/Unit/Game/PassiveSkills/Values/PassiveSkillTypeValueTest.php" line="46" class="Tests\Unit\Game\PassiveSkills\Values\PassiveSkillTypeValueTest" classname="Tests.Unit.Game.PassiveSkills.Values.PassiveSkillTypeValueTest" assertions="1" time="0.160459"/>
      </testsuite>
      <testsuite name="Tests\Unit\Game\Raids\Services\RaidEventServiceTest" file="/home/adam/Documents/flare/tests/Unit/Game/Raids/Services/RaidEventServiceTest.php" tests="2" assertions="2" errors="0" failures="0" skipped="0" time="0.413423">
        <testcase name="testDoNotCreateRaid" file="/home/adam/Documents/flare/tests/Unit/Game/Raids/Services/RaidEventServiceTest.php" line="81" class="Tests\Unit\Game\Raids\Services\RaidEventServiceTest" classname="Tests.Unit.Game.Raids.Services.RaidEventServiceTest" assertions="1" time="0.132660"/>
        <testcase name="testCreateRaid" file="/home/adam/Documents/flare/tests/Unit/Game/Raids/Services/RaidEventServiceTest.php" line="40" class="Tests\Unit\Game\Raids\Services\RaidEventServiceTest" classname="Tests.Unit.Game.Raids.Services.RaidEventServiceTest" assertions="1" time="0.280763"/>
      </testsuite>
      <testsuite name="Tests\Unit\Game\Raids\Values\RaidAttackTypeTest" file="/home/adam/Documents/flare/tests/Unit/Game/Raids/Values/RaidAttackTypeTest.php" tests="4" assertions="4" errors="0" failures="0" skipped="0" time="0.442939">
        <testcase name="testIsIceAttack" file="/home/adam/Documents/flare/tests/Unit/Game/Raids/Values/RaidAttackTypeTest.php" line="24" class="Tests\Unit\Game\Raids\Values\RaidAttackTypeTest" classname="Tests.Unit.Game.Raids.Values.RaidAttackTypeTest" assertions="1" time="0.144024"/>
        <testcase name="testIsWaterAttack" file="/home/adam/Documents/flare/tests/Unit/Game/Raids/Values/RaidAttackTypeTest.php" line="29" class="Tests\Unit\Game\Raids\Values\RaidAttackTypeTest" classname="Tests.Unit.Game.Raids.Values.RaidAttackTypeTest" assertions="1" time="0.097642"/>
        <testcase name="testIsFireAttack" file="/home/adam/Documents/flare/tests/Unit/Game/Raids/Values/RaidAttackTypeTest.php" line="19" class="Tests\Unit\Game\Raids\Values\RaidAttackTypeTest" classname="Tests.Unit.Game.Raids.Values.RaidAttackTypeTest" assertions="1" time="0.097380"/>
        <testcase name="testThrowsExceptionForInvalidType" file="/home/adam/Documents/flare/tests/Unit/Game/Raids/Values/RaidAttackTypeTest.php" line="11" class="Tests\Unit\Game\Raids\Values\RaidAttackTypeTest" classname="Tests.Unit.Game.Raids.Values.RaidAttackTypeTest" assertions="1" time="0.103892"/>
      </testsuite>
      <testsuite name="Tests\Unit\Game\Raids\Values\RaitTypeTest" file="/home/adam/Documents/flare/tests/Unit/Game/Raids/Values/RaitTypeTest.php" tests="6" assertions="6" errors="0" failures="0" skipped="0" time="0.696732">
        <testcase name="testIsIceQueenRaid" file="/home/adam/Documents/flare/tests/Unit/Game/Raids/Values/RaitTypeTest.php" line="26" class="Tests\Unit\Game\Raids\Values\RaitTypeTest" classname="Tests.Unit.Game.Raids.Values.RaitTypeTest" assertions="1" time="0.149744"/>
        <testcase name="testIsCorruptedBishop" file="/home/adam/Documents/flare/tests/Unit/Game/Raids/Values/RaitTypeTest.php" line="47" class="Tests\Unit\Game\Raids\Values\RaitTypeTest" classname="Tests.Unit.Game.Raids.Values.RaitTypeTest" assertions="1" time="0.098274"/>
        <testcase name="testThrowsExceptionForInvalidType" file="/home/adam/Documents/flare/tests/Unit/Game/Raids/Values/RaitTypeTest.php" line="11" class="Tests\Unit\Game\Raids\Values\RaitTypeTest" classname="Tests.Unit.Game.Raids.Values.RaitTypeTest" assertions="1" time="0.101993"/>
        <testcase name="testIsFrozenKing" file="/home/adam/Documents/flare/tests/Unit/Game/Raids/Values/RaitTypeTest.php" line="40" class="Tests\Unit\Game\Raids\Values\RaitTypeTest" classname="Tests.Unit.Game.Raids.Values.RaitTypeTest" assertions="1" time="0.102816"/>
        <testcase name="testIsJesterOfTime" file="/home/adam/Documents/flare/tests/Unit/Game/Raids/Values/RaitTypeTest.php" line="33" class="Tests\Unit\Game\Raids\Values\RaitTypeTest" classname="Tests.Unit.Game.Raids.Values.RaitTypeTest" assertions="1" time="0.143754"/>
        <testcase name="testIsPirateLordRaid" file="/home/adam/Documents/flare/tests/Unit/Game/Raids/Values/RaitTypeTest.php" line="19" class="Tests\Unit\Game\Raids\Values\RaitTypeTest" classname="Tests.Unit.Game.Raids.Values.RaitTypeTest" assertions="1" time="0.100152"/>
      </testsuite>
      <testsuite name="Tests\Unit\Game\Reincarnation\Services\CharacterReincarnationServiceTest" file="/home/adam/Documents/flare/tests/Unit/Game/Reincarnation/Services/CharacterReincarnationServiceTest.php" tests="7" assertions="25" errors="0" failures="0" skipped="0" time="1.927160">
        <testcase name="testCannotReincarnateWhenCannotLevelToMax" file="/home/adam/Documents/flare/tests/Unit/Game/Reincarnation/Services/CharacterReincarnationServiceTest.php" line="54" class="Tests\Unit\Game\Reincarnation\Services\CharacterReincarnationServiceTest" classname="Tests.Unit.Game.Reincarnation.Services.CharacterReincarnationServiceTest" assertions="2" time="0.220329"/>
        <testcase name="testCannotReincarnateWhenCannotLevelToMaxWhenNotMaxLevel" file="/home/adam/Documents/flare/tests/Unit/Game/Reincarnation/Services/CharacterReincarnationServiceTest.php" line="64" class="Tests\Unit\Game\Reincarnation\Services\CharacterReincarnationServiceTest" classname="Tests.Unit.Game.Reincarnation.Services.CharacterReincarnationServiceTest" assertions="2" time="0.254620"/>
        <testcase name="testCannotReincarnateWhenStatsAreMaxed" file="/home/adam/Documents/flare/tests/Unit/Game/Reincarnation/Services/CharacterReincarnationServiceTest.php" line="212" class="Tests\Unit\Game\Reincarnation\Services\CharacterReincarnationServiceTest" classname="Tests.Unit.Game.Reincarnation.Services.CharacterReincarnationServiceTest" assertions="2" time="0.254027"/>
        <testcase name="testCannotReincarnateWhenQuestNotComplete" file="/home/adam/Documents/flare/tests/Unit/Game/Reincarnation/Services/CharacterReincarnationServiceTest.php" line="76" class="Tests\Unit\Game\Reincarnation\Services\CharacterReincarnationServiceTest" classname="Tests.Unit.Game.Reincarnation.Services.CharacterReincarnationServiceTest" assertions="2" time="0.242474"/>
        <testcase name="testCannotReincarnateWhenCannotAfford" file="/home/adam/Documents/flare/tests/Unit/Game/Reincarnation/Services/CharacterReincarnationServiceTest.php" line="92" class="Tests\Unit\Game\Reincarnation\Services\CharacterReincarnationServiceTest" classname="Tests.Unit.Game.Reincarnation.Services.CharacterReincarnationServiceTest" assertions="2" time="0.241271"/>
        <testcase name="testReincarnationWillNotGoAboveMaxValue" file="/home/adam/Documents/flare/tests/Unit/Game/Reincarnation/Services/CharacterReincarnationServiceTest.php" line="164" class="Tests\Unit\Game\Reincarnation\Services\CharacterReincarnationServiceTest" classname="Tests.Unit.Game.Reincarnation.Services.CharacterReincarnationServiceTest" assertions="8" time="0.389084"/>
        <testcase name="testCanReincarnate" file="/home/adam/Documents/flare/tests/Unit/Game/Reincarnation/Services/CharacterReincarnationServiceTest.php" line="118" class="Tests\Unit\Game\Reincarnation\Services\CharacterReincarnationServiceTest" classname="Tests.Unit.Game.Reincarnation.Services.CharacterReincarnationServiceTest" assertions="7" time="0.325355"/>
      </testsuite>
      <testsuite name="Tests\Unit\Game\Shop\Events\BuyItemEventTest" file="/home/adam/Documents/flare/tests/Unit/Game/Shop/Events/BuyItemEventTest.php" tests="1" assertions="2" errors="0" failures="0" skipped="0" time="0.269876">
        <testcase name="testMerchantShouldGetADiscount" file="/home/adam/Documents/flare/tests/Unit/Game/Shop/Events/BuyItemEventTest.php" line="36" class="Tests\Unit\Game\Shop\Events\BuyItemEventTest" classname="Tests.Unit.Game.Shop.Events.BuyItemEventTest" assertions="2" time="0.269876"/>
      </testsuite>
      <testsuite name="Tests\Unit\Game\Shop\Services\GemShopServiceTest" file="/home/adam/Documents/flare/tests/Unit/Game/Shop/Services/GemShopServiceTest.php" tests="5" assertions="22" errors="0" failures="0" skipped="0" time="1.159520">
        <testcase name="testCannotSellGemYouDoNotHave" file="/home/adam/Documents/flare/tests/Unit/Game/Shop/Services/GemShopServiceTest.php" line="48" class="Tests\Unit\Game\Shop\Services\GemShopServiceTest" classname="Tests.Unit.Game.Shop.Services.GemShopServiceTest" assertions="2" time="0.222668"/>
        <testcase name="testSellAllGemsWhenCurrencyCapped" file="/home/adam/Documents/flare/tests/Unit/Game/Shop/Services/GemShopServiceTest.php" line="108" class="Tests\Unit\Game\Shop\Services\GemShopServiceTest" classname="Tests.Unit.Game.Shop.Services.GemShopServiceTest" assertions="5" time="0.223767"/>
        <testcase name="testSellGem" file="/home/adam/Documents/flare/tests/Unit/Game/Shop/Services/GemShopServiceTest.php" line="56" class="Tests\Unit\Game\Shop\Services\GemShopServiceTest" classname="Tests.Unit.Game.Shop.Services.GemShopServiceTest" assertions="5" time="0.261062"/>
        <testcase name="testSellGemWhenCurrencyCapped" file="/home/adam/Documents/flare/tests/Unit/Game/Shop/Services/GemShopServiceTest.php" line="71" class="Tests\Unit\Game\Shop\Services\GemShopServiceTest" classname="Tests.Unit.Game.Shop.Services.GemShopServiceTest" assertions="5" time="0.218878"/>
        <testcase name="testSellAllGems" file="/home/adam/Documents/flare/tests/Unit/Game/Shop/Services/GemShopServiceTest.php" line="95" class="Tests\Unit\Game\Shop\Services\GemShopServiceTest" classname="Tests.Unit.Game.Shop.Services.GemShopServiceTest" assertions="5" time="0.233145"/>
      </testsuite>
      <testsuite name="Tests\Unit\Game\Shop\Services\GoblinShopServiceTest" file="/home/adam/Documents/flare/tests/Unit/Game/Shop/Services/GoblinShopServiceTest.php" tests="7" assertions="12" errors="0" failures="0" skipped="0" time="1.816534">
        <testcase name="testBuyItemWhereAllKingdomsAbsorbTheCost" file="/home/adam/Documents/flare/tests/Unit/Game/Shop/Services/GoblinShopServiceTest.php" line="60" class="Tests\Unit\Game\Shop\Services\GoblinShopServiceTest" classname="Tests.Unit.Game.Shop.Services.GoblinShopServiceTest" assertions="2" time="0.258942"/>
        <testcase name="testPurchaseMultipleItemsThatCostOneThousandTillZeroGoldBarsLeft" file="/home/adam/Documents/flare/tests/Unit/Game/Shop/Services/GoblinShopServiceTest.php" line="146" class="Tests\Unit\Game\Shop\Services\GoblinShopServiceTest" classname="Tests.Unit.Game.Shop.Services.GoblinShopServiceTest" assertions="1" time="0.234178"/>
        <testcase name="testBuyReduceAllKingdomsToZero" file="/home/adam/Documents/flare/tests/Unit/Game/Shop/Services/GoblinShopServiceTest.php" line="78" class="Tests\Unit\Game\Shop\Services\GoblinShopServiceTest" classname="Tests.Unit.Game.Shop.Services.GoblinShopServiceTest" assertions="2" time="0.241621"/>
        <testcase name="testBuyItemWhereKingdomAbsorbsTheCost" file="/home/adam/Documents/flare/tests/Unit/Game/Shop/Services/GoblinShopServiceTest.php" line="42" class="Tests\Unit\Game\Shop\Services\GoblinShopServiceTest" classname="Tests.Unit.Game.Shop.Services.GoblinShopServiceTest" assertions="2" time="0.209059"/>
        <testcase name="testPurchaseMultipleItemsTillAtFiftyRunesLeft" file="/home/adam/Documents/flare/tests/Unit/Game/Shop/Services/GoblinShopServiceTest.php" line="113" class="Tests\Unit\Game\Shop\Services\GoblinShopServiceTest" classname="Tests.Unit.Game.Shop.Services.GoblinShopServiceTest" assertions="1" time="0.274379"/>
        <testcase name="testPurchaseWhenMultipleKingdomsHaveVariableGoldBars" file="/home/adam/Documents/flare/tests/Unit/Game/Shop/Services/GoblinShopServiceTest.php" line="167" class="Tests\Unit\Game\Shop\Services\GoblinShopServiceTest" classname="Tests.Unit.Game.Shop.Services.GoblinShopServiceTest" assertions="2" time="0.298951"/>
        <testcase name="testPurchaseWhenMultipleKingdomsHaveVariableGoldBarsAndOneHasNoGoldBars" file="/home/adam/Documents/flare/tests/Unit/Game/Shop/Services/GoblinShopServiceTest.php" line="195" class="Tests\Unit\Game\Shop\Services\GoblinShopServiceTest" classname="Tests.Unit.Game.Shop.Services.GoblinShopServiceTest" assertions="2" time="0.299405"/>
      </testsuite>
      <testsuite name="Tests\Unit\Game\Shop\Services\ShopServiceTest" file="/home/adam/Documents/flare/tests/Unit/Game/Shop/Services/ShopServiceTest.php" tests="6" assertions="16" errors="0" failures="0" skipped="0" time="2.075484">
        <testcase name="testSellItemDoNotGoAboveMaxGold" file="/home/adam/Documents/flare/tests/Unit/Game/Shop/Services/ShopServiceTest.php" line="148" class="Tests\Unit\Game\Shop\Services\ShopServiceTest" classname="Tests.Unit.Game.Shop.Services.ShopServiceTest" assertions="2" time="0.280531"/>
        <testcase name="testSellItem" file="/home/adam/Documents/flare/tests/Unit/Game/Shop/Services/ShopServiceTest.php" line="131" class="Tests\Unit\Game\Shop\Services\ShopServiceTest" classname="Tests.Unit.Game.Shop.Services.ShopServiceTest" assertions="2" time="0.249551"/>
        <testcase name="testSellAllItemsWithNoItems" file="/home/adam/Documents/flare/tests/Unit/Game/Shop/Services/ShopServiceTest.php" line="68" class="Tests\Unit\Game\Shop\Services\ShopServiceTest" classname="Tests.Unit.Game.Shop.Services.ShopServiceTest" assertions="4" time="0.239991"/>
        <testcase name="testBuyMultipleItems" file="/home/adam/Documents/flare/tests/Unit/Game/Shop/Services/ShopServiceTest.php" line="115" class="Tests\Unit\Game\Shop\Services\ShopServiceTest" classname="Tests.Unit.Game.Shop.Services.ShopServiceTest" assertions="2" time="0.358836"/>
        <testcase name="testSellAllItems" file="/home/adam/Documents/flare/tests/Unit/Game/Shop/Services/ShopServiceTest.php" line="41" class="Tests\Unit\Game\Shop\Services\ShopServiceTest" classname="Tests.Unit.Game.Shop.Services.ShopServiceTest" assertions="4" time="0.277709"/>
        <testcase name="testBuyAndReplaceItem" file="/home/adam/Documents/flare/tests/Unit/Game/Shop/Services/ShopServiceTest.php" line="93" class="Tests\Unit\Game\Shop\Services\ShopServiceTest" classname="Tests.Unit.Game.Shop.Services.ShopServiceTest" assertions="2" time="0.668866"/>
      </testsuite>
      <testsuite name="Tests\Unit\Game\Skills\Events\UpdateSkillEventTest" file="/home/adam/Documents/flare/tests/Unit/Game/Skills/Events/UpdateSkillEventTest.php" tests="5" assertions="11" errors="0" failures="0" skipped="0" time="10.335973">
        <testcase name="testDoNotUpdateSkill" file="/home/adam/Documents/flare/tests/Unit/Game/Skills/Events/UpdateSkillEventTest.php" line="35" class="Tests\Unit\Game\Skills\Events\UpdateSkillEventTest" classname="Tests.Unit.Game.Skills.Events.UpdateSkillEventTest" assertions="2" time="1.731853"/>
        <testcase name="testUpdateCraftingSkillWhenFeedBackScheduledEventIsRunning" file="/home/adam/Documents/flare/tests/Unit/Game/Skills/Events/UpdateSkillEventTest.php" line="118" class="Tests\Unit\Game\Skills\Events\UpdateSkillEventTest" classname="Tests.Unit.Game.Skills.Events.UpdateSkillEventTest" assertions="2" time="2.331370"/>
        <testcase name="testUpdateNonCraftingSkillWhenFeedBackScheduledEventIsRunning" file="/home/adam/Documents/flare/tests/Unit/Game/Skills/Events/UpdateSkillEventTest.php" line="157" class="Tests\Unit\Game\Skills\Events\UpdateSkillEventTest" classname="Tests.Unit.Game.Skills.Events.UpdateSkillEventTest" assertions="2" time="2.024602"/>
        <testcase name="testUpdateSkill" file="/home/adam/Documents/flare/tests/Unit/Game/Skills/Events/UpdateSkillEventTest.php" line="55" class="Tests\Unit\Game\Skills\Events\UpdateSkillEventTest" classname="Tests.Unit.Game.Skills.Events.UpdateSkillEventTest" assertions="2" time="1.933144"/>
        <testcase name="testUpdateSkillAndUpdateCharacterAttackData" file="/home/adam/Documents/flare/tests/Unit/Game/Skills/Events/UpdateSkillEventTest.php" line="85" class="Tests\Unit\Game\Skills\Events\UpdateSkillEventTest" classname="Tests.Unit.Game.Skills.Events.UpdateSkillEventTest" assertions="3" time="2.315005"/>
      </testsuite>
      <testsuite name="Tests\Unit\Game\Skills\Handlers\HandleUpdatingCraftingGlobalEventGoalTest" file="/home/adam/Documents/flare/tests/Unit/Game/Skills/Handlers/HandleUpdatingCraftingGlobalEventGoalTest.php" tests="5" assertions="22" errors="0" failures="0" skipped="0" time="1.123764">
        <testcase name="testDoNotParticipateInCraftingGlobalEventWhenEventDoesNotExist" file="/home/adam/Documents/flare/tests/Unit/Game/Skills/Handlers/HandleUpdatingCraftingGlobalEventGoalTest.php" line="52" class="Tests\Unit\Game\Skills\Handlers\HandleUpdatingCraftingGlobalEventGoalTest" classname="Tests.Unit.Game.Skills.Handlers.HandleUpdatingCraftingGlobalEventGoalTest" assertions="3" time="0.195296"/>
        <testcase name="testDoNotParticipateInCraftingGlobalEventWhenGlobalEventDoesNotExist" file="/home/adam/Documents/flare/tests/Unit/Game/Skills/Handlers/HandleUpdatingCraftingGlobalEventGoalTest.php" line="68" class="Tests\Unit\Game\Skills\Handlers\HandleUpdatingCraftingGlobalEventGoalTest" classname="Tests.Unit.Game.Skills.Handlers.HandleUpdatingCraftingGlobalEventGoalTest" assertions="3" time="0.216176"/>
        <testcase name="testParticipateInGlobalCraftingEvent" file="/home/adam/Documents/flare/tests/Unit/Game/Skills/Handlers/HandleUpdatingCraftingGlobalEventGoalTest.php" line="89" class="Tests\Unit\Game\Skills\Handlers\HandleUpdatingCraftingGlobalEventGoalTest" classname="Tests.Unit.Game.Skills.Handlers.HandleUpdatingCraftingGlobalEventGoalTest" assertions="6" time="0.228140"/>
        <testcase name="testParticipateInGlobalCraftingEventWhenWeShouldBeRewarded" file="/home/adam/Documents/flare/tests/Unit/Game/Skills/Handlers/HandleUpdatingCraftingGlobalEventGoalTest.php" line="165" class="Tests\Unit\Game\Skills\Handlers\HandleUpdatingCraftingGlobalEventGoalTest" classname="Tests.Unit.Game.Skills.Handlers.HandleUpdatingCraftingGlobalEventGoalTest" assertions="7" time="0.284126"/>
        <testcase name="testParticipateInEventWhenMaxCraftsAreReached" file="/home/adam/Documents/flare/tests/Unit/Game/Skills/Handlers/HandleUpdatingCraftingGlobalEventGoalTest.php" line="123" class="Tests\Unit\Game\Skills\Handlers\HandleUpdatingCraftingGlobalEventGoalTest" classname="Tests.Unit.Game.Skills.Handlers.HandleUpdatingCraftingGlobalEventGoalTest" assertions="3" time="0.200026"/>
      </testsuite>
      <testsuite name="Tests\Unit\Game\Skills\Handlers\HandleUpdatingEnchantingGlobalEventGoalTest" file="/home/adam/Documents/flare/tests/Unit/Game/Skills/Handlers/HandleUpdatingEnchantingGlobalEventGoalTest.php" tests="4" assertions="19" errors="0" failures="0" skipped="0" time="1.001354">
        <testcase name="testDoNotParticipateInEnchantingGlobalEventWhenGlobalEventDoesNotExist" file="/home/adam/Documents/flare/tests/Unit/Game/Skills/Handlers/HandleUpdatingEnchantingGlobalEventGoalTest.php" line="70" class="Tests\Unit\Game\Skills\Handlers\HandleUpdatingEnchantingGlobalEventGoalTest" classname="Tests.Unit.Game.Skills.Handlers.HandleUpdatingEnchantingGlobalEventGoalTest" assertions="3" time="0.216107"/>
        <testcase name="testDoNotParticipateInEnchantingGlobalEventWhenEventDoesNotExist" file="/home/adam/Documents/flare/tests/Unit/Game/Skills/Handlers/HandleUpdatingEnchantingGlobalEventGoalTest.php" line="49" class="Tests\Unit\Game\Skills\Handlers\HandleUpdatingEnchantingGlobalEventGoalTest" classname="Tests.Unit.Game.Skills.Handlers.HandleUpdatingEnchantingGlobalEventGoalTest" assertions="4" time="0.275943"/>
        <testcase name="testParticipateInGlobalEnchantingEvent" file="/home/adam/Documents/flare/tests/Unit/Game/Skills/Handlers/HandleUpdatingEnchantingGlobalEventGoalTest.php" line="94" class="Tests\Unit\Game\Skills\Handlers\HandleUpdatingEnchantingGlobalEventGoalTest" classname="Tests.Unit.Game.Skills.Handlers.HandleUpdatingEnchantingGlobalEventGoalTest" assertions="5" time="0.243358"/>
        <testcase name="testParticipateInGlobalEnchantingEventWhenWeShouldBeRewarded" file="/home/adam/Documents/flare/tests/Unit/Game/Skills/Handlers/HandleUpdatingEnchantingGlobalEventGoalTest.php" line="130" class="Tests\Unit\Game\Skills\Handlers\HandleUpdatingEnchantingGlobalEventGoalTest" classname="Tests.Unit.Game.Skills.Handlers.HandleUpdatingEnchantingGlobalEventGoalTest" assertions="7" time="0.265945"/>
      </testsuite>
      <testsuite name="Tests\Unit\Game\Skills\Handlers\UpdateCraftingTasksForFactionLoyaltyTest" file="/home/adam/Documents/flare/tests/Unit/Game/Skills/Handlers/UpdateCraftingTasksForFactionLoyaltyTest.php" tests="11" assertions="46" errors="0" failures="0" skipped="0" time="24.171554">
        <testcase name="testDoesNotHandleCraftingFactionLoyaltyWhenCharacterIsNotHelpingAnNpc" file="/home/adam/Documents/flare/tests/Unit/Game/Skills/Handlers/UpdateCraftingTasksForFactionLoyaltyTest.php" line="61" class="Tests\Unit\Game\Skills\Handlers\UpdateCraftingTasksForFactionLoyaltyTest" classname="Tests.Unit.Game.Skills.Handlers.UpdateCraftingTasksForFactionLoyaltyTest" assertions="2" time="0.268519"/>
        <testcase name="testNothingHappensWhenThePlayerIsNotPledgedToAFaction" file="/home/adam/Documents/flare/tests/Unit/Game/Skills/Handlers/UpdateCraftingTasksForFactionLoyaltyTest.php" line="40" class="Tests\Unit\Game\Skills\Handlers\UpdateCraftingTasksForFactionLoyaltyTest" classname="Tests.Unit.Game.Skills.Handlers.UpdateCraftingTasksForFactionLoyaltyTest" assertions="2" time="0.229119"/>
        <testcase name="testDoesNotHandleCraftingFameWhenItemIsNotApartOfTheCraftingList" file="/home/adam/Documents/flare/tests/Unit/Game/Skills/Handlers/UpdateCraftingTasksForFactionLoyaltyTest.php" line="137" class="Tests\Unit\Game\Skills\Handlers\UpdateCraftingTasksForFactionLoyaltyTest" classname="Tests.Unit.Game.Skills.Handlers.UpdateCraftingTasksForFactionLoyaltyTest" assertions="3" time="0.211935"/>
        <testcase name="testDoesNotUpdateLoyaltyTasksWhenNoCraftingTaskFound" file="/home/adam/Documents/flare/tests/Unit/Game/Skills/Handlers/UpdateCraftingTasksForFactionLoyaltyTest.php" line="96" class="Tests\Unit\Game\Skills\Handlers\UpdateCraftingTasksForFactionLoyaltyTest" classname="Tests.Unit.Game.Skills.Handlers.UpdateCraftingTasksForFactionLoyaltyTest" assertions="2" time="0.209544"/>
        <testcase name="testUpdatesTheCurrentAmountOnACraftingTaskButDoesNotLevelUpTheFame" file="/home/adam/Documents/flare/tests/Unit/Game/Skills/Handlers/UpdateCraftingTasksForFactionLoyaltyTest.php" line="186" class="Tests\Unit\Game\Skills\Handlers\UpdateCraftingTasksForFactionLoyaltyTest" classname="Tests.Unit.Game.Skills.Handlers.UpdateCraftingTasksForFactionLoyaltyTest" assertions="3" time="0.260610"/>
        <testcase name="testCannotLevelFameAnyMore" file="/home/adam/Documents/flare/tests/Unit/Game/Skills/Handlers/UpdateCraftingTasksForFactionLoyaltyTest.php" line="697" class="Tests\Unit\Game\Skills\Handlers\UpdateCraftingTasksForFactionLoyaltyTest" classname="Tests.Unit.Game.Skills.Handlers.UpdateCraftingTasksForFactionLoyaltyTest" assertions="6" time="0.234589"/>
        <testcase name="testUpdatesTheCurrentAmountOnACraftingTaskButDoesNotLevelUpTheFameWhenTheWeeklyEventIsRunning" file="/home/adam/Documents/flare/tests/Unit/Game/Skills/Handlers/UpdateCraftingTasksForFactionLoyaltyTest.php" line="242" class="Tests\Unit\Game\Skills\Handlers\UpdateCraftingTasksForFactionLoyaltyTest" classname="Tests.Unit.Game.Skills.Handlers.UpdateCraftingTasksForFactionLoyaltyTest" assertions="3" time="0.237511"/>
        <testcase name="testLevelUpFameFromCraftingWhenTheEventIsRunning" file="/home/adam/Documents/flare/tests/Unit/Game/Skills/Handlers/UpdateCraftingTasksForFactionLoyaltyTest.php" line="403" class="Tests\Unit\Game\Skills\Handlers\UpdateCraftingTasksForFactionLoyaltyTest" classname="Tests.Unit.Game.Skills.Handlers.UpdateCraftingTasksForFactionLoyaltyTest" assertions="6" time="0.418751"/>
        <testcase name="testLevelUpFameFromCrafting" file="/home/adam/Documents/flare/tests/Unit/Game/Skills/Handlers/UpdateCraftingTasksForFactionLoyaltyTest.php" line="302" class="Tests\Unit\Game\Skills\Handlers\UpdateCraftingTasksForFactionLoyaltyTest" classname="Tests.Unit.Game.Skills.Handlers.UpdateCraftingTasksForFactionLoyaltyTest" assertions="6" time="0.488100"/>
        <testcase name="testDoNotGiveMoreCurrenciesThenMaxAllowedForCraftingTasks" file="/home/adam/Documents/flare/tests/Unit/Game/Skills/Handlers/UpdateCraftingTasksForFactionLoyaltyTest.php" line="508" class="Tests\Unit\Game\Skills\Handlers\UpdateCraftingTasksForFactionLoyaltyTest" classname="Tests.Unit.Game.Skills.Handlers.UpdateCraftingTasksForFactionLoyaltyTest" assertions="6" time="0.416089"/>
        <testcase name="testDoNotAssignTasksForMaxLevelFame" file="/home/adam/Documents/flare/tests/Unit/Game/Skills/Handlers/UpdateCraftingTasksForFactionLoyaltyTest.php" line="611" class="Tests\Unit\Game\Skills\Handlers\UpdateCraftingTasksForFactionLoyaltyTest" classname="Tests.Unit.Game.Skills.Handlers.UpdateCraftingTasksForFactionLoyaltyTest" assertions="7" time="21.196787"/>
      </testsuite>
      <testsuite name="Tests\Unit\Game\Skills\Handlers\UpdateItemSkillTest" file="/home/adam/Documents/flare/tests/Unit/Game/Skills/Handlers/UpdateItemSkillTest.php" tests="4" assertions="7" errors="0" failures="0" skipped="0" time="0.954961">
        <testcase name="testDoesNotUpdateItemSkillWhenItDoesNotExist" file="/home/adam/Documents/flare/tests/Unit/Game/Skills/Handlers/UpdateItemSkillTest.php" line="47" class="Tests\Unit\Game\Skills\Handlers\UpdateItemSkillTest" classname="Tests.Unit.Game.Skills.Handlers.UpdateItemSkillTest" assertions="1" time="0.350432"/>
        <testcase name="testDoesNotUpdateItemSkillWhenItIsMaxedLevel" file="/home/adam/Documents/flare/tests/Unit/Game/Skills/Handlers/UpdateItemSkillTest.php" line="58" class="Tests\Unit\Game\Skills\Handlers\UpdateItemSkillTest" classname="Tests.Unit.Game.Skills.Handlers.UpdateItemSkillTest" assertions="1" time="0.198228"/>
        <testcase name="testDoesUpdateItemSkill" file="/home/adam/Documents/flare/tests/Unit/Game/Skills/Handlers/UpdateItemSkillTest.php" line="87" class="Tests\Unit\Game\Skills\Handlers\UpdateItemSkillTest" classname="Tests.Unit.Game.Skills.Handlers.UpdateItemSkillTest" assertions="2" time="0.198134"/>
        <testcase name="testDoesLevelItemSkill" file="/home/adam/Documents/flare/tests/Unit/Game/Skills/Handlers/UpdateItemSkillTest.php" line="120" class="Tests\Unit\Game\Skills\Handlers\UpdateItemSkillTest" classname="Tests.Unit.Game.Skills.Handlers.UpdateItemSkillTest" assertions="3" time="0.208167"/>
      </testsuite>
      <testsuite name="Tests\Unit\Game\Skills\Services\AlchemyServiceTest" file="/home/adam/Documents/flare/tests/Unit/Game/Skills/Services/AlchemyServiceTest.php" tests="15" assertions="38" errors="0" failures="0" skipped="0" time="3.908731">
        <testcase name="testCannotTransmuteItemThatDoesntExist" file="/home/adam/Documents/flare/tests/Unit/Game/Skills/Services/AlchemyServiceTest.php" line="111" class="Tests\Unit\Game\Skills\Services\AlchemyServiceTest" classname="Tests.Unit.Game.Skills.Services.AlchemyServiceTest" assertions="1" time="0.254309"/>
        <testcase name="testFetchCharacterAlchemyCraftingXP" file="/home/adam/Documents/flare/tests/Unit/Game/Skills/Services/AlchemyServiceTest.php" line="384" class="Tests\Unit\Game\Skills\Services\AlchemyServiceTest" classname="Tests.Unit.Game.Skills.Services.AlchemyServiceTest" assertions="1" time="0.204326"/>
        <testcase name="testCannotTransmuteItemNotEnoughShards" file="/home/adam/Documents/flare/tests/Unit/Game/Skills/Services/AlchemyServiceTest.php" line="135" class="Tests\Unit\Game\Skills\Services\AlchemyServiceTest" classname="Tests.Unit.Game.Skills.Services.AlchemyServiceTest" assertions="1" time="0.211940"/>
        <testcase name="testCannotTransmuteItemLevelToHigh" file="/home/adam/Documents/flare/tests/Unit/Game/Skills/Services/AlchemyServiceTest.php" line="154" class="Tests\Unit\Game\Skills\Services\AlchemyServiceTest" classname="Tests.Unit.Game.Skills.Services.AlchemyServiceTest" assertions="1" time="0.275925"/>
        <testcase name="testGetAlchemyItemsForCrafting" file="/home/adam/Documents/flare/tests/Unit/Game/Skills/Services/AlchemyServiceTest.php" line="64" class="Tests\Unit\Game\Skills\Services\AlchemyServiceTest" classname="Tests.Unit.Game.Skills.Services.AlchemyServiceTest" assertions="1" time="0.206326"/>
        <testcase name="testTransmuteAndFail" file="/home/adam/Documents/flare/tests/Unit/Game/Skills/Services/AlchemyServiceTest.php" line="225" class="Tests\Unit\Game\Skills\Services\AlchemyServiceTest" classname="Tests.Unit.Game.Skills.Services.AlchemyServiceTest" assertions="3" time="0.206288"/>
        <testcase name="testCannotTransmuteItemNotEnoughGoldDust" file="/home/adam/Documents/flare/tests/Unit/Game/Skills/Services/AlchemyServiceTest.php" line="122" class="Tests\Unit\Game\Skills\Services\AlchemyServiceTest" classname="Tests.Unit.Game.Skills.Services.AlchemyServiceTest" assertions="1" time="0.225884"/>
        <testcase name="testTransmuteAndSucceedButInventoryIsFull" file="/home/adam/Documents/flare/tests/Unit/Game/Skills/Services/AlchemyServiceTest.php" line="281" class="Tests\Unit\Game\Skills\Services\AlchemyServiceTest" classname="Tests.Unit.Game.Skills.Services.AlchemyServiceTest" assertions="4" time="0.267262"/>
        <testcase name="testTransmuteWhenLevelTrivialTooLow" file="/home/adam/Documents/flare/tests/Unit/Game/Skills/Services/AlchemyServiceTest.php" line="178" class="Tests\Unit\Game\Skills\Services\AlchemyServiceTest" classname="Tests.Unit.Game.Skills.Services.AlchemyServiceTest" assertions="2" time="0.237363"/>
        <testcase name="testTransmute" file="/home/adam/Documents/flare/tests/Unit/Game/Skills/Services/AlchemyServiceTest.php" line="206" class="Tests\Unit\Game\Skills\Services\AlchemyServiceTest" classname="Tests.Unit.Game.Skills.Services.AlchemyServiceTest" assertions="2" time="0.251413"/>
        <testcase name="testGetAlchemyItemsAsMerchantForTheCostReduction" file="/home/adam/Documents/flare/tests/Unit/Game/Skills/Services/AlchemyServiceTest.php" line="92" class="Tests\Unit\Game\Skills\Services\AlchemyServiceTest" classname="Tests.Unit.Game.Skills.Services.AlchemyServiceTest" assertions="4" time="0.317858"/>
        <testcase name="testGetAlchemyItemsAsAlchemistForTheCostReduction" file="/home/adam/Documents/flare/tests/Unit/Game/Skills/Services/AlchemyServiceTest.php" line="73" class="Tests\Unit\Game\Skills\Services\AlchemyServiceTest" classname="Tests.Unit.Game.Skills.Services.AlchemyServiceTest" assertions="4" time="0.272712"/>
        <testcase name="testTransmuteAndSucceed" file="/home/adam/Documents/flare/tests/Unit/Game/Skills/Services/AlchemyServiceTest.php" line="255" class="Tests\Unit\Game\Skills\Services\AlchemyServiceTest" classname="Tests.Unit.Game.Skills.Services.AlchemyServiceTest" assertions="3" time="0.263625"/>
        <testcase name="testTransmuteAsAlchemist" file="/home/adam/Documents/flare/tests/Unit/Game/Skills/Services/AlchemyServiceTest.php" line="314" class="Tests\Unit\Game\Skills\Services\AlchemyServiceTest" classname="Tests.Unit.Game.Skills.Services.AlchemyServiceTest" assertions="5" time="0.382712"/>
        <testcase name="testTransmuteAsMerchant" file="/home/adam/Documents/flare/tests/Unit/Game/Skills/Services/AlchemyServiceTest.php" line="349" class="Tests\Unit\Game\Skills\Services\AlchemyServiceTest" classname="Tests.Unit.Game.Skills.Services.AlchemyServiceTest" assertions="5" time="0.330787"/>
      </testsuite>
      <testsuite name="Tests\Unit\Game\Skills\Services\CraftingServiceTest" file="/home/adam/Documents/flare/tests/Unit/Game/Skills/Services/CraftingServiceTest.php" tests="27" assertions="74" errors="0" failures="0" skipped="0" time="7.845791">
        <testcase name="testFetchCraftableItems" file="/home/adam/Documents/flare/tests/Unit/Game/Skills/Services/CraftingServiceTest.php" line="86" class="Tests\Unit\Game\Skills\Services\CraftingServiceTest" classname="Tests.Unit.Game.Skills.Services.CraftingServiceTest" assertions="1" time="0.241991"/>
        <testcase name="testFailToCraft" file="/home/adam/Documents/flare/tests/Unit/Game/Skills/Services/CraftingServiceTest.php" line="410" class="Tests\Unit\Game\Skills\Services\CraftingServiceTest" classname="Tests.Unit.Game.Skills.Services.CraftingServiceTest" assertions="3" time="0.274563"/>
        <testcase name="testFetchCraftableItemsForRegularSpells" file="/home/adam/Documents/flare/tests/Unit/Game/Skills/Services/CraftingServiceTest.php" line="138" class="Tests\Unit\Game\Skills\Services\CraftingServiceTest" classname="Tests.Unit.Game.Skills.Services.CraftingServiceTest" assertions="1" time="0.223111"/>
        <testcase name="testCannotAffordToCraftItem" file="/home/adam/Documents/flare/tests/Unit/Game/Skills/Services/CraftingServiceTest.php" line="273" class="Tests\Unit\Game\Skills\Services\CraftingServiceTest" classname="Tests.Unit.Game.Skills.Services.CraftingServiceTest" assertions="2" time="0.211661"/>
        <testcase name="testFetchCharacterWeaponCraftingXP" file="/home/adam/Documents/flare/tests/Unit/Game/Skills/Services/CraftingServiceTest.php" line="668" class="Tests\Unit\Game\Skills\Services\CraftingServiceTest" classname="Tests.Unit.Game.Skills.Services.CraftingServiceTest" assertions="1" time="0.216123"/>
        <testcase name="testGeneralCraftInventoryIsFull" file="/home/adam/Documents/flare/tests/Unit/Game/Skills/Services/CraftingServiceTest.php" line="375" class="Tests\Unit\Game\Skills\Services\CraftingServiceTest" classname="Tests.Unit.Game.Skills.Services.CraftingServiceTest" assertions="3" time="0.278298"/>
        <testcase name="testItemToHardToCraft" file="/home/adam/Documents/flare/tests/Unit/Game/Skills/Services/CraftingServiceTest.php" line="293" class="Tests\Unit\Game\Skills\Services\CraftingServiceTest" classname="Tests.Unit.Game.Skills.Services.CraftingServiceTest" assertions="2" time="0.223258"/>
        <testcase name="testFetchCraftableItemsForArmour" file="/home/adam/Documents/flare/tests/Unit/Game/Skills/Services/CraftingServiceTest.php" line="97" class="Tests\Unit\Game\Skills\Services\CraftingServiceTest" classname="Tests.Unit.Game.Skills.Services.CraftingServiceTest" assertions="1" time="0.234188"/>
        <testcase name="testFailToCraftForItemThatDoesNotExist" file="/home/adam/Documents/flare/tests/Unit/Game/Skills/Services/CraftingServiceTest.php" line="255" class="Tests\Unit\Game\Skills\Services\CraftingServiceTest" classname="Tests.Unit.Game.Skills.Services.CraftingServiceTest" assertions="2" time="0.272083"/>
        <testcase name="testFetchCraftableItemsForRegularWeapon" file="/home/adam/Documents/flare/tests/Unit/Game/Skills/Services/CraftingServiceTest.php" line="119" class="Tests\Unit\Game\Skills\Services\CraftingServiceTest" classname="Tests.Unit.Game.Skills.Services.CraftingServiceTest" assertions="1" time="0.234003"/>
        <testcase name="testItemToEasyToCraft" file="/home/adam/Documents/flare/tests/Unit/Game/Skills/Services/CraftingServiceTest.php" line="323" class="Tests\Unit\Game\Skills\Services\CraftingServiceTest" classname="Tests.Unit.Game.Skills.Services.CraftingServiceTest" assertions="2" time="0.231258"/>
        <testcase name="testFetchCharacterInventoryCount" file="/home/adam/Documents/flare/tests/Unit/Game/Skills/Services/CraftingServiceTest.php" line="686" class="Tests\Unit\Game\Skills\Services\CraftingServiceTest" classname="Tests.Unit.Game.Skills.Services.CraftingServiceTest" assertions="1" time="0.223321"/>
        <testcase name="testSucceedInCrafting" file="/home/adam/Documents/flare/tests/Unit/Game/Skills/Services/CraftingServiceTest.php" line="444" class="Tests\Unit\Game\Skills\Services\CraftingServiceTest" classname="Tests.Unit.Game.Skills.Services.CraftingServiceTest" assertions="3" time="0.352457"/>
        <testcase name="testCraftWhileParticipatingInEventGoalWhenCurrentEventGoalIsNotCraft" file="/home/adam/Documents/flare/tests/Unit/Game/Skills/Services/CraftingServiceTest.php" line="923" class="Tests\Unit\Game\Skills\Services\CraftingServiceTest" classname="Tests.Unit.Game.Skills.Services.CraftingServiceTest" assertions="4" time="0.303626"/>
        <testcase name="testGeneralCraft" file="/home/adam/Documents/flare/tests/Unit/Game/Skills/Services/CraftingServiceTest.php" line="353" class="Tests\Unit\Game\Skills\Services\CraftingServiceTest" classname="Tests.Unit.Game.Skills.Services.CraftingServiceTest" assertions="1" time="0.245419"/>
        <testcase name="testFetchCraftableItemsAsBlackSmith" file="/home/adam/Documents/flare/tests/Unit/Game/Skills/Services/CraftingServiceTest.php" line="160" class="Tests\Unit\Game\Skills\Services\CraftingServiceTest" classname="Tests.Unit.Game.Skills.Services.CraftingServiceTest" assertions="3" time="0.324937"/>
        <testcase name="testFetchCraftableItemsAsMerhant" file="/home/adam/Documents/flare/tests/Unit/Game/Skills/Services/CraftingServiceTest.php" line="180" class="Tests\Unit\Game\Skills\Services\CraftingServiceTest" classname="Tests.Unit.Game.Skills.Services.CraftingServiceTest" assertions="3" time="0.278222"/>
        <testcase name="testCraftWhileParticipatingInEventGoal" file="/home/adam/Documents/flare/tests/Unit/Game/Skills/Services/CraftingServiceTest.php" line="858" class="Tests\Unit\Game\Skills\Services\CraftingServiceTest" classname="Tests.Unit.Game.Skills.Services.CraftingServiceTest" assertions="6" time="0.306157"/>
        <testcase name="testFetchCraftableItemsAsArcaneAlchemist" file="/home/adam/Documents/flare/tests/Unit/Game/Skills/Services/CraftingServiceTest.php" line="200" class="Tests\Unit\Game\Skills\Services\CraftingServiceTest" classname="Tests.Unit.Game.Skills.Services.CraftingServiceTest" assertions="3" time="0.321368"/>
        <testcase name="testCraftSpellAsArcaneAlchemist" file="/home/adam/Documents/flare/tests/Unit/Game/Skills/Services/CraftingServiceTest.php" line="587" class="Tests\Unit\Game\Skills\Services\CraftingServiceTest" classname="Tests.Unit.Game.Skills.Services.CraftingServiceTest" assertions="4" time="0.293214"/>
        <testcase name="testFetchCraftableItemsAsArcaneAlchemistWhenCraftingSpells" file="/home/adam/Documents/flare/tests/Unit/Game/Skills/Services/CraftingServiceTest.php" line="220" class="Tests\Unit\Game\Skills\Services\CraftingServiceTest" classname="Tests.Unit.Game.Skills.Services.CraftingServiceTest" assertions="3" time="0.280912"/>
        <testcase name="testCraftAsMerchant" file="/home/adam/Documents/flare/tests/Unit/Game/Skills/Services/CraftingServiceTest.php" line="553" class="Tests\Unit\Game\Skills\Services\CraftingServiceTest" classname="Tests.Unit.Game.Skills.Services.CraftingServiceTest" assertions="4" time="0.356352"/>
        <testcase name="testCraftAsBlackSmith" file="/home/adam/Documents/flare/tests/Unit/Game/Skills/Services/CraftingServiceTest.php" line="474" class="Tests\Unit\Game\Skills\Services\CraftingServiceTest" classname="Tests.Unit.Game.Skills.Services.CraftingServiceTest" assertions="4" time="0.289269"/>
        <testcase name="testItemIsNotGivenToNpcWhenDoingFactionLoyaltyCrafting" file="/home/adam/Documents/flare/tests/Unit/Game/Skills/Services/CraftingServiceTest.php" line="779" class="Tests\Unit\Game\Skills\Services\CraftingServiceTest" classname="Tests.Unit.Game.Skills.Services.CraftingServiceTest" assertions="4" time="0.385201"/>
        <testcase name="testItemIsGivenToNpcWhenDoingFactionLoyaltyCrafting" file="/home/adam/Documents/flare/tests/Unit/Game/Skills/Services/CraftingServiceTest.php" line="700" class="Tests\Unit\Game\Skills\Services\CraftingServiceTest" classname="Tests.Unit.Game.Skills.Services.CraftingServiceTest" assertions="4" time="0.457373"/>
        <testcase name="testCraftSpellAsArcaneAlchemsit" file="/home/adam/Documents/flare/tests/Unit/Game/Skills/Services/CraftingServiceTest.php" line="623" class="Tests\Unit\Game\Skills\Services\CraftingServiceTest" classname="Tests.Unit.Game.Skills.Services.CraftingServiceTest" assertions="4" time="0.451796"/>
        <testcase name="testCraftSpellAsBlackSmith" file="/home/adam/Documents/flare/tests/Unit/Game/Skills/Services/CraftingServiceTest.php" line="508" class="Tests\Unit\Game\Skills\Services\CraftingServiceTest" classname="Tests.Unit.Game.Skills.Services.CraftingServiceTest" assertions="4" time="0.335631"/>
      </testsuite>
      <testsuite name="Tests\Unit\Game\Skills\Services\DisenchantServiceTest" file="/home/adam/Documents/flare/tests/Unit/Game/Skills/Services/DisenchantServiceTest.php" tests="16" assertions="62" errors="0" failures="0" skipped="0" time="4.594135">
        <testcase name="testCallDisenchantItemAndSucceedButGetNoGoldDustWhenMaxed" file="/home/adam/Documents/flare/tests/Unit/Game/Skills/Services/DisenchantServiceTest.php" line="384" class="Tests\Unit\Game\Skills\Services\DisenchantServiceTest" classname="Tests.Unit.Game.Skills.Services.DisenchantServiceTest" assertions="3" time="0.319263"/>
        <testcase name="testCannotDisentchantItemIsAQuestItem" file="/home/adam/Documents/flare/tests/Unit/Game/Skills/Services/DisenchantServiceTest.php" line="467" class="Tests\Unit\Game\Skills\Services\DisenchantServiceTest" classname="Tests.Unit.Game.Skills.Services.DisenchantServiceTest" assertions="2" time="0.257679"/>
        <testcase name="testDisenchantFailToItem" file="/home/adam/Documents/flare/tests/Unit/Game/Skills/Services/DisenchantServiceTest.php" line="252" class="Tests\Unit\Game\Skills\Services\DisenchantServiceTest" classname="Tests.Unit.Game.Skills.Services.DisenchantServiceTest" assertions="6" time="0.244293"/>
        <testcase name="testCallDisenchantItemAndFail" file="/home/adam/Documents/flare/tests/Unit/Game/Skills/Services/DisenchantServiceTest.php" line="411" class="Tests\Unit\Game\Skills\Services\DisenchantServiceTest" classname="Tests.Unit.Game.Skills.Services.DisenchantServiceTest" assertions="5" time="0.288528"/>
        <testcase name="testDisenchantTheItemAndRemoveTheItemFromTheInventoryWithQuestItemForGoldDustRush" file="/home/adam/Documents/flare/tests/Unit/Game/Skills/Services/DisenchantServiceTest.php" line="108" class="Tests\Unit\Game\Skills\Services\DisenchantServiceTest" classname="Tests.Unit.Game.Skills.Services.DisenchantServiceTest" assertions="4" time="0.263476"/>
        <testcase name="testDisenchantItemSuccessfully" file="/home/adam/Documents/flare/tests/Unit/Game/Skills/Services/DisenchantServiceTest.php" line="140" class="Tests\Unit\Game\Skills\Services\DisenchantServiceTest" classname="Tests.Unit.Game.Skills.Services.DisenchantServiceTest" assertions="5" time="0.276642"/>
        <testcase name="testDoNotGivePlayerGoldDustRushWhenGoldDustCapped" file="/home/adam/Documents/flare/tests/Unit/Game/Skills/Services/DisenchantServiceTest.php" line="323" class="Tests\Unit\Game\Skills\Services\DisenchantServiceTest" classname="Tests.Unit.Game.Skills.Services.DisenchantServiceTest" assertions="6" time="0.324106"/>
        <testcase name="testDisenchantTheItemAndRemoveTheItemFromTheInventory" file="/home/adam/Documents/flare/tests/Unit/Game/Skills/Services/DisenchantServiceTest.php" line="91" class="Tests\Unit\Game\Skills\Services\DisenchantServiceTest" classname="Tests.Unit.Game.Skills.Services.DisenchantServiceTest" assertions="2" time="0.275892"/>
        <testcase name="testDisenchantItemSuccessfullyAndGetMaxGoldDustFromARush" file="/home/adam/Documents/flare/tests/Unit/Game/Skills/Services/DisenchantServiceTest.php" line="168" class="Tests\Unit\Game\Skills\Services\DisenchantServiceTest" classname="Tests.Unit.Game.Skills.Services.DisenchantServiceTest" assertions="6" time="0.301022"/>
        <testcase name="testCannotDisentchantItemThatDoesNotExist" file="/home/adam/Documents/flare/tests/Unit/Game/Skills/Services/DisenchantServiceTest.php" line="439" class="Tests\Unit\Game\Skills\Services\DisenchantServiceTest" classname="Tests.Unit.Game.Skills.Services.DisenchantServiceTest" assertions="2" time="0.220393"/>
        <testcase name="testCallDisenchantItemAndSucceed" file="/home/adam/Documents/flare/tests/Unit/Game/Skills/Services/DisenchantServiceTest.php" line="361" class="Tests\Unit\Game\Skills\Services\DisenchantServiceTest" classname="Tests.Unit.Game.Skills.Services.DisenchantServiceTest" assertions="3" time="0.292448"/>
        <testcase name="testCannotDisentchantItemThatIsNotEnchanted" file="/home/adam/Documents/flare/tests/Unit/Game/Skills/Services/DisenchantServiceTest.php" line="453" class="Tests\Unit\Game\Skills\Services\DisenchantServiceTest" classname="Tests.Unit.Game.Skills.Services.DisenchantServiceTest" assertions="2" time="0.243170"/>
        <testcase name="testDisenchantItemSuccessfullyAndDoNotGetAGoldRushButDoMaxGoldDust" file="/home/adam/Documents/flare/tests/Unit/Game/Skills/Services/DisenchantServiceTest.php" line="210" class="Tests\Unit\Game\Skills\Services\DisenchantServiceTest" classname="Tests.Unit.Game.Skills.Services.DisenchantServiceTest" assertions="6" time="0.250739"/>
        <testcase name="testGivePlayerGoldDustRush" file="/home/adam/Documents/flare/tests/Unit/Game/Skills/Services/DisenchantServiceTest.php" line="284" class="Tests\Unit\Game\Skills\Services\DisenchantServiceTest" classname="Tests.Unit.Game.Skills.Services.DisenchantServiceTest" assertions="6" time="0.302656"/>
        <testcase name="testDisenchantItemAndReturnResponse" file="/home/adam/Documents/flare/tests/Unit/Game/Skills/Services/DisenchantServiceTest.php" line="499" class="Tests\Unit\Game\Skills\Services\DisenchantServiceTest" classname="Tests.Unit.Game.Skills.Services.DisenchantServiceTest" assertions="3" time="0.353092"/>
        <testcase name="testDisenchantItemAndDoNotReturnResponse" file="/home/adam/Documents/flare/tests/Unit/Game/Skills/Services/DisenchantServiceTest.php" line="489" class="Tests\Unit\Game\Skills\Services\DisenchantServiceTest" classname="Tests.Unit.Game.Skills.Services.DisenchantServiceTest" assertions="1" time="0.380736"/>
      </testsuite>
      <testsuite name="Tests\Unit\Game\Skills\Services\EnchantItemServiceTest" file="/home/adam/Documents/flare/tests/Unit/Game/Skills/Services/EnchantItemServiceTest.php" tests="14" assertions="29" errors="0" failures="0" skipped="0" time="3.454568">
        <testcase name="testFailToEnchantTheItemWithDcCheck" file="/home/adam/Documents/flare/tests/Unit/Game/Skills/Services/EnchantItemServiceTest.php" line="241" class="Tests\Unit\Game\Skills\Services\EnchantItemServiceTest" classname="Tests.Unit.Game.Skills.Services.EnchantItemServiceTest" assertions="4" time="0.219279"/>
        <testcase name="testEnchantTheItemWhenTooEasy" file="/home/adam/Documents/flare/tests/Unit/Game/Skills/Services/EnchantItemServiceTest.php" line="78" class="Tests\Unit\Game\Skills\Services\EnchantItemServiceTest" classname="Tests.Unit.Game.Skills.Services.EnchantItemServiceTest" assertions="1" time="0.231054"/>
        <testcase name="testEnchantTheItemWithASuffixThatIsMythicAndExpectThePrefixToNotBeAttachedWhenTooEasy" file="/home/adam/Documents/flare/tests/Unit/Game/Skills/Services/EnchantItemServiceTest.php" line="164" class="Tests\Unit\Game\Skills\Services\EnchantItemServiceTest" classname="Tests.Unit.Game.Skills.Services.EnchantItemServiceTest" assertions="1" time="0.299721"/>
        <testcase name="testEnchantTheItemWithDcCheck" file="/home/adam/Documents/flare/tests/Unit/Game/Skills/Services/EnchantItemServiceTest.php" line="218" class="Tests\Unit\Game\Skills\Services\EnchantItemServiceTest" classname="Tests.Unit.Game.Skills.Services.EnchantItemServiceTest" assertions="3" time="0.230936"/>
        <testcase name="testUpdateTheCharactersInventorySlotWhenThereAreAttachedHolyStacks" file="/home/adam/Documents/flare/tests/Unit/Game/Skills/Services/EnchantItemServiceTest.php" line="283" class="Tests\Unit\Game\Skills\Services\EnchantItemServiceTest" classname="Tests.Unit.Game.Skills.Services.EnchantItemServiceTest" assertions="3" time="0.247014"/>
        <testcase name="testUpdateCharacterSlotWithNonDuplicateWhenItemToEnchantHasHolyStacks" file="/home/adam/Documents/flare/tests/Unit/Game/Skills/Services/EnchantItemServiceTest.php" line="366" class="Tests\Unit\Game\Skills\Services\EnchantItemServiceTest" classname="Tests.Unit.Game.Skills.Services.EnchantItemServiceTest" assertions="3" time="0.233465"/>
        <testcase name="testUpdateTheCharactersInventorySlot" file="/home/adam/Documents/flare/tests/Unit/Game/Skills/Services/EnchantItemServiceTest.php" line="265" class="Tests\Unit\Game\Skills\Services\EnchantItemServiceTest" classname="Tests.Unit.Game.Skills.Services.EnchantItemServiceTest" assertions="2" time="0.277119"/>
        <testcase name="testDeleteTheSlot" file="/home/adam/Documents/flare/tests/Unit/Game/Skills/Services/EnchantItemServiceTest.php" line="404" class="Tests\Unit\Game\Skills\Services\EnchantItemServiceTest" classname="Tests.Unit.Game.Skills.Services.EnchantItemServiceTest" assertions="2" time="0.235578"/>
        <testcase name="testUpdateTheCharactersInventorySlotWhenThereAreSocketsAttached" file="/home/adam/Documents/flare/tests/Unit/Game/Skills/Services/EnchantItemServiceTest.php" line="310" class="Tests\Unit\Game\Skills\Services\EnchantItemServiceTest" classname="Tests.Unit.Game.Skills.Services.EnchantItemServiceTest" assertions="3" time="0.225987"/>
        <testcase name="testEnchantTheItemWithAPrefixThatIsCosmicAndExpectThePrefixToNotBeAttachedWhenTooEasy" file="/home/adam/Documents/flare/tests/Unit/Game/Skills/Services/EnchantItemServiceTest.php" line="137" class="Tests\Unit\Game\Skills\Services\EnchantItemServiceTest" classname="Tests.Unit.Game.Skills.Services.EnchantItemServiceTest" assertions="1" time="0.273635"/>
        <testcase name="testEnchantTheItemWithASuffixThatIsCosmicAndExpectThePrefixToNotBeAttachedWhenTooEasy" file="/home/adam/Documents/flare/tests/Unit/Game/Skills/Services/EnchantItemServiceTest.php" line="191" class="Tests\Unit\Game\Skills\Services\EnchantItemServiceTest" classname="Tests.Unit.Game.Skills.Services.EnchantItemServiceTest" assertions="1" time="0.224730"/>
        <testcase name="testEnchantTheItemWithAPrefixThatIsMythicAndExpectThePrefixToNotBeAttachedWhenTooEasy" file="/home/adam/Documents/flare/tests/Unit/Game/Skills/Services/EnchantItemServiceTest.php" line="110" class="Tests\Unit\Game\Skills\Services\EnchantItemServiceTest" classname="Tests.Unit.Game.Skills.Services.EnchantItemServiceTest" assertions="1" time="0.242719"/>
        <testcase name="testUpdateTheCharactersInventorySlotWithMatchingItemWhenThereAreDuplicateItems" file="/home/adam/Documents/flare/tests/Unit/Game/Skills/Services/EnchantItemServiceTest.php" line="340" class="Tests\Unit\Game\Skills\Services\EnchantItemServiceTest" classname="Tests.Unit.Game.Skills.Services.EnchantItemServiceTest" assertions="2" time="0.242699"/>
        <testcase name="testEnchantTheItemWithAPrefixWhenTooEasy" file="/home/adam/Documents/flare/tests/Unit/Game/Skills/Services/EnchantItemServiceTest.php" line="92" class="Tests\Unit\Game\Skills\Services\EnchantItemServiceTest" classname="Tests.Unit.Game.Skills.Services.EnchantItemServiceTest" assertions="2" time="0.270632"/>
      </testsuite>
      <testsuite name="Tests\Unit\Game\Skills\Services\EnchantingServiceTest" file="/home/adam/Documents/flare/tests/Unit/Game/Skills/Services/EnchantingServiceTest.php" tests="23" assertions="42" errors="0" failures="0" skipped="0" time="5.986744">
        <testcase name="testGetCostOfItemAffixesAsZeroWhenAffixesDoNotExist" file="/home/adam/Documents/flare/tests/Unit/Game/Skills/Services/EnchantingServiceTest.php" line="218" class="Tests\Unit\Game\Skills\Services\EnchantingServiceTest" classname="Tests.Unit.Game.Skills.Services.EnchantingServiceTest" assertions="1" time="0.208627"/>
        <testcase name="testFetchCharacterEnchantingXP" file="/home/adam/Documents/flare/tests/Unit/Game/Skills/Services/EnchantingServiceTest.php" line="583" class="Tests\Unit\Game\Skills\Services\EnchantingServiceTest" classname="Tests.Unit.Game.Skills.Services.EnchantingServiceTest" assertions="1" time="0.231266"/>
        <testcase name="testGetInventorySlotFromSlotId" file="/home/adam/Documents/flare/tests/Unit/Game/Skills/Services/EnchantingServiceTest.php" line="571" class="Tests\Unit\Game\Skills\Services\EnchantingServiceTest" classname="Tests.Unit.Game.Skills.Services.EnchantingServiceTest" assertions="2" time="0.270734"/>
        <testcase name="testGetCostOfItemAffixesAsZeroWhenItemsDoNotExist" file="/home/adam/Documents/flare/tests/Unit/Game/Skills/Services/EnchantingServiceTest.php" line="227" class="Tests\Unit\Game\Skills\Services\EnchantingServiceTest" classname="Tests.Unit.Game.Skills.Services.EnchantingServiceTest" assertions="1" time="0.211712"/>
        <testcase name="testGetCostOfAffixesToAttach" file="/home/adam/Documents/flare/tests/Unit/Game/Skills/Services/EnchantingServiceTest.php" line="239" class="Tests\Unit\Game\Skills\Services\EnchantingServiceTest" classname="Tests.Unit.Game.Skills.Services.EnchantingServiceTest" assertions="1" time="0.234792"/>
        <testcase name="testGetTimeAdditionForEnchantingShouldBeDouble" file="/home/adam/Documents/flare/tests/Unit/Game/Skills/Services/EnchantingServiceTest.php" line="553" class="Tests\Unit\Game\Skills\Services\EnchantingServiceTest" classname="Tests.Unit.Game.Skills.Services.EnchantingServiceTest" assertions="1" time="0.270043"/>
        <testcase name="testGetItemForGlobalEvent" file="/home/adam/Documents/flare/tests/Unit/Game/Skills/Services/EnchantingServiceTest.php" line="594" class="Tests\Unit\Game\Skills\Services\EnchantingServiceTest" classname="Tests.Unit.Game.Skills.Services.EnchantingServiceTest" assertions="1" time="0.230731"/>
        <testcase name="testGetCostWhenItemHasAffixesAttached" file="/home/adam/Documents/flare/tests/Unit/Game/Skills/Services/EnchantingServiceTest.php" line="271" class="Tests\Unit\Game\Skills\Services\EnchantingServiceTest" classname="Tests.Unit.Game.Skills.Services.EnchantingServiceTest" assertions="1" time="0.216292"/>
        <testcase name="testFetchAffixesAndItemsThatCanBeEnchanted" file="/home/adam/Documents/flare/tests/Unit/Game/Skills/Services/EnchantingServiceTest.php" line="114" class="Tests\Unit\Game\Skills\Services\EnchantingServiceTest" classname="Tests.Unit.Game.Skills.Services.EnchantingServiceTest" assertions="2" time="0.245246"/>
        <testcase name="testEnchantItemWithNonExistantAffixesButStillReduceTheCharactersGoldAsPunishment" file="/home/adam/Documents/flare/tests/Unit/Game/Skills/Services/EnchantingServiceTest.php" line="304" class="Tests\Unit\Game\Skills\Services\EnchantingServiceTest" classname="Tests.Unit.Game.Skills.Services.EnchantingServiceTest" assertions="1" time="0.358566"/>
        <testcase name="testFetchAffixesAndItemsThatCanBeEnchantedWithAlreadyEnchantedItemAtTheBottom" file="/home/adam/Documents/flare/tests/Unit/Game/Skills/Services/EnchantingServiceTest.php" line="193" class="Tests\Unit\Game\Skills\Services\EnchantingServiceTest" classname="Tests.Unit.Game.Skills.Services.EnchantingServiceTest" assertions="3" time="0.245172"/>
        <testcase name="testGetTimeAdditionForEnchantingShouldBeTriple" file="/home/adam/Documents/flare/tests/Unit/Game/Skills/Services/EnchantingServiceTest.php" line="541" class="Tests\Unit\Game\Skills\Services\EnchantingServiceTest" classname="Tests.Unit.Game.Skills.Services.EnchantingServiceTest" assertions="1" time="0.231614"/>
        <testcase name="testGetTimeAdditionForEnchantingShouldBeNull" file="/home/adam/Documents/flare/tests/Unit/Game/Skills/Services/EnchantingServiceTest.php" line="564" class="Tests\Unit\Game\Skills\Services\EnchantingServiceTest" classname="Tests.Unit.Game.Skills.Services.EnchantingServiceTest" assertions="1" time="0.272510"/>
        <testcase name="testCannotEnchantItemWhenSkillLevelRequiredIsToHigh" file="/home/adam/Documents/flare/tests/Unit/Game/Skills/Services/EnchantingServiceTest.php" line="322" class="Tests\Unit\Game\Skills\Services\EnchantingServiceTest" classname="Tests.Unit.Game.Skills.Services.EnchantingServiceTest" assertions="2" time="0.220964"/>
        <testcase name="testEnchantingFails" file="/home/adam/Documents/flare/tests/Unit/Game/Skills/Services/EnchantingServiceTest.php" line="503" class="Tests\Unit\Game\Skills\Services\EnchantingServiceTest" classname="Tests.Unit.Game.Skills.Services.EnchantingServiceTest" assertions="3" time="0.249669"/>
        <testcase name="testFetchAffixesAndItemsThatCanBeEnchantedForGlobalEvent" file="/home/adam/Documents/flare/tests/Unit/Game/Skills/Services/EnchantingServiceTest.php" line="124" class="Tests\Unit\Game\Skills\Services\EnchantingServiceTest" classname="Tests.Unit.Game.Skills.Services.EnchantingServiceTest" assertions="1" time="0.262357"/>
        <testcase name="testEnchantingSucceeds" file="/home/adam/Documents/flare/tests/Unit/Game/Skills/Services/EnchantingServiceTest.php" line="411" class="Tests\Unit\Game\Skills\Services\EnchantingServiceTest" classname="Tests.Unit.Game.Skills.Services.EnchantingServiceTest" assertions="3" time="0.284072"/>
        <testcase name="testEnchantItemAndTheCostIsDeducted" file="/home/adam/Documents/flare/tests/Unit/Game/Skills/Services/EnchantingServiceTest.php" line="286" class="Tests\Unit\Game\Skills\Services\EnchantingServiceTest" classname="Tests.Unit.Game.Skills.Services.EnchantingServiceTest" assertions="1" time="0.268734"/>
        <testcase name="testEnchantingSucceedsWhileEnchantingGlobalEventIsRunning" file="/home/adam/Documents/flare/tests/Unit/Game/Skills/Services/EnchantingServiceTest.php" line="447" class="Tests\Unit\Game\Skills\Services\EnchantingServiceTest" classname="Tests.Unit.Game.Skills.Services.EnchantingServiceTest" assertions="6" time="0.317020"/>
        <testcase name="testFetchAffixesAsMerhcant" file="/home/adam/Documents/flare/tests/Unit/Game/Skills/Services/EnchantingServiceTest.php" line="170" class="Tests\Unit\Game\Skills\Services\EnchantingServiceTest" classname="Tests.Unit.Game.Skills.Services.EnchantingServiceTest" assertions="3" time="0.300183"/>
        <testcase name="testEnchantNotEnoughInt" file="/home/adam/Documents/flare/tests/Unit/Game/Skills/Services/EnchantingServiceTest.php" line="351" class="Tests\Unit\Game\Skills\Services\EnchantingServiceTest" classname="Tests.Unit.Game.Skills.Services.EnchantingServiceTest" assertions="2" time="0.237691"/>
        <testcase name="testEnchantWhenToEasy" file="/home/adam/Documents/flare/tests/Unit/Game/Skills/Services/EnchantingServiceTest.php" line="381" class="Tests\Unit\Game\Skills\Services\EnchantingServiceTest" classname="Tests.Unit.Game.Skills.Services.EnchantingServiceTest" assertions="2" time="0.315616"/>
        <testcase name="testGetCostOfAffixesToAttachAsAMerchant" file="/home/adam/Documents/flare/tests/Unit/Game/Skills/Services/EnchantingServiceTest.php" line="251" class="Tests\Unit\Game\Skills\Services\EnchantingServiceTest" classname="Tests.Unit.Game.Skills.Services.EnchantingServiceTest" assertions="2" time="0.303134"/>
      </testsuite>
      <testsuite name="Tests\Unit\Game\Skills\Services\GemServiceTest" file="/home/adam/Documents/flare/tests/Unit/Game/Skills/Services/GemServiceTest.php" tests="11" assertions="30" errors="0" failures="0" skipped="0" time="2.728520">
        <testcase name="testCannotCraftWhenInventoryIsFull" file="/home/adam/Documents/flare/tests/Unit/Game/Skills/Services/GemServiceTest.php" line="71" class="Tests\Unit\Game\Skills\Services\GemServiceTest" classname="Tests.Unit.Game.Skills.Services.GemServiceTest" assertions="2" time="0.206892"/>
        <testcase name="testCannotAffordTier" file="/home/adam/Documents/flare/tests/Unit/Game/Skills/Services/GemServiceTest.php" line="61" class="Tests\Unit\Game\Skills\Services\GemServiceTest" classname="Tests.Unit.Game.Skills.Services.GemServiceTest" assertions="2" time="0.216558"/>
        <testcase name="testFetchCharacterGemCraftingXP" file="/home/adam/Documents/flare/tests/Unit/Game/Skills/Services/GemServiceTest.php" line="288" class="Tests\Unit\Game\Skills\Services\GemServiceTest" classname="Tests.Unit.Game.Skills.Services.GemServiceTest" assertions="1" time="0.266432"/>
        <testcase name="testCraftTheGem" file="/home/adam/Documents/flare/tests/Unit/Game/Skills/Services/GemServiceTest.php" line="155" class="Tests\Unit\Game\Skills\Services\GemServiceTest" classname="Tests.Unit.Game.Skills.Services.GemServiceTest" assertions="5" time="0.218039"/>
        <testcase name="testGetCraftableGemsList" file="/home/adam/Documents/flare/tests/Unit/Game/Skills/Services/GemServiceTest.php" line="270" class="Tests\Unit\Game\Skills\Services\GemServiceTest" classname="Tests.Unit.Game.Skills.Services.GemServiceTest" assertions="1" time="0.229541"/>
        <testcase name="testCraftTheGemButIncreaseTheAmount" file="/home/adam/Documents/flare/tests/Unit/Game/Skills/Services/GemServiceTest.php" line="219" class="Tests\Unit\Game\Skills\Services\GemServiceTest" classname="Tests.Unit.Game.Skills.Services.GemServiceTest" assertions="6" time="0.279435"/>
        <testcase name="testAttemptToCraftTheGem" file="/home/adam/Documents/flare/tests/Unit/Game/Skills/Services/GemServiceTest.php" line="132" class="Tests\Unit\Game\Skills\Services\GemServiceTest" classname="Tests.Unit.Game.Skills.Services.GemServiceTest" assertions="4" time="0.228039"/>
        <testcase name="testCannotCraftWhenSkillLevelRequiredToHigh" file="/home/adam/Documents/flare/tests/Unit/Game/Skills/Services/GemServiceTest.php" line="88" class="Tests\Unit\Game\Skills\Services\GemServiceTest" classname="Tests.Unit.Game.Skills.Services.GemServiceTest" assertions="1" time="0.310053"/>
        <testcase name="testThrowExceptionWhenThePlayerDoesNotHaveTheSkill" file="/home/adam/Documents/flare/tests/Unit/Game/Skills/Services/GemServiceTest.php" line="279" class="Tests\Unit\Game\Skills\Services\GemServiceTest" classname="Tests.Unit.Game.Skills.Services.GemServiceTest" assertions="1" time="0.320247"/>
        <testcase name="testFailToCraftTheGem" file="/home/adam/Documents/flare/tests/Unit/Game/Skills/Services/GemServiceTest.php" line="104" class="Tests\Unit\Game\Skills\Services\GemServiceTest" classname="Tests.Unit.Game.Skills.Services.GemServiceTest" assertions="3" time="0.222330"/>
        <testcase name="testCraftTheGemWhenSkillLevelIsMaxed" file="/home/adam/Documents/flare/tests/Unit/Game/Skills/Services/GemServiceTest.php" line="190" class="Tests\Unit\Game\Skills\Services\GemServiceTest" classname="Tests.Unit.Game.Skills.Services.GemServiceTest" assertions="4" time="0.230954"/>
      </testsuite>
      <testsuite name="Tests\Unit\Game\Skills\Services\ItemSkillServiceTest" file="/home/adam/Documents/flare/tests/Unit/Game/Skills/Services/ItemSkillServiceTest.php" tests="11" assertions="25" errors="0" failures="0" skipped="0" time="2.595320">
        <testcase name="testCannotStopTrainingSkillWhenThereIsNoProgressionData" file="/home/adam/Documents/flare/tests/Unit/Game/Skills/Services/ItemSkillServiceTest.php" line="99" class="Tests\Unit\Game\Skills\Services\ItemSkillServiceTest" classname="Tests.Unit.Game.Skills.Services.ItemSkillServiceTest" assertions="2" time="0.233061"/>
        <testcase name="testCannotFindItemForItemSkillToTrain" file="/home/adam/Documents/flare/tests/Unit/Game/Skills/Services/ItemSkillServiceTest.php" line="38" class="Tests\Unit\Game\Skills\Services\ItemSkillServiceTest" classname="Tests.Unit.Game.Skills.Services.ItemSkillServiceTest" assertions="2" time="0.248844"/>
        <testcase name="testCannotFindItemForItemSkillToStopTrainingWhenYouHaveNoItemEquipped" file="/home/adam/Documents/flare/tests/Unit/Game/Skills/Services/ItemSkillServiceTest.php" line="60" class="Tests\Unit\Game\Skills\Services\ItemSkillServiceTest" classname="Tests.Unit.Game.Skills.Services.ItemSkillServiceTest" assertions="2" time="0.202137"/>
        <testcase name="testCannotFindItemForItemSkillToTrainWhenYouHaveEquippedItems" file="/home/adam/Documents/flare/tests/Unit/Game/Skills/Services/ItemSkillServiceTest.php" line="49" class="Tests\Unit\Game\Skills\Services\ItemSkillServiceTest" classname="Tests.Unit.Game.Skills.Services.ItemSkillServiceTest" assertions="2" time="0.210083"/>
        <testcase name="testCannotFindItemSkillProgressionWhenYouHaveAnItemThatHasSkillsButNoProgression" file="/home/adam/Documents/flare/tests/Unit/Game/Skills/Services/ItemSkillServiceTest.php" line="120" class="Tests\Unit\Game\Skills\Services\ItemSkillServiceTest" classname="Tests.Unit.Game.Skills.Services.ItemSkillServiceTest" assertions="2" time="0.274149"/>
        <testcase name="testCannotTrainSkillWhenParentIsNotTrained" file="/home/adam/Documents/flare/tests/Unit/Game/Skills/Services/ItemSkillServiceTest.php" line="140" class="Tests\Unit\Game\Skills\Services\ItemSkillServiceTest" classname="Tests.Unit.Game.Skills.Services.ItemSkillServiceTest" assertions="2" time="0.219095"/>
        <testcase name="testStartTrainingTheSkillOnTheItem" file="/home/adam/Documents/flare/tests/Unit/Game/Skills/Services/ItemSkillServiceTest.php" line="240" class="Tests\Unit\Game\Skills\Services\ItemSkillServiceTest" classname="Tests.Unit.Game.Skills.Services.ItemSkillServiceTest" assertions="3" time="0.244446"/>
        <testcase name="testCannotFindItemSkillProgressionWhenYouHaveAnItemThatHasSkills" file="/home/adam/Documents/flare/tests/Unit/Game/Skills/Services/ItemSkillServiceTest.php" line="71" class="Tests\Unit\Game\Skills\Services\ItemSkillServiceTest" classname="Tests.Unit.Game.Skills.Services.ItemSkillServiceTest" assertions="2" time="0.210217"/>
        <testcase name="testCanTrainChildSkill" file="/home/adam/Documents/flare/tests/Unit/Game/Skills/Services/ItemSkillServiceTest.php" line="191" class="Tests\Unit\Game\Skills\Services\ItemSkillServiceTest" classname="Tests.Unit.Game.Skills.Services.ItemSkillServiceTest" assertions="2" time="0.290640"/>
        <testcase name="testStartTrainingOfParentSkillWhenTrainingParentSkill" file="/home/adam/Documents/flare/tests/Unit/Game/Skills/Services/ItemSkillServiceTest.php" line="312" class="Tests\Unit\Game\Skills\Services\ItemSkillServiceTest" classname="Tests.Unit.Game.Skills.Services.ItemSkillServiceTest" assertions="3" time="0.245712"/>
        <testcase name="testStopTrainingTheSkillOnTheItem" file="/home/adam/Documents/flare/tests/Unit/Game/Skills/Services/ItemSkillServiceTest.php" line="276" class="Tests\Unit\Game\Skills\Services\ItemSkillServiceTest" classname="Tests.Unit.Game.Skills.Services.ItemSkillServiceTest" assertions="3" time="0.216935"/>
      </testsuite>
      <testsuite name="Tests\Unit\Game\Skills\Services\MassDisenchantServiceTest" file="/home/adam/Documents/flare/tests/Unit/Game/Skills/Services/MassDisenchantServiceTest.php" tests="8" assertions="25" errors="0" failures="0" skipped="0" time="3.655426">
        <testcase name="testDisenchantAllItems" file="/home/adam/Documents/flare/tests/Unit/Game/Skills/Services/MassDisenchantServiceTest.php" line="77" class="Tests\Unit\Game\Skills\Services\MassDisenchantServiceTest" classname="Tests.Unit.Game.Skills.Services.MassDisenchantServiceTest" assertions="1" time="0.401638"/>
        <testcase name="testGetSkillXpForDisenchantingItems" file="/home/adam/Documents/flare/tests/Unit/Game/Skills/Services/MassDisenchantServiceTest.php" line="121" class="Tests\Unit\Game\Skills\Services\MassDisenchantServiceTest" classname="Tests.Unit.Game.Skills.Services.MassDisenchantServiceTest" assertions="2" time="0.392479"/>
        <testcase name="testGetGoldDustRushDisenchantingItemsDoesNotGoAbovemax" file="/home/adam/Documents/flare/tests/Unit/Game/Skills/Services/MassDisenchantServiceTest.php" line="197" class="Tests\Unit\Game\Skills\Services\MassDisenchantServiceTest" classname="Tests.Unit.Game.Skills.Services.MassDisenchantServiceTest" assertions="3" time="0.437092"/>
        <testcase name="testAttemptGoldDustRush" file="/home/adam/Documents/flare/tests/Unit/Game/Skills/Services/MassDisenchantServiceTest.php" line="332" class="Tests\Unit\Game\Skills\Services\MassDisenchantServiceTest" classname="Tests.Unit.Game.Skills.Services.MassDisenchantServiceTest" assertions="6" time="0.444597"/>
        <testcase name="testGetGoldDustRushDisenchantingItems" file="/home/adam/Documents/flare/tests/Unit/Game/Skills/Services/MassDisenchantServiceTest.php" line="154" class="Tests\Unit\Game\Skills\Services\MassDisenchantServiceTest" classname="Tests.Unit.Game.Skills.Services.MassDisenchantServiceTest" assertions="2" time="0.407540"/>
        <testcase name="testDoNotGoAboveMaxGoldDust" file="/home/adam/Documents/flare/tests/Unit/Game/Skills/Services/MassDisenchantServiceTest.php" line="278" class="Tests\Unit\Game\Skills\Services\MassDisenchantServiceTest" classname="Tests.Unit.Game.Skills.Services.MassDisenchantServiceTest" assertions="6" time="0.476606"/>
        <testcase name="testDisenchantAllItemsWithOverFlowOfXp" file="/home/adam/Documents/flare/tests/Unit/Game/Skills/Services/MassDisenchantServiceTest.php" line="88" class="Tests\Unit\Game\Skills\Services\MassDisenchantServiceTest" classname="Tests.Unit.Game.Skills.Services.MassDisenchantServiceTest" assertions="3" time="0.456623"/>
        <testcase name="testGetSkillXpForDisenchantingItemsWhenMapBonusApplied" file="/home/adam/Documents/flare/tests/Unit/Game/Skills/Services/MassDisenchantServiceTest.php" line="245" class="Tests\Unit\Game\Skills\Services\MassDisenchantServiceTest" classname="Tests.Unit.Game.Skills.Services.MassDisenchantServiceTest" assertions="2" time="0.638851"/>
      </testsuite>
      <testsuite name="Tests\Unit\Game\Skills\Services\SkillCheckServiceTest" file="/home/adam/Documents/flare/tests/Unit/Game/Skills/Services/SkillCheckServiceTest.php" tests="1" assertions="1" errors="0" failures="0" skipped="0" time="0.213631">
        <testcase name="testReturnMaxRollForCharacterRollWhenSkillIsMaxed" file="/home/adam/Documents/flare/tests/Unit/Game/Skills/Services/SkillCheckServiceTest.php" line="49" class="Tests\Unit\Game\Skills\Services\SkillCheckServiceTest" classname="Tests.Unit.Game.Skills.Services.SkillCheckServiceTest" assertions="1" time="0.213631"/>
      </testsuite>
      <testsuite name="Tests\Unit\Game\Skills\Services\SkillServiceTest" file="/home/adam/Documents/flare/tests/Unit/Game/Skills/Services/SkillServiceTest.php" tests="17" assertions="31" errors="0" failures="0" skipped="0" time="5.900837">
        <testcase name="testGetSkills" file="/home/adam/Documents/flare/tests/Unit/Game/Skills/Services/SkillServiceTest.php" line="55" class="Tests\Unit\Game\Skills\Services\SkillServiceTest" classname="Tests.Unit.Game.Skills.Services.SkillServiceTest" assertions="1" time="0.226090"/>
        <testcase name="testFailToTrainSkillThatDoesntExist" file="/home/adam/Documents/flare/tests/Unit/Game/Skills/Services/SkillServiceTest.php" line="67" class="Tests\Unit\Game\Skills\Services\SkillServiceTest" classname="Tests.Unit.Game.Skills.Services.SkillServiceTest" assertions="2" time="0.266348"/>
        <testcase name="testDoNotAssignXpToASkillThatDoesntExist" file="/home/adam/Documents/flare/tests/Unit/Game/Skills/Services/SkillServiceTest.php" line="124" class="Tests\Unit\Game\Skills\Services\SkillServiceTest" classname="Tests.Unit.Game.Skills.Services.SkillServiceTest" assertions="1" time="0.209236"/>
        <testcase name="testAssignXpToRegularSkillAndDoNotLevelItUpWhenMaxed" file="/home/adam/Documents/flare/tests/Unit/Game/Skills/Services/SkillServiceTest.php" line="322" class="Tests\Unit\Game\Skills\Services\SkillServiceTest" classname="Tests.Unit.Game.Skills.Services.SkillServiceTest" assertions="2" time="0.204400"/>
        <testcase name="testGetSpecificSkill" file="/home/adam/Documents/flare/tests/Unit/Game/Skills/Services/SkillServiceTest.php" line="62" class="Tests\Unit\Game\Skills\Services\SkillServiceTest" classname="Tests.Unit.Game.Skills.Services.SkillServiceTest" assertions="1" time="0.215040"/>
        <testcase name="testDoNotAssignXpToMaxLevelSkill" file="/home/adam/Documents/flare/tests/Unit/Game/Skills/Services/SkillServiceTest.php" line="135" class="Tests\Unit\Game\Skills\Services\SkillServiceTest" classname="Tests.Unit.Game.Skills.Services.SkillServiceTest" assertions="1" time="0.256003"/>
        <testcase name="testAssignXpToSkillWhenEventIsRunning" file="/home/adam/Documents/flare/tests/Unit/Game/Skills/Services/SkillServiceTest.php" line="173" class="Tests\Unit\Game\Skills\Services\SkillServiceTest" classname="Tests.Unit.Game.Skills.Services.SkillServiceTest" assertions="1" time="0.220696"/>
        <testcase name="testTrainSkill" file="/home/adam/Documents/flare/tests/Unit/Game/Skills/Services/SkillServiceTest.php" line="77" class="Tests\Unit\Game\Skills\Services\SkillServiceTest" classname="Tests.Unit.Game.Skills.Services.SkillServiceTest" assertions="4" time="0.246731"/>
        <testcase name="testCraftSkillDoesNotGetXpBecauseItsMaxLevel" file="/home/adam/Documents/flare/tests/Unit/Game/Skills/Services/SkillServiceTest.php" line="248" class="Tests\Unit\Game\Skills\Services\SkillServiceTest" classname="Tests.Unit.Game.Skills.Services.SkillServiceTest" assertions="1" time="0.340053"/>
        <testcase name="testSwitchTrainingSkills" file="/home/adam/Documents/flare/tests/Unit/Game/Skills/Services/SkillServiceTest.php" line="93" class="Tests\Unit\Game\Skills\Services\SkillServiceTest" classname="Tests.Unit.Game.Skills.Services.SkillServiceTest" assertions="6" time="0.217461"/>
        <testcase name="testAssignXpToSkill" file="/home/adam/Documents/flare/tests/Unit/Game/Skills/Services/SkillServiceTest.php" line="153" class="Tests\Unit\Game\Skills\Services\SkillServiceTest" classname="Tests.Unit.Game.Skills.Services.SkillServiceTest" assertions="1" time="0.223241"/>
        <testcase name="testLevelSkillWhereSkillBonusWillNotGoAboveOne" file="/home/adam/Documents/flare/tests/Unit/Game/Skills/Services/SkillServiceTest.php" line="223" class="Tests\Unit\Game\Skills\Services\SkillServiceTest" classname="Tests.Unit.Game.Skills.Services.SkillServiceTest" assertions="3" time="0.285113"/>
        <testcase name="testLevelSkill" file="/home/adam/Documents/flare/tests/Unit/Game/Skills/Services/SkillServiceTest.php" line="199" class="Tests\Unit\Game\Skills\Services\SkillServiceTest" classname="Tests.Unit.Game.Skills.Services.SkillServiceTest" assertions="2" time="0.288515"/>
        <testcase name="testAssignXpToRegularSkillAndDoNotLevelItBeyondLevel400" file="/home/adam/Documents/flare/tests/Unit/Game/Skills/Services/SkillServiceTest.php" line="340" class="Tests\Unit\Game\Skills\Services\SkillServiceTest" classname="Tests.Unit.Game.Skills.Services.SkillServiceTest" assertions="2" time="0.323537"/>
        <testcase name="testAssignXpToRegularSkillWhenFeedBackEventIsRunning" file="/home/adam/Documents/flare/tests/Unit/Game/Skills/Services/SkillServiceTest.php" line="284" class="Tests\Unit\Game\Skills\Services\SkillServiceTest" classname="Tests.Unit.Game.Skills.Services.SkillServiceTest" assertions="1" time="0.472158"/>
        <testcase name="testAssignXpToCraftingSkillWhenFeedBackEventIsRunning" file="/home/adam/Documents/flare/tests/Unit/Game/Skills/Services/SkillServiceTest.php" line="263" class="Tests\Unit\Game\Skills\Services\SkillServiceTest" classname="Tests.Unit.Game.Skills.Services.SkillServiceTest" assertions="1" time="0.569164"/>
        <testcase name="testAssignXpToRegularSkillAndLevelItUp" file="/home/adam/Documents/flare/tests/Unit/Game/Skills/Services/SkillServiceTest.php" line="305" class="Tests\Unit\Game\Skills\Services\SkillServiceTest" classname="Tests.Unit.Game.Skills.Services.SkillServiceTest" assertions="1" time="1.337051"/>
      </testsuite>
      <testsuite name="Tests\Unit\Game\Skills\Services\TrinketCraftingServiceTest" file="/home/adam/Documents/flare/tests/Unit/Game/Skills/Services/TrinketCraftingServiceTest.php" tests="12" assertions="30" errors="0" failures="0" skipped="0" time="3.133756">
        <testcase name="testCannotAffordToCraftTrinket" file="/home/adam/Documents/flare/tests/Unit/Game/Skills/Services/TrinketCraftingServiceTest.php" line="102" class="Tests\Unit\Game\Skills\Services\TrinketCraftingServiceTest" classname="Tests.Unit.Game.Skills.Services.TrinketCraftingServiceTest" assertions="1" time="0.311130"/>
        <testcase name="testCannotAffordToCraftTrinketNotEnoughnCopperCoins" file="/home/adam/Documents/flare/tests/Unit/Game/Skills/Services/TrinketCraftingServiceTest.php" line="115" class="Tests\Unit\Game\Skills\Services\TrinketCraftingServiceTest" classname="Tests.Unit.Game.Skills.Services.TrinketCraftingServiceTest" assertions="1" time="0.207025"/>
        <testcase name="testGetTrinketsToCraft" file="/home/adam/Documents/flare/tests/Unit/Game/Skills/Services/TrinketCraftingServiceTest.php" line="74" class="Tests\Unit\Game\Skills\Services\TrinketCraftingServiceTest" classname="Tests.Unit.Game.Skills.Services.TrinketCraftingServiceTest" assertions="1" time="0.214180"/>
        <testcase name="testCannotCraftTrinketWhenTooHard" file="/home/adam/Documents/flare/tests/Unit/Game/Skills/Services/TrinketCraftingServiceTest.php" line="132" class="Tests\Unit\Game\Skills\Services\TrinketCraftingServiceTest" classname="Tests.Unit.Game.Skills.Services.TrinketCraftingServiceTest" assertions="1" time="0.221193"/>
        <testcase name="testFailToCraftTheTrinket" file="/home/adam/Documents/flare/tests/Unit/Game/Skills/Services/TrinketCraftingServiceTest.php" line="184" class="Tests\Unit\Game\Skills\Services\TrinketCraftingServiceTest" classname="Tests.Unit.Game.Skills.Services.TrinketCraftingServiceTest" assertions="4" time="0.262738"/>
        <testcase name="testFetchCharacterTrinketCraftingXP" file="/home/adam/Documents/flare/tests/Unit/Game/Skills/Services/TrinketCraftingServiceTest.php" line="340" class="Tests\Unit\Game\Skills\Services\TrinketCraftingServiceTest" classname="Tests.Unit.Game.Skills.Services.TrinketCraftingServiceTest" assertions="1" time="0.214990"/>
        <testcase name="testCraftTheItemButInventoryIsFull" file="/home/adam/Documents/flare/tests/Unit/Game/Skills/Services/TrinketCraftingServiceTest.php" line="303" class="Tests\Unit\Game\Skills\Services\TrinketCraftingServiceTest" classname="Tests.Unit.Game.Skills.Services.TrinketCraftingServiceTest" assertions="5" time="0.241762"/>
        <testcase name="testCraftTheItem" file="/home/adam/Documents/flare/tests/Unit/Game/Skills/Services/TrinketCraftingServiceTest.php" line="219" class="Tests\Unit\Game\Skills\Services\TrinketCraftingServiceTest" classname="Tests.Unit.Game.Skills.Services.TrinketCraftingServiceTest" assertions="2" time="0.286893"/>
        <testcase name="testCraftTheItemAndGiveitem" file="/home/adam/Documents/flare/tests/Unit/Game/Skills/Services/TrinketCraftingServiceTest.php" line="238" class="Tests\Unit\Game\Skills\Services\TrinketCraftingServiceTest" classname="Tests.Unit.Game.Skills.Services.TrinketCraftingServiceTest" assertions="4" time="0.267473"/>
        <testcase name="testGetTrinketsToCraftAsMerchant" file="/home/adam/Documents/flare/tests/Unit/Game/Skills/Services/TrinketCraftingServiceTest.php" line="83" class="Tests\Unit\Game\Skills\Services\TrinketCraftingServiceTest" classname="Tests.Unit.Game.Skills.Services.TrinketCraftingServiceTest" assertions="4" time="0.292078"/>
        <testcase name="testCraftTrinketWhenTooEasy" file="/home/adam/Documents/flare/tests/Unit/Game/Skills/Services/TrinketCraftingServiceTest.php" line="156" class="Tests\Unit\Game\Skills\Services\TrinketCraftingServiceTest" classname="Tests.Unit.Game.Skills.Services.TrinketCraftingServiceTest" assertions="2" time="0.288561"/>
        <testcase name="testCraftTheItemAsMerchant" file="/home/adam/Documents/flare/tests/Unit/Game/Skills/Services/TrinketCraftingServiceTest.php" line="268" class="Tests\Unit\Game\Skills\Services\TrinketCraftingServiceTest" classname="Tests.Unit.Game.Skills.Services.TrinketCraftingServiceTest" assertions="4" time="0.325732"/>
      </testsuite>
      <testsuite name="Tests\Unit\Game\Skills\Services\UpdateCharacterSkillsServiceTest" file="/home/adam/Documents/flare/tests/Unit/Game/Skills/Services/UpdateCharacterSkillsServiceTest.php" tests="2" assertions="2" errors="0" failures="0" skipped="0" time="0.470999">
        <testcase name="testUpdateCharactercraftingSkills" file="/home/adam/Documents/flare/tests/Unit/Game/Skills/Services/UpdateCharacterSkillsServiceTest.php" line="62" class="Tests\Unit\Game\Skills\Services\UpdateCharacterSkillsServiceTest" classname="Tests.Unit.Game.Skills.Services.UpdateCharacterSkillsServiceTest" assertions="1" time="0.210718"/>
        <testcase name="testUpdateCharacterTrainingSkills" file="/home/adam/Documents/flare/tests/Unit/Game/Skills/Services/UpdateCharacterSkillsServiceTest.php" line="51" class="Tests\Unit\Game\Skills\Services\UpdateCharacterSkillsServiceTest" classname="Tests.Unit.Game.Skills.Services.UpdateCharacterSkillsServiceTest" assertions="1" time="0.260282"/>
      </testsuite>
      <testsuite name="Tests\Unit\Game\Skills\Values\SkillTypeValueTest" file="/home/adam/Documents/flare/tests/Unit/Game/Skills/Values/SkillTypeValueTest.php" tests="16" assertions="16" errors="0" failures="0" skipped="0" time="1.792960">
        <testcase name="testIsDirectionalTimer" file="/home/adam/Documents/flare/tests/Unit/Game/Skills/Values/SkillTypeValueTest.php" line="45" class="Tests\Unit\Game\Skills\Values\SkillTypeValueTest" classname="Tests.Unit.Game.Skills.Values.SkillTypeValueTest" assertions="1" time="0.103945"/>
        <testcase name="testIsKingdomBuildingTimer" file="/home/adam/Documents/flare/tests/Unit/Game/Skills/Values/SkillTypeValueTest.php" line="50" class="Tests\Unit\Game\Skills\Values\SkillTypeValueTest" classname="Tests.Unit.Game.Skills.Values.SkillTypeValueTest" assertions="1" time="0.101062"/>
        <testcase name="testIsUnitMovementTimer" file="/home/adam/Documents/flare/tests/Unit/Game/Skills/Values/SkillTypeValueTest.php" line="60" class="Tests\Unit\Game\Skills\Values\SkillTypeValueTest" classname="Tests.Unit.Game.Skills.Values.SkillTypeValueTest" assertions="1" time="0.100898"/>
        <testcase name="testIsTraining" file="/home/adam/Documents/flare/tests/Unit/Game/Skills/Values/SkillTypeValueTest.php" line="10" class="Tests\Unit\Game\Skills\Values\SkillTypeValueTest" classname="Tests.Unit.Game.Skills.Values.SkillTypeValueTest" assertions="1" time="0.158479"/>
        <testcase name="testIsCrafting" file="/home/adam/Documents/flare/tests/Unit/Game/Skills/Values/SkillTypeValueTest.php" line="15" class="Tests\Unit\Game\Skills\Values\SkillTypeValueTest" classname="Tests.Unit.Game.Skills.Values.SkillTypeValueTest" assertions="1" time="0.100091"/>
        <testcase name="testIsMovementTimer" file="/home/adam/Documents/flare/tests/Unit/Game/Skills/Values/SkillTypeValueTest.php" line="40" class="Tests\Unit\Game\Skills\Values\SkillTypeValueTest" classname="Tests.Unit.Game.Skills.Values.SkillTypeValueTest" assertions="1" time="0.098526"/>
        <testcase name="testIsSpellEvasion" file="/home/adam/Documents/flare/tests/Unit/Game/Skills/Values/SkillTypeValueTest.php" line="65" class="Tests\Unit\Game\Skills\Values\SkillTypeValueTest" classname="Tests.Unit.Game.Skills.Values.SkillTypeValueTest" assertions="1" time="0.102769"/>
        <testcase name="testIsDisenchanting" file="/home/adam/Documents/flare/tests/Unit/Game/Skills/Values/SkillTypeValueTest.php" line="25" class="Tests\Unit\Game\Skills\Values\SkillTypeValueTest" classname="Tests.Unit.Game.Skills.Values.SkillTypeValueTest" assertions="1" time="0.104653"/>
        <testcase name="testIsUnitRecruitmentTimer" file="/home/adam/Documents/flare/tests/Unit/Game/Skills/Values/SkillTypeValueTest.php" line="55" class="Tests\Unit\Game\Skills\Values\SkillTypeValueTest" classname="Tests.Unit.Game.Skills.Values.SkillTypeValueTest" assertions="1" time="0.156631"/>
        <testcase name="testIsAlchemy" file="/home/adam/Documents/flare/tests/Unit/Game/Skills/Values/SkillTypeValueTest.php" line="30" class="Tests\Unit\Game\Skills\Values\SkillTypeValueTest" classname="Tests.Unit.Game.Skills.Values.SkillTypeValueTest" assertions="1" time="0.106055"/>
        <testcase name="testIsBattleTimer" file="/home/adam/Documents/flare/tests/Unit/Game/Skills/Values/SkillTypeValueTest.php" line="35" class="Tests\Unit\Game\Skills\Values\SkillTypeValueTest" classname="Tests.Unit.Game.Skills.Values.SkillTypeValueTest" assertions="1" time="0.099029"/>
        <testcase name="testGetNamedValue" file="/home/adam/Documents/flare/tests/Unit/Game/Skills/Values/SkillTypeValueTest.php" line="85" class="Tests\Unit\Game\Skills\Values\SkillTypeValueTest" classname="Tests.Unit.Game.Skills.Values.SkillTypeValueTest" assertions="1" time="0.112638"/>
        <testcase name="testIsKingdom" file="/home/adam/Documents/flare/tests/Unit/Game/Skills/Values/SkillTypeValueTest.php" line="70" class="Tests\Unit\Game\Skills\Values\SkillTypeValueTest" classname="Tests.Unit.Game.Skills.Values.SkillTypeValueTest" assertions="1" time="0.147629"/>
        <testcase name="testEffectsClass" file="/home/adam/Documents/flare/tests/Unit/Game/Skills/Values/SkillTypeValueTest.php" line="75" class="Tests\Unit\Game\Skills\Values\SkillTypeValueTest" classname="Tests.Unit.Game.Skills.Values.SkillTypeValueTest" assertions="1" time="0.101459"/>
        <testcase name="testIsGemCrafting" file="/home/adam/Documents/flare/tests/Unit/Game/Skills/Values/SkillTypeValueTest.php" line="80" class="Tests\Unit\Game\Skills\Values\SkillTypeValueTest" classname="Tests.Unit.Game.Skills.Values.SkillTypeValueTest" assertions="1" time="0.099683"/>
        <testcase name="testIsEnchanting" file="/home/adam/Documents/flare/tests/Unit/Game/Skills/Values/SkillTypeValueTest.php" line="20" class="Tests\Unit\Game\Skills\Values\SkillTypeValueTest" classname="Tests.Unit.Game.Skills.Values.SkillTypeValueTest" assertions="1" time="0.099413"/>
      </testsuite>
      <testsuite name="Tests\Unit\Game\SpecialtyShops\Services\SpecialtyShopTest" file="/home/adam/Documents/flare/tests/Unit/Game/SpecialtyShops/Services/SpecialtyShopTest.php" tests="8" assertions="26" errors="0" failures="0" skipped="0" time="2.034410">
        <testcase name="testCannotFindItemToPurchase" file="/home/adam/Documents/flare/tests/Unit/Game/SpecialtyShops/Services/SpecialtyShopTest.php" line="40" class="Tests\Unit\Game\SpecialtyShops\Services\SpecialtyShopTest" classname="Tests.Unit.Game.SpecialtyShops.Services.SpecialtyShopTest" assertions="2" time="0.257338"/>
        <testcase name="testDoesNotHaveTheCurrencyRequired" file="/home/adam/Documents/flare/tests/Unit/Game/SpecialtyShops/Services/SpecialtyShopTest.php" line="50" class="Tests\Unit\Game\SpecialtyShops\Services\SpecialtyShopTest" classname="Tests.Unit.Game.SpecialtyShops.Services.SpecialtyShopTest" assertions="2" time="0.201791"/>
        <testcase name="testMissingPurgatoryChainGearToUpgrade" file="/home/adam/Documents/flare/tests/Unit/Game/SpecialtyShops/Services/SpecialtyShopTest.php" line="89" class="Tests\Unit\Game\SpecialtyShops\Services\SpecialtyShopTest" classname="Tests.Unit.Game.SpecialtyShops.Services.SpecialtyShopTest" assertions="2" time="0.204411"/>
        <testcase name="testDoesNotHaveTheBaseItemRequiredForUpgrade" file="/home/adam/Documents/flare/tests/Unit/Game/SpecialtyShops/Services/SpecialtyShopTest.php" line="68" class="Tests\Unit\Game\SpecialtyShops\Services\SpecialtyShopTest" classname="Tests.Unit.Game.SpecialtyShops.Services.SpecialtyShopTest" assertions="2" time="0.282291"/>
        <testcase name="testPurchaseHellForgedItem" file="/home/adam/Documents/flare/tests/Unit/Game/SpecialtyShops/Services/SpecialtyShopTest.php" line="110" class="Tests\Unit\Game\SpecialtyShops\Services\SpecialtyShopTest" classname="Tests.Unit.Game.SpecialtyShops.Services.SpecialtyShopTest" assertions="4" time="0.245148"/>
        <testcase name="testPurchasePurgatoryChainItem" file="/home/adam/Documents/flare/tests/Unit/Game/SpecialtyShops/Services/SpecialtyShopTest.php" line="178" class="Tests\Unit\Game\SpecialtyShops\Services\SpecialtyShopTest" classname="Tests.Unit.Game.SpecialtyShops.Services.SpecialtyShopTest" assertions="4" time="0.234692"/>
        <testcase name="testPurchaseHellForgedItemAsMerchant" file="/home/adam/Documents/flare/tests/Unit/Game/SpecialtyShops/Services/SpecialtyShopTest.php" line="141" class="Tests\Unit\Game\SpecialtyShops\Services\SpecialtyShopTest" classname="Tests.Unit.Game.SpecialtyShops.Services.SpecialtyShopTest" assertions="4" time="0.260672"/>
        <testcase name="testMovesAffixesAndHolyOver" file="/home/adam/Documents/flare/tests/Unit/Game/SpecialtyShops/Services/SpecialtyShopTest.php" line="210" class="Tests\Unit\Game\SpecialtyShops\Services\SpecialtyShopTest" classname="Tests.Unit.Game.SpecialtyShops.Services.SpecialtyShopTest" assertions="6" time="0.348065"/>
      </testsuite>
      <testsuite name="Tests\Unit\Game\Survey\Services\SurveyServiceTest" file="/home/adam/Documents/flare/tests/Unit/Game/Survey/Services/SurveyServiceTest.php" tests="2" assertions="5" errors="0" failures="0" skipped="0" time="0.430500">
        <testcase name="testSurveyIsMissingFields" file="/home/adam/Documents/flare/tests/Unit/Game/Survey/Services/SurveyServiceTest.php" line="28" class="Tests\Unit\Game\Survey\Services\SurveyServiceTest" classname="Tests.Unit.Game.Survey.Services.SurveyServiceTest" assertions="2" time="0.210042"/>
        <testcase name="testSurveyIsSubmitted" file="/home/adam/Documents/flare/tests/Unit/Game/Survey/Services/SurveyServiceTest.php" line="39" class="Tests\Unit\Game\Survey\Services\SurveyServiceTest" classname="Tests.Unit.Game.Survey.Services.SurveyServiceTest" assertions="3" time="0.220458"/>
      </testsuite>
      <testsuite name="Tests\Unit\Game\Survey\Validator\SurveyValidatorTest" file="/home/adam/Documents/flare/tests/Unit/Game/Survey/Validator/SurveyValidatorTest.php" tests="4" assertions="4" errors="0" failures="0" skipped="0" time="0.509769">
        <testcase name="testSectionsAreValid" file="/home/adam/Documents/flare/tests/Unit/Game/Survey/Validator/SurveyValidatorTest.php" line="103" class="Tests\Unit\Game\Survey\Validator\SurveyValidatorTest" classname="Tests.Unit.Game.Survey.Validator.SurveyValidatorTest" assertions="1" time="0.153160"/>
        <testcase name="testSectionLabelDoesNotHaveAValue" file="/home/adam/Documents/flare/tests/Unit/Game/Survey/Validator/SurveyValidatorTest.php" line="37" class="Tests\Unit\Game\Survey\Validator\SurveyValidatorTest" classname="Tests.Unit.Game.Survey.Validator.SurveyValidatorTest" assertions="1" time="0.116925"/>
        <testcase name="testSectionIsInvalidWhenCheckBoxOptionIsNotAValidSelection" file="/home/adam/Documents/flare/tests/Unit/Game/Survey/Validator/SurveyValidatorTest.php" line="76" class="Tests\Unit\Game\Survey\Validator\SurveyValidatorTest" classname="Tests.Unit.Game.Survey.Validator.SurveyValidatorTest" assertions="1" time="0.127062"/>
        <testcase name="testSectionIsInvalidWhenUsingInvalidType" file="/home/adam/Documents/flare/tests/Unit/Game/Survey/Validator/SurveyValidatorTest.php" line="48" class="Tests\Unit\Game\Survey\Validator\SurveyValidatorTest" classname="Tests.Unit.Game.Survey.Validator.SurveyValidatorTest" assertions="1" time="0.112622"/>
      </testsuite>
    </testsuite>
  </testsuite>
</testsuites>
